
[ 09-05-19 21:30:51 ]
 RunTime:0.002108s SQL = SHOW COLUMNS FROM hakuams_user
[ 09-05-19 21:30:51 ]
 RunTime:0.000273s SQL = SELECT * FROM hakuams_user WHERE ( `id` = '1' )
[ 09-05-19 21:30:51 ]
 RunTime:0.003179s SQL = SHOW COLUMNS FROM hakuams_document
[ 09-05-19 21:30:51 ]
 RunTime:0.002852s SQL = SELECT * FROM hakuams_document ORDER BY data DESC LIMIT 0,17 
[ 09-05-19 21:30:51 ]
 RunTime:0.008443s SQL = SELECT * FROM hakuams_document
[ 09-05-19 21:35:03 ]
 RunTime:0.004788s SQL = SHOW COLUMNS FROM hakuams_user
[ 09-05-19 21:35:03 ]
 RunTime:0.000680s SQL = SELECT * FROM hakuams_user WHERE ( `id` = '1' )
[ 09-05-19 21:35:03 ]
 RunTime:0.005136s SQL = SHOW COLUMNS FROM hakuams_document
[ 09-05-19 21:35:03 ]
 RunTime:0.005211s SQL = SELECT * FROM hakuams_document ORDER BY data DESC LIMIT 0,17 
[ 09-05-19 21:35:03 ]
 RunTime:0.024188s SQL = SELECT * FROM hakuams_document
[ 09-05-19 21:35:03 ]
 RunTime:0.015921s SQL = SELECT * FROM hakuams_document
[ 09-05-19 21:35:52 ]
 RunTime:0.002468s SQL = SHOW COLUMNS FROM hakuams_user
[ 09-05-19 21:35:52 ]
 RunTime:0.000292s SQL = SELECT * FROM hakuams_user WHERE ( `id` = '1' )
[ 09-05-19 21:35:52 ]
 RunTime:0.002216s SQL = SHOW COLUMNS FROM hakuams_document
[ 09-05-19 21:35:52 ]
 RunTime:0.002226s SQL = SELECT * FROM hakuams_document ORDER BY data DESC LIMIT 0,17 
[ 09-05-19 21:35:52 ]
 RunTime:0.008656s SQL = SELECT * FROM hakuams_document
[ 09-05-19 21:35:52 ]
 RunTime:0.010926s SQL = SELECT * FROM hakuams_document
[ 09-05-19 21:36:37 ]
 RunTime:0.003146s SQL = SHOW COLUMNS FROM hakuams_user
[ 09-05-19 21:36:37 ]
 RunTime:0.000341s SQL = SELECT * FROM hakuams_user WHERE ( `id` = '1' )
[ 09-05-19 21:36:37 ]
 RunTime:0.003582s SQL = SHOW COLUMNS FROM hakuams_document
[ 09-05-19 21:36:37 ]
 RunTime:0.002735s SQL = SELECT * FROM hakuams_document ORDER BY data DESC LIMIT 0,17 
[ 09-05-19 21:36:37 ]
 RunTime:0.014655s SQL = SELECT * FROM hakuams_document
[ 09-05-19 21:36:37 ]
 RunTime:0.013998s SQL = SELECT * FROM hakuams_document
[ 09-05-19 21:38:07 ]
 RunTime:0.003812s SQL = SHOW COLUMNS FROM hakuams_user
[ 09-05-19 21:38:07 ]
 RunTime:0.000551s SQL = SELECT * FROM hakuams_user WHERE ( `id` = '1' )
[ 09-05-19 21:38:07 ]
 RunTime:0.003465s SQL = SHOW COLUMNS FROM hakuams_document
[ 09-05-19 21:38:07 ]
 RunTime:0.004714s SQL = SELECT * FROM hakuams_document ORDER BY data DESC LIMIT 0,17 
[ 09-05-19 21:38:07 ]
 RunTime:0.012511s SQL = SELECT * FROM hakuams_document
[ 09-05-19 21:38:25 ]
 RunTime:0.003501s SQL = SHOW COLUMNS FROM hakuams_user
[ 09-05-19 21:38:25 ]
 RunTime:0.000316s SQL = SELECT * FROM hakuams_user WHERE ( `id` = '1' )
[ 09-05-19 21:38:25 ]
 RunTime:0.002111s SQL = SHOW COLUMNS FROM hakuams_document
[ 09-05-19 21:38:25 ]
 RunTime:0.002106s SQL = SELECT * FROM hakuams_document ORDER BY data DESC LIMIT 0,17 
[ 09-05-19 21:38:25 ]
 RunTime:0.018058s SQL = SELECT * FROM hakuams_document
[ 09-05-19 21:39:18 ]
 RunTime:0.003615s SQL = SHOW COLUMNS FROM hakuams_user
[ 09-05-19 21:39:18 ]
 RunTime:0.000337s SQL = SELECT * FROM hakuams_user WHERE ( `id` = '1' )
[ 09-05-19 21:39:18 ]
 RunTime:0.002107s SQL = SHOW COLUMNS FROM hakuams_document
[ 09-05-19 21:39:18 ]
 RunTime:0.002079s SQL = SELECT * FROM hakuams_document ORDER BY data DESC LIMIT 0,17 
[ 09-05-19 21:39:18 ]
 RunTime:0.009065s SQL = SELECT * FROM hakuams_document
[ 09-05-19 21:39:25 ]
 RunTime:0.003163s SQL = SHOW COLUMNS FROM hakuams_user
[ 09-05-19 21:39:25 ]
 RunTime:0.000323s SQL = SELECT * FROM hakuams_user WHERE ( `id` = '1' )
[ 09-05-19 21:39:25 ]
 RunTime:0.002130s SQL = SHOW COLUMNS FROM hakuams_document
[ 09-05-19 21:39:25 ]
 RunTime:0.002321s SQL = SELECT * FROM hakuams_document ORDER BY data DESC LIMIT 0,17 
[ 09-05-19 21:39:25 ]
 RunTime:0.008233s SQL = SELECT * FROM hakuams_document
[ 09-05-19 21:39:27 ]
 RunTime:0.003325s SQL = SHOW COLUMNS FROM hakuams_user
[ 09-05-19 21:39:27 ]
 RunTime:0.000902s SQL = SELECT * FROM hakuams_user WHERE ( `id` = '1' )
[ 09-05-19 21:39:27 ]
 RunTime:0.003568s SQL = SHOW COLUMNS FROM hakuams_document
[ 09-05-19 21:39:27 ]
 RunTime:0.003338s SQL = SELECT * FROM hakuams_document ORDER BY data DESC LIMIT 0,17 
[ 09-05-19 21:39:27 ]
 RunTime:0.012361s SQL = SELECT * FROM hakuams_document
[ 09-05-19 21:40:20 ]
 RunTime:0.007238s SQL = SHOW COLUMNS FROM hakuams_user
[ 09-05-19 21:40:20 ]
 RunTime:0.000730s SQL = SELECT * FROM hakuams_user WHERE ( `id` = '1' )
[ 09-05-19 21:40:21 ]
 RunTime:0.005796s SQL = SHOW COLUMNS FROM hakuams_document
[ 09-05-19 21:40:21 ]
 RunTime:0.003235s SQL = SELECT * FROM hakuams_document ORDER BY data DESC LIMIT 0,17 
[ 09-05-19 21:40:21 ]
 RunTime:0.008981s SQL = SELECT * FROM hakuams_document
[ 09-05-19 21:41:12 ]
 RunTime:0.002488s SQL = SHOW COLUMNS FROM hakuams_user
[ 09-05-19 21:41:12 ]
 RunTime:0.000309s SQL = SELECT * FROM hakuams_user WHERE ( `id` = '1' )
[ 09-05-19 21:41:12 ]
 RunTime:0.002104s SQL = SHOW COLUMNS FROM hakuams_document
[ 09-05-19 21:41:12 ]
 RunTime:0.002328s SQL = SELECT * FROM hakuams_document ORDER BY data DESC LIMIT 0,17 
[ 09-05-19 21:41:12 ]
 RunTime:0.010471s SQL = SELECT * FROM hakuams_document
[ 09-05-19 21:42:02 ]
 RunTime:0.004752s SQL = SHOW COLUMNS FROM hakuams_user
[ 09-05-19 21:42:02 ]
 RunTime:0.000828s SQL = SELECT * FROM hakuams_user WHERE ( `id` = '1' )
[ 09-05-19 21:42:02 ]
 RunTime:0.003585s SQL = SHOW COLUMNS FROM hakuams_document
[ 09-05-19 21:42:02 ]
 RunTime:0.003621s SQL = SELECT * FROM hakuams_document ORDER BY data DESC LIMIT 0,17 
[ 09-05-19 21:42:02 ]
 RunTime:0.025105s SQL = SELECT * FROM hakuams_document
[ 09-05-19 21:42:10 ]
 RunTime:0.004957s SQL = SHOW COLUMNS FROM hakuams_user
[ 09-05-19 21:42:10 ]
 RunTime:0.000457s SQL = SELECT * FROM hakuams_user WHERE ( `id` = '1' )
[ 09-05-19 21:42:10 ]
 RunTime:0.003514s SQL = SHOW COLUMNS FROM hakuams_document
[ 09-05-19 21:42:10 ]
 RunTime:0.003338s SQL = SELECT * FROM hakuams_document ORDER BY data DESC LIMIT 0,17 
[ 09-05-19 21:42:10 ]
 RunTime:0.016976s SQL = SELECT * FROM hakuams_document
[ 09-05-19 21:44:11 ]
 RunTime:0.002666s SQL = SHOW COLUMNS FROM hakuams_user
[ 09-05-19 21:44:11 ]
 RunTime:0.000408s SQL = SELECT * FROM hakuams_user WHERE ( `id` = '1' )
[ 09-05-19 21:44:11 ]
 RunTime:0.003156s SQL = SHOW COLUMNS FROM hakuams_document
[ 09-05-19 21:44:11 ]
 RunTime:0.002526s SQL = SELECT * FROM hakuams_document ORDER BY data DESC LIMIT 0,17 
[ 09-05-19 21:44:11 ]
 RunTime:0.008975s SQL = SELECT * FROM hakuams_document
[ 09-05-19 21:44:46 ]
 RunTime:0.003164s SQL = SHOW COLUMNS FROM hakuams_user
[ 09-05-19 21:44:46 ]
 RunTime:0.000391s SQL = SELECT * FROM hakuams_user WHERE ( `id` = '1' )
[ 09-05-19 21:44:46 ]
 RunTime:0.002736s SQL = SHOW COLUMNS FROM hakuams_document
[ 09-05-19 21:44:46 ]
 RunTime:0.002701s SQL = SELECT * FROM hakuams_document ORDER BY data DESC LIMIT 0,17 
[ 09-05-19 21:44:46 ]
 RunTime:0.014197s SQL = SELECT * FROM hakuams_document
[ 09-05-19 21:58:04 ]
 RunTime:0.005688s SQL = SHOW COLUMNS FROM hakuams_user
[ 09-05-19 21:58:04 ]
 RunTime:0.000561s SQL = SELECT * FROM hakuams_user WHERE ( `id` = '1' )
[ 09-05-19 21:58:04 ]
 RunTime:0.004299s SQL = SHOW COLUMNS FROM hakuams_document
[ 09-05-19 21:58:04 ]
 RunTime:0.002766s SQL = SELECT * FROM hakuams_document ORDER BY data DESC LIMIT 0,17 
[ 09-05-19 21:58:04 ]
 RunTime:0.008801s SQL = SELECT * FROM hakuams_document
[ 09-05-19 21:58:11 ]
 RunTime:0.002142s SQL = SHOW COLUMNS FROM hakuams_user
[ 09-05-19 21:58:11 ]
 RunTime:0.000400s SQL = SELECT * FROM hakuams_user WHERE ( `id` = '1' )
[ 09-05-19 21:58:11 ]
 RunTime:0.002077s SQL = SHOW COLUMNS FROM hakuams_document
[ 09-05-19 21:58:11 ]
 RunTime:0.002376s SQL = SELECT * FROM hakuams_document ORDER BY data DESC LIMIT 0,17 
[ 09-05-19 21:58:11 ]
 RunTime:0.011981s SQL = SELECT * FROM hakuams_document
[ 09-05-19 21:58:30 ]
 RunTime:0.002786s SQL = SHOW COLUMNS FROM hakuams_user
[ 09-05-19 21:58:30 ]
 RunTime:0.000286s SQL = SELECT * FROM hakuams_user WHERE ( `id` = '1' )
[ 09-05-19 21:58:30 ]
 RunTime:0.002122s SQL = SHOW COLUMNS FROM hakuams_document
[ 09-05-19 21:58:30 ]
 RunTime:0.002329s SQL = SELECT * FROM hakuams_document ORDER BY data DESC LIMIT 0,17 
[ 09-05-19 21:58:30 ]
 RunTime:0.010237s SQL = SELECT * FROM hakuams_document
[ 09-05-19 21:58:43 ]
 RunTime:0.002102s SQL = SHOW COLUMNS FROM hakuams_user
[ 09-05-19 21:58:43 ]
 RunTime:0.000324s SQL = SELECT * FROM hakuams_user WHERE ( `id` = '1' )
[ 09-05-19 21:58:43 ]
 RunTime:0.002398s SQL = SHOW COLUMNS FROM hakuams_document
[ 09-05-19 21:58:43 ]
 RunTime:0.002369s SQL = SELECT * FROM hakuams_document ORDER BY data DESC LIMIT 0,17 
[ 09-05-19 21:58:43 ]
 RunTime:0.010852s SQL = SELECT * FROM hakuams_document
[ 09-05-19 21:58:53 ]
 RunTime:0.005003s SQL = SHOW COLUMNS FROM hakuams_user
[ 09-05-19 21:58:53 ]
 RunTime:0.000838s SQL = SELECT * FROM hakuams_user WHERE ( `id` = '1' )
[ 09-05-19 21:58:53 ]
 RunTime:0.003174s SQL = SHOW COLUMNS FROM hakuams_document
[ 09-05-19 21:58:53 ]
 RunTime:0.005273s SQL = SELECT * FROM hakuams_document ORDER BY data DESC LIMIT 0,17 
[ 09-05-19 21:58:53 ]
 RunTime:0.019167s SQL = SELECT * FROM hakuams_document
[ 09-05-19 21:59:50 ]
 RunTime:0.002366s SQL = SHOW COLUMNS FROM hakuams_user
[ 09-05-19 21:59:50 ]
 RunTime:0.000296s SQL = SELECT * FROM hakuams_user WHERE ( `id` = '1' )
[ 09-05-19 21:59:50 ]
 RunTime:0.002157s SQL = SHOW COLUMNS FROM hakuams_document
[ 09-05-19 21:59:50 ]
 RunTime:0.003448s SQL = SELECT * FROM hakuams_document ORDER BY data DESC LIMIT 0,17 
[ 09-05-19 21:59:50 ]
 RunTime:0.010001s SQL = SELECT * FROM hakuams_document
[ 09-05-19 22:00:45 ]
 RunTime:0.002219s SQL = SHOW COLUMNS FROM hakuams_user
[ 09-05-19 22:00:45 ]
 RunTime:0.000298s SQL = SELECT * FROM hakuams_user WHERE ( `id` = '1' )
[ 09-05-19 22:00:45 ]
 RunTime:0.002754s SQL = SHOW COLUMNS FROM hakuams_document
[ 09-05-19 22:00:45 ]
 RunTime:0.004276s SQL = SELECT * FROM hakuams_document ORDER BY data DESC LIMIT 0,17 
[ 09-05-19 22:00:45 ]
 RunTime:0.014930s SQL = SELECT * FROM hakuams_document
[ 09-05-19 22:02:08 ]
 RunTime:0.002274s SQL = SHOW COLUMNS FROM hakuams_user
[ 09-05-19 22:02:08 ]
 RunTime:0.003387s SQL = SHOW COLUMNS FROM hakuams_category
[ 09-05-19 22:02:08 ]
 RunTime:0.000340s SQL = SELECT * FROM hakuams_user WHERE ( `id` = '1' )
[ 09-05-19 22:02:08 ]
 RunTime:0.002828s SQL = SHOW COLUMNS FROM hakuams_document
[ 09-05-19 22:02:08 ]
 RunTime:0.002804s SQL = SELECT * FROM hakuams_document ORDER BY data DESC LIMIT 0,17 
[ 09-05-19 22:02:08 ]
 RunTime:0.008767s SQL = SELECT * FROM hakuams_document
[ 09-05-19 22:02:08 ]
 RunTime:0.010902s SQL = SELECT * FROM hakuams_document
[ 09-05-19 22:02:08 ]
 RunTime:0.012910s SQL = SELECT * FROM hakuams_document
[ 09-05-19 22:02:08 ]
 RunTime:0.010623s SQL = SELECT * FROM hakuams_document
[ 09-05-19 22:02:08 ]
 RunTime:0.008305s SQL = SELECT * FROM hakuams_document
[ 09-05-19 22:02:08 ]
 RunTime:0.008716s SQL = SELECT * FROM hakuams_document
[ 09-05-19 22:02:08 ]
 RunTime:0.012681s SQL = SELECT * FROM hakuams_document
[ 09-05-19 22:02:08 ]
 RunTime:0.008866s SQL = SELECT * FROM hakuams_document
[ 09-05-19 22:02:08 ]
 RunTime:0.011190s SQL = SELECT * FROM hakuams_document
[ 09-05-19 22:02:08 ]
 RunTime:0.010315s SQL = SELECT * FROM hakuams_document
[ 09-05-19 22:02:08 ]
 RunTime:0.011828s SQL = SELECT * FROM hakuams_document
[ 09-05-19 22:02:08 ]
 RunTime:0.012463s SQL = SELECT * FROM hakuams_document
[ 09-05-19 22:02:08 ]
 RunTime:0.012537s SQL = SELECT * FROM hakuams_document
[ 09-05-19 22:02:08 ]
 RunTime:0.012207s SQL = SELECT * FROM hakuams_document
[ 09-05-19 22:02:08 ]
 RunTime:0.010018s SQL = SELECT * FROM hakuams_document
[ 09-05-19 22:02:08 ]
 RunTime:0.008352s SQL = SELECT * FROM hakuams_document
[ 09-05-19 22:02:08 ]
 RunTime:0.008162s SQL = SELECT * FROM hakuams_document
[ 09-05-19 22:02:08 ]
 RunTime:0.012226s SQL = SELECT * FROM hakuams_document
[ 09-05-19 22:02:43 ]
 RunTime:0.003912s SQL = SHOW COLUMNS FROM hakuams_user
[ 09-05-19 22:02:43 ]
 RunTime:0.004321s SQL = SHOW COLUMNS FROM hakuams_category
[ 09-05-19 22:02:43 ]
 RunTime:0.000421s SQL = SELECT * FROM hakuams_user WHERE ( `id` = '1' )
[ 09-05-19 22:02:43 ]
 RunTime:0.004449s SQL = SHOW COLUMNS FROM hakuams_document
[ 09-05-19 22:02:43 ]
 RunTime:0.003615s SQL = SELECT * FROM hakuams_document ORDER BY data DESC LIMIT 0,17 
[ 09-05-19 22:02:43 ]
 RunTime:0.016858s SQL = SELECT * FROM hakuams_document
[ 09-05-19 22:02:43 ]
 RunTime:0.000566s SQL = SELECT * FROM hakuams_document WHERE ( `id` = '2' )
[ 09-05-19 22:02:43 ]
 RunTime:0.000301s SQL = SELECT * FROM hakuams_document WHERE ( `id` = '2' )
[ 09-05-19 22:02:43 ]
 RunTime:0.000252s SQL = SELECT * FROM hakuams_document WHERE ( `id` = '1' )
[ 09-05-19 22:02:43 ]
 RunTime:0.000352s SQL = SELECT * FROM hakuams_document WHERE ( `id` = '1' )
[ 09-05-19 22:02:43 ]
 RunTime:0.000534s SQL = SELECT * FROM hakuams_document WHERE ( `id` = '27' )
[ 09-05-19 22:02:43 ]
 RunTime:0.000328s SQL = SELECT * FROM hakuams_document WHERE ( `id` = '20' )
[ 09-05-19 22:02:43 ]
 RunTime:0.000169s SQL = SELECT * FROM hakuams_document WHERE ( `id` = '34' )
[ 09-05-19 22:02:43 ]
 RunTime:0.000153s SQL = SELECT * FROM hakuams_document WHERE ( `id` = '5' )
[ 09-05-19 22:02:43 ]
 RunTime:0.000156s SQL = SELECT * FROM hakuams_document WHERE ( `id` = '1' )
[ 09-05-19 22:02:43 ]
 RunTime:0.000150s SQL = SELECT * FROM hakuams_document WHERE ( `id` = '4' )
[ 09-05-19 22:02:43 ]
 RunTime:0.000223s SQL = SELECT * FROM hakuams_document WHERE ( `id` = '37' )
[ 09-05-19 22:02:43 ]
 RunTime:0.000204s SQL = SELECT * FROM hakuams_document WHERE ( `id` = '3' )
[ 09-05-19 22:02:43 ]
 RunTime:0.000154s SQL = SELECT * FROM hakuams_document WHERE ( `id` = '2' )
[ 09-05-19 22:02:43 ]
 RunTime:0.000152s SQL = SELECT * FROM hakuams_document WHERE ( `id` = '1' )
[ 09-05-19 22:02:43 ]
 RunTime:0.000149s SQL = SELECT * FROM hakuams_document WHERE ( `id` = '1' )
[ 09-05-19 22:02:43 ]
 RunTime:0.000151s SQL = SELECT * FROM hakuams_document WHERE ( `id` = '6' )
[ 09-05-19 22:02:43 ]
 RunTime:0.000152s SQL = SELECT * FROM hakuams_document WHERE ( `id` = '3' )
[ 09-05-19 22:03:16 ]
 RunTime:0.003128s SQL = SHOW COLUMNS FROM hakuams_user
[ 09-05-19 22:03:16 ]
 RunTime:0.002503s SQL = SHOW COLUMNS FROM hakuams_category
[ 09-05-19 22:03:16 ]
 RunTime:0.000748s SQL = SELECT * FROM hakuams_user WHERE ( `id` = '1' )
[ 09-05-19 22:03:16 ]
 RunTime:0.002576s SQL = SHOW COLUMNS FROM hakuams_document
[ 09-05-19 22:03:16 ]
 RunTime:0.003133s SQL = SELECT * FROM hakuams_document ORDER BY data DESC LIMIT 0,17 
[ 09-05-19 22:03:16 ]
 RunTime:0.012506s SQL = SELECT * FROM hakuams_document
[ 09-05-19 22:03:16 ]
 RunTime:0.000415s SQL = SELECT * FROM hakuams_document WHERE ( `id` = '2' )
[ 09-05-19 22:03:16 ]
 RunTime:0.000198s SQL = SELECT * FROM hakuams_document WHERE ( `id` = '2' )
[ 09-05-19 22:03:16 ]
 RunTime:0.000222s SQL = SELECT * FROM hakuams_document WHERE ( `id` = '1' )
[ 09-05-19 22:03:16 ]
 RunTime:0.000199s SQL = SELECT * FROM hakuams_document WHERE ( `id` = '1' )
[ 09-05-19 22:03:16 ]
 RunTime:0.000262s SQL = SELECT * FROM hakuams_document WHERE ( `id` = '27' )
[ 09-05-19 22:03:16 ]
 RunTime:0.000314s SQL = SELECT * FROM hakuams_document WHERE ( `id` = '20' )
[ 09-05-19 22:03:16 ]
 RunTime:0.000204s SQL = SELECT * FROM hakuams_document WHERE ( `id` = '34' )
[ 09-05-19 22:03:16 ]
 RunTime:0.000189s SQL = SELECT * FROM hakuams_document WHERE ( `id` = '5' )
[ 09-05-19 22:03:16 ]
 RunTime:0.000421s SQL = SELECT * FROM hakuams_document WHERE ( `id` = '1' )
[ 09-05-19 22:03:16 ]
 RunTime:0.000300s SQL = SELECT * FROM hakuams_document WHERE ( `id` = '4' )
[ 09-05-19 22:03:16 ]
 RunTime:0.000313s SQL = SELECT * FROM hakuams_document WHERE ( `id` = '37' )
[ 09-05-19 22:03:16 ]
 RunTime:0.000206s SQL = SELECT * FROM hakuams_document WHERE ( `id` = '3' )
[ 09-05-19 22:03:16 ]
 RunTime:0.000190s SQL = SELECT * FROM hakuams_document WHERE ( `id` = '2' )
[ 09-05-19 22:03:16 ]
 RunTime:0.000198s SQL = SELECT * FROM hakuams_document WHERE ( `id` = '1' )
[ 09-05-19 22:03:16 ]
 RunTime:0.000187s SQL = SELECT * FROM hakuams_document WHERE ( `id` = '1' )
[ 09-05-19 22:03:16 ]
 RunTime:0.000188s SQL = SELECT * FROM hakuams_document WHERE ( `id` = '6' )
[ 09-05-19 22:03:16 ]
 RunTime:0.000185s SQL = SELECT * FROM hakuams_document WHERE ( `id` = '3' )
[ 09-05-19 22:03:57 ]
 RunTime:0.003259s SQL = SHOW COLUMNS FROM hakuams_user
[ 09-05-19 22:03:57 ]
 RunTime:0.002851s SQL = SHOW COLUMNS FROM hakuams_category
[ 09-05-19 22:03:57 ]
 RunTime:0.000489s SQL = SELECT * FROM hakuams_user WHERE ( `id` = '1' )
[ 09-05-19 22:03:57 ]
 RunTime:0.002656s SQL = SHOW COLUMNS FROM hakuams_document
[ 09-05-19 22:03:57 ]
 RunTime:0.002715s SQL = SELECT * FROM hakuams_document ORDER BY data DESC LIMIT 0,17 
[ 09-05-19 22:03:57 ]
 RunTime:0.016706s SQL = SELECT * FROM hakuams_document
[ 09-05-19 22:03:57 ]
 RunTime:0.000564s SQL = SELECT * FROM hakuams_document WHERE ( `id` = '2' )
[ 09-05-19 22:03:57 ]
 RunTime:0.000321s SQL = SELECT * FROM hakuams_document WHERE ( `id` = '2' )
[ 09-05-19 22:03:57 ]
 RunTime:0.000356s SQL = SELECT * FROM hakuams_document WHERE ( `id` = '1' )
[ 09-05-19 22:03:57 ]
 RunTime:0.000313s SQL = SELECT * FROM hakuams_document WHERE ( `id` = '1' )
[ 09-05-19 22:03:57 ]
 RunTime:0.000271s SQL = SELECT * FROM hakuams_document WHERE ( `id` = '27' )
[ 09-05-19 22:03:57 ]
 RunTime:0.000402s SQL = SELECT * FROM hakuams_document WHERE ( `id` = '20' )
[ 09-05-19 22:03:57 ]
 RunTime:0.000300s SQL = SELECT * FROM hakuams_document WHERE ( `id` = '34' )
[ 09-05-19 22:03:57 ]
 RunTime:0.000203s SQL = SELECT * FROM hakuams_document WHERE ( `id` = '5' )
[ 09-05-19 22:03:57 ]
 RunTime:0.000193s SQL = SELECT * FROM hakuams_document WHERE ( `id` = '1' )
[ 09-05-19 22:03:57 ]
 RunTime:0.000190s SQL = SELECT * FROM hakuams_document WHERE ( `id` = '4' )
[ 09-05-19 22:03:57 ]
 RunTime:0.000288s SQL = SELECT * FROM hakuams_document WHERE ( `id` = '37' )
[ 09-05-19 22:03:57 ]
 RunTime:0.000397s SQL = SELECT * FROM hakuams_document WHERE ( `id` = '3' )
[ 09-05-19 22:03:57 ]
 RunTime:0.000353s SQL = SELECT * FROM hakuams_document WHERE ( `id` = '2' )
[ 09-05-19 22:03:57 ]
 RunTime:0.000364s SQL = SELECT * FROM hakuams_document WHERE ( `id` = '1' )
[ 09-05-19 22:03:57 ]
 RunTime:0.000370s SQL = SELECT * FROM hakuams_document WHERE ( `id` = '1' )
[ 09-05-19 22:03:57 ]
 RunTime:0.000335s SQL = SELECT * FROM hakuams_document WHERE ( `id` = '6' )
[ 09-05-19 22:03:57 ]
 RunTime:0.000349s SQL = SELECT * FROM hakuams_document WHERE ( `id` = '3' )
[ 09-05-19 22:04:24 ]
 RunTime:0.002938s SQL = SHOW COLUMNS FROM hakuams_user
[ 09-05-19 22:04:24 ]
 RunTime:0.002290s SQL = SHOW COLUMNS FROM hakuams_category
[ 09-05-19 22:04:24 ]
 RunTime:0.000453s SQL = SELECT * FROM hakuams_user WHERE ( `id` = '1' )
[ 09-05-19 22:04:24 ]
 RunTime:0.002710s SQL = SHOW COLUMNS FROM hakuams_document
[ 09-05-19 22:04:24 ]
 RunTime:0.003341s SQL = SELECT * FROM hakuams_document ORDER BY data DESC LIMIT 0,17 
[ 09-05-19 22:04:24 ]
 RunTime:0.011622s SQL = SELECT * FROM hakuams_document
[ 09-05-19 22:04:24 ]
 RunTime:0.000384s SQL = SELECT * FROM hakuams_document WHERE ( `id` = '2' )
[ 09-05-19 22:04:24 ]
 RunTime:0.000169s SQL = SELECT * FROM hakuams_document WHERE ( `id` = '2' )
[ 09-05-19 22:04:24 ]
 RunTime:0.000160s SQL = SELECT * FROM hakuams_document WHERE ( `id` = '1' )
[ 09-05-19 22:04:24 ]
 RunTime:0.000153s SQL = SELECT * FROM hakuams_document WHERE ( `id` = '1' )
[ 09-05-19 22:04:24 ]
 RunTime:0.000215s SQL = SELECT * FROM hakuams_document WHERE ( `id` = '27' )
[ 09-05-19 22:04:24 ]
 RunTime:0.000500s SQL = SELECT * FROM hakuams_document WHERE ( `id` = '20' )
[ 09-05-19 22:04:24 ]
 RunTime:0.000176s SQL = SELECT * FROM hakuams_document WHERE ( `id` = '34' )
[ 09-05-19 22:04:24 ]
 RunTime:0.000156s SQL = SELECT * FROM hakuams_document WHERE ( `id` = '5' )
[ 09-05-19 22:04:24 ]
 RunTime:0.000150s SQL = SELECT * FROM hakuams_document WHERE ( `id` = '1' )
[ 09-05-19 22:04:24 ]
 RunTime:0.000149s SQL = SELECT * FROM hakuams_document WHERE ( `id` = '4' )
[ 09-05-19 22:04:24 ]
 RunTime:0.000225s SQL = SELECT * FROM hakuams_document WHERE ( `id` = '37' )
[ 09-05-19 22:04:24 ]
 RunTime:0.000161s SQL = SELECT * FROM hakuams_document WHERE ( `id` = '3' )
[ 09-05-19 22:04:24 ]
 RunTime:0.000189s SQL = SELECT * FROM hakuams_document WHERE ( `id` = '2' )
[ 09-05-19 22:04:24 ]
 RunTime:0.000152s SQL = SELECT * FROM hakuams_document WHERE ( `id` = '1' )
[ 09-05-19 22:04:24 ]
 RunTime:0.000173s SQL = SELECT * FROM hakuams_document WHERE ( `id` = '1' )
[ 09-05-19 22:04:24 ]
 RunTime:0.000151s SQL = SELECT * FROM hakuams_document WHERE ( `id` = '6' )
[ 09-05-19 22:04:24 ]
 RunTime:0.000148s SQL = SELECT * FROM hakuams_document WHERE ( `id` = '3' )
[ 09-05-19 22:04:28 ]
 RunTime:0.002739s SQL = SHOW COLUMNS FROM hakuams_user
[ 09-05-19 22:04:28 ]
 RunTime:0.002369s SQL = SHOW COLUMNS FROM hakuams_category
[ 09-05-19 22:04:28 ]
 RunTime:0.000387s SQL = SELECT * FROM hakuams_user WHERE ( `id` = '1' )
[ 09-05-19 22:04:28 ]
 RunTime:0.003934s SQL = SHOW COLUMNS FROM hakuams_document
[ 09-05-19 22:04:28 ]
 RunTime:0.003174s SQL = SELECT * FROM hakuams_document ORDER BY data DESC LIMIT 0,17 
[ 09-05-19 22:04:28 ]
 RunTime:0.013713s SQL = SELECT * FROM hakuams_document
[ 09-05-19 22:04:28 ]
 RunTime:0.000768s SQL = SELECT * FROM hakuams_document WHERE ( `id` = '2' )
[ 09-05-19 22:04:28 ]
 RunTime:0.000329s SQL = SELECT * FROM hakuams_document WHERE ( `id` = '2' )
[ 09-05-19 22:04:28 ]
 RunTime:0.000377s SQL = SELECT * FROM hakuams_document WHERE ( `id` = '1' )
[ 09-05-19 22:04:28 ]
 RunTime:0.000357s SQL = SELECT * FROM hakuams_document WHERE ( `id` = '1' )
[ 09-05-19 22:04:28 ]
 RunTime:0.000374s SQL = SELECT * FROM hakuams_document WHERE ( `id` = '27' )
[ 09-05-19 22:04:28 ]
 RunTime:0.000590s SQL = SELECT * FROM hakuams_document WHERE ( `id` = '20' )
[ 09-05-19 22:04:28 ]
 RunTime:0.000450s SQL = SELECT * FROM hakuams_document WHERE ( `id` = '34' )
[ 09-05-19 22:04:28 ]
 RunTime:0.000507s SQL = SELECT * FROM hakuams_document WHERE ( `id` = '5' )
[ 09-05-19 22:04:28 ]
 RunTime:0.000520s SQL = SELECT * FROM hakuams_document WHERE ( `id` = '1' )
[ 09-05-19 22:04:28 ]
 RunTime:0.000321s SQL = SELECT * FROM hakuams_document WHERE ( `id` = '4' )
[ 09-05-19 22:04:28 ]
 RunTime:0.000686s SQL = SELECT * FROM hakuams_document WHERE ( `id` = '37' )
[ 09-05-19 22:04:28 ]
 RunTime:0.009053s SQL = SELECT * FROM hakuams_document WHERE ( `id` = '3' )
[ 09-05-19 22:04:28 ]
 RunTime:0.000310s SQL = SELECT * FROM hakuams_document WHERE ( `id` = '2' )
[ 09-05-19 22:04:28 ]
 RunTime:0.000832s SQL = SELECT * FROM hakuams_document WHERE ( `id` = '1' )
[ 09-05-19 22:04:28 ]
 RunTime:0.000280s SQL = SELECT * FROM hakuams_document WHERE ( `id` = '1' )
[ 09-05-19 22:04:28 ]
 RunTime:0.000235s SQL = SELECT * FROM hakuams_document WHERE ( `id` = '6' )
[ 09-05-19 22:04:28 ]
 RunTime:0.000245s SQL = SELECT * FROM hakuams_document WHERE ( `id` = '3' )
[ 09-05-19 22:05:14 ]
 RunTime:0.004824s SQL = SHOW COLUMNS FROM hakuams_user
[ 09-05-19 22:05:14 ]
 RunTime:0.001976s SQL = SHOW COLUMNS FROM hakuams_category
[ 09-05-19 22:05:14 ]
 RunTime:0.000275s SQL = SELECT * FROM hakuams_user WHERE ( `id` = '1' )
[ 09-05-19 22:05:14 ]
 RunTime:0.002237s SQL = SHOW COLUMNS FROM hakuams_document
[ 09-05-19 22:05:14 ]
 RunTime:0.002684s SQL = SELECT * FROM hakuams_document ORDER BY data DESC LIMIT 0,17 
[ 09-05-19 22:05:14 ]
 RunTime:0.009237s SQL = SELECT * FROM hakuams_document
[ 09-05-19 22:05:14 ]
 RunTime:0.001378s SQL = SELECT * FROM hakuams_category WHERE ( `id` = '2' )
[ 09-05-19 22:05:14 ]
 RunTime:0.000969s SQL = SELECT * FROM hakuams_category WHERE ( `id` = '2' )
[ 09-05-19 22:05:14 ]
 RunTime:0.000405s SQL = SELECT * FROM hakuams_category WHERE ( `id` = '1' )
[ 09-05-19 22:05:14 ]
 RunTime:0.000289s SQL = SELECT * FROM hakuams_category WHERE ( `id` = '1' )
[ 09-05-19 22:05:14 ]
 RunTime:0.000261s SQL = SELECT * FROM hakuams_category WHERE ( `id` = '27' )
[ 09-05-19 22:05:14 ]
 RunTime:0.000179s SQL = SELECT * FROM hakuams_category WHERE ( `id` = '20' )
[ 09-05-19 22:05:14 ]
 RunTime:0.000250s SQL = SELECT * FROM hakuams_category WHERE ( `id` = '34' )
[ 09-05-19 22:05:14 ]
 RunTime:0.000191s SQL = SELECT * FROM hakuams_category WHERE ( `id` = '5' )
[ 09-05-19 22:05:14 ]
 RunTime:0.000177s SQL = SELECT * FROM hakuams_category WHERE ( `id` = '1' )
[ 09-05-19 22:05:14 ]
 RunTime:0.000171s SQL = SELECT * FROM hakuams_category WHERE ( `id` = '4' )
[ 09-05-19 22:05:14 ]
 RunTime:0.000176s SQL = SELECT * FROM hakuams_category WHERE ( `id` = '37' )
[ 09-05-19 22:05:14 ]
 RunTime:0.000169s SQL = SELECT * FROM hakuams_category WHERE ( `id` = '3' )
[ 09-05-19 22:05:14 ]
 RunTime:0.000323s SQL = SELECT * FROM hakuams_category WHERE ( `id` = '2' )
[ 09-05-19 22:05:14 ]
 RunTime:0.000341s SQL = SELECT * FROM hakuams_category WHERE ( `id` = '1' )
[ 09-05-19 22:05:14 ]
 RunTime:0.000204s SQL = SELECT * FROM hakuams_category WHERE ( `id` = '1' )
[ 09-05-19 22:05:14 ]
 RunTime:0.000222s SQL = SELECT * FROM hakuams_category WHERE ( `id` = '6' )
[ 09-05-19 22:05:14 ]
 RunTime:0.000432s SQL = SELECT * FROM hakuams_category WHERE ( `id` = '3' )
[ 09-05-19 22:05:20 ]
 RunTime:0.002363s SQL = SHOW COLUMNS FROM hakuams_document
[ 09-05-19 22:05:20 ]
 RunTime:0.000345s SQL = SELECT * FROM hakuams_document WHERE ( `id` = '161' ) LIMIT 1 
[ 09-05-19 22:05:21 ]
 RunTime:0.002073s SQL = SHOW COLUMNS FROM hakuams_document
[ 09-05-19 22:05:21 ]
 RunTime:0.000269s SQL = SELECT * FROM hakuams_document WHERE ( `id` = '2.files' ) LIMIT 1 
[ 09-05-19 22:05:21 ]
 RunTime:0.003119s SQL = SHOW COLUMNS FROM hakuams_document
[ 09-05-19 22:05:21 ]
 RunTime:0.000620s SQL = SELECT * FROM hakuams_document WHERE ( `id` = '2.files' ) LIMIT 1 
[ 09-05-19 22:05:21 ]
 RunTime:0.002339s SQL = SHOW COLUMNS FROM hakuams_document
[ 09-05-19 22:05:21 ]
 RunTime:0.000337s SQL = SELECT * FROM hakuams_document WHERE ( `id` = '2.files' ) LIMIT 1 
[ 09-05-19 22:06:29 ]
 RunTime:0.002230s SQL = SHOW COLUMNS FROM hakuams_document
[ 09-05-19 22:06:29 ]
 RunTime:0.000818s SQL = SELECT * FROM hakuams_document WHERE ( `id` = '164' ) LIMIT 1 
[ 09-05-19 22:06:32 ]
 RunTime:0.002859s SQL = SHOW COLUMNS FROM hakuams_document
[ 09-05-19 22:06:32 ]
 RunTime:0.002014s SQL = SELECT * FROM hakuams_document WHERE ( `id` = '166' ) LIMIT 1 
[ 09-05-19 22:07:35 ]
 RunTime:0.003497s SQL = SHOW COLUMNS FROM hakuams_document
[ 09-05-19 22:07:35 ]
 RunTime:0.000801s SQL = SELECT * FROM hakuams_document WHERE ( `id` = '166' ) LIMIT 1 
[ 09-05-19 22:09:28 ]
 RunTime:0.002681s SQL = SHOW COLUMNS FROM hakuams_user
[ 09-05-19 22:09:28 ]
 RunTime:0.001345s SQL = SELECT * FROM hakuams_user WHERE ( `id` = '1' )
[ 09-05-19 22:09:28 ]
 RunTime:0.002721s SQL = SHOW COLUMNS FROM hakuams_document
[ 09-05-19 22:09:28 ]
 RunTime:0.000546s SQL = SELECT * FROM hakuams_document WHERE ( `id` = '161' )
[ 09-05-19 22:09:28 ]
 RunTime:0.002131s SQL = SHOW COLUMNS FROM hakuams_category
[ 09-05-19 22:09:28 ]
 RunTime:0.000324s SQL = SELECT * FROM hakuams_category
[ 09-05-19 22:09:54 ]
 RunTime:0.002399s SQL = SHOW COLUMNS FROM hakuams_category
[ 09-05-19 22:09:54 ]
 RunTime:0.001164s SQL = SELECT * FROM hakuams_category
[ 09-05-19 22:12:43 ]
 RunTime:0.003167s SQL = SHOW COLUMNS FROM hakuams_user
[ 09-05-19 22:12:43 ]
 RunTime:0.002264s SQL = SHOW COLUMNS FROM hakuams_category
[ 09-05-19 22:12:43 ]
 RunTime:0.000334s SQL = SELECT * FROM hakuams_user WHERE ( `id` = '1' )
[ 09-05-19 22:12:43 ]
 RunTime:0.003434s SQL = SHOW COLUMNS FROM hakuams_document
[ 09-05-19 22:12:43 ]
 RunTime:0.002373s SQL = SELECT * FROM hakuams_document ORDER BY data DESC LIMIT 0,17 
[ 09-05-19 22:12:43 ]
 RunTime:0.009026s SQL = SELECT * FROM hakuams_document
[ 09-05-19 22:12:43 ]
 RunTime:0.000383s SQL = SELECT * FROM hakuams_category WHERE ( `id` = '2' )
[ 09-05-19 22:12:43 ]
 RunTime:0.000191s SQL = SELECT * FROM hakuams_category WHERE ( `id` = '2' )
[ 09-05-19 22:12:43 ]
 RunTime:0.000188s SQL = SELECT * FROM hakuams_category WHERE ( `id` = '1' )
[ 09-05-19 22:12:43 ]
 RunTime:0.000170s SQL = SELECT * FROM hakuams_category WHERE ( `id` = '1' )
[ 09-05-19 22:12:43 ]
 RunTime:0.000322s SQL = SELECT * FROM hakuams_category WHERE ( `id` = '27' )
[ 09-05-19 22:12:43 ]
 RunTime:0.000342s SQL = SELECT * FROM hakuams_category WHERE ( `id` = '20' )
[ 09-05-19 22:12:43 ]
 RunTime:0.000596s SQL = SELECT * FROM hakuams_category WHERE ( `id` = '34' )
[ 09-05-19 22:12:43 ]
 RunTime:0.000423s SQL = SELECT * FROM hakuams_category WHERE ( `id` = '5' )
[ 09-05-19 22:12:43 ]
 RunTime:0.000279s SQL = SELECT * FROM hakuams_category WHERE ( `id` = '1' )
[ 09-05-19 22:12:43 ]
 RunTime:0.000321s SQL = SELECT * FROM hakuams_category WHERE ( `id` = '4' )
[ 09-05-19 22:12:43 ]
 RunTime:0.000385s SQL = SELECT * FROM hakuams_category WHERE ( `id` = '37' )
[ 09-05-19 22:12:43 ]
 RunTime:0.000216s SQL = SELECT * FROM hakuams_category WHERE ( `id` = '3' )
[ 09-05-19 22:12:43 ]
 RunTime:0.000171s SQL = SELECT * FROM hakuams_category WHERE ( `id` = '2' )
[ 09-05-19 22:12:43 ]
 RunTime:0.000167s SQL = SELECT * FROM hakuams_category WHERE ( `id` = '1' )
[ 09-05-19 22:12:43 ]
 RunTime:0.000283s SQL = SELECT * FROM hakuams_category WHERE ( `id` = '1' )
[ 09-05-19 22:12:43 ]
 RunTime:0.000210s SQL = SELECT * FROM hakuams_category WHERE ( `id` = '6' )
[ 09-05-19 22:12:43 ]
 RunTime:0.000193s SQL = SELECT * FROM hakuams_category WHERE ( `id` = '3' )
[ 09-05-19 22:12:57 ]
 RunTime:0.002928s SQL = SHOW COLUMNS FROM hakuams_user
[ 09-05-19 22:12:57 ]
 RunTime:0.000806s SQL = SELECT * FROM hakuams_user WHERE ( `id` = '1' )
[ 09-05-19 22:12:57 ]
 RunTime:0.002694s SQL = SHOW COLUMNS FROM hakuams_document
[ 09-05-19 22:12:57 ]
 RunTime:0.000559s SQL = SELECT * FROM hakuams_document WHERE ( `id` = '163' )
[ 09-05-19 22:12:57 ]
 RunTime:0.002398s SQL = SHOW COLUMNS FROM hakuams_category
[ 09-05-19 22:12:57 ]
 RunTime:0.000657s SQL = SELECT * FROM hakuams_category
[ 09-05-19 22:13:07 ]
 RunTime:0.002214s SQL = SHOW COLUMNS FROM hakuams_user
[ 09-05-19 22:13:07 ]
 RunTime:0.002127s SQL = SHOW COLUMNS FROM hakuams_category
[ 09-05-19 22:13:07 ]
 RunTime:0.001179s SQL = SELECT * FROM hakuams_user WHERE ( `id` = '1' )
[ 09-05-19 22:13:07 ]
 RunTime:0.003366s SQL = SHOW COLUMNS FROM hakuams_document
[ 09-05-19 22:13:07 ]
 RunTime:0.003764s SQL = SELECT * FROM hakuams_document ORDER BY data DESC LIMIT 0,17 
[ 09-05-19 22:13:07 ]
 RunTime:0.009491s SQL = SELECT * FROM hakuams_document
[ 09-05-19 22:13:07 ]
 RunTime:0.000404s SQL = SELECT * FROM hakuams_category WHERE ( `id` = '2' )
[ 09-05-19 22:13:07 ]
 RunTime:0.000273s SQL = SELECT * FROM hakuams_category WHERE ( `id` = '2' )
[ 09-05-19 22:13:07 ]
 RunTime:0.000180s SQL = SELECT * FROM hakuams_category WHERE ( `id` = '1' )
[ 09-05-19 22:13:07 ]
 RunTime:0.000174s SQL = SELECT * FROM hakuams_category WHERE ( `id` = '1' )
[ 09-05-19 22:13:07 ]
 RunTime:0.000168s SQL = SELECT * FROM hakuams_category WHERE ( `id` = '27' )
[ 09-05-19 22:13:07 ]
 RunTime:0.000211s SQL = SELECT * FROM hakuams_category WHERE ( `id` = '20' )
[ 09-05-19 22:13:07 ]
 RunTime:0.000210s SQL = SELECT * FROM hakuams_category WHERE ( `id` = '34' )
[ 09-05-19 22:13:07 ]
 RunTime:0.000179s SQL = SELECT * FROM hakuams_category WHERE ( `id` = '5' )
[ 09-05-19 22:13:07 ]
 RunTime:0.000167s SQL = SELECT * FROM hakuams_category WHERE ( `id` = '1' )
[ 09-05-19 22:13:07 ]
 RunTime:0.000220s SQL = SELECT * FROM hakuams_category WHERE ( `id` = '4' )
[ 09-05-19 22:13:07 ]
 RunTime:0.000381s SQL = SELECT * FROM hakuams_category WHERE ( `id` = '37' )
[ 09-05-19 22:13:07 ]
 RunTime:0.000290s SQL = SELECT * FROM hakuams_category WHERE ( `id` = '3' )
[ 09-05-19 22:13:07 ]
 RunTime:0.000318s SQL = SELECT * FROM hakuams_category WHERE ( `id` = '2' )
[ 09-05-19 22:13:07 ]
 RunTime:0.000390s SQL = SELECT * FROM hakuams_category WHERE ( `id` = '1' )
[ 09-05-19 22:13:07 ]
 RunTime:0.000314s SQL = SELECT * FROM hakuams_category WHERE ( `id` = '1' )
[ 09-05-19 22:13:07 ]
 RunTime:0.000344s SQL = SELECT * FROM hakuams_category WHERE ( `id` = '6' )
[ 09-05-19 22:13:07 ]
 RunTime:0.002068s SQL = SELECT * FROM hakuams_category WHERE ( `id` = '3' )
[ 09-05-19 22:13:09 ]
 RunTime:0.004152s SQL = SHOW COLUMNS FROM hakuams_user
[ 09-05-19 22:13:09 ]
 RunTime:0.000428s SQL = SELECT * FROM hakuams_user WHERE ( `id` = '1' )
[ 09-05-19 22:13:09 ]
 RunTime:0.003405s SQL = SHOW COLUMNS FROM hakuams_document
[ 09-05-19 22:13:09 ]
 RunTime:0.001081s SQL = SELECT * FROM hakuams_document WHERE ( `id` = '163' )
[ 09-05-19 22:13:09 ]
 RunTime:0.004509s SQL = SHOW COLUMNS FROM hakuams_category
[ 09-05-19 22:13:09 ]
 RunTime:0.000571s SQL = SELECT * FROM hakuams_category
[ 09-05-19 22:13:17 ]
 RunTime:0.002352s SQL = SHOW COLUMNS FROM hakuams_category
[ 09-05-19 22:13:17 ]
 RunTime:0.000565s SQL = SELECT * FROM hakuams_category
[ 09-05-19 22:13:18 ]
 RunTime:0.002119s SQL = SHOW COLUMNS FROM hakuams_user
[ 09-05-19 22:13:18 ]
 RunTime:0.002872s SQL = SHOW COLUMNS FROM hakuams_category
[ 09-05-19 22:13:18 ]
 RunTime:0.000372s SQL = SELECT * FROM hakuams_user WHERE ( `id` = '1' )
[ 09-05-19 22:13:18 ]
 RunTime:0.002106s SQL = SHOW COLUMNS FROM hakuams_document
[ 09-05-19 22:13:18 ]
 RunTime:0.002280s SQL = SELECT * FROM hakuams_document ORDER BY data DESC LIMIT 0,17 
[ 09-05-19 22:13:18 ]
 RunTime:0.008540s SQL = SELECT * FROM hakuams_document
[ 09-05-19 22:13:18 ]
 RunTime:0.000419s SQL = SELECT * FROM hakuams_category WHERE ( `id` = '2' )
[ 09-05-19 22:13:18 ]
 RunTime:0.000183s SQL = SELECT * FROM hakuams_category WHERE ( `id` = '2' )
[ 09-05-19 22:13:18 ]
 RunTime:0.000170s SQL = SELECT * FROM hakuams_category WHERE ( `id` = '1' )
[ 09-05-19 22:13:18 ]
 RunTime:0.000213s SQL = SELECT * FROM hakuams_category WHERE ( `id` = '1' )
[ 09-05-19 22:13:18 ]
 RunTime:0.000170s SQL = SELECT * FROM hakuams_category WHERE ( `id` = '27' )
[ 09-05-19 22:13:18 ]
 RunTime:0.000173s SQL = SELECT * FROM hakuams_category WHERE ( `id` = '20' )
[ 09-05-19 22:13:18 ]
 RunTime:0.000168s SQL = SELECT * FROM hakuams_category WHERE ( `id` = '34' )
[ 09-05-19 22:13:18 ]
 RunTime:0.000180s SQL = SELECT * FROM hakuams_category WHERE ( `id` = '5' )
[ 09-05-19 22:13:18 ]
 RunTime:0.000167s SQL = SELECT * FROM hakuams_category WHERE ( `id` = '1' )
[ 09-05-19 22:13:18 ]
 RunTime:0.000170s SQL = SELECT * FROM hakuams_category WHERE ( `id` = '4' )
[ 09-05-19 22:13:18 ]
 RunTime:0.000184s SQL = SELECT * FROM hakuams_category WHERE ( `id` = '37' )
[ 09-05-19 22:13:18 ]
 RunTime:0.000167s SQL = SELECT * FROM hakuams_category WHERE ( `id` = '3' )
[ 09-05-19 22:13:18 ]
 RunTime:0.000291s SQL = SELECT * FROM hakuams_category WHERE ( `id` = '2' )
[ 09-05-19 22:13:18 ]
 RunTime:0.000495s SQL = SELECT * FROM hakuams_category WHERE ( `id` = '1' )
[ 09-05-19 22:13:18 ]
 RunTime:0.001781s SQL = SELECT * FROM hakuams_category WHERE ( `id` = '1' )
[ 09-05-19 22:13:18 ]
 RunTime:0.000531s SQL = SELECT * FROM hakuams_category WHERE ( `id` = '6' )
[ 09-05-19 22:13:18 ]
 RunTime:0.000772s SQL = SELECT * FROM hakuams_category WHERE ( `id` = '3' )
[ 09-05-19 22:18:07 ]
 RunTime:0.004043s SQL = SHOW COLUMNS FROM hakuams_user
[ 09-05-19 22:18:07 ]
 RunTime:0.003919s SQL = SHOW COLUMNS FROM hakuams_category
[ 09-05-19 22:18:07 ]
 RunTime:0.000425s SQL = SELECT * FROM hakuams_user WHERE ( `id` = '1' )
[ 09-05-19 22:18:07 ]
 RunTime:0.003156s SQL = SHOW COLUMNS FROM hakuams_document
[ 09-05-19 22:18:07 ]
 RunTime:0.002157s SQL = SELECT * FROM hakuams_document ORDER BY data DESC LIMIT 0,17 
[ 09-05-19 22:18:07 ]
 RunTime:0.010018s SQL = SELECT * FROM hakuams_document
[ 09-05-19 22:18:07 ]
 RunTime:0.000514s SQL = SELECT * FROM hakuams_category WHERE ( `id` = '2' )
[ 09-05-19 22:18:07 ]
 RunTime:0.000327s SQL = SELECT * FROM hakuams_category WHERE ( `id` = '2' )
[ 09-05-19 22:18:07 ]
 RunTime:0.000211s SQL = SELECT * FROM hakuams_category WHERE ( `id` = '1' )
[ 09-05-19 22:18:07 ]
 RunTime:0.000268s SQL = SELECT * FROM hakuams_category WHERE ( `id` = '1' )
[ 09-05-19 22:18:07 ]
 RunTime:0.000196s SQL = SELECT * FROM hakuams_category WHERE ( `id` = '27' )
[ 09-05-19 22:18:07 ]
 RunTime:0.000195s SQL = SELECT * FROM hakuams_category WHERE ( `id` = '20' )
[ 09-05-19 22:18:07 ]
 RunTime:0.000170s SQL = SELECT * FROM hakuams_category WHERE ( `id` = '34' )
[ 09-05-19 22:18:07 ]
 RunTime:0.000192s SQL = SELECT * FROM hakuams_category WHERE ( `id` = '5' )
[ 09-05-19 22:18:07 ]
 RunTime:0.000171s SQL = SELECT * FROM hakuams_category WHERE ( `id` = '1' )
[ 09-05-19 22:18:07 ]
 RunTime:0.000168s SQL = SELECT * FROM hakuams_category WHERE ( `id` = '4' )
[ 09-05-19 22:18:07 ]
 RunTime:0.000163s SQL = SELECT * FROM hakuams_category WHERE ( `id` = '37' )
[ 09-05-19 22:18:07 ]
 RunTime:0.000168s SQL = SELECT * FROM hakuams_category WHERE ( `id` = '3' )
[ 09-05-19 22:18:07 ]
 RunTime:0.000164s SQL = SELECT * FROM hakuams_category WHERE ( `id` = '2' )
[ 09-05-19 22:18:07 ]
 RunTime:0.000166s SQL = SELECT * FROM hakuams_category WHERE ( `id` = '1' )
[ 09-05-19 22:18:07 ]
 RunTime:0.000170s SQL = SELECT * FROM hakuams_category WHERE ( `id` = '1' )
[ 09-05-19 22:18:07 ]
 RunTime:0.000227s SQL = SELECT * FROM hakuams_category WHERE ( `id` = '6' )
[ 09-05-19 22:18:07 ]
 RunTime:0.000190s SQL = SELECT * FROM hakuams_category WHERE ( `id` = '3' )
[ 09-05-19 22:18:48 ]
 RunTime:0.003969s SQL = SHOW COLUMNS FROM hakuams_user
[ 09-05-19 22:18:48 ]
 RunTime:0.006221s SQL = SHOW COLUMNS FROM hakuams_category
[ 09-05-19 22:18:48 ]
 RunTime:0.000634s SQL = SELECT * FROM hakuams_user WHERE ( `id` = '1' )
[ 09-05-19 22:18:48 ]
 RunTime:0.004534s SQL = SHOW COLUMNS FROM hakuams_document
[ 09-05-19 22:18:48 ]
 RunTime:0.005970s SQL = SELECT * FROM hakuams_document ORDER BY data DESC LIMIT 0,17 
[ 09-05-19 22:18:48 ]
 RunTime:0.013047s SQL = SELECT * FROM hakuams_document
[ 09-05-19 22:18:48 ]
 RunTime:0.004636s SQL = SELECT * FROM hakuams_category WHERE ( `id` = '2' )
[ 09-05-19 22:18:48 ]
 RunTime:0.000487s SQL = SELECT * FROM hakuams_category WHERE ( `id` = '2' )
[ 09-05-19 22:18:48 ]
 RunTime:0.000224s SQL = SELECT * FROM hakuams_category WHERE ( `id` = '1' )
[ 09-05-19 22:18:48 ]
 RunTime:0.000278s SQL = SELECT * FROM hakuams_category WHERE ( `id` = '1' )
[ 09-05-19 22:18:48 ]
 RunTime:0.000232s SQL = SELECT * FROM hakuams_category WHERE ( `id` = '27' )
[ 09-05-19 22:18:48 ]
 RunTime:0.000207s SQL = SELECT * FROM hakuams_category WHERE ( `id` = '20' )
[ 09-05-19 22:18:48 ]
 RunTime:0.000530s SQL = SELECT * FROM hakuams_category WHERE ( `id` = '34' )
[ 09-05-19 22:18:48 ]
 RunTime:0.000369s SQL = SELECT * FROM hakuams_category WHERE ( `id` = '5' )
[ 09-05-19 22:18:48 ]
 RunTime:0.001178s SQL = SELECT * FROM hakuams_category WHERE ( `id` = '1' )
[ 09-05-19 22:18:48 ]
 RunTime:0.000426s SQL = SELECT * FROM hakuams_category WHERE ( `id` = '4' )
[ 09-05-19 22:18:48 ]
 RunTime:0.000204s SQL = SELECT * FROM hakuams_category WHERE ( `id` = '37' )
[ 09-05-19 22:18:48 ]
 RunTime:0.000188s SQL = SELECT * FROM hakuams_category WHERE ( `id` = '3' )
[ 09-05-19 22:18:48 ]
 RunTime:0.000185s SQL = SELECT * FROM hakuams_category WHERE ( `id` = '2' )
[ 09-05-19 22:18:48 ]
 RunTime:0.000262s SQL = SELECT * FROM hakuams_category WHERE ( `id` = '1' )
[ 09-05-19 22:18:48 ]
 RunTime:0.000243s SQL = SELECT * FROM hakuams_category WHERE ( `id` = '1' )
[ 09-05-19 22:18:48 ]
 RunTime:0.000188s SQL = SELECT * FROM hakuams_category WHERE ( `id` = '6' )
[ 09-05-19 22:18:48 ]
 RunTime:0.000173s SQL = SELECT * FROM hakuams_category WHERE ( `id` = '3' )
[ 09-05-19 22:20:00 ]
 RunTime:0.003597s SQL = SHOW COLUMNS FROM hakuams_user
[ 09-05-19 22:20:00 ]
 RunTime:0.003238s SQL = SHOW COLUMNS FROM hakuams_category
[ 09-05-19 22:20:00 ]
 RunTime:0.000485s SQL = SELECT * FROM hakuams_user WHERE ( `id` = '1' )
[ 09-05-19 22:20:00 ]
 RunTime:0.006357s SQL = SHOW COLUMNS FROM hakuams_document
[ 09-05-19 22:20:00 ]
 RunTime:0.003933s SQL = SELECT * FROM hakuams_document ORDER BY data DESC LIMIT 0,17 
[ 09-05-19 22:20:00 ]
 RunTime:0.017408s SQL = SELECT * FROM hakuams_document
[ 09-05-19 22:20:00 ]
 RunTime:0.000481s SQL = SELECT * FROM hakuams_category WHERE ( `id` = '2' )
[ 09-05-19 22:20:00 ]
 RunTime:0.000316s SQL = SELECT * FROM hakuams_category WHERE ( `id` = '2' )
[ 09-05-19 22:20:00 ]
 RunTime:0.000364s SQL = SELECT * FROM hakuams_category WHERE ( `id` = '1' )
[ 09-05-19 22:20:00 ]
 RunTime:0.000328s SQL = SELECT * FROM hakuams_category WHERE ( `id` = '1' )
[ 09-05-19 22:20:00 ]
 RunTime:0.000511s SQL = SELECT * FROM hakuams_category WHERE ( `id` = '27' )
[ 09-05-19 22:20:00 ]
 RunTime:0.000343s SQL = SELECT * FROM hakuams_category WHERE ( `id` = '20' )
[ 09-05-19 22:20:00 ]
 RunTime:0.000717s SQL = SELECT * FROM hakuams_category WHERE ( `id` = '34' )
[ 09-05-19 22:20:00 ]
 RunTime:0.000374s SQL = SELECT * FROM hakuams_category WHERE ( `id` = '5' )
[ 09-05-19 22:20:00 ]
 RunTime:0.000207s SQL = SELECT * FROM hakuams_category WHERE ( `id` = '1' )
[ 09-05-19 22:20:00 ]
 RunTime:0.000174s SQL = SELECT * FROM hakuams_category WHERE ( `id` = '4' )
[ 09-05-19 22:20:00 ]
 RunTime:0.000176s SQL = SELECT * FROM hakuams_category WHERE ( `id` = '37' )
[ 09-05-19 22:20:00 ]
 RunTime:0.000167s SQL = SELECT * FROM hakuams_category WHERE ( `id` = '3' )
[ 09-05-19 22:20:00 ]
 RunTime:0.000168s SQL = SELECT * FROM hakuams_category WHERE ( `id` = '2' )
[ 09-05-19 22:20:00 ]
 RunTime:0.000165s SQL = SELECT * FROM hakuams_category WHERE ( `id` = '1' )
[ 09-05-19 22:20:00 ]
 RunTime:0.000238s SQL = SELECT * FROM hakuams_category WHERE ( `id` = '1' )
[ 09-05-19 22:20:00 ]
 RunTime:0.000177s SQL = SELECT * FROM hakuams_category WHERE ( `id` = '6' )
[ 09-05-19 22:20:00 ]
 RunTime:0.000180s SQL = SELECT * FROM hakuams_category WHERE ( `id` = '3' )
[ 09-05-19 22:25:28 ]
 RunTime:0.003890s SQL = SHOW COLUMNS FROM hakuams_user
[ 09-05-19 22:25:28 ]
 RunTime:0.004275s SQL = SHOW COLUMNS FROM hakuams_category
[ 09-05-19 22:25:28 ]
 RunTime:0.000649s SQL = SELECT * FROM hakuams_user WHERE ( `id` = '1' )
[ 09-05-19 22:25:28 ]
 RunTime:0.004613s SQL = SHOW COLUMNS FROM hakuams_document
[ 09-05-19 22:25:28 ]
 RunTime:0.007034s SQL = SELECT * FROM hakuams_document ORDER BY data DESC LIMIT 0,17 
[ 09-05-19 22:25:28 ]
 RunTime:0.020123s SQL = SELECT * FROM hakuams_document
[ 09-05-19 22:25:28 ]
 RunTime:0.001437s SQL = SELECT * FROM hakuams_category WHERE ( `id` = '2' )
[ 09-05-19 22:25:28 ]
 RunTime:0.000649s SQL = SELECT * FROM hakuams_category WHERE ( `id` = '2' )
[ 09-05-19 22:25:28 ]
 RunTime:0.000696s SQL = SELECT * FROM hakuams_category WHERE ( `id` = '1' )
[ 09-05-19 22:25:28 ]
 RunTime:0.001806s SQL = SELECT * FROM hakuams_category WHERE ( `id` = '1' )
[ 09-05-19 22:25:28 ]
 RunTime:0.000536s SQL = SELECT * FROM hakuams_category WHERE ( `id` = '27' )
[ 09-05-19 22:25:28 ]
 RunTime:0.000418s SQL = SELECT * FROM hakuams_category WHERE ( `id` = '20' )
[ 09-05-19 22:25:28 ]
 RunTime:0.000578s SQL = SELECT * FROM hakuams_category WHERE ( `id` = '34' )
[ 09-05-19 22:25:28 ]
 RunTime:0.000670s SQL = SELECT * FROM hakuams_category WHERE ( `id` = '5' )
[ 09-05-19 22:25:28 ]
 RunTime:0.000446s SQL = SELECT * FROM hakuams_category WHERE ( `id` = '1' )
[ 09-05-19 22:25:28 ]
 RunTime:0.000540s SQL = SELECT * FROM hakuams_category WHERE ( `id` = '4' )
[ 09-05-19 22:25:28 ]
 RunTime:0.000438s SQL = SELECT * FROM hakuams_category WHERE ( `id` = '37' )
[ 09-05-19 22:25:28 ]
 RunTime:0.000534s SQL = SELECT * FROM hakuams_category WHERE ( `id` = '3' )
[ 09-05-19 22:25:28 ]
 RunTime:0.000729s SQL = SELECT * FROM hakuams_category WHERE ( `id` = '2' )
[ 09-05-19 22:25:28 ]
 RunTime:0.000437s SQL = SELECT * FROM hakuams_category WHERE ( `id` = '1' )
[ 09-05-19 22:25:28 ]
 RunTime:0.000850s SQL = SELECT * FROM hakuams_category WHERE ( `id` = '1' )
[ 09-05-19 22:25:28 ]
 RunTime:0.000704s SQL = SELECT * FROM hakuams_category WHERE ( `id` = '6' )
[ 09-05-19 22:25:28 ]
 RunTime:0.000570s SQL = SELECT * FROM hakuams_category WHERE ( `id` = '3' )
[ 09-05-19 22:25:40 ]
 RunTime:0.004941s SQL = SHOW COLUMNS FROM hakuams_user
[ 09-05-19 22:25:40 ]
 RunTime:0.003176s SQL = SHOW COLUMNS FROM hakuams_category
[ 09-05-19 22:25:40 ]
 RunTime:0.000616s SQL = SELECT * FROM hakuams_user WHERE ( `id` = '1' )
[ 09-05-19 22:25:40 ]
 RunTime:0.003348s SQL = SHOW COLUMNS FROM hakuams_document
[ 09-05-19 22:25:40 ]
 RunTime:0.003186s SQL = SELECT * FROM hakuams_document ORDER BY data DESC LIMIT 0,17 
[ 09-05-19 22:25:40 ]
 RunTime:0.012346s SQL = SELECT * FROM hakuams_document
[ 09-05-19 22:25:40 ]
 RunTime:0.000407s SQL = SELECT * FROM hakuams_category WHERE ( `id` = '2' )
[ 09-05-19 22:25:40 ]
 RunTime:0.000192s SQL = SELECT * FROM hakuams_category WHERE ( `id` = '2' )
[ 09-05-19 22:25:40 ]
 RunTime:0.000174s SQL = SELECT * FROM hakuams_category WHERE ( `id` = '1' )
[ 09-05-19 22:25:40 ]
 RunTime:0.000171s SQL = SELECT * FROM hakuams_category WHERE ( `id` = '1' )
[ 09-05-19 22:25:40 ]
 RunTime:0.000170s SQL = SELECT * FROM hakuams_category WHERE ( `id` = '27' )
[ 09-05-19 22:25:40 ]
 RunTime:0.000419s SQL = SELECT * FROM hakuams_category WHERE ( `id` = '20' )
[ 09-05-19 22:25:40 ]
 RunTime:0.000297s SQL = SELECT * FROM hakuams_category WHERE ( `id` = '34' )
[ 09-05-19 22:25:40 ]
 RunTime:0.000463s SQL = SELECT * FROM hakuams_category WHERE ( `id` = '5' )
[ 09-05-19 22:25:40 ]
 RunTime:0.000177s SQL = SELECT * FROM hakuams_category WHERE ( `id` = '1' )
[ 09-05-19 22:25:40 ]
 RunTime:0.000177s SQL = SELECT * FROM hakuams_category WHERE ( `id` = '4' )
[ 09-05-19 22:25:40 ]
 RunTime:0.000174s SQL = SELECT * FROM hakuams_category WHERE ( `id` = '37' )
[ 09-05-19 22:25:40 ]
 RunTime:0.000280s SQL = SELECT * FROM hakuams_category WHERE ( `id` = '3' )
[ 09-05-19 22:25:40 ]
 RunTime:0.000301s SQL = SELECT * FROM hakuams_category WHERE ( `id` = '2' )
[ 09-05-19 22:25:40 ]
 RunTime:0.000309s SQL = SELECT * FROM hakuams_category WHERE ( `id` = '1' )
[ 09-05-19 22:25:40 ]
 RunTime:0.000341s SQL = SELECT * FROM hakuams_category WHERE ( `id` = '1' )
[ 09-05-19 22:25:40 ]
 RunTime:0.000336s SQL = SELECT * FROM hakuams_category WHERE ( `id` = '6' )
[ 09-05-19 22:25:40 ]
 RunTime:0.000380s SQL = SELECT * FROM hakuams_category WHERE ( `id` = '3' )
[ 09-05-19 22:26:21 ]
 RunTime:0.003056s SQL = SHOW COLUMNS FROM hakuams_user
[ 09-05-19 22:26:21 ]
 RunTime:0.001922s SQL = SHOW COLUMNS FROM hakuams_category
[ 09-05-19 22:26:21 ]
 RunTime:0.000281s SQL = SELECT * FROM hakuams_user WHERE ( `id` = '1' )
[ 09-05-19 22:26:21 ]
 RunTime:0.002104s SQL = SHOW COLUMNS FROM hakuams_document
[ 09-05-19 22:26:21 ]
 RunTime:0.002891s SQL = SELECT * FROM hakuams_document ORDER BY data DESC LIMIT 0,17 
[ 09-05-19 22:26:21 ]
 RunTime:0.009380s SQL = SELECT * FROM hakuams_document
[ 09-05-19 22:26:21 ]
 RunTime:0.000408s SQL = SELECT * FROM hakuams_category WHERE ( `id` = '2' )
[ 09-05-19 22:26:21 ]
 RunTime:0.000184s SQL = SELECT * FROM hakuams_category WHERE ( `id` = '2' )
[ 09-05-19 22:26:21 ]
 RunTime:0.000172s SQL = SELECT * FROM hakuams_category WHERE ( `id` = '1' )
[ 09-05-19 22:26:21 ]
 RunTime:0.000173s SQL = SELECT * FROM hakuams_category WHERE ( `id` = '1' )
[ 09-05-19 22:26:21 ]
 RunTime:0.000168s SQL = SELECT * FROM hakuams_category WHERE ( `id` = '27' )
[ 09-05-19 22:26:21 ]
 RunTime:0.000176s SQL = SELECT * FROM hakuams_category WHERE ( `id` = '20' )
[ 09-05-19 22:26:21 ]
 RunTime:0.000171s SQL = SELECT * FROM hakuams_category WHERE ( `id` = '34' )
[ 09-05-19 22:26:21 ]
 RunTime:0.000265s SQL = SELECT * FROM hakuams_category WHERE ( `id` = '5' )
[ 09-05-19 22:26:21 ]
 RunTime:0.000177s SQL = SELECT * FROM hakuams_category WHERE ( `id` = '1' )
[ 09-05-19 22:26:21 ]
 RunTime:0.000227s SQL = SELECT * FROM hakuams_category WHERE ( `id` = '4' )
[ 09-05-19 22:26:21 ]
 RunTime:0.000171s SQL = SELECT * FROM hakuams_category WHERE ( `id` = '37' )
[ 09-05-19 22:26:21 ]
 RunTime:0.000168s SQL = SELECT * FROM hakuams_category WHERE ( `id` = '3' )
[ 09-05-19 22:26:21 ]
 RunTime:0.000166s SQL = SELECT * FROM hakuams_category WHERE ( `id` = '2' )
[ 09-05-19 22:26:21 ]
 RunTime:0.000238s SQL = SELECT * FROM hakuams_category WHERE ( `id` = '1' )
[ 09-05-19 22:26:21 ]
 RunTime:0.000190s SQL = SELECT * FROM hakuams_category WHERE ( `id` = '1' )
[ 09-05-19 22:26:21 ]
 RunTime:0.000171s SQL = SELECT * FROM hakuams_category WHERE ( `id` = '6' )
[ 09-05-19 22:26:21 ]
 RunTime:0.000290s SQL = SELECT * FROM hakuams_category WHERE ( `id` = '3' )
[ 09-05-19 22:26:30 ]
 RunTime:0.003560s SQL = SHOW COLUMNS FROM hakuams_user
[ 09-05-19 22:26:30 ]
 RunTime:0.003078s SQL = SHOW COLUMNS FROM hakuams_category
[ 09-05-19 22:26:30 ]
 RunTime:0.000511s SQL = SELECT * FROM hakuams_user WHERE ( `id` = '1' )
[ 09-05-19 22:26:30 ]
 RunTime:0.003394s SQL = SHOW COLUMNS FROM hakuams_document
[ 09-05-19 22:26:30 ]
 RunTime:0.004888s SQL = SELECT * FROM hakuams_document ORDER BY data DESC LIMIT 0,17 
[ 09-05-19 22:26:30 ]
 RunTime:0.014397s SQL = SELECT * FROM hakuams_document
[ 09-05-19 22:26:30 ]
 RunTime:0.000536s SQL = SELECT * FROM hakuams_category WHERE ( `id` = '2' )
[ 09-05-19 22:26:30 ]
 RunTime:0.000296s SQL = SELECT * FROM hakuams_category WHERE ( `id` = '2' )
[ 09-05-19 22:26:30 ]
 RunTime:0.000268s SQL = SELECT * FROM hakuams_category WHERE ( `id` = '1' )
[ 09-05-19 22:26:30 ]
 RunTime:0.000337s SQL = SELECT * FROM hakuams_category WHERE ( `id` = '1' )
[ 09-05-19 22:26:30 ]
 RunTime:0.000269s SQL = SELECT * FROM hakuams_category WHERE ( `id` = '27' )
[ 09-05-19 22:26:30 ]
 RunTime:0.000365s SQL = SELECT * FROM hakuams_category WHERE ( `id` = '20' )
[ 09-05-19 22:26:30 ]
 RunTime:0.000298s SQL = SELECT * FROM hakuams_category WHERE ( `id` = '34' )
[ 09-05-19 22:26:30 ]
 RunTime:0.000362s SQL = SELECT * FROM hakuams_category WHERE ( `id` = '5' )
[ 09-05-19 22:26:30 ]
 RunTime:0.000290s SQL = SELECT * FROM hakuams_category WHERE ( `id` = '1' )
[ 09-05-19 22:26:30 ]
 RunTime:0.000273s SQL = SELECT * FROM hakuams_category WHERE ( `id` = '4' )
[ 09-05-19 22:26:30 ]
 RunTime:0.000426s SQL = SELECT * FROM hakuams_category WHERE ( `id` = '37' )
[ 09-05-19 22:26:30 ]
 RunTime:0.000433s SQL = SELECT * FROM hakuams_category WHERE ( `id` = '3' )
[ 09-05-19 22:26:30 ]
 RunTime:0.000436s SQL = SELECT * FROM hakuams_category WHERE ( `id` = '2' )
[ 09-05-19 22:26:30 ]
 RunTime:0.000454s SQL = SELECT * FROM hakuams_category WHERE ( `id` = '1' )
[ 09-05-19 22:26:30 ]
 RunTime:0.000388s SQL = SELECT * FROM hakuams_category WHERE ( `id` = '1' )
[ 09-05-19 22:26:30 ]
 RunTime:0.000383s SQL = SELECT * FROM hakuams_category WHERE ( `id` = '6' )
[ 09-05-19 22:26:30 ]
 RunTime:0.001414s SQL = SELECT * FROM hakuams_category WHERE ( `id` = '3' )
[ 09-05-19 22:27:21 ]
 RunTime:0.005813s SQL = SHOW COLUMNS FROM hakuams_user
[ 09-05-19 22:27:21 ]
 RunTime:0.004923s SQL = SHOW COLUMNS FROM hakuams_category
[ 09-05-19 22:27:21 ]
 RunTime:0.000694s SQL = SELECT * FROM hakuams_user WHERE ( `id` = '1' )
[ 09-05-19 22:27:21 ]
 RunTime:0.004036s SQL = SHOW COLUMNS FROM hakuams_document
[ 09-05-19 22:27:21 ]
 RunTime:0.004030s SQL = SELECT * FROM hakuams_document ORDER BY data DESC LIMIT 0,17 
[ 09-05-19 22:27:21 ]
 RunTime:0.016507s SQL = SELECT * FROM hakuams_document
[ 09-05-19 22:27:21 ]
 RunTime:0.000823s SQL = SELECT * FROM hakuams_category WHERE ( `id` = '2' )
[ 09-05-19 22:27:21 ]
 RunTime:0.000960s SQL = SELECT * FROM hakuams_category WHERE ( `id` = '2' )
[ 09-05-19 22:27:21 ]
 RunTime:0.000557s SQL = SELECT * FROM hakuams_category WHERE ( `id` = '1' )
[ 09-05-19 22:27:21 ]
 RunTime:0.000771s SQL = SELECT * FROM hakuams_category WHERE ( `id` = '1' )
[ 09-05-19 22:27:21 ]
 RunTime:0.000552s SQL = SELECT * FROM hakuams_category WHERE ( `id` = '27' )
[ 09-05-19 22:27:21 ]
 RunTime:0.000520s SQL = SELECT * FROM hakuams_category WHERE ( `id` = '20' )
[ 09-05-19 22:27:21 ]
 RunTime:0.000470s SQL = SELECT * FROM hakuams_category WHERE ( `id` = '34' )
[ 09-05-19 22:27:21 ]
 RunTime:0.000300s SQL = SELECT * FROM hakuams_category WHERE ( `id` = '5' )
[ 09-05-19 22:27:21 ]
 RunTime:0.000656s SQL = SELECT * FROM hakuams_category WHERE ( `id` = '1' )
[ 09-05-19 22:27:21 ]
 RunTime:0.000588s SQL = SELECT * FROM hakuams_category WHERE ( `id` = '4' )
[ 09-05-19 22:27:21 ]
 RunTime:0.000452s SQL = SELECT * FROM hakuams_category WHERE ( `id` = '37' )
[ 09-05-19 22:27:21 ]
 RunTime:0.000326s SQL = SELECT * FROM hakuams_category WHERE ( `id` = '3' )
[ 09-05-19 22:27:21 ]
 RunTime:0.000391s SQL = SELECT * FROM hakuams_category WHERE ( `id` = '2' )
[ 09-05-19 22:27:21 ]
 RunTime:0.000312s SQL = SELECT * FROM hakuams_category WHERE ( `id` = '1' )
[ 09-05-19 22:27:21 ]
 RunTime:0.001427s SQL = SELECT * FROM hakuams_category WHERE ( `id` = '1' )
[ 09-05-19 22:27:21 ]
 RunTime:0.000348s SQL = SELECT * FROM hakuams_category WHERE ( `id` = '6' )
[ 09-05-19 22:27:21 ]
 RunTime:0.000458s SQL = SELECT * FROM hakuams_category WHERE ( `id` = '3' )
[ 09-05-19 22:27:24 ]
 RunTime:0.002346s SQL = SHOW COLUMNS FROM hakuams_user
[ 09-05-19 22:27:24 ]
 RunTime:0.002466s SQL = SHOW COLUMNS FROM hakuams_category
[ 09-05-19 22:27:24 ]
 RunTime:0.000279s SQL = SELECT * FROM hakuams_user WHERE ( `id` = '1' )
[ 09-05-19 22:27:24 ]
 RunTime:0.002090s SQL = SHOW COLUMNS FROM hakuams_document
[ 09-05-19 22:27:24 ]
 RunTime:0.002224s SQL = SELECT * FROM hakuams_document ORDER BY data DESC LIMIT 0,17 
[ 09-05-19 22:27:24 ]
 RunTime:0.010189s SQL = SELECT * FROM hakuams_document
[ 09-05-19 22:27:24 ]
 RunTime:0.000422s SQL = SELECT * FROM hakuams_category WHERE ( `id` = '2' )
[ 09-05-19 22:27:24 ]
 RunTime:0.000193s SQL = SELECT * FROM hakuams_category WHERE ( `id` = '2' )
[ 09-05-19 22:27:24 ]
 RunTime:0.000176s SQL = SELECT * FROM hakuams_category WHERE ( `id` = '1' )
[ 09-05-19 22:27:24 ]
 RunTime:0.000173s SQL = SELECT * FROM hakuams_category WHERE ( `id` = '1' )
[ 09-05-19 22:27:24 ]
 RunTime:0.000189s SQL = SELECT * FROM hakuams_category WHERE ( `id` = '27' )
[ 09-05-19 22:27:24 ]
 RunTime:0.000171s SQL = SELECT * FROM hakuams_category WHERE ( `id` = '20' )
[ 09-05-19 22:27:24 ]
 RunTime:0.000174s SQL = SELECT * FROM hakuams_category WHERE ( `id` = '34' )
[ 09-05-19 22:27:24 ]
 RunTime:0.000171s SQL = SELECT * FROM hakuams_category WHERE ( `id` = '5' )
[ 09-05-19 22:27:24 ]
 RunTime:0.000170s SQL = SELECT * FROM hakuams_category WHERE ( `id` = '1' )
[ 09-05-19 22:27:24 ]
 RunTime:0.000173s SQL = SELECT * FROM hakuams_category WHERE ( `id` = '4' )
[ 09-05-19 22:27:24 ]
 RunTime:0.000212s SQL = SELECT * FROM hakuams_category WHERE ( `id` = '37' )
[ 09-05-19 22:27:24 ]
 RunTime:0.000174s SQL = SELECT * FROM hakuams_category WHERE ( `id` = '3' )
[ 09-05-19 22:27:24 ]
 RunTime:0.000240s SQL = SELECT * FROM hakuams_category WHERE ( `id` = '2' )
[ 09-05-19 22:27:24 ]
 RunTime:0.000193s SQL = SELECT * FROM hakuams_category WHERE ( `id` = '1' )
[ 09-05-19 22:27:24 ]
 RunTime:0.000173s SQL = SELECT * FROM hakuams_category WHERE ( `id` = '1' )
[ 09-05-19 22:27:24 ]
 RunTime:0.000172s SQL = SELECT * FROM hakuams_category WHERE ( `id` = '6' )
[ 09-05-19 22:27:24 ]
 RunTime:0.000175s SQL = SELECT * FROM hakuams_category WHERE ( `id` = '3' )
[ 09-05-19 22:27:44 ]
 RunTime:0.004006s SQL = SHOW COLUMNS FROM hakuams_user
[ 09-05-19 22:27:44 ]
 RunTime:0.003142s SQL = SHOW COLUMNS FROM hakuams_category
[ 09-05-19 22:27:44 ]
 RunTime:0.000500s SQL = SELECT * FROM hakuams_user WHERE ( `id` = '1' )
[ 09-05-19 22:27:44 ]
 RunTime:0.005336s SQL = SHOW COLUMNS FROM hakuams_document
[ 09-05-19 22:27:44 ]
 RunTime:0.002069s SQL = SELECT * FROM hakuams_document ORDER BY data DESC LIMIT 0,17 
[ 09-05-19 22:27:44 ]
 RunTime:0.011541s SQL = SELECT * FROM hakuams_document
[ 09-05-19 22:27:44 ]
 RunTime:0.000828s SQL = SELECT * FROM hakuams_category WHERE ( `id` = '2' )
[ 09-05-19 22:27:44 ]
 RunTime:0.000410s SQL = SELECT * FROM hakuams_category WHERE ( `id` = '2' )
[ 09-05-19 22:27:44 ]
 RunTime:0.000651s SQL = SELECT * FROM hakuams_category WHERE ( `id` = '1' )
[ 09-05-19 22:27:44 ]
 RunTime:0.000397s SQL = SELECT * FROM hakuams_category WHERE ( `id` = '1' )
[ 09-05-19 22:27:44 ]
 RunTime:0.000348s SQL = SELECT * FROM hakuams_category WHERE ( `id` = '27' )
[ 09-05-19 22:27:44 ]
 RunTime:0.000291s SQL = SELECT * FROM hakuams_category WHERE ( `id` = '20' )
[ 09-05-19 22:27:44 ]
 RunTime:0.000363s SQL = SELECT * FROM hakuams_category WHERE ( `id` = '34' )
[ 09-05-19 22:27:44 ]
 RunTime:0.000369s SQL = SELECT * FROM hakuams_category WHERE ( `id` = '5' )
[ 09-05-19 22:27:44 ]
 RunTime:0.001470s SQL = SELECT * FROM hakuams_category WHERE ( `id` = '1' )
[ 09-05-19 22:27:44 ]
 RunTime:0.001097s SQL = SELECT * FROM hakuams_category WHERE ( `id` = '4' )
[ 09-05-19 22:27:44 ]
 RunTime:0.000874s SQL = SELECT * FROM hakuams_category WHERE ( `id` = '37' )
[ 09-05-19 22:27:44 ]
 RunTime:0.000395s SQL = SELECT * FROM hakuams_category WHERE ( `id` = '3' )
[ 09-05-19 22:27:44 ]
 RunTime:0.000275s SQL = SELECT * FROM hakuams_category WHERE ( `id` = '2' )
[ 09-05-19 22:27:44 ]
 RunTime:0.000273s SQL = SELECT * FROM hakuams_category WHERE ( `id` = '1' )
[ 09-05-19 22:27:44 ]
 RunTime:0.000288s SQL = SELECT * FROM hakuams_category WHERE ( `id` = '1' )
[ 09-05-19 22:27:44 ]
 RunTime:0.000313s SQL = SELECT * FROM hakuams_category WHERE ( `id` = '6' )
[ 09-05-19 22:27:44 ]
 RunTime:0.000592s SQL = SELECT * FROM hakuams_category WHERE ( `id` = '3' )
[ 09-05-19 22:28:04 ]
 RunTime:0.003275s SQL = SHOW COLUMNS FROM hakuams_user
[ 09-05-19 22:28:04 ]
 RunTime:0.002916s SQL = SHOW COLUMNS FROM hakuams_category
[ 09-05-19 22:28:04 ]
 RunTime:0.000448s SQL = SELECT * FROM hakuams_user WHERE ( `id` = '1' )
[ 09-05-19 22:28:04 ]
 RunTime:0.003659s SQL = SHOW COLUMNS FROM hakuams_document
[ 09-05-19 22:28:04 ]
 RunTime:0.002989s SQL = SELECT * FROM hakuams_document ORDER BY data DESC LIMIT 0,17 
[ 09-05-19 22:28:04 ]
 RunTime:0.011163s SQL = SELECT * FROM hakuams_document
[ 09-05-19 22:28:04 ]
 RunTime:0.001595s SQL = SELECT * FROM hakuams_category WHERE ( `id` = '2' )
[ 09-05-19 22:28:04 ]
 RunTime:0.000273s SQL = SELECT * FROM hakuams_category WHERE ( `id` = '2' )
[ 09-05-19 22:28:04 ]
 RunTime:0.000388s SQL = SELECT * FROM hakuams_category WHERE ( `id` = '1' )
[ 09-05-19 22:28:04 ]
 RunTime:0.000202s SQL = SELECT * FROM hakuams_category WHERE ( `id` = '1' )
[ 09-05-19 22:28:04 ]
 RunTime:0.000176s SQL = SELECT * FROM hakuams_category WHERE ( `id` = '27' )
[ 09-05-19 22:28:04 ]
 RunTime:0.000217s SQL = SELECT * FROM hakuams_category WHERE ( `id` = '20' )
[ 09-05-19 22:28:04 ]
 RunTime:0.000171s SQL = SELECT * FROM hakuams_category WHERE ( `id` = '34' )
[ 09-05-19 22:28:04 ]
 RunTime:0.000167s SQL = SELECT * FROM hakuams_category WHERE ( `id` = '5' )
[ 09-05-19 22:28:04 ]
 RunTime:0.000165s SQL = SELECT * FROM hakuams_category WHERE ( `id` = '1' )
[ 09-05-19 22:28:04 ]
 RunTime:0.000212s SQL = SELECT * FROM hakuams_category WHERE ( `id` = '4' )
[ 09-05-19 22:28:04 ]
 RunTime:0.000189s SQL = SELECT * FROM hakuams_category WHERE ( `id` = '37' )
[ 09-05-19 22:28:04 ]
 RunTime:0.000317s SQL = SELECT * FROM hakuams_category WHERE ( `id` = '3' )
[ 09-05-19 22:28:04 ]
 RunTime:0.000359s SQL = SELECT * FROM hakuams_category WHERE ( `id` = '2' )
[ 09-05-19 22:28:04 ]
 RunTime:0.000348s SQL = SELECT * FROM hakuams_category WHERE ( `id` = '1' )
[ 09-05-19 22:28:04 ]
 RunTime:0.000338s SQL = SELECT * FROM hakuams_category WHERE ( `id` = '1' )
[ 09-05-19 22:28:04 ]
 RunTime:0.000264s SQL = SELECT * FROM hakuams_category WHERE ( `id` = '6' )
[ 09-05-19 22:28:04 ]
 RunTime:0.000553s SQL = SELECT * FROM hakuams_category WHERE ( `id` = '3' )
[ 09-05-19 22:28:07 ]
 RunTime:0.003457s SQL = SHOW COLUMNS FROM hakuams_user
[ 09-05-19 22:28:07 ]
 RunTime:0.003229s SQL = SHOW COLUMNS FROM hakuams_category
[ 09-05-19 22:28:07 ]
 RunTime:0.000740s SQL = SELECT * FROM hakuams_user WHERE ( `id` = '1' )
[ 09-05-19 22:28:07 ]
 RunTime:0.003951s SQL = SHOW COLUMNS FROM hakuams_document
[ 09-05-19 22:28:07 ]
 RunTime:0.004930s SQL = SELECT * FROM hakuams_document ORDER BY data DESC LIMIT 34,17 
[ 09-05-19 22:28:07 ]
 RunTime:0.019141s SQL = SELECT * FROM hakuams_document
[ 09-05-19 22:28:07 ]
 RunTime:0.000508s SQL = SELECT * FROM hakuams_category WHERE ( `id` = '34' )
[ 09-05-19 22:28:07 ]
 RunTime:0.000335s SQL = SELECT * FROM hakuams_category WHERE ( `id` = '34' )
[ 09-05-19 22:28:07 ]
 RunTime:0.000297s SQL = SELECT * FROM hakuams_category WHERE ( `id` = '25' )
[ 09-05-19 22:28:07 ]
 RunTime:0.000337s SQL = SELECT * FROM hakuams_category WHERE ( `id` = '5' )
[ 09-05-19 22:28:07 ]
 RunTime:0.000406s SQL = SELECT * FROM hakuams_category WHERE ( `id` = '34' )
[ 09-05-19 22:28:07 ]
 RunTime:0.000344s SQL = SELECT * FROM hakuams_category WHERE ( `id` = '4' )
[ 09-05-19 22:28:07 ]
 RunTime:0.000478s SQL = SELECT * FROM hakuams_category WHERE ( `id` = '30' )
[ 09-05-19 22:28:07 ]
 RunTime:0.000473s SQL = SELECT * FROM hakuams_category WHERE ( `id` = '30' )
[ 09-05-19 22:28:07 ]
 RunTime:0.000466s SQL = SELECT * FROM hakuams_category WHERE ( `id` = '34' )
[ 09-05-19 22:28:07 ]
 RunTime:0.000676s SQL = SELECT * FROM hakuams_category WHERE ( `id` = '2' )
[ 09-05-19 22:28:07 ]
 RunTime:0.000479s SQL = SELECT * FROM hakuams_category WHERE ( `id` = '2' )
[ 09-05-19 22:28:07 ]
 RunTime:0.000728s SQL = SELECT * FROM hakuams_category WHERE ( `id` = '1' )
[ 09-05-19 22:28:07 ]
 RunTime:0.000369s SQL = SELECT * FROM hakuams_category WHERE ( `id` = '1' )
[ 09-05-19 22:28:07 ]
 RunTime:0.000316s SQL = SELECT * FROM hakuams_category WHERE ( `id` = '5' )
[ 09-05-19 22:28:07 ]
 RunTime:0.000286s SQL = SELECT * FROM hakuams_category WHERE ( `id` = '37' )
[ 09-05-19 22:28:07 ]
 RunTime:0.000287s SQL = SELECT * FROM hakuams_category WHERE ( `id` = '3' )
[ 09-05-19 22:28:07 ]
 RunTime:0.000282s SQL = SELECT * FROM hakuams_category WHERE ( `id` = '28' )
[ 09-05-19 22:28:09 ]
 RunTime:0.002111s SQL = SHOW COLUMNS FROM hakuams_user
[ 09-05-19 22:28:09 ]
 RunTime:0.001946s SQL = SHOW COLUMNS FROM hakuams_category
[ 09-05-19 22:28:09 ]
 RunTime:0.000348s SQL = SELECT * FROM hakuams_user WHERE ( `id` = '1' )
[ 09-05-19 22:28:09 ]
 RunTime:0.003124s SQL = SHOW COLUMNS FROM hakuams_document
[ 09-05-19 22:28:09 ]
 RunTime:0.004121s SQL = SELECT * FROM hakuams_document ORDER BY data DESC LIMIT 68,17 
[ 09-05-19 22:28:09 ]
 RunTime:0.010088s SQL = SELECT * FROM hakuams_document
[ 09-05-19 22:28:09 ]
 RunTime:0.000421s SQL = SELECT * FROM hakuams_category WHERE ( `id` = '29' )
[ 09-05-19 22:28:09 ]
 RunTime:0.000332s SQL = SELECT * FROM hakuams_category WHERE ( `id` = '29' )
[ 09-05-19 22:28:09 ]
 RunTime:0.000212s SQL = SELECT * FROM hakuams_category WHERE ( `id` = '1' )
[ 09-05-19 22:28:09 ]
 RunTime:0.000174s SQL = SELECT * FROM hakuams_category WHERE ( `id` = '1' )
[ 09-05-19 22:28:09 ]
 RunTime:0.000444s SQL = SELECT * FROM hakuams_category WHERE ( `id` = '35' )
[ 09-05-19 22:28:09 ]
 RunTime:0.000281s SQL = SELECT * FROM hakuams_category WHERE ( `id` = '31' )
[ 09-05-19 22:28:09 ]
 RunTime:0.000217s SQL = SELECT * FROM hakuams_category WHERE ( `id` = '1' )
[ 09-05-19 22:28:09 ]
 RunTime:0.000250s SQL = SELECT * FROM hakuams_category WHERE ( `id` = '29' )
[ 09-05-19 22:28:09 ]
 RunTime:0.000354s SQL = SELECT * FROM hakuams_category WHERE ( `id` = '3' )
[ 09-05-19 22:28:09 ]
 RunTime:0.000321s SQL = SELECT * FROM hakuams_category WHERE ( `id` = '3' )
[ 09-05-19 22:28:09 ]
 RunTime:0.000341s SQL = SELECT * FROM hakuams_category WHERE ( `id` = '3' )
[ 09-05-19 22:28:09 ]
 RunTime:0.000364s SQL = SELECT * FROM hakuams_category WHERE ( `id` = '3' )
[ 09-05-19 22:28:09 ]
 RunTime:0.000365s SQL = SELECT * FROM hakuams_category WHERE ( `id` = '5' )
[ 09-05-19 22:28:09 ]
 RunTime:0.000328s SQL = SELECT * FROM hakuams_category WHERE ( `id` = '4' )
[ 09-05-19 22:28:09 ]
 RunTime:0.000267s SQL = SELECT * FROM hakuams_category WHERE ( `id` = '4' )
[ 09-05-19 22:28:09 ]
 RunTime:0.000265s SQL = SELECT * FROM hakuams_category WHERE ( `id` = '2' )
[ 09-05-19 22:28:09 ]
 RunTime:0.000248s SQL = SELECT * FROM hakuams_category WHERE ( `id` = '2' )
[ 09-05-19 22:28:10 ]
 RunTime:0.005174s SQL = SHOW COLUMNS FROM hakuams_user
[ 09-05-19 22:28:10 ]
 RunTime:0.002378s SQL = SHOW COLUMNS FROM hakuams_category
[ 09-05-19 22:28:10 ]
 RunTime:0.000839s SQL = SELECT * FROM hakuams_user WHERE ( `id` = '1' )
[ 09-05-19 22:28:10 ]
 RunTime:0.002884s SQL = SHOW COLUMNS FROM hakuams_document
[ 09-05-19 22:28:10 ]
 RunTime:0.003572s SQL = SELECT * FROM hakuams_document ORDER BY data DESC LIMIT 102,17 
[ 09-05-19 22:28:10 ]
 RunTime:0.010216s SQL = SELECT * FROM hakuams_document
[ 09-05-19 22:28:10 ]
 RunTime:0.000417s SQL = SELECT * FROM hakuams_category WHERE ( `id` = '1' )
[ 09-05-19 22:28:10 ]
 RunTime:0.000179s SQL = SELECT * FROM hakuams_category WHERE ( `id` = '1' )
[ 09-05-19 22:28:10 ]
 RunTime:0.000178s SQL = SELECT * FROM hakuams_category WHERE ( `id` = '2' )
[ 09-05-19 22:28:10 ]
 RunTime:0.000145s SQL = SELECT * FROM hakuams_category WHERE ( `id` = '8' )
[ 09-05-19 22:28:10 ]
 RunTime:0.000165s SQL = SELECT * FROM hakuams_category WHERE ( `id` = '2' )
[ 09-05-19 22:28:10 ]
 RunTime:0.000279s SQL = SELECT * FROM hakuams_category WHERE ( `id` = '2' )
[ 09-05-19 22:28:10 ]
 RunTime:0.000244s SQL = SELECT * FROM hakuams_category WHERE ( `id` = '15' )
[ 09-05-19 22:28:10 ]
 RunTime:0.000186s SQL = SELECT * FROM hakuams_category WHERE ( `id` = '2' )
[ 09-05-19 22:28:10 ]
 RunTime:0.000218s SQL = SELECT * FROM hakuams_category WHERE ( `id` = '2' )
[ 09-05-19 22:28:10 ]
 RunTime:0.000173s SQL = SELECT * FROM hakuams_category WHERE ( `id` = '2' )
[ 09-05-19 22:28:10 ]
 RunTime:0.000171s SQL = SELECT * FROM hakuams_category WHERE ( `id` = '1' )
[ 09-05-19 22:28:10 ]
 RunTime:0.000170s SQL = SELECT * FROM hakuams_category WHERE ( `id` = '2' )
[ 09-05-19 22:28:10 ]
 RunTime:0.000171s SQL = SELECT * FROM hakuams_category WHERE ( `id` = '1' )
[ 09-05-19 22:28:10 ]
 RunTime:0.000168s SQL = SELECT * FROM hakuams_category WHERE ( `id` = '2' )
[ 09-05-19 22:28:10 ]
 RunTime:0.000195s SQL = SELECT * FROM hakuams_category WHERE ( `id` = '1' )
[ 09-05-19 22:28:10 ]
 RunTime:0.000189s SQL = SELECT * FROM hakuams_category WHERE ( `id` = '2' )
[ 09-05-19 22:28:10 ]
 RunTime:0.000152s SQL = SELECT * FROM hakuams_category WHERE ( `id` = '9' )
[ 09-05-19 22:28:11 ]
 RunTime:0.002232s SQL = SHOW COLUMNS FROM hakuams_user
[ 09-05-19 22:28:11 ]
 RunTime:0.002210s SQL = SHOW COLUMNS FROM hakuams_category
[ 09-05-19 22:28:11 ]
 RunTime:0.000319s SQL = SELECT * FROM hakuams_user WHERE ( `id` = '1' )
[ 09-05-19 22:28:11 ]
 RunTime:0.002114s SQL = SHOW COLUMNS FROM hakuams_document
[ 09-05-19 22:28:11 ]
 RunTime:0.002746s SQL = SELECT * FROM hakuams_document ORDER BY data DESC LIMIT 136,17 
[ 09-05-19 22:28:11 ]
 RunTime:0.008105s SQL = SELECT * FROM hakuams_document
[ 09-05-19 22:28:11 ]
 RunTime:0.000399s SQL = SELECT * FROM hakuams_category WHERE ( `id` = '2' )
[ 09-05-19 22:28:11 ]
 RunTime:0.000197s SQL = SELECT * FROM hakuams_category WHERE ( `id` = '2' )