[ 2009-05-06T19:29:31+08:00 ] NOTIC: [8] Undefined variable: vo 013cede882719e500a772f0c2d93e6b3.php 第 16 行.
[ 2009-05-06T19:29:33+08:00 ] SQL:  RunTime:0.000318s SQL = SELECT * FROM `hakucms_category`
[ 2009-05-06T19:29:33+08:00 ] NOTIC: [8] Undefined variable: title aa13b9f510b059bef2f977458e506c6c.php 第 13 行.
[ 2009-05-06T19:29:33+08:00 ] NOTIC: [8] Undefined variable: content aa13b9f510b059bef2f977458e506c6c.php 第 30 行.
[ 2009-05-06T19:30:31+08:00 ] NOTIC: [8] Undefined variable: vo 013cede882719e500a772f0c2d93e6b3.php 第 16 行.
[ 2009-05-06T19:30:32+08:00 ] SQL:  RunTime:0.000288s SQL = SELECT * FROM `hakucms_category`
[ 2009-05-06T19:30:33+08:00 ] NOTIC: [8] Undefined variable: title aa13b9f510b059bef2f977458e506c6c.php 第 13 行.
[ 2009-05-06T19:30:33+08:00 ] NOTIC: [8] Undefined variable: content aa13b9f510b059bef2f977458e506c6c.php 第 30 行.
[ 2009-05-06T19:31:13+08:00 ] NOTIC: [8] Undefined variable: vo 013cede882719e500a772f0c2d93e6b3.php 第 16 行.
[ 2009-05-06T19:31:15+08:00 ] SQL:  RunTime:0.000292s SQL = SELECT * FROM `hakucms_category`
[ 2009-05-06T19:31:15+08:00 ] NOTIC: [8] Undefined variable: title aa13b9f510b059bef2f977458e506c6c.php 第 13 行.
[ 2009-05-06T19:31:15+08:00 ] NOTIC: [8] Undefined variable: content aa13b9f510b059bef2f977458e506c6c.php 第 30 行.
[ 2009-05-06T19:31:54+08:00 ] SQL:  RunTime:0.000267s SQL = SELECT * FROM `hakucms_category`
[ 2009-05-06T19:31:54+08:00 ] NOTIC: [8] Undefined variable: title aa13b9f510b059bef2f977458e506c6c.php 第 13 行.
[ 2009-05-06T19:31:54+08:00 ] NOTIC: [8] Undefined variable: content aa13b9f510b059bef2f977458e506c6c.php 第 30 行.
[ 2009-05-06T19:32:30+08:00 ] ERR: (ThinkException) Column 'picurl' cannot be null
 [ SQL语句 ] : INSERT INTO `hakucms_document` (`title`,`cateid`,`shortcontent`,`ispic`,`picurl`,`content`,`writer`,`exam`,`data`) VALUES ('dasdasd','2','sdaads',1,null,'asdasdasd&lt;br /&gt;','princehaku',1,1241609550)
[ 2009-05-06T19:33:11+08:00 ] SQL:  RunTime:0.000295s SQL = SELECT * FROM `hakucms_category`
[ 2009-05-06T19:33:11+08:00 ] NOTIC: [8] Undefined variable: title aa13b9f510b059bef2f977458e506c6c.php 第 13 行.
[ 2009-05-06T19:33:11+08:00 ] NOTIC: [8] Undefined variable: content aa13b9f510b059bef2f977458e506c6c.php 第 30 行.
[ 2009-05-06T19:33:20+08:00 ] SQL:  RunTime:0.000271s SQL = SELECT * FROM `hakucms_category`
[ 2009-05-06T19:33:20+08:00 ] NOTIC: [8] Undefined variable: title aa13b9f510b059bef2f977458e506c6c.php 第 13 行.
[ 2009-05-06T19:33:20+08:00 ] NOTIC: [8] Undefined variable: content aa13b9f510b059bef2f977458e506c6c.php 第 30 行.
[ 2009-05-06T19:42:06+08:00 ] SQL:  RunTime:0.224467s SQL = SELECT * FROM `hakucms_category`
[ 2009-05-06T19:42:06+08:00 ] NOTIC: [8] Undefined variable: title aa13b9f510b059bef2f977458e506c6c.php 第 13 行.
[ 2009-05-06T19:42:06+08:00 ] NOTIC: [8] Undefined variable: content aa13b9f510b059bef2f977458e506c6c.php 第 30 行.
[ 2009-05-06T19:42:26+08:00 ] NOTIC: [8] Use of undefined constant tm_sec - assumed 'tm_sec' UserAction.class.php 第 31 行.
[ 2009-05-06T19:42:26+08:00 ] NOTIC: [8] Use of undefined constant tm_sec - assumed 'tm_sec' UserAction.class.php 第 31 行.
[ 2009-05-06T19:42:26+08:00 ] NOTIC: [8] Use of undefined constant tm_min - assumed 'tm_min' UserAction.class.php 第 31 行.
[ 2009-05-06T19:42:26+08:00 ] NOTIC: [8] Use of undefined constant tm_hour - assumed 'tm_hour' UserAction.class.php 第 31 行.
[ 2009-05-06T19:42:26+08:00 ] NOTIC: [8] Use of undefined constant tm_mday - assumed 'tm_mday' UserAction.class.php 第 31 行.
[ 2009-05-06T19:42:26+08:00 ] SQL:  RunTime:0.000452s SQL = SELECT * FROM `hakucms_user`
[ 2009-05-06T19:42:26+08:00 ] SQL:  RunTime:0.000276s SQL = SELECT * FROM `hakucms_state` WHERE ( (`ltime` = 1241107174) AND (`ltime` = 1241610146)  ) AND ( `user` = 'princehaku' )
[ 2009-05-06T19:42:26+08:00 ] SQL:  RunTime:0.000247s SQL = SELECT * FROM `hakucms_document` WHERE ( (`data` = 1241107174) AND (`data` = 1241610146)  ) AND ( `writer` = 'princehaku' )
[ 2009-05-06T19:42:26+08:00 ] NOTIC: [8] Undefined variable: pub 565eba06b12dc67b20478dfb49af4b42.php 第 6 行.
[ 2009-05-06T19:42:26+08:00 ] NOTIC: [8] Undefined variable: pub 565eba06b12dc67b20478dfb49af4b42.php 第 7 行.
[ 2009-05-06T19:42:26+08:00 ] NOTIC: [8] Undefined variable: pub 565eba06b12dc67b20478dfb49af4b42.php 第 8 行.
[ 2009-05-06T19:42:26+08:00 ] NOTIC: [8] Undefined variable: pub 565eba06b12dc67b20478dfb49af4b42.php 第 9 行.
[ 2009-05-06T19:42:26+08:00 ] NOTIC: [8] Undefined variable: pub 565eba06b12dc67b20478dfb49af4b42.php 第 10 行.
[ 2009-05-06T19:42:26+08:00 ] NOTIC: [8] Undefined variable: pub 565eba06b12dc67b20478dfb49af4b42.php 第 11 行.
[ 2009-05-06T19:42:26+08:00 ] NOTIC: [8] Undefined variable: pub 565eba06b12dc67b20478dfb49af4b42.php 第 12 行.
[ 2009-05-06T19:42:26+08:00 ] NOTIC: [8] Undefined index:  through 565eba06b12dc67b20478dfb49af4b42.php 第 37 行.
[ 2009-05-06T19:42:26+08:00 ] ERR: (ThinkException) 非法操作images
[ 2009-05-06T19:42:27+08:00 ] SQL:  RunTime:0.000334s SQL = SELECT * FROM `hakucms_user` WHERE ( `id` = '1' )
[ 2009-05-06T19:42:27+08:00 ] SQL:  RunTime:0.000396s SQL = SELECT * FROM `hakucms_document` WHERE ( (`data` = 1239018147) AND (`data` = 1241610147)  ) ORDER BY data DESC
[ 2009-05-06T19:42:27+08:00 ] NOTIC: [2] Invalid argument supplied for foreach() ArticleAction.class.php 第 240 行.
[ 2009-05-06T19:42:27+08:00 ] NOTIC: [8] Undefined variable: page 1e55212a6170d8842e47d604a1d019ea.php 第 38 行.
[ 2009-05-06T19:43:15+08:00 ] SQL:  RunTime:0.000294s SQL = SELECT * FROM `hakucms_user` WHERE ( `id` = '1' )
[ 2009-05-06T19:43:15+08:00 ] SQL:  RunTime:0.000418s SQL = SELECT * FROM `hakucms_document` WHERE ( (`data` = 1239018195) AND (`data` = 1241610195)  ) ORDER BY data DESC
[ 2009-05-06T19:43:15+08:00 ] NOTIC: [2] Invalid argument supplied for foreach() ArticleAction.class.php 第 240 行.
[ 2009-05-06T19:43:15+08:00 ] NOTIC: [8] Undefined variable: page 1e55212a6170d8842e47d604a1d019ea.php 第 38 行.
[ 2009-05-06T19:43:16+08:00 ] SQL:  RunTime:0.000335s SQL = SELECT * FROM `hakucms_user` WHERE ( `id` = '1' )
[ 2009-05-06T19:43:16+08:00 ] SQL:  RunTime:0.000506s SQL = SELECT * FROM `hakucms_document` WHERE ( (`data` = 1239018196) AND (`data` = 1241610196)  ) ORDER BY data DESC
[ 2009-05-06T19:43:16+08:00 ] NOTIC: [2] Invalid argument supplied for foreach() ArticleAction.class.php 第 240 行.
[ 2009-05-06T19:43:16+08:00 ] NOTIC: [8] Undefined variable: page 1e55212a6170d8842e47d604a1d019ea.php 第 38 行.
[ 2009-05-06T19:44:55+08:00 ] NOTIC: [8] Use of undefined constant tm_sec - assumed 'tm_sec' UserAction.class.php 第 31 行.
[ 2009-05-06T19:44:55+08:00 ] NOTIC: [8] Use of undefined constant tm_sec - assumed 'tm_sec' UserAction.class.php 第 31 行.
[ 2009-05-06T19:44:55+08:00 ] NOTIC: [8] Use of undefined constant tm_min - assumed 'tm_min' UserAction.class.php 第 31 行.
[ 2009-05-06T19:44:55+08:00 ] NOTIC: [8] Use of undefined constant tm_hour - assumed 'tm_hour' UserAction.class.php 第 31 行.
[ 2009-05-06T19:44:55+08:00 ] NOTIC: [8] Use of undefined constant tm_mday - assumed 'tm_mday' UserAction.class.php 第 31 行.
[ 2009-05-06T19:44:55+08:00 ] SQL:  RunTime:0.000321s SQL = SELECT * FROM `hakucms_user`
[ 2009-05-06T19:44:55+08:00 ] SQL:  RunTime:0.000309s SQL = SELECT * FROM `hakucms_state` WHERE ( (`ltime` = 1241107145) AND (`ltime` = 1241610295)  ) AND ( `user` = 'princehaku' )
[ 2009-05-06T19:44:55+08:00 ] SQL:  RunTime:0.000438s SQL = SELECT * FROM `hakucms_document` WHERE ( (`data` = 1241107145) AND (`data` = 1241610295)  ) AND ( `writer` = 'princehaku' )
[ 2009-05-06T19:44:55+08:00 ] NOTIC: [8] Undefined variable: pub 565eba06b12dc67b20478dfb49af4b42.php 第 6 行.
[ 2009-05-06T19:44:55+08:00 ] NOTIC: [8] Undefined variable: pub 565eba06b12dc67b20478dfb49af4b42.php 第 7 行.
[ 2009-05-06T19:44:55+08:00 ] NOTIC: [8] Undefined variable: pub 565eba06b12dc67b20478dfb49af4b42.php 第 8 行.
[ 2009-05-06T19:44:55+08:00 ] NOTIC: [8] Undefined variable: pub 565eba06b12dc67b20478dfb49af4b42.php 第 9 行.
[ 2009-05-06T19:44:55+08:00 ] NOTIC: [8] Undefined variable: pub 565eba06b12dc67b20478dfb49af4b42.php 第 10 行.
[ 2009-05-06T19:44:55+08:00 ] NOTIC: [8] Undefined variable: pub 565eba06b12dc67b20478dfb49af4b42.php 第 11 行.
[ 2009-05-06T19:44:55+08:00 ] NOTIC: [8] Undefined variable: pub 565eba06b12dc67b20478dfb49af4b42.php 第 12 行.
[ 2009-05-06T19:44:55+08:00 ] NOTIC: [8] Undefined index:  through 565eba06b12dc67b20478dfb49af4b42.php 第 37 行.
[ 2009-05-06T19:44:55+08:00 ] ERR: (ThinkException) 非法操作images
[ 2009-05-06T19:44:56+08:00 ] SQL:  RunTime:0.000340s SQL = SELECT * FROM `hakucms_user` WHERE ( `id` = '1' )
[ 2009-05-06T19:44:56+08:00 ] SQL:  RunTime:0.000369s SQL = SELECT * FROM `hakucms_document` WHERE ( (`data` = 1239018296) AND (`data` = 1241610296)  ) ORDER BY data DESC
[ 2009-05-06T19:44:56+08:00 ] NOTIC: [2] Invalid argument supplied for foreach() ArticleAction.class.php 第 240 行.
[ 2009-05-06T19:44:56+08:00 ] NOTIC: [8] Undefined variable: page 1e55212a6170d8842e47d604a1d019ea.php 第 38 行.
[ 2009-05-06T19:45:30+08:00 ] SQL:  RunTime:0.000244s SQL = SELECT * FROM `hakucms_user` WHERE ( `id` = '1' )
[ 2009-05-06T19:45:30+08:00 ] SQL:  RunTime:0.000289s SQL = SELECT * FROM `hakucms_document` WHERE ( (`data` = 1239018330) AND (`data` = 1241610330)  ) ORDER BY data DESC
[ 2009-05-06T19:45:30+08:00 ] NOTIC: [2] Invalid argument supplied for foreach() ArticleAction.class.php 第 240 行.
[ 2009-05-06T19:45:30+08:00 ] NOTIC: [8] Undefined variable: page 1e55212a6170d8842e47d604a1d019ea.php 第 38 行.
[ 2009-05-06T19:45:31+08:00 ] SQL:  RunTime:0.000338s SQL = SELECT * FROM `hakucms_user` WHERE ( `id` = '1' )
[ 2009-05-06T19:45:31+08:00 ] SQL:  RunTime:0.000415s SQL = SELECT * FROM `hakucms_document` WHERE ( (`data` = 1239018331) AND (`data` = 1241610331)  ) ORDER BY data DESC
[ 2009-05-06T19:45:31+08:00 ] NOTIC: [2] Invalid argument supplied for foreach() ArticleAction.class.php 第 240 行.
[ 2009-05-06T19:45:31+08:00 ] NOTIC: [8] Undefined variable: page 1e55212a6170d8842e47d604a1d019ea.php 第 38 行.
[ 2009-05-06T19:45:32+08:00 ] SQL:  RunTime:0.000313s SQL = SELECT * FROM `hakucms_user` WHERE ( `id` = '1' )
[ 2009-05-06T19:45:32+08:00 ] SQL:  RunTime:0.000256s SQL = SELECT * FROM `hakucms_document` WHERE ( (`data` = 1239018332) AND (`data` = 1241610332)  ) ORDER BY data DESC
[ 2009-05-06T19:45:32+08:00 ] NOTIC: [2] Invalid argument supplied for foreach() ArticleAction.class.php 第 240 行.
[ 2009-05-06T19:45:32+08:00 ] NOTIC: [8] Undefined variable: page 1e55212a6170d8842e47d604a1d019ea.php 第 38 行.
[ 2009-05-06T19:45:33+08:00 ] SQL:  RunTime:0.000285s SQL = SELECT * FROM `hakucms_user` WHERE ( `id` = '1' )
[ 2009-05-06T19:45:33+08:00 ] SQL:  RunTime:0.000900s SQL = SELECT * FROM `hakucms_document` WHERE ( (`data` = 1239018333) AND (`data` = 1241610333)  ) ORDER BY data DESC
[ 2009-05-06T19:45:33+08:00 ] NOTIC: [2] Invalid argument supplied for foreach() ArticleAction.class.php 第 240 行.
[ 2009-05-06T19:45:33+08:00 ] NOTIC: [8] Undefined variable: page 1e55212a6170d8842e47d604a1d019ea.php 第 38 行.
[ 2009-05-06T19:45:33+08:00 ] SQL:  RunTime:0.000295s SQL = SELECT * FROM `hakucms_user` WHERE ( `id` = '1' )
[ 2009-05-06T19:45:33+08:00 ] SQL:  RunTime:0.000237s SQL = SELECT * FROM `hakucms_document` WHERE ( (`data` = 1239018333) AND (`data` = 1241610333)  ) ORDER BY data DESC
[ 2009-05-06T19:45:33+08:00 ] NOTIC: [2] Invalid argument supplied for foreach() ArticleAction.class.php 第 240 行.
[ 2009-05-06T19:45:33+08:00 ] NOTIC: [8] Undefined variable: page 1e55212a6170d8842e47d604a1d019ea.php 第 38 行.
[ 2009-05-06T19:45:34+08:00 ] SQL:  RunTime:0.000239s SQL = SELECT * FROM `hakucms_user` WHERE ( `id` = '1' )
[ 2009-05-06T19:45:34+08:00 ] SQL:  RunTime:0.000358s SQL = SELECT * FROM `hakucms_document` WHERE ( (`data` = 1239018334) AND (`data` = 1241610334)  ) ORDER BY data DESC
[ 2009-05-06T19:45:34+08:00 ] NOTIC: [2] Invalid argument supplied for foreach() ArticleAction.class.php 第 240 行.
[ 2009-05-06T19:45:34+08:00 ] NOTIC: [8] Undefined variable: page 1e55212a6170d8842e47d604a1d019ea.php 第 38 行.
[ 2009-05-06T19:45:53+08:00 ] SQL:  RunTime:0.000362s SQL = SELECT * FROM `hakucms_user` WHERE ( `id` = '1' )
[ 2009-05-06T19:45:53+08:00 ] SQL:  RunTime:0.000347s SQL = SELECT * FROM `hakucms_document` WHERE ( (`data` = 1239018353) AND (`data` = 1241610353)  ) ORDER BY data DESC
[ 2009-05-06T19:45:53+08:00 ] NOTIC: [2] Invalid argument supplied for foreach() ArticleAction.class.php 第 240 行.
[ 2009-05-06T19:45:53+08:00 ] NOTIC: [8] Undefined variable: page 1e55212a6170d8842e47d604a1d019ea.php 第 38 行.
[ 2009-05-06T19:45:54+08:00 ] SQL:  RunTime:0.000345s SQL = SELECT * FROM `hakucms_user` WHERE ( `id` = '1' )
[ 2009-05-06T19:45:54+08:00 ] SQL:  RunTime:0.000406s SQL = SELECT * FROM `hakucms_document` WHERE ( (`data` = 1239018354) AND (`data` = 1241610354)  ) ORDER BY data DESC
[ 2009-05-06T19:45:54+08:00 ] NOTIC: [2] Invalid argument supplied for foreach() ArticleAction.class.php 第 240 行.
[ 2009-05-06T19:45:54+08:00 ] NOTIC: [8] Undefined variable: page 1e55212a6170d8842e47d604a1d019ea.php 第 38 行.
[ 2009-05-06T19:57:27+08:00 ] SQL:  RunTime:0.000516s SQL = SELECT * FROM `hakucms_user` WHERE ( `id` = '1' )
[ 2009-05-06T19:57:27+08:00 ] SQL:  RunTime:0.000529s SQL = SELECT * FROM `hakucms_document` WHERE ( (`data` = 1239019047) AND (`data` = 1241611047)  ) ORDER BY data DESC
[ 2009-05-06T19:57:27+08:00 ] NOTIC: [2] Invalid argument supplied for foreach() ArticleAction.class.php 第 246 行.
[ 2009-05-06T19:57:27+08:00 ] NOTIC: [8] Undefined variable: page 1e55212a6170d8842e47d604a1d019ea.php 第 38 行.
[ 2009-05-06T19:57:28+08:00 ] SQL:  RunTime:0.000966s SQL = SELECT * FROM `hakucms_user` WHERE ( `id` = '1' )
[ 2009-05-06T19:57:28+08:00 ] SQL:  RunTime:0.000863s SQL = SELECT * FROM `hakucms_document` WHERE ( (`data` = 1239019048) AND (`data` = 1241611048)  ) ORDER BY data DESC
[ 2009-05-06T19:57:28+08:00 ] NOTIC: [2] Invalid argument supplied for foreach() ArticleAction.class.php 第 246 行.
[ 2009-05-06T19:57:28+08:00 ] NOTIC: [8] Undefined variable: page 1e55212a6170d8842e47d604a1d019ea.php 第 38 行.
[ 2009-05-06T19:57:50+08:00 ] SQL:  RunTime:0.000246s SQL = SELECT * FROM `hakucms_user` WHERE ( `id` = '1' )
[ 2009-05-06T19:57:50+08:00 ] SQL:  RunTime:0.000676s SQL = SELECT * FROM `hakucms_document` WHERE ( (`data` = 1239019070) AND (`data` = 1241611070)  ) ORDER BY data DESC
[ 2009-05-06T19:57:50+08:00 ] NOTIC: [2] Invalid argument supplied for foreach() ArticleAction.class.php 第 246 行.
[ 2009-05-06T19:57:50+08:00 ] NOTIC: [8] Undefined variable: page 1e55212a6170d8842e47d604a1d019ea.php 第 38 行.
[ 2009-05-06T19:57:51+08:00 ] SQL:  RunTime:0.000336s SQL = SELECT * FROM `hakucms_user` WHERE ( `id` = '1' )
[ 2009-05-06T19:57:51+08:00 ] SQL:  RunTime:0.000556s SQL = SELECT * FROM `hakucms_document` WHERE ( (`data` = 1239019071) AND (`data` = 1241611071)  ) ORDER BY data DESC
[ 2009-05-06T19:57:51+08:00 ] NOTIC: [2] Invalid argument supplied for foreach() ArticleAction.class.php 第 246 行.
[ 2009-05-06T19:57:51+08:00 ] NOTIC: [8] Undefined variable: page 1e55212a6170d8842e47d604a1d019ea.php 第 38 行.
[ 2009-05-06T19:58:03+08:00 ] SQL:  RunTime:0.000259s SQL = SELECT * FROM `hakucms_user` WHERE ( `id` = '1' )
[ 2009-05-06T19:58:03+08:00 ] SQL:  RunTime:0.002013s SQL = SELECT * FROM `hakucms_document` WHERE ( (`data` = 1239019083) AND (`data` = 1241611083)  ) ORDER BY data DESC
[ 2009-05-06T19:58:03+08:00 ] NOTIC: [2] Invalid argument supplied for foreach() ArticleAction.class.php 第 246 行.
[ 2009-05-06T19:58:03+08:00 ] NOTIC: [8] Undefined variable: page 1e55212a6170d8842e47d604a1d019ea.php 第 38 行.
[ 2009-05-06T19:58:04+08:00 ] SQL:  RunTime:0.000248s SQL = SELECT * FROM `hakucms_user` WHERE ( `id` = '1' )
[ 2009-05-06T19:58:04+08:00 ] SQL:  RunTime:0.000299s SQL = SELECT * FROM `hakucms_document` WHERE ( (`data` = 1239019084) AND (`data` = 1241611084)  ) ORDER BY data DESC
[ 2009-05-06T19:58:04+08:00 ] NOTIC: [2] Invalid argument supplied for foreach() ArticleAction.class.php 第 246 行.
[ 2009-05-06T19:58:04+08:00 ] NOTIC: [8] Undefined variable: page 1e55212a6170d8842e47d604a1d019ea.php 第 38 行.
[ 2009-05-06T19:58:05+08:00 ] SQL:  RunTime:0.000359s SQL = SELECT * FROM `hakucms_user` WHERE ( `id` = '1' )
[ 2009-05-06T19:58:05+08:00 ] SQL:  RunTime:0.002168s SQL = SELECT * FROM `hakucms_document` WHERE ( (`data` = 1239019085) AND (`data` = 1241611085)  ) ORDER BY data DESC
[ 2009-05-06T19:58:05+08:00 ] NOTIC: [2] Invalid argument supplied for foreach() ArticleAction.class.php 第 246 行.
[ 2009-05-06T19:58:05+08:00 ] NOTIC: [8] Undefined variable: page 1e55212a6170d8842e47d604a1d019ea.php 第 38 行.
[ 2009-05-06T19:58:05+08:00 ] SQL:  RunTime:0.000281s SQL = SELECT * FROM `hakucms_user` WHERE ( `id` = '1' )
[ 2009-05-06T19:58:05+08:00 ] SQL:  RunTime:0.000341s SQL = SELECT * FROM `hakucms_document` WHERE ( (`data` = 1239019085) AND (`data` = 1241611085)  ) ORDER BY data DESC
[ 2009-05-06T19:58:05+08:00 ] NOTIC: [2] Invalid argument supplied for foreach() ArticleAction.class.php 第 246 行.
[ 2009-05-06T19:58:05+08:00 ] NOTIC: [8] Undefined variable: page 1e55212a6170d8842e47d604a1d019ea.php 第 38 行.
[ 2009-05-06T19:58:17+08:00 ] SQL:  RunTime:0.003903s SQL = SELECT * FROM `hakucms_user` WHERE ( `id` = '1' )
[ 2009-05-06T19:58:17+08:00 ] SQL:  RunTime:0.000679s SQL = SELECT * FROM `hakucms_document` WHERE ( (`data` = 1239019097) AND (`data` = 1241611097)  ) ORDER BY data DESC
[ 2009-05-06T19:58:17+08:00 ] NOTIC: [2] Invalid argument supplied for foreach() ArticleAction.class.php 第 246 行.
[ 2009-05-06T19:58:17+08:00 ] NOTIC: [8] Undefined variable: page 1e55212a6170d8842e47d604a1d019ea.php 第 38 行.
[ 2009-05-06T19:59:43+08:00 ] SQL:  RunTime:0.000279s SQL = SELECT * FROM `hakucms_user` WHERE ( `id` = '1' )
[ 2009-05-06T19:59:43+08:00 ] SQL:  RunTime:0.000347s SQL = SELECT * FROM `hakucms_document` WHERE ( (`data` = 1239019183) AND (`data` = 1241611183)  ) ORDER BY data DESC
[ 2009-05-06T19:59:43+08:00 ] NOTIC: [2] Invalid argument supplied for foreach() ArticleAction.class.php 第 247 行.
[ 2009-05-06T19:59:43+08:00 ] NOTIC: [8] Undefined variable: page 1e55212a6170d8842e47d604a1d019ea.php 第 38 行.
[ 2009-05-06T20:00:41+08:00 ] SQL:  RunTime:0.000317s SQL = SELECT * FROM `hakucms_user` WHERE ( `id` = '1' )
[ 2009-05-06T20:00:41+08:00 ] SQL:  RunTime:0.003012s SQL = SELECT * FROM `hakucms_document` WHERE ( (`data` = 1239019241) OR (`data` = 1241611241) ) ORDER BY data DESC
[ 2009-05-06T20:00:41+08:00 ] NOTIC: [2] Invalid argument supplied for foreach() ArticleAction.class.php 第 240 行.
[ 2009-05-06T20:00:41+08:00 ] NOTIC: [8] Undefined variable: page 1e55212a6170d8842e47d604a1d019ea.php 第 38 行.
[ 2009-05-06T20:00:42+08:00 ] SQL:  RunTime:0.000366s SQL = SELECT * FROM `hakucms_user` WHERE ( `id` = '1' )
[ 2009-05-06T20:00:42+08:00 ] SQL:  RunTime:0.001813s SQL = SELECT * FROM `hakucms_document` WHERE ( (`data` = 1239019242) OR (`data` = 1241611242) ) ORDER BY data DESC
[ 2009-05-06T20:00:42+08:00 ] NOTIC: [2] Invalid argument supplied for foreach() ArticleAction.class.php 第 240 行.
[ 2009-05-06T20:00:42+08:00 ] NOTIC: [8] Undefined variable: page 1e55212a6170d8842e47d604a1d019ea.php 第 38 行.
[ 2009-05-06T20:01:02+08:00 ] SQL:  RunTime:0.000341s SQL = SELECT * FROM `hakucms_user` WHERE ( `id` = '1' )
[ 2009-05-06T20:01:02+08:00 ] SQL:  RunTime:0.001452s SQL = SELECT * FROM `hakucms_document` WHERE ( (`data` = 1239019262) OR (`data` = 1241611262) ) ORDER BY data DESC
[ 2009-05-06T20:01:02+08:00 ] NOTIC: [2] Invalid argument supplied for foreach() ArticleAction.class.php 第 240 行.
[ 2009-05-06T20:01:02+08:00 ] NOTIC: [8] Undefined variable: page 1e55212a6170d8842e47d604a1d019ea.php 第 38 行.
[ 2009-05-06T20:01:15+08:00 ] SQL:  RunTime:0.000326s SQL = SELECT * FROM `hakucms_user` WHERE ( `id` = '1' )
[ 2009-05-06T20:01:15+08:00 ] SQL:  RunTime:0.001629s SQL = SELECT * FROM `hakucms_document` WHERE ( (`data` = -2592000) OR (`data` = 1241611275) ) ORDER BY data DESC
[ 2009-05-06T20:01:15+08:00 ] NOTIC: [2] Invalid argument supplied for foreach() ArticleAction.class.php 第 240 行.
[ 2009-05-06T20:01:15+08:00 ] NOTIC: [8] Undefined variable: page 1e55212a6170d8842e47d604a1d019ea.php 第 38 行.
[ 2009-05-06T20:01:23+08:00 ] SQL:  RunTime:0.000308s SQL = SELECT * FROM `hakucms_user` WHERE ( `id` = '1' )
[ 2009-05-06T20:01:23+08:00 ] SQL:  RunTime:0.001512s SQL = SELECT * FROM `hakucms_document` WHERE ( (`data` = -2592000) OR (`data` = 1241611283) ) ORDER BY data DESC
[ 2009-05-06T20:01:23+08:00 ] NOTIC: [2] Invalid argument supplied for foreach() ArticleAction.class.php 第 240 行.
[ 2009-05-06T20:01:23+08:00 ] NOTIC: [8] Undefined variable: page 1e55212a6170d8842e47d604a1d019ea.php 第 38 行.
[ 2009-05-06T20:01:24+08:00 ] SQL:  RunTime:0.000285s SQL = SELECT * FROM `hakucms_user` WHERE ( `id` = '1' )
[ 2009-05-06T20:01:24+08:00 ] SQL:  RunTime:0.001586s SQL = SELECT * FROM `hakucms_document` WHERE ( (`data` = -2592000) OR (`data` = 1241611284) ) ORDER BY data DESC
[ 2009-05-06T20:01:24+08:00 ] NOTIC: [2] Invalid argument supplied for foreach() ArticleAction.class.php 第 240 行.
[ 2009-05-06T20:01:24+08:00 ] NOTIC: [8] Undefined variable: page 1e55212a6170d8842e47d604a1d019ea.php 第 38 行.
[ 2009-05-06T20:01:30+08:00 ] SQL:  RunTime:0.000369s SQL = SELECT * FROM `hakucms_user` WHERE ( `id` = '1' )
[ 2009-05-06T20:01:30+08:00 ] SQL:  RunTime:0.001531s SQL = SELECT * FROM `hakucms_document` WHERE ( (`data` = 1239019290) OR (`data` = 1241611290) ) ORDER BY data DESC
[ 2009-05-06T20:01:30+08:00 ] NOTIC: [2] Invalid argument supplied for foreach() ArticleAction.class.php 第 240 行.
[ 2009-05-06T20:01:30+08:00 ] NOTIC: [8] Undefined variable: page 1e55212a6170d8842e47d604a1d019ea.php 第 38 行.
[ 2009-05-06T20:01:31+08:00 ] SQL:  RunTime:0.000475s SQL = SELECT * FROM `hakucms_user` WHERE ( `id` = '1' )
[ 2009-05-06T20:01:31+08:00 ] SQL:  RunTime:0.001821s SQL = SELECT * FROM `hakucms_document` WHERE ( (`data` = 1239019291) OR (`data` = 1241611291) ) ORDER BY data DESC
[ 2009-05-06T20:01:31+08:00 ] NOTIC: [2] Invalid argument supplied for foreach() ArticleAction.class.php 第 240 行.
[ 2009-05-06T20:01:31+08:00 ] NOTIC: [8] Undefined variable: page 1e55212a6170d8842e47d604a1d019ea.php 第 38 行.
[ 2009-05-06T20:02:32+08:00 ] SQL:  RunTime:0.000455s SQL = SELECT * FROM `hakucms_user` WHERE ( `id` = '1' )
[ 2009-05-06T20:02:32+08:00 ] SQL:  RunTime:0.000603s SQL = SELECT * FROM `hakucms_document` WHERE ( (`data` = 1239019352) AND (`data` = 1241611352)  ) ORDER BY data DESC
[ 2009-05-06T20:02:32+08:00 ] NOTIC: [2] Invalid argument supplied for foreach() ArticleAction.class.php 第 247 行.
[ 2009-05-06T20:02:32+08:00 ] NOTIC: [8] Undefined variable: page 1e55212a6170d8842e47d604a1d019ea.php 第 38 行.
[ 2009-05-06T20:02:53+08:00 ] ERR: (ThinkException) 表达式错误:3
[ 2009-05-06T20:03:51+08:00 ] SQL:  RunTime:0.000284s SQL = SELECT * FROM `hakucms_user` WHERE ( `id` = '1' )
[ 2009-05-06T20:03:51+08:00 ] SQL:  RunTime:0.001467s SQL = SELECT * FROM `hakucms_document` WHERE ( (`data` = 1239019431) OR (`data` = 1241611431) ) ORDER BY data DESC
[ 2009-05-06T20:03:51+08:00 ] NOTIC: [2] Invalid argument supplied for foreach() ArticleAction.class.php 第 240 行.
[ 2009-05-06T20:03:51+08:00 ] NOTIC: [8] Undefined variable: page 1e55212a6170d8842e47d604a1d019ea.php 第 38 行.
