
[ 09-05-10 09:55:33 ]
 RunTime:0.060228s SQL = SHOW COLUMNS FROM hakucms_document
[ 09-05-10 09:55:33 ]
 RunTime:0.029724s SQL = SHOW COLUMNS FROM hakucms_category
[ 09-05-10 09:55:33 ]
 RunTime:0.037883s SQL = SELECT * FROM hakucms_document WHERE ( `exam` = 1 ) ORDER BY data DESC LIMIT 0,4
[ 09-05-10 09:55:33 ]
 RunTime:0.000494s SQL = SELECT * FROM hakucms_category WHERE ( `id` = '106' )
[ 09-05-10 09:55:33 ]
 RunTime:0.000238s SQL = SELECT * FROM hakucms_category WHERE ( `id` = '102' )
[ 09-05-10 09:55:33 ]
 RunTime:0.000245s SQL = SELECT * FROM hakucms_category WHERE ( `id` = '101' )
[ 09-05-10 09:55:33 ]
 RunTime:0.000251s SQL = SELECT * FROM hakucms_category WHERE ( `id` = '101' )
[ 09-05-10 09:55:33 ]
 RunTime:0.001595s SQL = SELECT * FROM hakucms_document WHERE ( `exam` = 1 ) ORDER BY data DESC LIMIT 4,4
[ 09-05-10 09:55:33 ]
 RunTime:0.000336s SQL = SELECT * FROM hakucms_category WHERE ( `id` = '101' )
[ 09-05-10 09:55:33 ]
 RunTime:0.000302s SQL = SELECT * FROM hakucms_category WHERE ( `id` = '101' )
[ 09-05-10 09:55:33 ]
 RunTime:0.000256s SQL = SELECT * FROM hakucms_category WHERE ( `id` = '101' )
[ 09-05-10 09:55:33 ]
 RunTime:0.000372s SQL = SELECT * FROM hakucms_category WHERE ( `id` = '101' )
[ 09-05-10 09:55:33 ]
 RunTime:0.002584s SQL = SELECT * FROM hakucms_document WHERE ( `cateid` = 107 ) AND ( `exam` = 1 ) ORDER BY data DESC LIMIT 3 
[ 09-05-10 09:55:33 ]
 RunTime:0.003249s SQL = SELECT * FROM hakucms_document WHERE ( `cateid` = 101 ) AND ( `exam` = 1 ) ORDER BY data DESC LIMIT 6 
[ 09-05-10 09:58:36 ]
 RunTime:0.002725s SQL = SHOW COLUMNS FROM hakucms_user
[ 09-05-10 09:58:36 ]
 RunTime:0.000371s SQL = SELECT * FROM hakucms_user WHERE ( `id` = '7' )
[ 09-05-10 09:58:36 ]
 RunTime:0.002761s SQL = SHOW COLUMNS FROM hakucms_document
[ 09-05-10 09:58:36 ]
 RunTime:0.003246s SQL = SELECT * FROM hakucms_document WHERE ( `data` >= 1239328716 AND `data` <= 1241920716 ) ORDER BY data DESC
[ 09-05-10 10:03:26 ]
 RunTime:0.004685s SQL = SHOW COLUMNS FROM hakucms_document
[ 09-05-10 10:03:26 ]
 RunTime:0.003812s SQL = SHOW COLUMNS FROM hakucms_category
[ 09-05-10 10:03:26 ]
 RunTime:0.002035s SQL = SELECT * FROM hakucms_document WHERE ( `exam` = 1 ) ORDER BY data DESC LIMIT 0,4
[ 09-05-10 10:03:26 ]
 RunTime:0.000731s SQL = SELECT * FROM hakucms_category WHERE ( `id` = '106' )
[ 09-05-10 10:03:26 ]
 RunTime:0.000318s SQL = SELECT * FROM hakucms_category WHERE ( `id` = '102' )
[ 09-05-10 10:03:26 ]
 RunTime:0.000300s SQL = SELECT * FROM hakucms_category WHERE ( `id` = '101' )
[ 09-05-10 10:03:26 ]
 RunTime:0.000340s SQL = SELECT * FROM hakucms_category WHERE ( `id` = '101' )
[ 09-05-10 10:03:26 ]
 RunTime:0.005770s SQL = SELECT * FROM hakucms_document WHERE ( `exam` = 1 ) ORDER BY data DESC LIMIT 4,4
[ 09-05-10 10:03:26 ]
 RunTime:0.001810s SQL = SELECT * FROM hakucms_category WHERE ( `id` = '101' )
[ 09-05-10 10:03:26 ]
 RunTime:0.002066s SQL = SELECT * FROM hakucms_category WHERE ( `id` = '101' )
[ 09-05-10 10:03:26 ]
 RunTime:0.001915s SQL = SELECT * FROM hakucms_category WHERE ( `id` = '101' )
[ 09-05-10 10:03:26 ]
 RunTime:0.001632s SQL = SELECT * FROM hakucms_category WHERE ( `id` = '101' )
[ 09-05-10 10:03:26 ]
 RunTime:0.001810s SQL = SELECT * FROM hakucms_document WHERE ( `cateid` = 107 ) AND ( `exam` = 1 ) ORDER BY data DESC LIMIT 3 
[ 09-05-10 10:03:26 ]
 RunTime:0.002341s SQL = SELECT * FROM hakucms_document WHERE ( `cateid` = 101 ) AND ( `exam` = 1 ) ORDER BY data DESC LIMIT 6 
[ 09-05-10 10:03:42 ]
 RunTime:0.005189s SQL = SHOW COLUMNS FROM hakucms_category
[ 09-05-10 10:03:42 ]
 RunTime:0.000446s SQL = SELECT * FROM hakucms_category
[ 09-05-10 10:07:29 ]
 RunTime:0.002626s SQL = SHOW COLUMNS FROM hakucms_category
[ 09-05-10 10:07:29 ]
 RunTime:0.001248s SQL = SELECT * FROM hakucms_category
[ 09-05-10 10:07:39 ]
 RunTime:0.002780s SQL = SHOW COLUMNS FROM hakucms_category
[ 09-05-10 10:07:39 ]
 RunTime:0.000416s SQL = SELECT * FROM hakucms_category
[ 09-05-10 10:07:40 ]
 RunTime:0.003428s SQL = SHOW COLUMNS FROM hakucms_user
[ 09-05-10 10:07:40 ]
 RunTime:0.000489s SQL = SELECT * FROM hakucms_user WHERE ( `id` = '7' )
[ 09-05-10 10:07:40 ]
 RunTime:0.003304s SQL = SHOW COLUMNS FROM hakucms_document
[ 09-05-10 10:07:40 ]
 RunTime:0.006418s SQL = SELECT * FROM hakucms_document WHERE ( `data` >= 1239329260 AND `data` <= 1241921260 ) ORDER BY data DESC
[ 09-05-10 10:07:42 ]
 RunTime:0.002236s SQL = SHOW COLUMNS FROM hakucms_document
[ 09-05-10 10:07:42 ]
 RunTime:0.000407s SQL = SELECT * FROM hakucms_document WHERE ( `id` = '191' ) LIMIT 1 
[ 09-05-10 10:07:42 ]
 RunTime:0.003155s SQL = SHOW COLUMNS FROM hakucms_document
[ 09-05-10 10:07:42 ]
 RunTime:0.000387s SQL = SELECT * FROM hakucms_document WHERE ( `id` = '2.files' ) LIMIT 1 
[ 09-05-10 10:07:42 ]
 RunTime:0.002202s SQL = SHOW COLUMNS FROM hakucms_document
[ 09-05-10 10:07:42 ]
 RunTime:0.000287s SQL = SELECT * FROM hakucms_document WHERE ( `id` = '2.files' ) LIMIT 1 
[ 09-05-10 10:07:42 ]
 RunTime:0.003407s SQL = SHOW COLUMNS FROM hakucms_document
[ 09-05-10 10:07:42 ]
 RunTime:0.000413s SQL = SELECT * FROM hakucms_document WHERE ( `id` = '2.files' ) LIMIT 1 
[ 09-05-10 10:11:03 ]
 RunTime:0.062427s SQL = SHOW COLUMNS FROM hakucms_user
[ 09-05-10 10:11:03 ]
 RunTime:0.039502s SQL = SHOW COLUMNS FROM hakucms_state
[ 09-05-10 10:11:03 ]
 RunTime:0.035586s SQL = SHOW COLUMNS FROM hakucms_document
[ 09-05-10 10:11:03 ]
 RunTime:0.000464s SQL = SELECT * FROM hakucms_user
[ 09-05-10 10:11:03 ]
 RunTime:0.095103s SQL = SELECT * FROM hakucms_state WHERE ( `ltime` >= 1241107197 AND `ltime` <= 1241921463 ) AND ( `user` = 'princehaku' )
[ 09-05-10 10:11:04 ]
 RunTime:0.254202s SQL = SELECT * FROM hakucms_document WHERE ( `data` >= 1241107197 AND `data` <= 1241921463 ) AND ( `writer` = 'princehaku' )
[ 09-05-10 10:11:05 ]
 RunTime:0.002805s SQL = SHOW COLUMNS FROM hakucms_user
[ 09-05-10 10:11:05 ]
 RunTime:0.000464s SQL = SELECT * FROM hakucms_user WHERE ( `id` = '7' )
[ 09-05-10 10:11:06 ]
 RunTime:0.003069s SQL = SHOW COLUMNS FROM hakucms_user
[ 09-05-10 10:11:06 ]
 RunTime:0.008856s SQL = SELECT * FROM hakucms_user WHERE ( `id` = '7' )
[ 09-05-10 10:11:19 ]
 RunTime:0.002727s SQL = SHOW COLUMNS FROM hakucms_user
[ 09-05-10 10:11:19 ]
 RunTime:0.001298s SQL = SELECT * FROM hakucms_user WHERE ( `id` = '7' )
[ 09-05-10 10:12:49 ]
 RunTime:0.003566s SQL = SHOW COLUMNS FROM hakucms_user
[ 09-05-10 10:12:49 ]
 RunTime:0.007964s SQL = SELECT * FROM hakucms_user WHERE ( `id` = '7' )
[ 09-05-10 10:12:50 ]
 RunTime:0.004658s SQL = SHOW COLUMNS FROM hakucms_user
[ 09-05-10 10:12:50 ]
 RunTime:0.000779s SQL = SELECT * FROM hakucms_user WHERE ( `id` = '7' )
[ 09-05-10 10:13:05 ]
 RunTime:0.004684s SQL = SHOW COLUMNS FROM hakucms_user
[ 09-05-10 10:13:05 ]
 RunTime:0.000501s SQL = SELECT * FROM hakucms_user WHERE ( `id` = '7' )
[ 09-05-10 10:13:31 ]
 RunTime:0.002959s SQL = SHOW COLUMNS FROM hakucms_user
[ 09-05-10 10:13:31 ]
 RunTime:0.000289s SQL = SELECT * FROM hakucms_user WHERE ( `id` = '7' )
[ 09-05-10 10:13:55 ]
 RunTime:0.003526s SQL = SHOW COLUMNS FROM hakucms_user
[ 09-05-10 10:13:55 ]
 RunTime:0.000309s SQL = SELECT * FROM hakucms_user WHERE ( `id` = '7' )
[ 09-05-10 10:14:08 ]
 RunTime:0.004164s SQL = SHOW COLUMNS FROM hakucms_user
[ 09-05-10 10:14:08 ]
 RunTime:0.000576s SQL = SELECT * FROM hakucms_user WHERE ( `id` = '7' )
[ 09-05-10 10:14:44 ]
 RunTime:0.003186s SQL = SHOW COLUMNS FROM hakucms_user
[ 09-05-10 10:14:44 ]
 RunTime:0.000441s SQL = SELECT * FROM hakucms_user WHERE ( `id` = '7' )
[ 09-05-10 10:15:09 ]
 RunTime:0.004233s SQL = SHOW COLUMNS FROM hakucms_user
[ 09-05-10 10:15:09 ]
 RunTime:0.000785s SQL = SELECT * FROM hakucms_user WHERE ( `id` = '7' )
[ 09-05-10 10:15:09 ]
 RunTime:0.000984s SQL = SELECT * FROM hakucms_user WHERE ( `id` = '7' )
[ 09-05-10 10:15:53 ]
 RunTime:0.002722s SQL = SHOW COLUMNS FROM hakucms_user
[ 09-05-10 10:15:53 ]
 RunTime:0.000788s SQL = SELECT * FROM hakucms_user WHERE ( `id` = '7' )
[ 09-05-10 10:15:58 ]
 RunTime:0.003912s SQL = SHOW COLUMNS FROM hakucms_user
[ 09-05-10 10:15:58 ]
 RunTime:0.000955s SQL = SELECT * FROM hakucms_user WHERE ( `id` = '7' )
[ 09-05-10 10:15:59 ]
 RunTime:0.002247s SQL = SHOW COLUMNS FROM hakucms_user
[ 09-05-10 10:15:59 ]
 RunTime:0.000490s SQL = SELECT * FROM hakucms_user WHERE ( `id` = '7' )
[ 09-05-10 10:15:59 ]
 RunTime:0.003091s SQL = SHOW COLUMNS FROM hakucms_user
[ 09-05-10 10:15:59 ]
 RunTime:0.000369s SQL = SELECT * FROM hakucms_user WHERE ( `id` = '7' )
[ 09-05-10 10:16:00 ]
 RunTime:0.003177s SQL = SHOW COLUMNS FROM hakucms_user
[ 09-05-10 10:16:00 ]
 RunTime:0.001180s SQL = SELECT * FROM hakucms_user WHERE ( `id` = '7' )
[ 09-05-10 10:16:00 ]
 RunTime:0.003470s SQL = SHOW COLUMNS FROM hakucms_user
[ 09-05-10 10:16:00 ]
 RunTime:0.000321s SQL = SELECT * FROM hakucms_user WHERE ( `id` = '7' )
[ 09-05-10 10:16:01 ]
 RunTime:0.012439s SQL = SHOW COLUMNS FROM hakucms_user
[ 09-05-10 10:16:01 ]
 RunTime:0.000788s SQL = SELECT * FROM hakucms_user WHERE ( `id` = '7' )
[ 09-05-10 10:16:02 ]
 RunTime:0.003974s SQL = SHOW COLUMNS FROM hakucms_user
[ 09-05-10 10:16:02 ]
 RunTime:0.001767s SQL = SELECT * FROM hakucms_user WHERE ( `id` = '7' )
[ 09-05-10 10:16:04 ]
 RunTime:0.010550s SQL = SHOW COLUMNS FROM hakucms_user
[ 09-05-10 10:16:04 ]
 RunTime:0.003306s SQL = SHOW COLUMNS FROM hakucms_state
[ 09-05-10 10:16:04 ]
 RunTime:0.002838s SQL = SHOW COLUMNS FROM hakucms_document
[ 09-05-10 10:16:04 ]
 RunTime:0.000510s SQL = SELECT * FROM hakucms_user
[ 09-05-10 10:16:04 ]
 RunTime:0.000296s SQL = SELECT * FROM hakucms_state WHERE ( `ltime` >= 1241107196 AND `ltime` <= 1241921764 ) AND ( `user` = 'princehaku' )
[ 09-05-10 10:16:04 ]
 RunTime:0.001275s SQL = SELECT * FROM hakucms_document WHERE ( `data` >= 1241107196 AND `data` <= 1241921764 ) AND ( `writer` = 'princehaku' )
[ 09-05-10 10:16:06 ]
 RunTime:0.002257s SQL = SHOW COLUMNS FROM hakucms_user
[ 09-05-10 10:16:06 ]
 RunTime:0.000361s SQL = SELECT * FROM hakucms_user WHERE ( `id` = '1' )
[ 09-05-10 10:16:06 ]
 RunTime:0.000220s SQL = SELECT * FROM hakucms_user WHERE ( `id` = '1' )
[ 09-05-10 10:16:47 ]
 RunTime:0.003201s SQL = SHOW COLUMNS FROM hakucms_user
[ 09-05-10 10:16:47 ]
 RunTime:0.000314s SQL = SELECT * FROM hakucms_user WHERE ( `id` = '7' )
[ 09-05-10 10:17:04 ]
 RunTime:0.003547s SQL = SHOW COLUMNS FROM hakucms_user
[ 09-05-10 10:17:04 ]
 RunTime:0.000347s SQL = SELECT * FROM hakucms_user WHERE ( `id` = '7' )
[ 09-05-10 10:17:04 ]
 RunTime:0.003229s SQL = SHOW COLUMNS FROM hakucms_document
[ 09-05-10 10:17:04 ]
 RunTime:0.004097s SQL = SELECT * FROM hakucms_document WHERE ( `data` >= 1239329824 AND `data` <= 1241921824 ) ORDER BY data DESC
[ 09-05-10 10:17:37 ]
 RunTime:0.003265s SQL = SHOW COLUMNS FROM hakucms_user
[ 09-05-10 10:17:37 ]
 RunTime:0.000557s SQL = SELECT * FROM hakucms_user WHERE ( `id` = '7' )
[ 09-05-10 10:17:37 ]
 RunTime:0.003504s SQL = SHOW COLUMNS FROM hakucms_document
[ 09-05-10 10:17:37 ]
 RunTime:0.007306s SQL = SELECT * FROM hakucms_document WHERE ( `data` >= 1239329857 AND `data` <= 1241921857 ) ORDER BY data DESC
[ 09-05-10 10:17:40 ]
 RunTime:0.002310s SQL = SHOW COLUMNS FROM hakucms_user
[ 09-05-10 10:17:40 ]
 RunTime:0.000588s SQL = SELECT * FROM hakucms_user WHERE ( `id` = '7' )
[ 09-05-10 10:17:40 ]
 RunTime:0.003292s SQL = SHOW COLUMNS FROM hakucms_document
[ 09-05-10 10:17:40 ]
 RunTime:0.000382s SQL = SELECT * FROM hakucms_document WHERE ( `id` = '190' )
[ 09-05-10 10:17:40 ]
 RunTime:0.002199s SQL = SHOW COLUMNS FROM hakucms_category
[ 09-05-10 10:17:40 ]
 RunTime:0.000557s SQL = SELECT * FROM hakucms_category
[ 09-05-10 10:17:49 ]
 RunTime:0.002521s SQL = SHOW COLUMNS FROM hakucms_user
[ 09-05-10 10:17:49 ]
 RunTime:0.000428s SQL = SELECT * FROM hakucms_user WHERE ( `id` = '7' )
[ 09-05-10 10:17:49 ]
 RunTime:0.002776s SQL = SHOW COLUMNS FROM hakucms_document
[ 09-05-10 10:17:49 ]
 RunTime:0.000642s SQL = SELECT * FROM hakucms_document WHERE ( `id` = '190' )
[ 09-05-10 10:17:49 ]
 RunTime:0.003514s SQL = SHOW COLUMNS FROM hakucms_category
[ 09-05-10 10:17:49 ]
 RunTime:0.000416s SQL = SELECT * FROM hakucms_category
[ 09-05-10 10:17:50 ]
 RunTime:0.008365s SQL = SHOW COLUMNS FROM hakucms_user
[ 09-05-10 10:17:50 ]
 RunTime:0.000367s SQL = SELECT * FROM hakucms_user WHERE ( `id` = '7' )
[ 09-05-10 10:17:50 ]
 RunTime:0.003086s SQL = SHOW COLUMNS FROM hakucms_document
[ 09-05-10 10:17:50 ]
 RunTime:0.007164s SQL = SELECT * FROM hakucms_document WHERE ( `data` >= 1239329870 AND `data` <= 1241921870 ) ORDER BY data DESC
[ 09-05-10 10:17:58 ]
 RunTime:0.003246s SQL = SHOW COLUMNS FROM hakucms_user
[ 09-05-10 10:17:58 ]
 RunTime:0.000463s SQL = SELECT * FROM hakucms_user WHERE ( `id` = '7' )
[ 09-05-10 10:17:58 ]
 RunTime:0.003157s SQL = SHOW COLUMNS FROM hakucms_document
[ 09-05-10 10:17:58 ]
 RunTime:0.003448s SQL = SELECT * FROM hakucms_document WHERE ( `data` >= 1239329878 AND `data` <= 1241921878 ) ORDER BY data DESC
[ 09-05-10 10:18:34 ]
 RunTime:0.002303s SQL = SHOW COLUMNS FROM hakucms_user
[ 09-05-10 10:18:34 ]
 RunTime:0.000431s SQL = SELECT * FROM hakucms_user WHERE ( `id` = '7' )
[ 09-05-10 10:18:34 ]
 RunTime:0.002685s SQL = SHOW COLUMNS FROM hakucms_document
[ 09-05-10 10:18:34 ]
 RunTime:0.003119s SQL = SELECT * FROM hakucms_document WHERE ( `data` >= 1239329914 AND `data` <= 1241921914 ) ORDER BY data DESC
[ 09-05-10 10:18:56 ]
 RunTime:0.003466s SQL = SHOW COLUMNS FROM hakucms_user
[ 09-05-10 10:18:56 ]
 RunTime:0.000419s SQL = SELECT * FROM hakucms_user WHERE ( `id` = '7' )
[ 09-05-10 10:18:56 ]
 RunTime:0.003192s SQL = SHOW COLUMNS FROM hakucms_document
[ 09-05-10 10:18:56 ]
 RunTime:0.004088s SQL = SELECT * FROM hakucms_document WHERE ( `data` >= 1239329936 AND `data` <= 1241921936 ) ORDER BY data DESC
[ 09-05-10 10:18:58 ]
 RunTime:0.002025s SQL = SHOW COLUMNS FROM hakucms_category
[ 09-05-10 10:18:58 ]
 RunTime:0.000471s SQL = SELECT * FROM hakucms_category
[ 09-05-10 10:19:48 ]
 RunTime:0.003125s SQL = SHOW COLUMNS FROM hakucms_user
[ 09-05-10 10:19:48 ]
 RunTime:0.000356s SQL = SELECT * FROM hakucms_user WHERE ( `id` = '7' )
[ 09-05-10 10:19:48 ]
 RunTime:0.003074s SQL = SHOW COLUMNS FROM hakucms_document
[ 09-05-10 10:19:48 ]
 RunTime:0.005403s SQL = SELECT * FROM hakucms_document WHERE ( `data` >= 1239329988 AND `data` <= 1241921988 ) ORDER BY data DESC
[ 09-05-10 10:19:49 ]
 RunTime:0.002304s SQL = SHOW COLUMNS FROM hakucms_user
[ 09-05-10 10:19:49 ]
 RunTime:0.002001s SQL = SHOW COLUMNS FROM hakucms_state
[ 09-05-10 10:19:49 ]
 RunTime:0.003525s SQL = SHOW COLUMNS FROM hakucms_document
[ 09-05-10 10:19:49 ]
 RunTime:0.000352s SQL = SELECT * FROM hakucms_user
[ 09-05-10 10:19:49 ]
 RunTime:0.000291s SQL = SELECT * FROM hakucms_state WHERE ( `ltime` >= 1241107151 AND `ltime` <= 1241921989 ) AND ( `user` = 'admin' )
[ 09-05-10 10:19:49 ]
 RunTime:0.000485s SQL = SELECT * FROM hakucms_document WHERE ( `data` >= 1241107151 AND `data` <= 1241921989 ) AND ( `writer` = 'admin' )
[ 09-05-10 10:28:03 ]
 RunTime:0.003514s SQL = SHOW COLUMNS FROM hakucms_document
[ 09-05-10 10:28:03 ]
 RunTime:0.003472s SQL = SHOW COLUMNS FROM hakucms_category
[ 09-05-10 10:28:03 ]
 RunTime:0.002438s SQL = SELECT * FROM hakucms_document WHERE ( `exam` = 1 ) ORDER BY data DESC LIMIT 0,4
[ 09-05-10 10:28:03 ]
 RunTime:0.000364s SQL = SELECT * FROM hakucms_category WHERE ( `id` = '106' )
[ 09-05-10 10:28:03 ]
 RunTime:0.000516s SQL = SELECT * FROM hakucms_category WHERE ( `id` = '102' )
[ 09-05-10 10:28:03 ]
 RunTime:0.000296s SQL = SELECT * FROM hakucms_category WHERE ( `id` = '101' )
[ 09-05-10 10:28:03 ]
 RunTime:0.000274s SQL = SELECT * FROM hakucms_category WHERE ( `id` = '101' )
[ 09-05-10 10:28:03 ]
 RunTime:0.001900s SQL = SELECT * FROM hakucms_document WHERE ( `exam` = 1 ) ORDER BY data DESC LIMIT 4,4
[ 09-05-10 10:28:03 ]
 RunTime:0.000513s SQL = SELECT * FROM hakucms_category WHERE ( `id` = '101' )
[ 09-05-10 10:28:03 ]
 RunTime:0.000532s SQL = SELECT * FROM hakucms_category WHERE ( `id` = '101' )
[ 09-05-10 10:28:03 ]
 RunTime:0.000412s SQL = SELECT * FROM hakucms_category WHERE ( `id` = '101' )
[ 09-05-10 10:28:03 ]
 RunTime:0.000505s SQL = SELECT * FROM hakucms_category WHERE ( `id` = '101' )
[ 09-05-10 10:28:03 ]
 RunTime:0.001734s SQL = SELECT * FROM hakucms_document WHERE ( `cateid` = 107 ) AND ( `exam` = 1 ) ORDER BY data DESC LIMIT 3 
[ 09-05-10 10:28:03 ]
 RunTime:0.003573s SQL = SELECT * FROM hakucms_document WHERE ( `cateid` = 101 ) AND ( `exam` = 1 ) ORDER BY data DESC LIMIT 6 
[ 09-05-10 10:28:11 ]
 RunTime:0.007793s SQL = SHOW COLUMNS FROM hakucms_user
[ 09-05-10 10:28:11 ]
 RunTime:0.000329s SQL = SELECT * FROM hakucms_user WHERE ( `id` = '7' )
[ 09-05-10 10:28:11 ]
 RunTime:0.005340s SQL = SHOW COLUMNS FROM hakucms_document
[ 09-05-10 10:28:11 ]
 RunTime:0.003631s SQL = SELECT * FROM hakucms_document WHERE ( `data` >= 1239330491 AND `data` <= 1241922491 ) ORDER BY data DESC
[ 09-05-10 10:28:13 ]
 RunTime:0.003908s SQL = SHOW COLUMNS FROM hakucms_user
[ 09-05-10 10:28:13 ]
 RunTime:0.003552s SQL = SHOW COLUMNS FROM hakucms_state
[ 09-05-10 10:28:13 ]
 RunTime:0.003703s SQL = SHOW COLUMNS FROM hakucms_document
[ 09-05-10 10:28:13 ]
 RunTime:0.000571s SQL = SELECT * FROM hakucms_user
[ 09-05-10 10:28:13 ]
 RunTime:0.000649s SQL = SELECT * FROM hakucms_state WHERE ( `ltime` >= 1241107187 AND `ltime` <= 1241922493 ) AND ( `user` = 'admin' )
[ 09-05-10 10:28:13 ]
 RunTime:0.000559s SQL = SELECT * FROM hakucms_document WHERE ( `data` >= 1241107187 AND `data` <= 1241922493 ) AND ( `writer` = 'admin' )
[ 09-05-10 10:28:15 ]
 RunTime:0.002571s SQL = SHOW COLUMNS FROM hakucms_user
[ 09-05-10 10:28:15 ]
 RunTime:0.000622s SQL = SELECT * FROM hakucms_user WHERE ( `id` = '7' )
[ 09-05-10 10:28:17 ]
 RunTime:0.008055s SQL = SHOW COLUMNS FROM hakucms_category
[ 09-05-10 10:28:17 ]
 RunTime:0.001278s SQL = SELECT * FROM hakucms_category
[ 09-05-10 10:29:21 ]
 RunTime:0.003342s SQL = SHOW COLUMNS FROM hakucms_user
[ 09-05-10 10:29:21 ]
 RunTime:0.001752s SQL = SELECT * FROM hakucms_user WHERE ( `id` = '7' )
[ 09-05-10 10:35:14 ]
 RunTime:0.003514s SQL = SHOW COLUMNS FROM hakucms_user
[ 09-05-10 10:35:14 ]
 RunTime:0.000766s SQL = SELECT * FROM hakucms_user WHERE ( `id` = '7' )
[ 09-05-10 10:35:14 ]
 RunTime:0.005144s SQL = SHOW COLUMNS FROM hakucms_document
[ 09-05-10 10:35:14 ]
 RunTime:0.005279s SQL = SELECT * FROM hakucms_document WHERE ( `data` >= 1239330914 AND `data` <= 1241922914 ) ORDER BY data DESC
[ 09-05-10 10:35:42 ]
 RunTime:0.006899s SQL = SHOW COLUMNS FROM hakucms_user
[ 09-05-10 10:35:42 ]
 RunTime:0.003212s SQL = SHOW COLUMNS FROM hakucms_state
[ 09-05-10 10:35:42 ]
 RunTime:0.002717s SQL = SHOW COLUMNS FROM hakucms_document
[ 09-05-10 10:35:42 ]
 RunTime:0.000406s SQL = SELECT * FROM hakucms_user
[ 09-05-10 10:35:42 ]
 RunTime:0.000297s SQL = SELECT * FROM hakucms_state WHERE ( `ltime` >= 1241107158 AND `ltime` <= 1241922942 ) AND ( `user` = 'admin' )
[ 09-05-10 10:35:42 ]
 RunTime:0.000517s SQL = SELECT * FROM hakucms_document WHERE ( `data` >= 1241107158 AND `data` <= 1241922942 ) AND ( `writer` = 'admin' )
[ 09-05-10 10:35:43 ]
 RunTime:0.006215s SQL = SHOW COLUMNS FROM hakucms_user
[ 09-05-10 10:35:43 ]
 RunTime:0.000609s SQL = SELECT * FROM hakucms_user WHERE ( `id` = '7' )
[ 09-05-10 10:35:43 ]
 RunTime:0.005652s SQL = SHOW COLUMNS FROM hakucms_document
[ 09-05-10 10:35:43 ]
 RunTime:0.005221s SQL = SELECT * FROM hakucms_document WHERE ( `data` >= 1239330943 AND `data` <= 1241922943 ) ORDER BY data DESC
[ 09-05-10 10:35:59 ]
 RunTime:0.002355s SQL = SHOW COLUMNS FROM hakucms_user
[ 09-05-10 10:35:59 ]
 RunTime:0.000426s SQL = SELECT * FROM hakucms_user WHERE ( `id` = '7' )
[ 09-05-10 10:36:01 ]
 RunTime:0.006530s SQL = SHOW COLUMNS FROM hakucms_user
[ 09-05-10 10:36:01 ]
 RunTime:0.003503s SQL = SELECT * FROM hakucms_user WHERE ( `id` = '7' )
[ 09-05-10 10:36:02 ]
 RunTime:0.003381s SQL = SHOW COLUMNS FROM hakucms_user
[ 09-05-10 10:36:02 ]
 RunTime:0.000439s SQL = SELECT * FROM hakucms_user WHERE ( `id` = '7' )
[ 09-05-10 10:36:03 ]
 RunTime:0.003318s SQL = SHOW COLUMNS FROM hakucms_user
[ 09-05-10 10:36:03 ]
 RunTime:0.000359s SQL = SELECT * FROM hakucms_user WHERE ( `id` = '7' )
[ 09-05-10 10:36:04 ]
 RunTime:0.003690s SQL = SHOW COLUMNS FROM hakucms_user
[ 09-05-10 10:36:04 ]
 RunTime:0.000488s SQL = SELECT * FROM hakucms_user WHERE ( `id` = '7' )
[ 09-05-10 10:36:05 ]
 RunTime:0.006195s SQL = SHOW COLUMNS FROM hakucms_user
[ 09-05-10 10:36:05 ]
 RunTime:0.000917s SQL = SELECT * FROM hakucms_user WHERE ( `id` = '7' )
[ 09-05-10 10:36:05 ]
 RunTime:0.003731s SQL = SHOW COLUMNS FROM hakucms_document
[ 09-05-10 10:36:05 ]
 RunTime:0.005738s SQL = SELECT * FROM hakucms_document WHERE ( `data` >= 1239330965 AND `data` <= 1241922965 ) ORDER BY data DESC
[ 09-05-10 10:36:06 ]
 RunTime:0.006061s SQL = SHOW COLUMNS FROM hakucms_user
[ 09-05-10 10:36:06 ]
 RunTime:0.002792s SQL = SHOW COLUMNS FROM hakucms_state
[ 09-05-10 10:36:06 ]
 RunTime:0.002712s SQL = SHOW COLUMNS FROM hakucms_document
[ 09-05-10 10:36:06 ]
 RunTime:0.000302s SQL = SELECT * FROM hakucms_user
[ 09-05-10 10:36:06 ]
 RunTime:0.000307s SQL = SELECT * FROM hakucms_state WHERE ( `ltime` >= 1241107194 AND `ltime` <= 1241922966 ) AND ( `user` = 'admin' )
[ 09-05-10 10:36:06 ]
 RunTime:0.000564s SQL = SELECT * FROM hakucms_document WHERE ( `data` >= 1241107194 AND `data` <= 1241922966 ) AND ( `writer` = 'admin' )
[ 09-05-10 10:36:07 ]
 RunTime:0.002960s SQL = SHOW COLUMNS FROM hakucms_user
[ 09-05-10 10:36:07 ]
 RunTime:0.000383s SQL = SELECT * FROM hakucms_user WHERE ( `id` = '7' )
[ 09-05-10 10:43:06 ]
 RunTime:0.003175s SQL = SHOW COLUMNS FROM hakucms_user
[ 09-05-10 10:43:06 ]
 RunTime:0.000655s SQL = SELECT * FROM hakucms_user WHERE ( `id` = '7' )
[ 09-05-10 10:43:06 ]
 RunTime:0.004149s SQL = SHOW COLUMNS FROM hakucms_document
[ 09-05-10 10:43:07 ]
 RunTime:0.003486s SQL = SELECT * FROM hakucms_document WHERE ( `data` >= 1239331386 AND `data` <= 1241923386 ) ORDER BY data DESC
[ 09-05-10 10:43:13 ]
 RunTime:0.002277s SQL = SHOW COLUMNS FROM hakucms_user
[ 09-05-10 10:43:13 ]
 RunTime:0.000317s SQL = SELECT * FROM hakucms_user WHERE ( `id` = '7' )
[ 09-05-10 10:43:13 ]
 RunTime:0.002863s SQL = SHOW COLUMNS FROM hakucms_document
[ 09-05-10 10:43:13 ]
 RunTime:0.000408s SQL = SELECT * FROM hakucms_document WHERE ( `id` = '189' )
[ 09-05-10 10:43:13 ]
 RunTime:0.002065s SQL = SHOW COLUMNS FROM hakucms_category
[ 09-05-10 10:43:13 ]
 RunTime:0.000486s SQL = SELECT * FROM hakucms_category
[ 09-05-10 10:43:24 ]
 RunTime:0.005198s SQL = SHOW COLUMNS FROM hakucms_user
[ 09-05-10 10:43:24 ]
 RunTime:0.000511s SQL = SELECT * FROM hakucms_user WHERE ( `id` = '7' )
[ 09-05-10 10:43:24 ]
 RunTime:0.003590s SQL = SHOW COLUMNS FROM hakucms_document
[ 09-05-10 10:43:24 ]
 RunTime:0.000660s SQL = SELECT * FROM hakucms_document WHERE ( `id` = '189' )
[ 09-05-10 10:43:24 ]
 RunTime:0.004128s SQL = SHOW COLUMNS FROM hakucms_category
[ 09-05-10 10:43:24 ]
 RunTime:0.000398s SQL = SELECT * FROM hakucms_category
[ 09-05-10 10:43:25 ]
 RunTime:0.013132s SQL = SHOW COLUMNS FROM hakucms_user
[ 09-05-10 10:43:25 ]
 RunTime:0.000482s SQL = SELECT * FROM hakucms_user WHERE ( `id` = '7' )
[ 09-05-10 10:43:25 ]
 RunTime:0.004076s SQL = SHOW COLUMNS FROM hakucms_document
[ 09-05-10 10:43:25 ]
 RunTime:0.003911s SQL = SELECT * FROM hakucms_document WHERE ( `data` >= 1239331405 AND `data` <= 1241923405 ) ORDER BY data DESC
[ 09-05-10 10:47:18 ]
 RunTime:0.004154s SQL = SHOW COLUMNS FROM hakucms_user
[ 09-05-10 10:47:18 ]
 RunTime:0.000382s SQL = SELECT * FROM hakucms_user WHERE ( `id` = '7' )
[ 09-05-10 10:47:18 ]
 RunTime:0.003255s SQL = SHOW COLUMNS FROM hakucms_document
[ 09-05-10 10:47:18 ]
 RunTime:0.002901s SQL = SELECT * FROM hakucms_document WHERE ( `data` >= 1239331638 AND `data` <= 1241923638 ) ORDER BY data DESC
[ 09-05-10 10:53:31 ]
 RunTime:0.003127s SQL = SHOW COLUMNS FROM hakucms_user
[ 09-05-10 10:53:31 ]
 RunTime:0.000353s SQL = SELECT * FROM hakucms_user WHERE ( `id` = '7' )
[ 09-05-10 10:53:31 ]
 RunTime:0.002199s SQL = SHOW COLUMNS FROM hakucms_document
[ 09-05-10 10:53:31 ]
 RunTime:0.002468s SQL = SELECT * FROM hakucms_document ORDER BY data DESC LIMIT 0,20 
[ 09-05-10 10:57:20 ]
 RunTime:0.003561s SQL = SHOW COLUMNS FROM hakucms_user
[ 09-05-10 10:57:20 ]
 RunTime:0.000470s SQL = SELECT * FROM hakucms_user WHERE ( `id` = '7' )
[ 09-05-10 10:57:20 ]
 RunTime:0.003496s SQL = SHOW COLUMNS FROM hakucms_document
[ 09-05-10 10:57:20 ]
 RunTime:0.002312s SQL = SELECT * FROM hakucms_document ORDER BY data DESC LIMIT 20,20 
[ 09-05-10 10:57:52 ]
 RunTime:0.002449s SQL = SHOW COLUMNS FROM hakucms_user
[ 09-05-10 10:57:52 ]
 RunTime:0.000324s SQL = SELECT * FROM hakucms_user WHERE ( `id` = '7' )
[ 09-05-10 10:57:52 ]
 RunTime:0.002987s SQL = SHOW COLUMNS FROM hakucms_document
[ 09-05-10 10:57:52 ]
 RunTime:0.002817s SQL = SELECT * FROM hakucms_document ORDER BY data DESC LIMIT 0,20 
[ 09-05-10 10:58:49 ]
 RunTime:0.004925s SQL = SHOW COLUMNS FROM hakucms_user
[ 09-05-10 10:58:49 ]
 RunTime:0.000510s SQL = SELECT * FROM hakucms_user WHERE ( `id` = '7' )
[ 09-05-10 10:58:49 ]
 RunTime:0.003140s SQL = SHOW COLUMNS FROM hakucms_document
[ 09-05-10 10:58:49 ]
 RunTime:0.004544s SQL = SELECT * FROM hakucms_document ORDER BY data DESC LIMIT 0,20 
[ 09-05-10 10:59:00 ]
 RunTime:0.005097s SQL = SHOW COLUMNS FROM hakucms_user
[ 09-05-10 10:59:00 ]
 RunTime:0.000588s SQL = SELECT * FROM hakucms_user WHERE ( `id` = '7' )
[ 09-05-10 10:59:00 ]
 RunTime:0.004181s SQL = SHOW COLUMNS FROM hakucms_document
[ 09-05-10 10:59:00 ]
 RunTime:0.003886s SQL = SELECT * FROM hakucms_document ORDER BY data DESC LIMIT 0,20 
[ 09-05-10 10:59:06 ]
 RunTime:0.002501s SQL = SHOW COLUMNS FROM hakucms_user
[ 09-05-10 10:59:06 ]
 RunTime:0.000370s SQL = SELECT * FROM hakucms_user WHERE ( `id` = '7' )
[ 09-05-10 10:59:06 ]
 RunTime:0.002735s SQL = SHOW COLUMNS FROM hakucms_document
[ 09-05-10 10:59:06 ]
 RunTime:0.003994s SQL = SELECT * FROM hakucms_document ORDER BY data DESC LIMIT 0,20 
[ 09-05-10 11:04:18 ]
 RunTime:0.003917s SQL = SHOW COLUMNS FROM hakucms_user
[ 09-05-10 11:04:18 ]
 RunTime:0.000657s SQL = SELECT * FROM hakucms_user WHERE ( `id` = '7' )
[ 09-05-10 11:04:18 ]
 RunTime:0.003791s SQL = SHOW COLUMNS FROM hakucms_document
[ 09-05-10 11:04:18 ]
 RunTime:0.002514s SQL = SELECT * FROM hakucms_document ORDER BY data DESC LIMIT 0,20 
[ 09-05-10 11:04:20 ]
 RunTime:0.002834s SQL = SHOW COLUMNS FROM hakucms_user
[ 09-05-10 11:04:20 ]
 RunTime:0.000323s SQL = SELECT * FROM hakucms_user WHERE ( `id` = '7' )
[ 09-05-10 11:04:20 ]
 RunTime:0.002571s SQL = SHOW COLUMNS FROM hakucms_document
[ 09-05-10 11:04:20 ]
 RunTime:0.004748s SQL = SELECT * FROM hakucms_document ORDER BY data DESC LIMIT 0,20 
[ 09-05-10 11:04:27 ]
 RunTime:0.002114s SQL = SHOW COLUMNS FROM hakucms_category
[ 09-05-10 11:04:27 ]
 RunTime:0.000446s SQL = SELECT * FROM hakucms_category
[ 09-05-10 11:04:36 ]
 RunTime:0.003265s SQL = SHOW COLUMNS FROM hakucms_user
[ 09-05-10 11:04:36 ]
 RunTime:0.000380s SQL = SELECT * FROM hakucms_user WHERE ( `id` = '7' )
[ 09-05-10 11:04:36 ]
 RunTime:0.003637s SQL = SHOW COLUMNS FROM hakucms_document
[ 09-05-10 11:04:36 ]
 RunTime:0.003086s SQL = SELECT * FROM hakucms_document ORDER BY data DESC LIMIT 0,20 
[ 09-05-10 11:05:47 ]
 RunTime:0.002739s SQL = SHOW COLUMNS FROM hakucms_user
[ 09-05-10 11:05:47 ]
 RunTime:0.000413s SQL = SELECT * FROM hakucms_user WHERE ( `id` = '7' )
[ 09-05-10 11:05:47 ]
 RunTime:0.002367s SQL = SHOW COLUMNS FROM hakucms_document
[ 09-05-10 11:05:47 ]
 RunTime:0.002809s SQL = SELECT * FROM hakucms_document ORDER BY data DESC LIMIT 0,20 