
[ 09-05-19 21:27:21 ]
注意：[8] Undefined index:  user_id ManAction.class.php 第 62 行.
[ 09-05-19 21:29:08 ]

错误信息：[ job User login ]Table 'hakuams.hakuams_user' doesn't exist
 [ SQL语句 ] : SHOW COLUMNS FROM hakuams_user
错误页面：/hakuams/hakuams/index.php/User/login
错误类型：ThinkException
错误跟踪：
[09-05-19 21:29:05] D:\Program Files\server\htdocs\ThinkPHP\Lib\Think\Db\Driver\DbMysql.class.php (355) DbMysql->_query(Table 'hakuams.hakuams_user' doesn't exist
 [ SQL语句 ] : SHOW COLUMNS FROM hakuams_user)
[09-05-19 21:29:05] D:\Program Files\server\htdocs\hakuams\Temp\~runtime.php (9) DbMysql->getFields(SHOW COLUMNS FROM hakuams_user)
[09-05-19 21:29:05] D:\Program Files\server\htdocs\hakuams\Temp\~runtime.php (9) Model->flush(hakuams_user)
[09-05-19 21:29:05] D:\Program Files\server\htdocs\hakuams\Temp\~runtime.php (9) Model->_checkTableInfo()
[09-05-19 21:29:05] D:\Program Files\server\htdocs\hakuams\Temp\~runtime.php (3) Model->__construct()
[09-05-19 21:29:05] D:\Program Files\server\htdocs\hakuams\Lib\Action\UserAction.class.php (73) D()
[09-05-19 21:29:05] D:\Program Files\server\htdocs\hakuams\Temp\~runtime.php (7) UserAction->login()
[09-05-19 21:29:05] D:\Program Files\server\htdocs\hakuams\Temp\~runtime.php (7) App->exec(User)
[09-05-19 21:29:05] D:\Program Files\server\htdocs\hakuams\index.php (13) App->run()


[ 09-05-19 21:30:46 ]
注意：[8] Undefined variable: vo 013cede882719e500a772f0c2d93e6b3.php 第 16 行.

[ 09-05-19 21:30:46 ]
注意：[8] Undefined variable: vo 013cede882719e500a772f0c2d93e6b3.php 第 16 行.

[ 09-05-19 21:30:46 ]
注意：[8] Trying to get property of non-object 013cede882719e500a772f0c2d93e6b3.php 第 16 行.

[ 09-05-19 21:30:51 ]
注意：[8] Undefined index:  p ArticleAction.class.php 第 72 行.

[ 09-05-19 21:35:03 ]
注意：[8] Undefined index:  p ArticleAction.class.php 第 72 行.

[ 09-05-19 21:35:52 ]
注意：[8] Undefined index:  p ArticleAction.class.php 第 72 行.

[ 09-05-19 21:36:36 ]
注意：[8] Undefined variable: vo 013cede882719e500a772f0c2d93e6b3.php 第 16 行.

[ 09-05-19 21:36:36 ]
注意：[8] Undefined variable: vo 013cede882719e500a772f0c2d93e6b3.php 第 16 行.

[ 09-05-19 21:36:36 ]
注意：[8] Trying to get property of non-object 013cede882719e500a772f0c2d93e6b3.php 第 16 行.

[ 09-05-19 21:36:37 ]
注意：[8] Undefined index:  p ArticleAction.class.php 第 72 行.

[ 09-05-19 21:38:07 ]
注意：[8] Undefined index:  p ArticleAction.class.php 第 72 行.

[ 09-05-19 21:38:07 ]
注意：[8] Undefined variable: totalpg ArticleAction.class.php 第 118 行.

[ 09-05-19 21:38:07 ]
注意：[8] Undefined variable: totalpg ArticleAction.class.php 第 122 行.

[ 09-05-19 21:38:25 ]
注意：[8] Undefined index:  p ArticleAction.class.php 第 72 行.

[ 09-05-19 21:39:18 ]
注意：[8] Undefined index:  p ArticleAction.class.php 第 72 行.

[ 09-05-19 21:39:25 ]
注意：[8] Undefined index:  p ArticleAction.class.php 第 72 行.

[ 09-05-19 21:39:27 ]
注意：[8] Undefined index:  p ArticleAction.class.php 第 72 行.

[ 09-05-19 21:40:20 ]
注意：[8] Undefined index:  p ArticleAction.class.php 第 72 行.

[ 09-05-19 21:41:11 ]
注意：[8] Undefined variable: vo 013cede882719e500a772f0c2d93e6b3.php 第 16 行.

[ 09-05-19 21:41:11 ]
注意：[8] Undefined variable: vo 013cede882719e500a772f0c2d93e6b3.php 第 16 行.

[ 09-05-19 21:41:11 ]
注意：[8] Trying to get property of non-object 013cede882719e500a772f0c2d93e6b3.php 第 16 行.

[ 09-05-19 21:41:12 ]
注意：[8] Undefined index:  p ArticleAction.class.php 第 72 行.

[ 09-05-19 21:42:01 ]
注意：[8] Undefined variable: vo 013cede882719e500a772f0c2d93e6b3.php 第 16 行.

[ 09-05-19 21:42:01 ]
注意：[8] Undefined variable: vo 013cede882719e500a772f0c2d93e6b3.php 第 16 行.

[ 09-05-19 21:42:01 ]
注意：[8] Trying to get property of non-object 013cede882719e500a772f0c2d93e6b3.php 第 16 行.

[ 09-05-19 21:42:02 ]
注意：[8] Undefined index:  p ArticleAction.class.php 第 72 行.

[ 09-05-19 21:42:10 ]
注意：[8] Undefined index:  p ArticleAction.class.php 第 72 行.

[ 09-05-19 21:44:11 ]
注意：[8] Undefined index:  p ArticleAction.class.php 第 72 行.

[ 09-05-19 21:44:46 ]
注意：[8] Undefined index:  p ArticleAction.class.php 第 72 行.

[ 09-05-19 21:58:04 ]
注意：[8] Undefined index:  p ArticleAction.class.php 第 72 行.

[ 09-05-19 21:58:11 ]
注意：[8] Undefined index:  p ArticleAction.class.php 第 72 行.

[ 09-05-19 21:58:30 ]
注意：[8] Undefined index:  p ArticleAction.class.php 第 72 行.

[ 09-05-19 21:58:43 ]
注意：[8] Undefined index:  p ArticleAction.class.php 第 72 行.

[ 09-05-19 21:58:53 ]
注意：[8] Undefined index:  p ArticleAction.class.php 第 72 行.

[ 09-05-19 21:59:50 ]
注意：[8] Undefined index:  p ArticleAction.class.php 第 72 行.

[ 09-05-19 22:00:45 ]
注意：[8] Undefined index:  p ArticleAction.class.php 第 72 行.

[ 09-05-19 22:00:45 ]
注意：[8] Undefined index:  catename 1e55212a6170d8842e47d604a1d019ea.php 第 139 行.

[ 09-05-19 22:00:45 ]
注意：[8] Undefined index:  catename 1e55212a6170d8842e47d604a1d019ea.php 第 139 行.

[ 09-05-19 22:00:45 ]
注意：[8] Undefined index:  catename 1e55212a6170d8842e47d604a1d019ea.php 第 139 行.

[ 09-05-19 22:00:45 ]
注意：[8] Undefined index:  catename 1e55212a6170d8842e47d604a1d019ea.php 第 139 行.

[ 09-05-19 22:00:45 ]
注意：[8] Undefined index:  catename 1e55212a6170d8842e47d604a1d019ea.php 第 139 行.

[ 09-05-19 22:00:45 ]
注意：[8] Undefined index:  catename 1e55212a6170d8842e47d604a1d019ea.php 第 139 行.

[ 09-05-19 22:00:45 ]
注意：[8] Undefined index:  catename 1e55212a6170d8842e47d604a1d019ea.php 第 139 行.

[ 09-05-19 22:00:45 ]
注意：[8] Undefined index:  catename 1e55212a6170d8842e47d604a1d019ea.php 第 139 行.

[ 09-05-19 22:00:45 ]
注意：[8] Undefined index:  catename 1e55212a6170d8842e47d604a1d019ea.php 第 139 行.

[ 09-05-19 22:00:45 ]
注意：[8] Undefined index:  catename 1e55212a6170d8842e47d604a1d019ea.php 第 139 行.

[ 09-05-19 22:00:45 ]
注意：[8] Undefined index:  catename 1e55212a6170d8842e47d604a1d019ea.php 第 139 行.

[ 09-05-19 22:00:45 ]
注意：[8] Undefined index:  catename 1e55212a6170d8842e47d604a1d019ea.php 第 139 行.

[ 09-05-19 22:00:45 ]
注意：[8] Undefined index:  catename 1e55212a6170d8842e47d604a1d019ea.php 第 139 行.

[ 09-05-19 22:00:45 ]
注意：[8] Undefined index:  catename 1e55212a6170d8842e47d604a1d019ea.php 第 139 行.

[ 09-05-19 22:00:45 ]
注意：[8] Undefined index:  catename 1e55212a6170d8842e47d604a1d019ea.php 第 139 行.

[ 09-05-19 22:00:45 ]
注意：[8] Undefined index:  catename 1e55212a6170d8842e47d604a1d019ea.php 第 139 行.

[ 09-05-19 22:00:45 ]
注意：[8] Undefined index:  catename 1e55212a6170d8842e47d604a1d019ea.php 第 139 行.

[ 09-05-19 22:02:08 ]
注意：[8] Undefined index:  p ArticleAction.class.php 第 76 行.

[ 09-05-19 22:02:08 ]
注意：[8] Undefined index:  name ArticleAction.class.php 第 126 行.

[ 09-05-19 22:02:08 ]
注意：[8] Undefined index:  name ArticleAction.class.php 第 126 行.

[ 09-05-19 22:02:08 ]
注意：[8] Undefined index:  name ArticleAction.class.php 第 126 行.

[ 09-05-19 22:02:08 ]
注意：[8] Undefined index:  name ArticleAction.class.php 第 126 行.

[ 09-05-19 22:02:08 ]
注意：[8] Undefined index:  name ArticleAction.class.php 第 126 行.

[ 09-05-19 22:02:08 ]
注意：[8] Undefined index:  name ArticleAction.class.php 第 126 行.

[ 09-05-19 22:02:08 ]
注意：[8] Undefined index:  name ArticleAction.class.php 第 126 行.

[ 09-05-19 22:02:08 ]
注意：[8] Undefined index:  name ArticleAction.class.php 第 126 行.

[ 09-05-19 22:02:08 ]
注意：[8] Undefined index:  name ArticleAction.class.php 第 126 行.

[ 09-05-19 22:02:08 ]
注意：[8] Undefined index:  name ArticleAction.class.php 第 126 行.

[ 09-05-19 22:02:08 ]
注意：[8] Undefined index:  name ArticleAction.class.php 第 126 行.

[ 09-05-19 22:02:08 ]
注意：[8] Undefined index:  name ArticleAction.class.php 第 126 行.

[ 09-05-19 22:02:08 ]
注意：[8] Undefined index:  name ArticleAction.class.php 第 126 行.

[ 09-05-19 22:02:08 ]
注意：[8] Undefined index:  name ArticleAction.class.php 第 126 行.

[ 09-05-19 22:02:08 ]
注意：[8] Undefined index:  name ArticleAction.class.php 第 126 行.

[ 09-05-19 22:02:08 ]
注意：[8] Undefined index:  name ArticleAction.class.php 第 126 行.

[ 09-05-19 22:02:08 ]
注意：[8] Undefined index:  name ArticleAction.class.php 第 126 行.

[ 09-05-19 22:02:43 ]
注意：[8] Undefined index:  p ArticleAction.class.php 第 76 行.

[ 09-05-19 22:02:43 ]
注意：[8] Undefined index:  name ArticleAction.class.php 第 126 行.

[ 09-05-19 22:02:43 ]
注意：[8] Undefined index:  name ArticleAction.class.php 第 126 行.

[ 09-05-19 22:02:43 ]
注意：[8] Undefined index:  name ArticleAction.class.php 第 126 行.

[ 09-05-19 22:03:16 ]
注意：[8] Undefined index:  p ArticleAction.class.php 第 76 行.

[ 09-05-19 22:03:16 ]
注意：[8] Undefined index:  name ArticleAction.class.php 第 126 行.

[ 09-05-19 22:03:16 ]
注意：[8] Undefined index:  name ArticleAction.class.php 第 126 行.

[ 09-05-19 22:03:16 ]
注意：[8] Undefined index:  name ArticleAction.class.php 第 126 行.

[ 09-05-19 22:03:57 ]
注意：[8] Undefined index:  p ArticleAction.class.php 第 76 行.

[ 09-05-19 22:03:57 ]
注意：[8] Undefined index:  name ArticleAction.class.php 第 127 行.

[ 09-05-19 22:03:57 ]
注意：[8] Undefined index:  name ArticleAction.class.php 第 127 行.

[ 09-05-19 22:03:57 ]
注意：[8] Undefined index:  name ArticleAction.class.php 第 127 行.

[ 09-05-19 22:03:57 ]
注意：[2] Cannot modify header information - headers already sent by (output started at D:\Program Files\server\htdocs\hakuams\Temp\~runtime.php:3) ~runtime.php 第 10 行.

[ 09-05-19 22:03:57 ]
注意：[2] Cannot modify header information - headers already sent by (output started at D:\Program Files\server\htdocs\hakuams\Temp\~runtime.php:3) ~runtime.php 第 10 行.

[ 09-05-19 22:03:57 ]
注意：[2] ini_set() [<a href='ref.outcontrol'>ref.outcontrol</a>]: Cannot change zlib.output_compression - headers already sent ~runtime.php 第 10 行.

[ 09-05-19 22:04:24 ]
注意：[8] Undefined index:  p ArticleAction.class.php 第 76 行.

[ 09-05-19 22:04:24 ]
注意：[8] Undefined index:  name ArticleAction.class.php 第 127 行.

[ 09-05-19 22:04:24 ]
注意：[8] Undefined index:  name ArticleAction.class.php 第 127 行.

[ 09-05-19 22:04:24 ]
注意：[8] Undefined index:  name ArticleAction.class.php 第 127 行.

[ 09-05-19 22:04:28 ]
注意：[8] Undefined index:  p ArticleAction.class.php 第 76 行.

[ 09-05-19 22:04:28 ]
注意：[8] Undefined index:  name ArticleAction.class.php 第 128 行.

[ 09-05-19 22:04:28 ]
注意：[8] Undefined index:  name ArticleAction.class.php 第 128 行.

[ 09-05-19 22:04:28 ]
注意：[8] Undefined index:  name ArticleAction.class.php 第 128 行.

[ 09-05-19 22:04:28 ]
注意：[2] Cannot modify header information - headers already sent by (output started at D:\Program Files\server\htdocs\hakuams\Temp\~runtime.php:3) ~runtime.php 第 10 行.

[ 09-05-19 22:04:28 ]
注意：[2] Cannot modify header information - headers already sent by (output started at D:\Program Files\server\htdocs\hakuams\Temp\~runtime.php:3) ~runtime.php 第 10 行.

[ 09-05-19 22:04:28 ]
注意：[2] ini_set() [<a href='ref.outcontrol'>ref.outcontrol</a>]: Cannot change zlib.output_compression - headers already sent ~runtime.php 第 10 行.

[ 09-05-19 22:05:14 ]
注意：[8] Undefined index:  p ArticleAction.class.php 第 76 行.

[ 09-05-19 22:06:29 ]
注意：[8] Undefined variable: vo ef7ffe91ed4d9eb4eb7b8921a8ffa62d.php 第 3 行.

[ 09-05-19 22:06:29 ]
注意：[8] Undefined variable: vo ef7ffe91ed4d9eb4eb7b8921a8ffa62d.php 第 3 行.

[ 09-05-19 22:06:29 ]
注意：[8] Trying to get property of non-object ef7ffe91ed4d9eb4eb7b8921a8ffa62d.php 第 3 行.

[ 09-05-19 22:06:29 ]
注意：[8] Undefined variable: vo ef7ffe91ed4d9eb4eb7b8921a8ffa62d.php 第 10 行.

[ 09-05-19 22:06:29 ]
注意：[8] Undefined variable: vo ef7ffe91ed4d9eb4eb7b8921a8ffa62d.php 第 10 行.

[ 09-05-19 22:06:29 ]
注意：[8] Trying to get property of non-object ef7ffe91ed4d9eb4eb7b8921a8ffa62d.php 第 10 行.

[ 09-05-19 22:06:32 ]
注意：[8] Undefined variable: vo ef7ffe91ed4d9eb4eb7b8921a8ffa62d.php 第 3 行.

[ 09-05-19 22:06:32 ]
注意：[8] Undefined variable: vo ef7ffe91ed4d9eb4eb7b8921a8ffa62d.php 第 3 行.

[ 09-05-19 22:06:32 ]
注意：[8] Trying to get property of non-object ef7ffe91ed4d9eb4eb7b8921a8ffa62d.php 第 3 行.

[ 09-05-19 22:06:32 ]
注意：[8] Undefined variable: vo ef7ffe91ed4d9eb4eb7b8921a8ffa62d.php 第 10 行.

[ 09-05-19 22:06:32 ]
注意：[8] Undefined variable: vo ef7ffe91ed4d9eb4eb7b8921a8ffa62d.php 第 10 行.

[ 09-05-19 22:06:32 ]
注意：[8] Trying to get property of non-object ef7ffe91ed4d9eb4eb7b8921a8ffa62d.php 第 10 行.

[ 09-05-19 22:07:36 ]
注意：[8] Undefined index:  date ef7ffe91ed4d9eb4eb7b8921a8ffa62d.php 第 7 行.

[ 09-05-19 22:09:28 ]
注意：[8] Undefined index:  style TagLibHtml.class.php 第 45 行.

[ 09-05-19 22:09:28 ]
注意：[8] Undefined offset:  0 ThinkTemplate.class.php 第 578 行.

[ 09-05-19 22:09:28 ]
注意：[8] Undefined offset:  0 ThinkTemplate.class.php 第 578 行.

[ 09-05-19 22:09:28 ]
注意：[8] Undefined offset:  0 ThinkTemplate.class.php 第 578 行.

[ 09-05-19 22:09:54 ]
注意：[8] Undefined index:  style TagLibHtml.class.php 第 45 行.

[ 09-05-19 22:09:54 ]
注意：[8] Undefined offset:  0 ThinkTemplate.class.php 第 578 行.

[ 09-05-19 22:09:54 ]
注意：[8] Undefined offset:  0 ThinkTemplate.class.php 第 578 行.

[ 09-05-19 22:09:54 ]
注意：[8] Undefined offset:  0 ThinkTemplate.class.php 第 578 行.

[ 09-05-19 22:09:54 ]
注意：[8] Undefined variable: title aa13b9f510b059bef2f977458e506c6c.php 第 13 行.

[ 09-05-19 22:09:54 ]
注意：[8] Undefined variable: content aa13b9f510b059bef2f977458e506c6c.php 第 29 行.

[ 09-05-19 22:12:43 ]
注意：[8] Undefined index:  p ArticleAction.class.php 第 76 行.

[ 09-05-19 22:12:57 ]
注意：[8] Undefined index:  style TagLibHtml.class.php 第 45 行.

[ 09-05-19 22:12:57 ]
注意：[8] Undefined offset:  0 ThinkTemplate.class.php 第 578 行.

[ 09-05-19 22:12:57 ]
注意：[8] Undefined offset:  0 ThinkTemplate.class.php 第 578 行.

[ 09-05-19 22:12:57 ]
注意：[8] Undefined offset:  0 ThinkTemplate.class.php 第 578 行.

[ 09-05-19 22:13:07 ]
注意：[8] Undefined index:  p ArticleAction.class.php 第 76 行.

[ 09-05-19 22:13:09 ]
注意：[8] Undefined index:  style TagLibHtml.class.php 第 45 行.

[ 09-05-19 22:13:09 ]
注意：[8] Undefined offset:  0 ThinkTemplate.class.php 第 578 行.

[ 09-05-19 22:13:09 ]
注意：[8] Undefined offset:  0 ThinkTemplate.class.php 第 578 行.

[ 09-05-19 22:13:09 ]
注意：[8] Undefined offset:  0 ThinkTemplate.class.php 第 578 行.

[ 09-05-19 22:13:18 ]
注意：[8] Undefined index:  p ArticleAction.class.php 第 76 行.

[ 09-05-19 22:18:07 ]
注意：[8] Undefined index:  p ArticleAction.class.php 第 76 行.

[ 09-05-19 22:18:48 ]
注意：[8] Undefined index:  p ArticleAction.class.php 第 76 行.

[ 09-05-19 22:20:00 ]
注意：[8] Undefined index:  p ArticleAction.class.php 第 76 行.

[ 09-05-19 22:20:00 ]
注意：[8] Undefined variable: lastpg 1e55212a6170d8842e47d604a1d019ea.php 第 13 行.

[ 09-05-19 22:25:28 ]
注意：[8] Undefined index:  p ArticleAction.class.php 第 76 行.

[ 09-05-19 22:25:29 ]
注意：[8] Undefined variable: lastpg 1e55212a6170d8842e47d604a1d019ea.php 第 13 行.

[ 09-05-19 22:25:40 ]
注意：[8] Undefined index:  p ArticleAction.class.php 第 76 行.

[ 09-05-19 22:25:40 ]
注意：[8] Undefined variable: lastpg 1e55212a6170d8842e47d604a1d019ea.php 第 13 行.

[ 09-05-19 22:26:21 ]
注意：[8] Undefined index:  p ArticleAction.class.php 第 76 行.

[ 09-05-19 22:26:21 ]
注意：[8] Undefined variable: lastpg 1e55212a6170d8842e47d604a1d019ea.php 第 13 行.

[ 09-05-19 22:26:30 ]
注意：[8] Undefined index:  p ArticleAction.class.php 第 76 行.

[ 09-05-19 22:26:31 ]
注意：[8] Undefined variable: lastpg 1e55212a6170d8842e47d604a1d019ea.php 第 13 行.

[ 09-05-19 22:27:21 ]
注意：[8] Undefined index:  p ArticleAction.class.php 第 76 行.

[ 09-05-19 22:27:22 ]
注意：[8] Undefined variable: lastpg 1e55212a6170d8842e47d604a1d019ea.php 第 13 行.

[ 09-05-19 22:27:24 ]
注意：[8] Undefined index:  p ArticleAction.class.php 第 76 行.

[ 09-05-19 22:27:24 ]
注意：[8] Undefined variable: lastpg 1e55212a6170d8842e47d604a1d019ea.php 第 13 行.

[ 09-05-19 22:27:44 ]
注意：[8] Undefined index:  p ArticleAction.class.php 第 76 行.

[ 09-05-19 22:27:44 ]
注意：[8] Undefined variable: lastpg 1e55212a6170d8842e47d604a1d019ea.php 第 13 行.
[ 09-05-19 22:27:47 ]

错误信息：[ job Article 2 ]非法操作2
错误页面：/hakuams/hakuams/index.php/Article/2
错误类型：ThinkException
错误跟踪：
[09-05-19 22:27:05]  () Action->__call(非法操作2)
[09-05-19 22:27:05] D:\Program Files\server\htdocs\hakuams\Temp\~runtime.php (7) ArticleAction->2(2, Array)
[09-05-19 22:27:05] D:\Program Files\server\htdocs\hakuams\Temp\~runtime.php (7) App->exec()
[09-05-19 22:27:05] D:\Program Files\server\htdocs\hakuams\index.php (13) App->run()


[ 09-05-19 22:28:04 ]
注意：[8] Undefined index:  p ArticleAction.class.php 第 76 行.

[ 09-05-19 22:28:04 ]
注意：[8] Undefined variable: lastpg 1e55212a6170d8842e47d604a1d019ea.php 第 13 行.

[ 09-05-19 22:28:11 ]
注意：[8] Undefined variable: nextpg 1e55212a6170d8842e47d604a1d019ea.php 第 12 行.
