
[ 09-05-04 14:46:37 ]
 RunTime:0.000337s SQL = SELECT * FROM hakucms_user WHERE ( `id` = '200805030326' )
[ 09-05-04 14:46:37 ]
 RunTime:0.002955s SQL = SELECT * FROM hakucms_document WHERE ( `data` >= 1238827597 AND `data` <= 1241419597 ) AND ( `exam` = 0 ) ORDER BY data DESC
[ 09-05-04 14:46:39 ]
 RunTime:0.000330s SQL = SELECT * FROM hakucms_user WHERE ( `id` = '200805030326' )
[ 09-05-04 14:46:39 ]
 RunTime:0.008425s SQL = SELECT * FROM hakucms_document WHERE ( `data` >= 1238827599 AND `data` <= 1241419599 ) ORDER BY data DESC
[ 09-05-04 14:46:41 ]
 RunTime:0.000316s SQL = SELECT * FROM hakucms_category
[ 09-05-04 14:46:42 ]
 RunTime:0.000353s SQL = SELECT * FROM hakucms_user
[ 09-05-04 14:46:42 ]
 RunTime:0.000387s SQL = SELECT * FROM hakucms_state WHERE ( `ltime` >= 1241107158 AND `ltime` <= 1241419602 ) AND ( `user` = 'raoyuying' )
[ 09-05-04 14:46:42 ]
 RunTime:0.001951s SQL = SELECT * FROM hakucms_document WHERE ( `data` >= 1241107158 AND `data` <= 1241419602 ) AND ( `writer` = 'raoyuying' )
[ 09-05-04 14:46:42 ]
 RunTime:0.000418s SQL = SELECT * FROM hakucms_state WHERE ( `ltime` >= 1241107158 AND `ltime` <= 1241419602 ) AND ( `user` = 'weichenghong' )
[ 09-05-04 14:46:42 ]
 RunTime:0.002046s SQL = SELECT * FROM hakucms_document WHERE ( `data` >= 1241107158 AND `data` <= 1241419602 ) AND ( `writer` = 'weichenghong' )
[ 09-05-04 14:46:42 ]
 RunTime:0.000426s SQL = SELECT * FROM hakucms_state WHERE ( `ltime` >= 1241107158 AND `ltime` <= 1241419602 ) AND ( `user` = 'princehaku' )
[ 09-05-04 14:46:42 ]
 RunTime:0.001234s SQL = SELECT * FROM hakucms_document WHERE ( `data` >= 1241107158 AND `data` <= 1241419602 ) AND ( `writer` = 'princehaku' )
[ 09-05-04 14:46:42 ]
 RunTime:0.000403s SQL = SELECT * FROM hakucms_state WHERE ( `ltime` >= 1241107158 AND `ltime` <= 1241419602 ) AND ( `user` = 'wangyoubing' )
[ 09-05-04 14:46:42 ]
 RunTime:0.001661s SQL = SELECT * FROM hakucms_document WHERE ( `data` >= 1241107158 AND `data` <= 1241419602 ) AND ( `writer` = 'wangyoubing' )
[ 09-05-04 14:46:42 ]
 RunTime:0.000681s SQL = SELECT * FROM hakucms_state WHERE ( `ltime` >= 1241107158 AND `ltime` <= 1241419602 ) AND ( `user` = 'luxun2007' )
[ 09-05-04 14:46:42 ]
 RunTime:0.001697s SQL = SELECT * FROM hakucms_document WHERE ( `data` >= 1241107158 AND `data` <= 1241419602 ) AND ( `writer` = 'luxun2007' )
[ 09-05-04 14:46:42 ]
 RunTime:0.000499s SQL = SELECT * FROM hakucms_state WHERE ( `ltime` >= 1241107158 AND `ltime` <= 1241419602 ) AND ( `user` = 'zhouzhigang' )
[ 09-05-04 14:46:42 ]
 RunTime:0.003387s SQL = SELECT * FROM hakucms_document WHERE ( `data` >= 1241107158 AND `data` <= 1241419602 ) AND ( `writer` = 'zhouzhigang' )
[ 09-05-04 14:46:44 ]
 RunTime:0.000402s SQL = SELECT * FROM hakucms_user
[ 09-05-04 14:46:44 ]
 RunTime:0.000404s SQL = SELECT * FROM hakucms_state WHERE ( `ltime` >= 1241107156 AND `ltime` <= 1241419604 ) AND ( `user` = 'raoyuying' )
[ 09-05-04 14:46:44 ]
 RunTime:0.001281s SQL = SELECT * FROM hakucms_document WHERE ( `data` >= 1241107156 AND `data` <= 1241419604 ) AND ( `writer` = 'raoyuying' )
[ 09-05-04 14:46:44 ]
 RunTime:0.000406s SQL = SELECT * FROM hakucms_state WHERE ( `ltime` >= 1241107156 AND `ltime` <= 1241419604 ) AND ( `user` = 'weichenghong' )
[ 09-05-04 14:46:44 ]
 RunTime:0.001245s SQL = SELECT * FROM hakucms_document WHERE ( `data` >= 1241107156 AND `data` <= 1241419604 ) AND ( `writer` = 'weichenghong' )
[ 09-05-04 14:46:44 ]
 RunTime:0.000419s SQL = SELECT * FROM hakucms_state WHERE ( `ltime` >= 1241107156 AND `ltime` <= 1241419604 ) AND ( `user` = 'princehaku' )
[ 09-05-04 14:46:44 ]
 RunTime:0.001763s SQL = SELECT * FROM hakucms_document WHERE ( `data` >= 1241107156 AND `data` <= 1241419604 ) AND ( `writer` = 'princehaku' )
[ 09-05-04 14:46:44 ]
 RunTime:0.000412s SQL = SELECT * FROM hakucms_state WHERE ( `ltime` >= 1241107156 AND `ltime` <= 1241419604 ) AND ( `user` = 'wangyoubing' )
[ 09-05-04 14:46:44 ]
 RunTime:0.001242s SQL = SELECT * FROM hakucms_document WHERE ( `data` >= 1241107156 AND `data` <= 1241419604 ) AND ( `writer` = 'wangyoubing' )
[ 09-05-04 14:46:44 ]
 RunTime:0.000445s SQL = SELECT * FROM hakucms_state WHERE ( `ltime` >= 1241107156 AND `ltime` <= 1241419604 ) AND ( `user` = 'luxun2007' )
[ 09-05-04 14:46:44 ]
 RunTime:0.001266s SQL = SELECT * FROM hakucms_document WHERE ( `data` >= 1241107156 AND `data` <= 1241419604 ) AND ( `writer` = 'luxun2007' )
[ 09-05-04 14:46:44 ]
 RunTime:0.000413s SQL = SELECT * FROM hakucms_state WHERE ( `ltime` >= 1241107156 AND `ltime` <= 1241419604 ) AND ( `user` = 'zhouzhigang' )
[ 09-05-04 14:46:44 ]
 RunTime:0.001223s SQL = SELECT * FROM hakucms_document WHERE ( `data` >= 1241107156 AND `data` <= 1241419604 ) AND ( `writer` = 'zhouzhigang' )
[ 09-05-04 14:46:45 ]
 RunTime:0.000365s SQL = SELECT * FROM hakucms_user
[ 09-05-04 14:46:45 ]
 RunTime:0.000370s SQL = SELECT * FROM hakucms_state WHERE ( `ltime` >= 1241107155 AND `ltime` <= 1241419605 ) AND ( `user` = 'raoyuying' )
[ 09-05-04 14:46:45 ]
 RunTime:0.001850s SQL = SELECT * FROM hakucms_document WHERE ( `data` >= 1241107155 AND `data` <= 1241419605 ) AND ( `writer` = 'raoyuying' )
[ 09-05-04 14:46:45 ]
 RunTime:0.000463s SQL = SELECT * FROM hakucms_state WHERE ( `ltime` >= 1241107155 AND `ltime` <= 1241419605 ) AND ( `user` = 'weichenghong' )
[ 09-05-04 14:46:45 ]
 RunTime:0.001316s SQL = SELECT * FROM hakucms_document WHERE ( `data` >= 1241107155 AND `data` <= 1241419605 ) AND ( `writer` = 'weichenghong' )
[ 09-05-04 14:46:45 ]
 RunTime:0.000439s SQL = SELECT * FROM hakucms_state WHERE ( `ltime` >= 1241107155 AND `ltime` <= 1241419605 ) AND ( `user` = 'princehaku' )
[ 09-05-04 14:46:45 ]
 RunTime:0.002827s SQL = SELECT * FROM hakucms_document WHERE ( `data` >= 1241107155 AND `data` <= 1241419605 ) AND ( `writer` = 'princehaku' )
[ 09-05-04 14:46:45 ]
 RunTime:0.000409s SQL = SELECT * FROM hakucms_state WHERE ( `ltime` >= 1241107155 AND `ltime` <= 1241419605 ) AND ( `user` = 'wangyoubing' )
[ 09-05-04 14:46:45 ]
 RunTime:0.001305s SQL = SELECT * FROM hakucms_document WHERE ( `data` >= 1241107155 AND `data` <= 1241419605 ) AND ( `writer` = 'wangyoubing' )
[ 09-05-04 14:46:45 ]
 RunTime:0.000431s SQL = SELECT * FROM hakucms_state WHERE ( `ltime` >= 1241107155 AND `ltime` <= 1241419605 ) AND ( `user` = 'luxun2007' )
[ 09-05-04 14:46:45 ]
 RunTime:0.001442s SQL = SELECT * FROM hakucms_document WHERE ( `data` >= 1241107155 AND `data` <= 1241419605 ) AND ( `writer` = 'luxun2007' )
[ 09-05-04 14:46:45 ]
 RunTime:0.000400s SQL = SELECT * FROM hakucms_state WHERE ( `ltime` >= 1241107155 AND `ltime` <= 1241419605 ) AND ( `user` = 'zhouzhigang' )
[ 09-05-04 14:46:45 ]
 RunTime:0.004277s SQL = SELECT * FROM hakucms_document WHERE ( `data` >= 1241107155 AND `data` <= 1241419605 ) AND ( `writer` = 'zhouzhigang' )
[ 09-05-04 14:46:46 ]
 RunTime:0.000444s SQL = SELECT * FROM hakucms_user
[ 09-05-04 14:46:46 ]
 RunTime:0.001392s SQL = SELECT * FROM hakucms_state WHERE ( `ltime` >= 1241107154 AND `ltime` <= 1241419606 ) AND ( `user` = 'raoyuying' )
[ 09-05-04 14:46:46 ]
 RunTime:0.001511s SQL = SELECT * FROM hakucms_document WHERE ( `data` >= 1241107154 AND `data` <= 1241419606 ) AND ( `writer` = 'raoyuying' )
[ 09-05-04 14:46:46 ]
 RunTime:0.000481s SQL = SELECT * FROM hakucms_state WHERE ( `ltime` >= 1241107154 AND `ltime` <= 1241419606 ) AND ( `user` = 'weichenghong' )
[ 09-05-04 14:46:46 ]
 RunTime:0.001253s SQL = SELECT * FROM hakucms_document WHERE ( `data` >= 1241107154 AND `data` <= 1241419606 ) AND ( `writer` = 'weichenghong' )
[ 09-05-04 14:46:46 ]
 RunTime:0.000406s SQL = SELECT * FROM hakucms_state WHERE ( `ltime` >= 1241107154 AND `ltime` <= 1241419606 ) AND ( `user` = 'princehaku' )
[ 09-05-04 14:46:46 ]
 RunTime:0.001561s SQL = SELECT * FROM hakucms_document WHERE ( `data` >= 1241107154 AND `data` <= 1241419606 ) AND ( `writer` = 'princehaku' )
[ 09-05-04 14:46:46 ]
 RunTime:0.000442s SQL = SELECT * FROM hakucms_state WHERE ( `ltime` >= 1241107154 AND `ltime` <= 1241419606 ) AND ( `user` = 'wangyoubing' )
[ 09-05-04 14:46:46 ]
 RunTime:0.001502s SQL = SELECT * FROM hakucms_document WHERE ( `data` >= 1241107154 AND `data` <= 1241419606 ) AND ( `writer` = 'wangyoubing' )
[ 09-05-04 14:46:46 ]
 RunTime:0.000431s SQL = SELECT * FROM hakucms_state WHERE ( `ltime` >= 1241107154 AND `ltime` <= 1241419606 ) AND ( `user` = 'luxun2007' )
[ 09-05-04 14:46:46 ]
 RunTime:0.001212s SQL = SELECT * FROM hakucms_document WHERE ( `data` >= 1241107154 AND `data` <= 1241419606 ) AND ( `writer` = 'luxun2007' )
[ 09-05-04 14:46:46 ]
 RunTime:0.000400s SQL = SELECT * FROM hakucms_state WHERE ( `ltime` >= 1241107154 AND `ltime` <= 1241419606 ) AND ( `user` = 'zhouzhigang' )
[ 09-05-04 14:46:46 ]
 RunTime:0.001252s SQL = SELECT * FROM hakucms_document WHERE ( `data` >= 1241107154 AND `data` <= 1241419606 ) AND ( `writer` = 'zhouzhigang' )
[ 09-05-04 14:46:48 ]
 RunTime:0.000631s SQL = SELECT * FROM hakucms_category
[ 09-05-04 14:48:30 ]
 RunTime:0.000368s SQL = SELECT * FROM hakucms_category
[ 09-05-04 14:48:31 ]
 RunTime:0.000357s SQL = SELECT * FROM hakucms_user
[ 09-05-04 14:48:31 ]
 RunTime:0.000402s SQL = SELECT * FROM hakucms_state WHERE ( `ltime` >= 1241107169 AND `ltime` <= 1241419711 ) AND ( `user` = 'raoyuying' )
[ 09-05-04 14:48:31 ]
 RunTime:0.001321s SQL = SELECT * FROM hakucms_document WHERE ( `data` >= 1241107169 AND `data` <= 1241419711 ) AND ( `writer` = 'raoyuying' )
[ 09-05-04 14:48:31 ]
 RunTime:0.000414s SQL = SELECT * FROM hakucms_state WHERE ( `ltime` >= 1241107169 AND `ltime` <= 1241419711 ) AND ( `user` = 'weichenghong' )
[ 09-05-04 14:48:31 ]
 RunTime:0.001317s SQL = SELECT * FROM hakucms_document WHERE ( `data` >= 1241107169 AND `data` <= 1241419711 ) AND ( `writer` = 'weichenghong' )
[ 09-05-04 14:48:31 ]
 RunTime:0.000474s SQL = SELECT * FROM hakucms_state WHERE ( `ltime` >= 1241107169 AND `ltime` <= 1241419711 ) AND ( `user` = 'princehaku' )
[ 09-05-04 14:48:31 ]
 RunTime:0.001287s SQL = SELECT * FROM hakucms_document WHERE ( `data` >= 1241107169 AND `data` <= 1241419711 ) AND ( `writer` = 'princehaku' )
[ 09-05-04 14:48:31 ]
 RunTime:0.000416s SQL = SELECT * FROM hakucms_state WHERE ( `ltime` >= 1241107169 AND `ltime` <= 1241419711 ) AND ( `user` = 'wangyoubing' )
[ 09-05-04 14:48:31 ]
 RunTime:0.001266s SQL = SELECT * FROM hakucms_document WHERE ( `data` >= 1241107169 AND `data` <= 1241419711 ) AND ( `writer` = 'wangyoubing' )
[ 09-05-04 14:48:31 ]
 RunTime:0.000426s SQL = SELECT * FROM hakucms_state WHERE ( `ltime` >= 1241107169 AND `ltime` <= 1241419711 ) AND ( `user` = 'luxun2007' )
[ 09-05-04 14:48:31 ]
 RunTime:0.001217s SQL = SELECT * FROM hakucms_document WHERE ( `data` >= 1241107169 AND `data` <= 1241419711 ) AND ( `writer` = 'luxun2007' )
[ 09-05-04 14:48:31 ]
 RunTime:0.000492s SQL = SELECT * FROM hakucms_state WHERE ( `ltime` >= 1241107169 AND `ltime` <= 1241419711 ) AND ( `user` = 'zhouzhigang' )
[ 09-05-04 14:48:31 ]
 RunTime:0.004320s SQL = SELECT * FROM hakucms_document WHERE ( `data` >= 1241107169 AND `data` <= 1241419711 ) AND ( `writer` = 'zhouzhigang' )
[ 09-05-04 14:48:39 ]
 RunTime:0.000344s SQL = SELECT * FROM hakucms_user
[ 09-05-04 14:48:39 ]
 RunTime:0.000344s SQL = SELECT * FROM hakucms_state WHERE ( `ltime` >= 1241107161 AND `ltime` <= 1241419719 ) AND ( `user` = 'raoyuying' )
[ 09-05-04 14:48:39 ]
 RunTime:0.001287s SQL = SELECT * FROM hakucms_document WHERE ( `data` >= 1241107161 AND `data` <= 1241419719 ) AND ( `writer` = 'raoyuying' )
[ 09-05-04 14:48:39 ]
 RunTime:0.000390s SQL = SELECT * FROM hakucms_state WHERE ( `ltime` >= 1241107161 AND `ltime` <= 1241419719 ) AND ( `user` = 'weichenghong' )
[ 09-05-04 14:48:39 ]
 RunTime:0.001363s SQL = SELECT * FROM hakucms_document WHERE ( `data` >= 1241107161 AND `data` <= 1241419719 ) AND ( `writer` = 'weichenghong' )
[ 09-05-04 14:48:39 ]
 RunTime:0.000467s SQL = SELECT * FROM hakucms_state WHERE ( `ltime` >= 1241107161 AND `ltime` <= 1241419719 ) AND ( `user` = 'princehaku' )
[ 09-05-04 14:48:39 ]
 RunTime:0.001577s SQL = SELECT * FROM hakucms_document WHERE ( `data` >= 1241107161 AND `data` <= 1241419719 ) AND ( `writer` = 'princehaku' )
[ 09-05-04 14:48:39 ]
 RunTime:0.000550s SQL = SELECT * FROM hakucms_state WHERE ( `ltime` >= 1241107161 AND `ltime` <= 1241419719 ) AND ( `user` = 'wangyoubing' )
[ 09-05-04 14:48:39 ]
 RunTime:0.001386s SQL = SELECT * FROM hakucms_document WHERE ( `data` >= 1241107161 AND `data` <= 1241419719 ) AND ( `writer` = 'wangyoubing' )
[ 09-05-04 14:48:39 ]
 RunTime:0.000423s SQL = SELECT * FROM hakucms_state WHERE ( `ltime` >= 1241107161 AND `ltime` <= 1241419719 ) AND ( `user` = 'luxun2007' )
[ 09-05-04 14:48:39 ]
 RunTime:0.001255s SQL = SELECT * FROM hakucms_document WHERE ( `data` >= 1241107161 AND `data` <= 1241419719 ) AND ( `writer` = 'luxun2007' )
[ 09-05-04 14:48:39 ]
 RunTime:0.000395s SQL = SELECT * FROM hakucms_state WHERE ( `ltime` >= 1241107161 AND `ltime` <= 1241419719 ) AND ( `user` = 'zhouzhigang' )
[ 09-05-04 14:48:39 ]
 RunTime:0.001851s SQL = SELECT * FROM hakucms_document WHERE ( `data` >= 1241107161 AND `data` <= 1241419719 ) AND ( `writer` = 'zhouzhigang' )
[ 09-05-04 14:48:44 ]
 RunTime:0.000364s SQL = SELECT * FROM hakucms_category
[ 09-05-04 14:49:49 ]
 RunTime:0.002785s SQL = SHOW COLUMNS FROM hakucms_category
[ 09-05-04 14:49:49 ]
 RunTime:0.001258s SQL = SELECT * FROM hakucms_category
[ 09-05-04 14:53:55 ]
 RunTime:0.003724s SQL = SHOW COLUMNS FROM hakucms_user
[ 09-05-04 14:53:55 ]
 RunTime:0.000531s SQL = SELECT * FROM hakucms_user WHERE ( `id` = '200805030326' )
[ 09-05-04 14:53:55 ]
 RunTime:0.003500s SQL = SHOW COLUMNS FROM hakucms_document
[ 09-05-04 14:53:55 ]
 RunTime:0.002215s SQL = SELECT * FROM hakucms_document WHERE ( `data` >= 1238828035 AND `data` <= 1241420035 ) AND ( `exam` = 0 ) ORDER BY data DESC
[ 09-05-04 14:53:55 ]
 RunTime:0.000366s SQL = SELECT * FROM hakucms_category
[ 09-05-04 14:56:24 ]
 RunTime:0.000390s SQL = SELECT * FROM hakucms_category
[ 09-05-04 14:57:20 ]
 RunTime:0.000388s SQL = SELECT * FROM hakucms_user WHERE ( `id` = '200805030326' )
[ 09-05-04 14:57:20 ]
 RunTime:0.002128s SQL = SELECT * FROM hakucms_document WHERE ( `data` >= 1238828240 AND `data` <= 1241420240 ) AND ( `exam` = 0 ) ORDER BY data DESC
[ 09-05-04 14:57:23 ]
 RunTime:0.000362s SQL = SELECT * FROM hakucms_user WHERE ( `id` = '200805030326' )
[ 09-05-04 14:57:23 ]
 RunTime:0.002114s SQL = SELECT * FROM hakucms_document WHERE ( `data` >= 1238828243 AND `data` <= 1241420243 ) AND ( `exam` = 0 ) ORDER BY data DESC
[ 09-05-04 14:57:24 ]
 RunTime:0.000394s SQL = SELECT * FROM hakucms_user WHERE ( `id` = '200805030326' )
[ 09-05-04 14:57:24 ]
 RunTime:0.002906s SQL = SELECT * FROM hakucms_document WHERE ( `data` >= 1238828244 AND `data` <= 1241420244 ) AND ( `exam` = 0 ) ORDER BY data DESC
[ 09-05-04 14:58:07 ]
 RunTime:0.000483s SQL = SELECT * FROM hakucms_user WHERE ( `id` = '200805030326' )
[ 09-05-04 14:58:07 ]
 RunTime:0.002207s SQL = SELECT * FROM hakucms_document WHERE ( `data` >= 1238828287 AND `data` <= 1241420287 ) AND ( `exam` = 0 ) ORDER BY data DESC
[ 09-05-04 14:58:09 ]
 RunTime:0.000334s SQL = SELECT * FROM hakucms_user WHERE ( `id` = '200805030326' )
[ 09-05-04 14:58:09 ]
 RunTime:0.001906s SQL = SELECT * FROM hakucms_document WHERE ( `data` >= 1238828289 AND `data` <= 1241420289 ) AND ( `exam` = 0 ) ORDER BY data DESC
[ 09-05-04 14:58:15 ]
 RunTime:0.000345s SQL = SELECT * FROM hakucms_user WHERE ( `id` = '200805030326' )
[ 09-05-04 14:58:15 ]
 RunTime:0.001657s SQL = SELECT * FROM hakucms_document WHERE ( `data` >= 1238828295 AND `data` <= 1241420295 ) AND ( `exam` = 0 ) ORDER BY data DESC
[ 09-05-04 14:58:17 ]
 RunTime:0.000433s SQL = SELECT * FROM hakucms_user WHERE ( `id` = '200805030326' )
[ 09-05-04 14:58:17 ]
 RunTime:0.011160s SQL = SELECT * FROM hakucms_document WHERE ( `data` >= 1238828297 AND `data` <= 1241420297 ) ORDER BY data DESC
[ 09-05-04 14:58:20 ]
 RunTime:0.000360s SQL = SELECT * FROM hakucms_user WHERE ( `id` = '200805030326' )
[ 09-05-04 14:58:20 ]
 RunTime:0.010223s SQL = SELECT * FROM hakucms_document WHERE ( `data` >= 1238828300 AND `data` <= 1241420300 ) ORDER BY data DESC
[ 09-05-04 14:58:23 ]
 RunTime:0.001337s SQL = SELECT * FROM hakucms_user WHERE ( `id` = '200805030326' )
[ 09-05-04 14:58:23 ]
 RunTime:0.014553s SQL = SELECT * FROM hakucms_document WHERE ( `data` >= 1238828303 AND `data` <= 1241420303 ) ORDER BY data DESC
[ 09-05-04 14:58:25 ]
 RunTime:0.000390s SQL = SELECT * FROM hakucms_user WHERE ( `id` = '200805030326' )
[ 09-05-04 14:58:25 ]
 RunTime:0.009874s SQL = SELECT * FROM hakucms_document WHERE ( `data` >= 1238828305 AND `data` <= 1241420305 ) ORDER BY data DESC
[ 09-05-04 14:59:04 ]
 RunTime:0.000362s SQL = SELECT * FROM hakucms_user WHERE ( `id` = '200805030326' )
[ 09-05-04 14:59:04 ]
 RunTime:0.000637s SQL = SELECT * FROM hakucms_document WHERE ( `id` = '166' )
[ 09-05-04 14:59:04 ]
 RunTime:0.000447s SQL = SELECT * FROM hakucms_category
[ 09-05-04 15:01:12 ]
 RunTime:0.000447s SQL = SELECT * FROM hakucms_category
[ 09-05-04 15:01:14 ]
 RunTime:0.000362s SQL = SELECT * FROM hakucms_user WHERE ( `id` = '200805030326' )
[ 09-05-04 15:01:14 ]
 RunTime:0.002147s SQL = SELECT * FROM hakucms_document WHERE ( `data` >= 1238828474 AND `data` <= 1241420474 ) AND ( `exam` = 0 ) ORDER BY data DESC
[ 09-05-04 15:01:15 ]
 RunTime:0.000381s SQL = SELECT * FROM hakucms_document WHERE ( `id` = '170' ) LIMIT 1 
[ 09-05-04 15:01:15 ]
 RunTime:0.000343s SQL = SELECT * FROM hakucms_category WHERE ( `id` = '99' )
[ 09-05-04 15:01:15 ]
 RunTime:0.000328s SQL = SELECT * FROM hakucms_category WHERE ( `upcat` = 0 ) AND ( `type` = 1 )
[ 09-05-04 15:01:15 ]
 RunTime:0.002153s SQL = SELECT * FROM hakucms_document WHERE ( `cateid` = 1 ) AND ( `exam` = 1 ) ORDER BY data DESC LIMIT 10 
[ 09-05-04 15:01:15 ]
 RunTime:0.001775s SQL = SELECT * FROM hakucms_document WHERE ( `cateid` != 1 ) AND ( `exam` = 1 ) ORDER BY data DESC LIMIT 5 
[ 09-05-04 15:01:18 ]
 RunTime:0.000361s SQL = SELECT * FROM hakucms_document WHERE ( `id` = '170' ) LIMIT 1 
[ 09-05-04 15:01:18 ]
 RunTime:0.000300s SQL = SELECT * FROM hakucms_category WHERE ( `id` = '99' )
[ 09-05-04 15:01:18 ]
 RunTime:0.000341s SQL = SELECT * FROM hakucms_category WHERE ( `upcat` = 0 ) AND ( `type` = 1 )
[ 09-05-04 15:01:18 ]
 RunTime:0.002159s SQL = SELECT * FROM hakucms_document WHERE ( `cateid` = 1 ) AND ( `exam` = 1 ) ORDER BY data DESC LIMIT 10 
[ 09-05-04 15:01:18 ]
 RunTime:0.007955s SQL = SELECT * FROM hakucms_document WHERE ( `cateid` != 1 ) AND ( `exam` = 1 ) ORDER BY data DESC LIMIT 5 
[ 09-05-04 15:01:22 ]
 RunTime:0.000368s SQL = SELECT * FROM hakucms_user WHERE ( `id` = '200805030326' )
[ 09-05-04 15:01:22 ]
 RunTime:0.000451s SQL = SELECT * FROM hakucms_document WHERE ( `id` = '170' )
[ 09-05-04 15:01:22 ]
 RunTime:0.000437s SQL = SELECT * FROM hakucms_category
[ 09-05-04 15:05:08 ]
 RunTime:0.001284s SQL = SELECT * FROM hakucms_user WHERE ( `id` = '200805030326' )
[ 09-05-04 15:05:08 ]
 RunTime:0.010650s SQL = SELECT * FROM hakucms_document WHERE ( `data` >= 1238828708 AND `data` <= 1241420708 ) ORDER BY data DESC
[ 09-05-04 15:05:18 ]
 RunTime:0.000381s SQL = SELECT * FROM hakucms_user WHERE ( `id` = '200805030326' )
[ 09-05-04 15:05:18 ]
 RunTime:0.002756s SQL = SELECT * FROM hakucms_document WHERE ( `data` >= 1238828718 AND `data` <= 1241420718 ) AND ( `exam` = 0 ) ORDER BY data DESC
[ 09-05-04 15:05:19 ]
 RunTime:0.000522s SQL = SELECT * FROM hakucms_user WHERE ( `id` = '200805030326' )
[ 09-05-04 15:05:19 ]
 RunTime:0.009895s SQL = SELECT * FROM hakucms_document WHERE ( `data` >= 1238828719 AND `data` <= 1241420719 ) ORDER BY data DESC
[ 09-05-04 15:05:36 ]
 RunTime:0.000439s SQL = SELECT * FROM hakucms_user WHERE ( `id` = '200805030326' )
[ 09-05-04 15:05:36 ]
 RunTime:0.008238s SQL = SELECT * FROM hakucms_document WHERE ( `data` >= 1238828736 AND `data` <= 1241420736 ) ORDER BY data DESC
[ 09-05-04 15:05:59 ]
 RunTime:0.000317s SQL = SELECT * FROM hakucms_user WHERE ( `id` = '200805030326' )
[ 09-05-04 15:05:59 ]
 RunTime:0.005347s SQL = SELECT * FROM hakucms_document WHERE ( `data` >= 1238828759 AND `data` <= 1241420759 ) ORDER BY data DESC
[ 09-05-04 15:06:00 ]
 RunTime:0.000284s SQL = SELECT * FROM hakucms_user WHERE ( `id` = '200805030326' )
[ 09-05-04 15:06:01 ]
 RunTime:0.005207s SQL = SELECT * FROM hakucms_document WHERE ( `data` >= 1238828761 AND `data` <= 1241420761 ) ORDER BY data DESC
[ 09-05-04 15:06:12 ]
 RunTime:0.000326s SQL = SELECT * FROM hakucms_user WHERE ( `id` = '200805030326' )
[ 09-05-04 15:06:12 ]
 RunTime:0.009942s SQL = SELECT * FROM hakucms_document WHERE ( `data` >= 1238828772 AND `data` <= 1241420772 ) ORDER BY data DESC
[ 09-05-04 15:06:19 ]
 RunTime:0.000361s SQL = SELECT * FROM hakucms_user WHERE ( `id` = '200805030326' )
[ 09-05-04 15:06:19 ]
 RunTime:0.003770s SQL = SELECT * FROM hakucms_document WHERE ( `data` >= 1238828779 AND `data` <= 1241420779 ) AND ( `exam` = 0 ) ORDER BY data DESC
[ 09-05-04 15:06:20 ]
 RunTime:0.000339s SQL = SELECT * FROM hakucms_user WHERE ( `id` = '200805030326' )
[ 09-05-04 15:06:20 ]
 RunTime:0.011106s SQL = SELECT * FROM hakucms_document WHERE ( `data` >= 1238828780 AND `data` <= 1241420780 ) ORDER BY data DESC
[ 09-05-04 15:07:35 ]
 RunTime:0.000442s SQL = SELECT * FROM hakucms_user WHERE ( `id` = '200805030326' )
[ 09-05-04 15:07:35 ]
 RunTime:0.000566s SQL = SELECT * FROM hakucms_document WHERE ( `id` = '170' )
[ 09-05-04 15:07:35 ]
 RunTime:0.000445s SQL = SELECT * FROM hakucms_category
[ 09-05-04 15:10:51 ]
 RunTime:0.001405s SQL = SELECT * FROM hakucms_category
[ 09-05-04 15:10:59 ]
 RunTime:0.000328s SQL = SELECT * FROM hakucms_category
[ 09-05-04 15:11:00 ]
 RunTime:0.000419s SQL = SELECT * FROM hakucms_user WHERE ( `id` = '200805030326' )
[ 09-05-04 15:11:00 ]
 RunTime:0.009618s SQL = SELECT * FROM hakucms_document WHERE ( `data` >= 1238829060 AND `data` <= 1241421060 ) ORDER BY data DESC
[ 09-05-04 15:11:03 ]
 RunTime:0.000443s SQL = SELECT * FROM hakucms_document WHERE ( `id` = '171' ) LIMIT 1 
[ 09-05-04 15:11:03 ]
 RunTime:0.000432s SQL = SELECT * FROM hakucms_category WHERE ( `id` = '41' )
[ 09-05-04 15:11:03 ]
 RunTime:0.000566s SQL = SELECT * FROM hakucms_category WHERE ( `upcat` = 0 ) AND ( `type` = 1 )
[ 09-05-04 15:11:03 ]
 RunTime:0.002376s SQL = SELECT * FROM hakucms_document WHERE ( `cateid` = 1 ) AND ( `exam` = 1 ) ORDER BY data DESC LIMIT 10 
[ 09-05-04 15:11:03 ]
 RunTime:0.002674s SQL = SELECT * FROM hakucms_document WHERE ( `cateid` != 1 ) AND ( `exam` = 1 ) ORDER BY data DESC LIMIT 5 
[ 09-05-04 15:12:17 ]
 RunTime:0.000373s SQL = SELECT * FROM hakucms_user WHERE ( `id` = '200805030326' )
[ 09-05-04 15:12:17 ]
 RunTime:0.002187s SQL = SELECT * FROM hakucms_document WHERE ( `data` >= 1238829137 AND `data` <= 1241421137 ) AND ( `exam` = 0 ) ORDER BY data DESC
[ 09-05-04 15:12:18 ]
 RunTime:0.000396s SQL = SELECT * FROM hakucms_category
[ 09-05-04 15:12:19 ]
 RunTime:0.000515s SQL = SELECT * FROM hakucms_category
[ 09-05-04 15:12:20 ]
 RunTime:0.000372s SQL = SELECT * FROM hakucms_user WHERE ( `id` = '200805030326' )
[ 09-05-04 15:12:20 ]
 RunTime:0.013554s SQL = SELECT * FROM hakucms_document WHERE ( `data` >= 1238829140 AND `data` <= 1241421140 ) ORDER BY data DESC
[ 09-05-04 15:12:22 ]
 RunTime:0.000386s SQL = SELECT * FROM hakucms_user WHERE ( `id` = '200805030326' )
[ 09-05-04 15:12:22 ]
 RunTime:0.000743s SQL = SELECT * FROM hakucms_document WHERE ( `id` = '171' )
[ 09-05-04 15:12:22 ]
 RunTime:0.001342s SQL = SELECT * FROM hakucms_category
[ 09-05-04 15:13:16 ]
 RunTime:0.000383s SQL = SELECT * FROM hakucms_user WHERE ( `id` = '200805030326' )
[ 09-05-04 15:13:16 ]
 RunTime:0.002292s SQL = SELECT * FROM hakucms_document WHERE ( `data` >= 1238829196 AND `data` <= 1241421196 ) AND ( `exam` = 0 ) ORDER BY data DESC
[ 09-05-04 15:13:17 ]
 RunTime:0.000372s SQL = SELECT * FROM hakucms_user WHERE ( `id` = '200805030326' )
[ 09-05-04 15:13:17 ]
 RunTime:0.010829s SQL = SELECT * FROM hakucms_document WHERE ( `data` >= 1238829197 AND `data` <= 1241421197 ) ORDER BY data DESC
[ 09-05-04 15:13:18 ]
 RunTime:0.000336s SQL = SELECT * FROM hakucms_user WHERE ( `id` = '200805030326' )
[ 09-05-04 15:13:18 ]
 RunTime:0.002133s SQL = SELECT * FROM hakucms_document WHERE ( `data` >= 1238829198 AND `data` <= 1241421198 ) AND ( `exam` = 0 ) ORDER BY data DESC
[ 09-05-04 15:27:16 ]
 RunTime:0.000373s SQL = SELECT * FROM hakucms_category
[ 09-05-04 15:28:55 ]
 RunTime:0.000435s SQL = SELECT * FROM hakucms_user WHERE ( `id` = '200805030326' )
[ 09-05-04 15:28:55 ]
 RunTime:0.010109s SQL = SELECT * FROM hakucms_document WHERE ( `data` >= 1238830135 AND `data` <= 1241422135 ) ORDER BY data DESC
[ 09-05-04 15:28:59 ]
 RunTime:0.000352s SQL = SELECT * FROM hakucms_user WHERE ( `id` = '200805030326' )
[ 09-05-04 15:28:59 ]
 RunTime:0.009409s SQL = SELECT * FROM hakucms_document WHERE ( `data` >= 1238830139 AND `data` <= 1241422139 ) ORDER BY data DESC
[ 09-05-04 15:29:51 ]
 RunTime:0.000587s SQL = SELECT * FROM hakucms_user WHERE ( `id` = '200805030326' )
[ 09-05-04 15:29:51 ]
 RunTime:0.021881s SQL = SELECT * FROM hakucms_document WHERE ( `data` >= 1238830191 AND `data` <= 1241422191 ) ORDER BY data DESC
[ 09-05-04 15:30:03 ]
 RunTime:0.003543s SQL = SHOW COLUMNS FROM hakucms_state
[ 09-05-04 15:30:03 ]
 RunTime:0.001832s SQL = SELECT * FROM hakucms_user
[ 09-05-04 15:30:03 ]
 RunTime:0.000537s SQL = SELECT * FROM hakucms_state WHERE ( `ltime` >= 1241107197 AND `ltime` <= 1241422203 ) AND ( `user` = 'raoyuying' )
[ 09-05-04 15:30:03 ]
 RunTime:0.001249s SQL = SELECT * FROM hakucms_document WHERE ( `data` >= 1241107197 AND `data` <= 1241422203 ) AND ( `writer` = 'raoyuying' )
[ 09-05-04 15:30:03 ]
 RunTime:0.000484s SQL = SELECT * FROM hakucms_state WHERE ( `ltime` >= 1241107197 AND `ltime` <= 1241422203 ) AND ( `user` = 'weichenghong' )
[ 09-05-04 15:30:03 ]
 RunTime:0.008337s SQL = SELECT * FROM hakucms_document WHERE ( `data` >= 1241107197 AND `data` <= 1241422203 ) AND ( `writer` = 'weichenghong' )
[ 09-05-04 15:30:03 ]
 RunTime:0.000453s SQL = SELECT * FROM hakucms_state WHERE ( `ltime` >= 1241107197 AND `ltime` <= 1241422203 ) AND ( `user` = 'princehaku' )
[ 09-05-04 15:30:03 ]
 RunTime:0.001832s SQL = SELECT * FROM hakucms_document WHERE ( `data` >= 1241107197 AND `data` <= 1241422203 ) AND ( `writer` = 'princehaku' )
[ 09-05-04 15:30:03 ]
 RunTime:0.000996s SQL = SELECT * FROM hakucms_state WHERE ( `ltime` >= 1241107197 AND `ltime` <= 1241422203 ) AND ( `user` = 'wangyoubing' )
[ 09-05-04 15:30:03 ]
 RunTime:0.001906s SQL = SELECT * FROM hakucms_document WHERE ( `data` >= 1241107197 AND `data` <= 1241422203 ) AND ( `writer` = 'wangyoubing' )
[ 09-05-04 15:30:03 ]
 RunTime:0.000505s SQL = SELECT * FROM hakucms_state WHERE ( `ltime` >= 1241107197 AND `ltime` <= 1241422203 ) AND ( `user` = 'luxun2007' )
[ 09-05-04 15:30:03 ]
 RunTime:0.001554s SQL = SELECT * FROM hakucms_document WHERE ( `data` >= 1241107197 AND `data` <= 1241422203 ) AND ( `writer` = 'luxun2007' )
[ 09-05-04 15:30:03 ]
 RunTime:0.000455s SQL = SELECT * FROM hakucms_state WHERE ( `ltime` >= 1241107197 AND `ltime` <= 1241422203 ) AND ( `user` = 'zhouzhigang' )
[ 09-05-04 15:30:03 ]
 RunTime:0.001492s SQL = SELECT * FROM hakucms_document WHERE ( `data` >= 1241107197 AND `data` <= 1241422203 ) AND ( `writer` = 'zhouzhigang' )
[ 09-05-04 15:30:19 ]
 RunTime:0.000436s SQL = SELECT * FROM hakucms_user WHERE ( `id` = '200805030326' )
[ 09-05-04 15:30:19 ]
 RunTime:0.010733s SQL = SELECT * FROM hakucms_document WHERE ( `data` >= 1238830219 AND `data` <= 1241422219 ) ORDER BY data DESC
[ 09-05-04 15:30:24 ]
 RunTime:0.000362s SQL = SELECT * FROM hakucms_user
[ 09-05-04 15:30:24 ]
 RunTime:0.000430s SQL = SELECT * FROM hakucms_state WHERE ( `ltime` >= 1241107176 AND `ltime` <= 1241422224 ) AND ( `user` = 'raoyuying' )
[ 09-05-04 15:30:24 ]
 RunTime:0.001216s SQL = SELECT * FROM hakucms_document WHERE ( `data` >= 1241107176 AND `data` <= 1241422224 ) AND ( `writer` = 'raoyuying' )
[ 09-05-04 15:30:24 ]
 RunTime:0.000389s SQL = SELECT * FROM hakucms_state WHERE ( `ltime` >= 1241107176 AND `ltime` <= 1241422224 ) AND ( `user` = 'weichenghong' )
[ 09-05-04 15:30:24 ]
 RunTime:0.001154s SQL = SELECT * FROM hakucms_document WHERE ( `data` >= 1241107176 AND `data` <= 1241422224 ) AND ( `writer` = 'weichenghong' )
[ 09-05-04 15:30:24 ]
 RunTime:0.000385s SQL = SELECT * FROM hakucms_state WHERE ( `ltime` >= 1241107176 AND `ltime` <= 1241422224 ) AND ( `user` = 'princehaku' )
[ 09-05-04 15:30:24 ]
 RunTime:0.001343s SQL = SELECT * FROM hakucms_document WHERE ( `data` >= 1241107176 AND `data` <= 1241422224 ) AND ( `writer` = 'princehaku' )
[ 09-05-04 15:30:24 ]
 RunTime:0.000468s SQL = SELECT * FROM hakucms_state WHERE ( `ltime` >= 1241107176 AND `ltime` <= 1241422224 ) AND ( `user` = 'wangyoubing' )
[ 09-05-04 15:30:24 ]
 RunTime:0.001259s SQL = SELECT * FROM hakucms_document WHERE ( `data` >= 1241107176 AND `data` <= 1241422224 ) AND ( `writer` = 'wangyoubing' )
[ 09-05-04 15:30:24 ]
 RunTime:0.000412s SQL = SELECT * FROM hakucms_state WHERE ( `ltime` >= 1241107176 AND `ltime` <= 1241422224 ) AND ( `user` = 'luxun2007' )
[ 09-05-04 15:30:24 ]
 RunTime:0.001246s SQL = SELECT * FROM hakucms_document WHERE ( `data` >= 1241107176 AND `data` <= 1241422224 ) AND ( `writer` = 'luxun2007' )
[ 09-05-04 15:30:24 ]
 RunTime:0.000393s SQL = SELECT * FROM hakucms_state WHERE ( `ltime` >= 1241107176 AND `ltime` <= 1241422224 ) AND ( `user` = 'zhouzhigang' )
[ 09-05-04 15:30:24 ]
 RunTime:0.001197s SQL = SELECT * FROM hakucms_document WHERE ( `data` >= 1241107176 AND `data` <= 1241422224 ) AND ( `writer` = 'zhouzhigang' )
[ 09-05-04 15:30:25 ]
 RunTime:0.000742s SQL = SELECT * FROM hakucms_user WHERE ( `id` = '200805030326' )
[ 09-05-04 15:30:25 ]
 RunTime:0.009346s SQL = SELECT * FROM hakucms_document WHERE ( `data` >= 1238830225 AND `data` <= 1241422225 ) ORDER BY data DESC
[ 09-05-04 15:31:54 ]
 RunTime:0.000552s SQL = SELECT * FROM hakucms_user WHERE ( `id` = '200805030326' )
[ 09-05-04 15:34:04 ]
 RunTime:0.001255s SQL = SELECT * FROM hakucms_user WHERE ( `id` = '200805030326' )
[ 09-05-04 15:36:23 ]
 RunTime:0.000382s SQL = SELECT * FROM hakucms_user WHERE ( `username` = 'sdaaasd' )
[ 09-05-04 15:36:23 ]
 RunTime:0.000344s SQL = SELECT * FROM hakucms_user WHERE ( `username` = 'sdaaasd' )
[ 09-05-04 15:36:23 ]
 RunTime:0.000389s SQL = SELECT * FROM hakucms_user WHERE ( `username` = 'sdaaasd' )
[ 09-05-04 15:36:23 ]
 RunTime:0.000339s SQL = SELECT * FROM hakucms_user WHERE ( `username` = 'sdaaasdd' )
[ 09-05-04 15:36:24 ]
 RunTime:0.000346s SQL = SELECT * FROM hakucms_user WHERE ( `username` = 'sdaaasddas' )
[ 09-05-04 15:36:24 ]
 RunTime:0.000338s SQL = SELECT * FROM hakucms_user WHERE ( `username` = 'sdaaasddasd' )
[ 09-05-04 15:36:24 ]
 RunTime:0.000383s SQL = SELECT * FROM hakucms_user WHERE ( `username` = 'sdaaasddasd' )
[ 09-05-04 15:36:26 ]
 RunTime:0.000373s SQL = SELECT * FROM hakucms_user WHERE ( `username` = 'prince' )
[ 09-05-04 15:36:26 ]
 RunTime:0.001481s SQL = SELECT * FROM hakucms_user WHERE ( `username` = 'princeh' )
[ 09-05-04 15:36:26 ]
 RunTime:0.000559s SQL = SELECT * FROM hakucms_user WHERE ( `username` = 'princeha' )
[ 09-05-04 15:36:26 ]
 RunTime:0.000381s SQL = SELECT * FROM hakucms_user WHERE ( `username` = 'princehak' )
[ 09-05-04 15:36:26 ]
 RunTime:0.000361s SQL = SELECT * FROM hakucms_user WHERE ( `username` = 'princehaku' )
[ 09-05-04 15:36:35 ]
 RunTime:0.000430s SQL = SELECT * FROM hakucms_user WHERE ( `username` = 'weichenghong' )
[ 09-05-04 15:36:35 ]
 RunTime:0.000343s SQL = SELECT * FROM hakucms_user WHERE ( `username` = 'weichenghong' )
[ 09-05-04 15:36:42 ]
 RunTime:0.000412s SQL = SELECT * FROM hakucms_user WHERE ( `username` = 'princehaku' )
[ 09-05-04 15:36:42 ]
 RunTime:0.012130s SQL = SELECT * FROM hakucms_user WHERE ( `username` = 'princehaku' )
[ 09-05-04 15:36:44 ]
 RunTime:0.000339s SQL = SELECT * FROM hakucms_user WHERE ( `username` = 'adsasdas' )
[ 09-05-04 15:36:44 ]
 RunTime:0.000340s SQL = SELECT * FROM hakucms_user WHERE ( `username` = 'adsasdas' )
[ 09-05-04 15:36:44 ]
 RunTime:0.000336s SQL = SELECT * FROM hakucms_user WHERE ( `username` = 'adsasdas' )
[ 09-05-04 15:36:44 ]
 RunTime:0.000332s SQL = SELECT * FROM hakucms_user WHERE ( `username` = 'adsasdasdas' )
[ 09-05-04 15:36:44 ]
 RunTime:0.000362s SQL = SELECT * FROM hakucms_user WHERE ( `username` = 'adsasdasdas' )
[ 09-05-04 15:36:44 ]
 RunTime:0.000349s SQL = SELECT * FROM hakucms_user WHERE ( `username` = 'adsasdasdas' )
[ 09-05-04 15:45:15 ]
 RunTime:0.000867s SQL = SELECT * FROM hakucms_user WHERE ( `username` = 'dawdassasddawes' )
[ 09-05-04 15:45:15 ]
 RunTime:0.000316s SQL = SELECT * FROM hakucms_user WHERE ( `username` = 'dawdassasddawes' )
[ 09-05-04 15:45:16 ]
 RunTime:0.000364s SQL = SELECT * FROM hakucms_user WHERE ( `username` = 'dawdassasddawwe' )
[ 09-05-04 15:45:16 ]
 RunTime:0.000374s SQL = SELECT * FROM hakucms_user WHERE ( `username` = 'dawdassasddawwe' )
[ 09-05-04 15:48:12 ]
 RunTime:0.000352s SQL = SELECT * FROM hakucms_user WHERE ( `username` = '132123' )
[ 09-05-04 15:48:12 ]
 RunTime:0.000318s SQL = SELECT * FROM hakucms_user WHERE ( `username` = '132123' )
[ 09-05-04 15:48:28 ]
 RunTime:0.000391s SQL = SELECT * FROM hakucms_user WHERE ( `username` = '1321233' )
[ 09-05-04 15:51:22 ]
 RunTime:0.000268s SQL = SELECT * FROM hakucms_user WHERE ( `username` = 'princehaku' )
[ 09-05-04 15:57:56 ]
 RunTime:0.000405s SQL = SELECT * FROM hakucms_user WHERE ( `username` = 'rootads' )
[ 09-05-04 15:57:56 ]
 RunTime:0.000298s SQL = SELECT * FROM hakucms_user WHERE ( `username` = 'rootads' )
[ 09-05-04 15:57:56 ]
 RunTime:0.001916s SQL = SELECT * FROM hakucms_user WHERE ( `username` = 'rootads' )
[ 09-05-04 15:57:57 ]
 RunTime:0.000374s SQL = SELECT * FROM hakucms_user WHERE ( `username` = 'rootadsdas' )
[ 09-05-04 15:57:57 ]
 RunTime:0.000287s SQL = SELECT * FROM hakucms_user WHERE ( `username` = 'rootadsdas' )
[ 09-05-04 15:57:57 ]
 RunTime:0.000372s SQL = SELECT * FROM hakucms_user WHERE ( `username` = 'rootadsdas' )
[ 09-05-04 15:58:26 ]
 RunTime:0.000465s SQL = SELECT * FROM hakucms_user WHERE ( `username` = 'rootdd' )
[ 09-05-04 15:58:30 ]
 RunTime:0.000408s SQL = SELECT * FROM hakucms_user WHERE ( `username` = 'rootas' )
[ 09-05-04 15:58:30 ]
 RunTime:0.000313s SQL = SELECT * FROM hakucms_user WHERE ( `username` = 'rootas' )
[ 09-05-04 15:58:30 ]
 RunTime:0.000337s SQL = SELECT * FROM hakucms_user WHERE ( `username` = 'rootasd' )
[ 09-05-04 16:02:54 ]
 RunTime:0.000362s SQL = SELECT * FROM hakucms_user WHERE ( `username` = 'root打算打算' )
[ 09-05-04 16:03:07 ]
 RunTime:0.000325s SQL = SELECT * FROM hakucms_user WHERE ( `username` = 'rootasd' )
[ 09-05-04 16:03:07 ]
 RunTime:0.000282s SQL = SELECT * FROM hakucms_user WHERE ( `username` = 'rootasd' )
[ 09-05-04 16:03:07 ]
 RunTime:0.000429s SQL = SELECT * FROM hakucms_user WHERE ( `username` = 'rootasd' )
[ 09-05-04 16:03:07 ]
 RunTime:0.000332s SQL = SELECT * FROM hakucms_user WHERE ( `username` = 'rootasdas' )
[ 09-05-04 16:03:07 ]
 RunTime:0.000334s SQL = SELECT * FROM hakucms_user WHERE ( `username` = 'rootasdas' )
[ 09-05-04 16:03:07 ]
 RunTime:0.000291s SQL = SELECT * FROM hakucms_user WHERE ( `username` = 'rootasdasd' )
[ 09-05-04 16:05:13 ]
 RunTime:0.000306s SQL = SELECT * FROM hakucms_user WHERE ( `username` = 'admin1' )
[ 09-05-04 16:05:13 ]
 RunTime:0.000324s SQL = SELECT * FROM hakucms_user WHERE ( `username` = 'admin11' )
[ 09-05-04 16:05:13 ]
 RunTime:0.000420s SQL = SELECT * FROM hakucms_user WHERE ( `username` = 'admin111' )
[ 09-05-04 16:06:21 ]
 RunTime:0.000483s SQL = SELECT * FROM hakucms_user WHERE ( `id` = '200805030326' )
[ 09-05-04 16:06:41 ]
 RunTime:0.000310s SQL = SELECT * FROM hakucms_user WHERE ( `id` = '200805030326' )
[ 09-05-04 16:06:42 ]
 RunTime:0.000323s SQL = SELECT * FROM hakucms_user WHERE ( `id` = '200805030326' )
[ 09-05-04 16:07:41 ]
 RunTime:0.000760s SQL = SELECT * FROM hakucms_user WHERE ( `id` = '1' )
[ 09-05-04 16:07:59 ]
 RunTime:0.000428s SQL = SELECT * FROM hakucms_user WHERE ( `id` = '1' )
[ 09-05-04 16:08:01 ]
 RunTime:0.000354s SQL = SELECT * FROM hakucms_user
[ 09-05-04 16:08:01 ]
 RunTime:0.000502s SQL = SELECT * FROM hakucms_state WHERE ( `ltime` >= 1241107199 AND `ltime` <= 1241424481 ) AND ( `user` = '' )
[ 09-05-04 16:08:01 ]
 RunTime:0.001797s SQL = SELECT * FROM hakucms_document WHERE ( `data` >= 1241107199 AND `data` <= 1241424481 ) AND ( `writer` = '' )
[ 09-05-04 16:08:01 ]
 RunTime:0.000675s SQL = SELECT * FROM hakucms_state WHERE ( `ltime` >= 1241107199 AND `ltime` <= 1241424481 ) AND ( `user` = '' )
[ 09-05-04 16:08:01 ]
 RunTime:0.001410s SQL = SELECT * FROM hakucms_document WHERE ( `data` >= 1241107199 AND `data` <= 1241424481 ) AND ( `writer` = '' )
[ 09-05-04 16:08:03 ]
 RunTime:0.000336s SQL = SELECT * FROM hakucms_user WHERE ( `id` = '1' )
[ 09-05-04 16:08:03 ]
 RunTime:0.009680s SQL = SELECT * FROM hakucms_document WHERE ( `data` >= 1238832483 AND `data` <= 1241424483 ) ORDER BY data DESC
[ 09-05-04 16:08:03 ]
 RunTime:0.000315s SQL = SELECT * FROM hakucms_user
[ 09-05-04 16:08:03 ]
 RunTime:0.000350s SQL = SELECT * FROM hakucms_state WHERE ( `ltime` >= 1241107197 AND `ltime` <= 1241424483 ) AND ( `user` = '' )
[ 09-05-04 16:08:03 ]
 RunTime:0.005847s SQL = SELECT * FROM hakucms_document WHERE ( `data` >= 1241107197 AND `data` <= 1241424483 ) AND ( `writer` = '' )
[ 09-05-04 16:08:03 ]
 RunTime:0.000413s SQL = SELECT * FROM hakucms_state WHERE ( `ltime` >= 1241107197 AND `ltime` <= 1241424483 ) AND ( `user` = '' )
[ 09-05-04 16:08:03 ]
 RunTime:0.002404s SQL = SELECT * FROM hakucms_document WHERE ( `data` >= 1241107197 AND `data` <= 1241424483 ) AND ( `writer` = '' )
[ 09-05-04 16:09:20 ]
 RunTime:0.000296s SQL = SELECT * FROM hakucms_user
[ 09-05-04 16:09:20 ]
 RunTime:0.000294s SQL = SELECT * FROM hakucms_state WHERE ( `ltime` >= 1241107180 AND `ltime` <= 1241424560 ) AND ( `user` = '' )
[ 09-05-04 16:09:20 ]
 RunTime:0.001646s SQL = SELECT * FROM hakucms_document WHERE ( `data` >= 1241107180 AND `data` <= 1241424560 ) AND ( `writer` = '' )
[ 09-05-04 16:09:20 ]
 RunTime:0.000372s SQL = SELECT * FROM hakucms_state WHERE ( `ltime` >= 1241107180 AND `ltime` <= 1241424560 ) AND ( `user` = '' )
[ 09-05-04 16:09:20 ]
 RunTime:0.001231s SQL = SELECT * FROM hakucms_document WHERE ( `data` >= 1241107180 AND `data` <= 1241424560 ) AND ( `writer` = '' )
[ 09-05-04 16:09:20 ]
 RunTime:0.000297s SQL = SELECT * FROM hakucms_user
[ 09-05-04 16:09:20 ]
 RunTime:0.000305s SQL = SELECT * FROM hakucms_state WHERE ( `ltime` >= 1241107180 AND `ltime` <= 1241424560 ) AND ( `user` = '' )
[ 09-05-04 16:09:20 ]
 RunTime:0.001241s SQL = SELECT * FROM hakucms_document WHERE ( `data` >= 1241107180 AND `data` <= 1241424560 ) AND ( `writer` = '' )
[ 09-05-04 16:09:20 ]
 RunTime:0.000639s SQL = SELECT * FROM hakucms_state WHERE ( `ltime` >= 1241107180 AND `ltime` <= 1241424560 ) AND ( `user` = '' )
[ 09-05-04 16:09:20 ]
 RunTime:0.001277s SQL = SELECT * FROM hakucms_document WHERE ( `data` >= 1241107180 AND `data` <= 1241424560 ) AND ( `writer` = '' )
[ 09-05-04 16:09:34 ]
 RunTime:0.000458s SQL = SELECT * FROM hakucms_user WHERE ( `id` = '1' )
[ 09-05-04 16:09:35 ]
 RunTime:0.000314s SQL = SELECT * FROM hakucms_user
[ 09-05-04 16:09:35 ]
 RunTime:0.000389s SQL = SELECT * FROM hakucms_state WHERE ( `ltime` >= 1241107165 AND `ltime` <= 1241424575 ) AND ( `user` = '' )
[ 09-05-04 16:09:35 ]
 RunTime:0.002708s SQL = SELECT * FROM hakucms_document WHERE ( `data` >= 1241107165 AND `data` <= 1241424575 ) AND ( `writer` = '' )
[ 09-05-04 16:09:35 ]
 RunTime:0.000486s SQL = SELECT * FROM hakucms_state WHERE ( `ltime` >= 1241107165 AND `ltime` <= 1241424575 ) AND ( `user` = '' )
[ 09-05-04 16:09:35 ]
 RunTime:0.001566s SQL = SELECT * FROM hakucms_document WHERE ( `data` >= 1241107165 AND `data` <= 1241424575 ) AND ( `writer` = '' )
[ 09-05-04 16:09:47 ]
 RunTime:0.000285s SQL = SELECT * FROM hakucms_user
[ 09-05-04 16:09:47 ]
 RunTime:0.000346s SQL = SELECT * FROM hakucms_state WHERE ( `ltime` >= 1241107153 AND `ltime` <= 1241424587 ) AND ( `user` = '' )
[ 09-05-04 16:09:47 ]
 RunTime:0.001411s SQL = SELECT * FROM hakucms_document WHERE ( `data` >= 1241107153 AND `data` <= 1241424587 ) AND ( `writer` = '' )
[ 09-05-04 16:09:47 ]
 RunTime:0.001387s SQL = SELECT * FROM hakucms_state WHERE ( `ltime` >= 1241107153 AND `ltime` <= 1241424587 ) AND ( `user` = '' )
[ 09-05-04 16:09:47 ]
 RunTime:0.001729s SQL = SELECT * FROM hakucms_document WHERE ( `data` >= 1241107153 AND `data` <= 1241424587 ) AND ( `writer` = '' )
[ 09-05-04 16:11:17 ]
 RunTime:0.000753s SQL = SELECT * FROM hakucms_user WHERE ( `id` = '1' )
[ 09-05-04 16:11:17 ]
 RunTime:0.000795s SQL = SELECT * FROM hakucms_category
[ 09-05-04 16:11:17 ]
 RunTime:0.000470s SQL = SELECT * FROM hakucms_user WHERE ( `id` = '1' )
[ 09-05-04 16:11:20 ]
 RunTime:0.000383s SQL = SELECT * FROM hakucms_user WHERE ( `id` = '6' )
[ 09-05-04 16:11:20 ]
 RunTime:0.000392s SQL = SELECT * FROM hakucms_category
[ 09-05-04 16:11:20 ]
 RunTime:0.000284s SQL = SELECT * FROM hakucms_user WHERE ( `id` = '6' )
[ 09-05-04 16:11:32 ]
 RunTime:0.000494s SQL = SELECT * FROM hakucms_user
[ 09-05-04 16:11:32 ]
 RunTime:0.000979s SQL = SELECT * FROM hakucms_state WHERE ( `ltime` >= 1241107168 AND `ltime` <= 1241424692 ) AND ( `user` = '' )
[ 09-05-04 16:11:32 ]
 RunTime:0.002160s SQL = SELECT * FROM hakucms_document WHERE ( `data` >= 1241107168 AND `data` <= 1241424692 ) AND ( `writer` = '' )
[ 09-05-04 16:11:32 ]
 RunTime:0.000402s SQL = SELECT * FROM hakucms_state WHERE ( `ltime` >= 1241107168 AND `ltime` <= 1241424692 ) AND ( `user` = '' )
[ 09-05-04 16:11:32 ]
 RunTime:0.001288s SQL = SELECT * FROM hakucms_document WHERE ( `data` >= 1241107168 AND `data` <= 1241424692 ) AND ( `writer` = '' )
[ 09-05-04 16:11:34 ]
 RunTime:0.000311s SQL = SELECT * FROM hakucms_user WHERE ( `id` = '1' )
[ 09-05-04 16:11:34 ]
 RunTime:0.000450s SQL = SELECT * FROM hakucms_category
[ 09-05-04 16:11:34 ]
 RunTime:0.000457s SQL = SELECT * FROM hakucms_user WHERE ( `id` = '1' )
[ 09-05-04 16:11:38 ]
 RunTime:0.000308s SQL = SELECT * FROM hakucms_user WHERE ( `id` = '1' )
[ 09-05-04 16:11:38 ]
 RunTime:0.001815s SQL = SELECT * FROM hakucms_category
[ 09-05-04 16:11:38 ]
 RunTime:0.000485s SQL = SELECT * FROM hakucms_user WHERE ( `id` = '1' )
[ 09-05-04 16:11:44 ]
 RunTime:0.000357s SQL = SELECT * FROM hakucms_user
[ 09-05-04 16:11:44 ]
 RunTime:0.000409s SQL = SELECT * FROM hakucms_state WHERE ( `ltime` >= 1241107156 AND `ltime` <= 1241424704 ) AND ( `user` = '' )
[ 09-05-04 16:11:44 ]
 RunTime:0.008717s SQL = SELECT * FROM hakucms_document WHERE ( `data` >= 1241107156 AND `data` <= 1241424704 ) AND ( `writer` = '' )
[ 09-05-04 16:11:44 ]
 RunTime:0.000766s SQL = SELECT * FROM hakucms_state WHERE ( `ltime` >= 1241107156 AND `ltime` <= 1241424704 ) AND ( `user` = '' )
[ 09-05-04 16:11:44 ]
 RunTime:0.001668s SQL = SELECT * FROM hakucms_document WHERE ( `data` >= 1241107156 AND `data` <= 1241424704 ) AND ( `writer` = '' )
[ 09-05-04 16:11:45 ]
 RunTime:0.000347s SQL = SELECT * FROM hakucms_user WHERE ( `id` = '1' )
[ 09-05-04 16:11:45 ]
 RunTime:0.000412s SQL = SELECT * FROM hakucms_category
[ 09-05-04 16:11:45 ]
 RunTime:0.000357s SQL = SELECT * FROM hakucms_user WHERE ( `id` = '1' )
[ 09-05-04 16:13:42 ]
 RunTime:0.000324s SQL = SELECT * FROM hakucms_user
[ 09-05-04 16:13:42 ]
 RunTime:0.000339s SQL = SELECT * FROM hakucms_state WHERE ( `ltime` >= 1241107158 AND `ltime` <= 1241424822 ) AND ( `user` = 'princehaku' )
[ 09-05-04 16:13:42 ]
 RunTime:0.001277s SQL = SELECT * FROM hakucms_document WHERE ( `data` >= 1241107158 AND `data` <= 1241424822 ) AND ( `writer` = 'princehaku' )
[ 09-05-04 16:13:44 ]
 RunTime:0.000331s SQL = SELECT * FROM hakucms_user WHERE ( `id` = '1' )
[ 09-05-04 16:13:44 ]
 RunTime:0.000439s SQL = SELECT * FROM hakucms_category
[ 09-05-04 16:13:44 ]
 RunTime:0.001483s SQL = SELECT * FROM hakucms_user WHERE ( `id` = '1' )
[ 09-05-04 16:13:50 ]
 RunTime:0.000558s SQL = SELECT * FROM hakucms_user WHERE ( `id` = '1' )
[ 09-05-04 16:13:50 ]
 RunTime:0.000648s SQL = SELECT * FROM hakucms_category
[ 09-05-04 16:13:50 ]
 RunTime:0.006643s SQL = SELECT * FROM hakucms_user WHERE ( `id` = '1' )
[ 09-05-04 16:14:10 ]
 RunTime:0.000299s SQL = SELECT * FROM hakucms_user WHERE ( `id` = '1' )
[ 09-05-04 16:14:10 ]
 RunTime:0.000402s SQL = SELECT * FROM hakucms_category
[ 09-05-04 16:14:10 ]
 RunTime:0.001469s SQL = SELECT * FROM hakucms_user WHERE ( `id` = '1' )
[ 09-05-04 16:14:22 ]
 RunTime:0.000437s SQL = SELECT * FROM hakucms_user WHERE ( `id` = '1' )
[ 09-05-04 16:14:22 ]
 RunTime:0.000861s SQL = SELECT * FROM hakucms_category
[ 09-05-04 16:14:22 ]
 RunTime:0.000354s SQL = SELECT * FROM hakucms_user WHERE ( `id` = '1' )
[ 09-05-04 16:14:29 ]
 RunTime:0.000316s SQL = SELECT * FROM hakucms_user WHERE ( `id` = '1' )
[ 09-05-04 16:14:29 ]
 RunTime:0.000391s SQL = SELECT * FROM hakucms_category
[ 09-05-04 16:14:29 ]
 RunTime:0.000277s SQL = SELECT * FROM hakucms_user WHERE ( `id` = '1' )
[ 09-05-04 16:14:39 ]
 RunTime:0.000412s SQL = SELECT * FROM hakucms_user WHERE ( `id` = '1' )
[ 09-05-04 16:14:57 ]
 RunTime:0.000391s SQL = SELECT * FROM hakucms_user WHERE ( `id` = '1' )
[ 09-05-04 16:15:04 ]
 RunTime:0.000368s SQL = SELECT * FROM hakucms_user WHERE ( `id` = '1' )
[ 09-05-04 16:16:20 ]
 RunTime:0.000407s SQL = SELECT * FROM hakucms_user WHERE ( `id` = '1' )
[ 09-05-04 16:16:28 ]
 RunTime:0.000359s SQL = SELECT * FROM hakucms_user WHERE ( `id` = '1' )
[ 09-05-04 16:16:45 ]
 RunTime:0.000371s SQL = SELECT * FROM hakucms_user WHERE ( `id` = '1' )
[ 09-05-04 16:18:02 ]
 RunTime:0.000363s SQL = SELECT * FROM hakucms_user WHERE ( `id` = '1' )
[ 09-05-04 16:18:51 ]
 RunTime:0.000345s SQL = SELECT * FROM hakucms_user
[ 09-05-04 16:18:51 ]
 RunTime:0.000412s SQL = SELECT * FROM hakucms_state WHERE ( `ltime` >= 1241107149 AND `ltime` <= 1241425131 ) AND ( `user` = 'princehaku' )
[ 09-05-04 16:18:51 ]
 RunTime:0.001445s SQL = SELECT * FROM hakucms_document WHERE ( `data` >= 1241107149 AND `data` <= 1241425131 ) AND ( `writer` = 'princehaku' )
[ 09-05-04 16:18:53 ]
 RunTime:0.001250s SQL = SELECT * FROM hakucms_user WHERE ( `id` = '1' )
[ 09-05-04 16:18:53 ]
 RunTime:0.009663s SQL = SELECT * FROM hakucms_document WHERE ( `data` >= 1238833133 AND `data` <= 1241425133 ) ORDER BY data DESC
[ 09-05-04 16:18:54 ]
 RunTime:0.000678s SQL = SELECT * FROM hakucms_user
[ 09-05-04 16:18:54 ]
 RunTime:0.000502s SQL = SELECT * FROM hakucms_state WHERE ( `ltime` >= 1241107146 AND `ltime` <= 1241425134 ) AND ( `user` = 'princehaku' )
[ 09-05-04 16:18:54 ]
 RunTime:0.001935s SQL = SELECT * FROM hakucms_document WHERE ( `data` >= 1241107146 AND `data` <= 1241425134 ) AND ( `writer` = 'princehaku' )
[ 09-05-04 16:18:55 ]
 RunTime:0.000370s SQL = SELECT * FROM hakucms_user WHERE ( `id` = '1' )
[ 09-05-04 16:18:55 ]
 RunTime:0.000443s SQL = SELECT * FROM hakucms_category
[ 09-05-04 16:18:55 ]
 RunTime:0.001045s SQL = SELECT * FROM hakucms_user WHERE ( `id` = '1' )
[ 09-05-04 16:19:26 ]
 RunTime:0.000296s SQL = SELECT * FROM hakucms_user WHERE ( `id` = '1' )
[ 09-05-04 16:19:26 ]
 RunTime:0.006393s SQL = SELECT * FROM hakucms_document WHERE ( `data` >= 1238833166 AND `data` <= 1241425166 ) ORDER BY data DESC
[ 09-05-04 16:19:27 ]
 RunTime:0.000338s SQL = SELECT * FROM hakucms_user WHERE ( `id` = '1' )
[ 09-05-04 16:19:27 ]
 RunTime:0.010598s SQL = SELECT * FROM hakucms_document WHERE ( `data` >= 1238833167 AND `data` <= 1241425167 ) ORDER BY data DESC
[ 09-05-04 16:19:28 ]
 RunTime:0.000552s SQL = SELECT * FROM hakucms_category
[ 09-05-04 16:22:14 ]
 RunTime:0.000577s SQL = SELECT * FROM hakucms_category
[ 09-05-04 16:25:30 ]
 RunTime:0.000311s SQL = SELECT * FROM hakucms_category
[ 09-05-04 16:25:43 ]
 RunTime:0.000264s SQL = SELECT * FROM hakucms_category
[ 09-05-04 16:25:45 ]
 RunTime:0.000267s SQL = SELECT * FROM hakucms_user WHERE ( `id` = '1' )
[ 09-05-04 16:25:45 ]
 RunTime:0.006142s SQL = SELECT * FROM hakucms_document WHERE ( `data` >= 1238833545 AND `data` <= 1241425545 ) ORDER BY data DESC
[ 09-05-04 16:25:48 ]
 RunTime:0.000378s SQL = SELECT * FROM hakucms_category
[ 09-05-04 16:26:01 ]
 RunTime:0.000271s SQL = SELECT * FROM hakucms_category
[ 09-05-04 16:26:03 ]
 RunTime:0.000335s SQL = SELECT * FROM hakucms_category
[ 09-05-04 16:26:13 ]
 RunTime:0.000386s SQL = SELECT * FROM hakucms_category
[ 09-05-04 16:26:30 ]
 RunTime:0.000295s SQL = SELECT * FROM hakucms_category
[ 09-05-04 16:26:35 ]
 RunTime:0.000269s SQL = SELECT * FROM hakucms_category
[ 09-05-04 16:26:47 ]
 RunTime:0.000303s SQL = SELECT * FROM hakucms_category
[ 09-05-04 16:27:00 ]
 RunTime:0.000272s SQL = SELECT * FROM hakucms_category
[ 09-05-04 16:27:07 ]
 RunTime:0.000563s SQL = SELECT * FROM hakucms_category
[ 09-05-04 16:28:42 ]
 RunTime:0.000277s SQL = SELECT * FROM hakucms_category
[ 09-05-04 16:29:37 ]
 RunTime:0.000516s SQL = SELECT * FROM hakucms_category
[ 09-05-04 16:30:28 ]
 RunTime:0.000340s SQL = SELECT * FROM hakucms_category
[ 09-05-04 16:31:33 ]
 RunTime:0.000290s SQL = SELECT * FROM hakucms_category
[ 09-05-04 16:31:40 ]
 RunTime:0.000285s SQL = SELECT * FROM hakucms_category
[ 09-05-04 16:31:41 ]
 RunTime:0.000305s SQL = SELECT * FROM hakucms_category
[ 09-05-04 16:31:46 ]
 RunTime:0.000273s SQL = SELECT * FROM hakucms_category
[ 09-05-04 16:32:07 ]
 RunTime:0.000452s SQL = SELECT * FROM hakucms_category
[ 09-05-04 16:32:50 ]
 RunTime:0.000418s SQL = SELECT * FROM hakucms_category
[ 09-05-04 16:32:52 ]
 RunTime:0.000304s SQL = SELECT * FROM hakucms_user WHERE ( `id` = '1' )
[ 09-05-04 16:32:52 ]
 RunTime:0.006579s SQL = SELECT * FROM hakucms_document WHERE ( `data` >= 1238833972 AND `data` <= 1241425972 ) ORDER BY data DESC
[ 09-05-04 16:32:55 ]
 RunTime:0.000311s SQL = SELECT * FROM hakucms_document WHERE ( `id` = '173' ) LIMIT 1 
[ 09-05-04 16:32:55 ]
 RunTime:0.000409s SQL = SELECT * FROM hakucms_category WHERE ( `id` = '1' )
[ 09-05-04 16:32:55 ]
 RunTime:0.000500s SQL = SELECT * FROM hakucms_category WHERE ( `upcat` = 0 ) AND ( `type` = 1 )
[ 09-05-04 16:32:55 ]
 RunTime:0.001950s SQL = SELECT * FROM hakucms_document WHERE ( `cateid` = 1 ) AND ( `exam` = 1 ) ORDER BY data DESC LIMIT 10 
[ 09-05-04 16:32:55 ]
 RunTime:0.001498s SQL = SELECT * FROM hakucms_document WHERE ( `cateid` != 1 ) AND ( `exam` = 1 ) ORDER BY data DESC LIMIT 5 
[ 09-05-04 16:33:07 ]
 RunTime:0.000321s SQL = SELECT * FROM hakucms_user WHERE ( `id` = '1' )
[ 09-05-04 16:33:07 ]
 RunTime:0.013421s SQL = SELECT * FROM hakucms_document WHERE ( `data` >= 1238833987 AND `data` <= 1241425987 ) ORDER BY data DESC
[ 09-05-04 16:33:09 ]
 RunTime:0.000403s SQL = SELECT * FROM hakucms_user WHERE ( `id` = '1' )
[ 09-05-04 16:33:09 ]
 RunTime:0.005793s SQL = SELECT * FROM hakucms_document WHERE ( `data` >= 1238833989 AND `data` <= 1241425989 ) ORDER BY data DESC
[ 09-05-04 16:33:18 ]
 RunTime:0.000286s SQL = SELECT * FROM hakucms_user WHERE ( `id` = '1' )
[ 09-05-04 16:33:18 ]
 RunTime:0.005105s SQL = SELECT * FROM hakucms_document WHERE ( `data` >= 1238833998 AND `data` <= 1241425998 ) ORDER BY data DESC
[ 09-05-04 16:33:52 ]
 RunTime:0.000338s SQL = SELECT * FROM hakucms_user WHERE ( `id` = '1' )
[ 09-05-04 16:33:52 ]
 RunTime:0.006850s SQL = SELECT * FROM hakucms_document WHERE ( `data` >= 1238834032 AND `data` <= 1241426032 ) ORDER BY data DESC
[ 09-05-04 16:34:01 ]
 RunTime:0.000387s SQL = SELECT * FROM hakucms_user WHERE ( `id` = '1' )
[ 09-05-04 16:34:01 ]
 RunTime:0.011586s SQL = SELECT * FROM hakucms_document WHERE ( `data` >= 1238834041 AND `data` <= 1241426041 ) ORDER BY data DESC
[ 09-05-04 16:34:30 ]
 RunTime:0.000288s SQL = SELECT * FROM hakucms_category
[ 09-05-04 16:34:31 ]
 RunTime:0.000396s SQL = SELECT * FROM hakucms_user WHERE ( `id` = '1' )
[ 09-05-04 16:34:31 ]
 RunTime:0.008084s SQL = SELECT * FROM hakucms_document WHERE ( `data` >= 1238834071 AND `data` <= 1241426071 ) ORDER BY data DESC
[ 09-05-04 16:34:55 ]
 RunTime:0.000357s SQL = SELECT * FROM hakucms_user WHERE ( `id` = '1' )
[ 09-05-04 16:34:55 ]
 RunTime:0.008650s SQL = SELECT * FROM hakucms_document WHERE ( `data` >= 1238834095 AND `data` <= 1241426095 ) ORDER BY data DESC
[ 09-05-04 16:35:00 ]
 RunTime:0.000381s SQL = SELECT * FROM hakucms_user WHERE ( `id` = '1' )
[ 09-05-04 16:35:00 ]
 RunTime:0.009483s SQL = SELECT * FROM hakucms_document WHERE ( `data` >= 1238834100 AND `data` <= 1241426100 ) ORDER BY data DESC
[ 09-05-04 16:35:04 ]
 RunTime:0.000379s SQL = SELECT * FROM hakucms_user WHERE ( `id` = '1' )
[ 09-05-04 16:35:04 ]
 RunTime:0.005332s SQL = SELECT * FROM hakucms_document WHERE ( `data` >= 1238834104 AND `data` <= 1241426104 ) ORDER BY data DESC
[ 09-05-04 16:35:08 ]
 RunTime:0.002032s SQL = SELECT * FROM hakucms_user WHERE ( `id` = '1' )
[ 09-05-04 16:35:08 ]
 RunTime:0.008979s SQL = SELECT * FROM hakucms_document WHERE ( `data` >= 1238834108 AND `data` <= 1241426108 ) ORDER BY data DESC
[ 09-05-04 16:35:11 ]
 RunTime:0.000397s SQL = SELECT * FROM hakucms_user WHERE ( `id` = '1' )
[ 09-05-04 16:35:11 ]
 RunTime:0.008323s SQL = SELECT * FROM hakucms_document WHERE ( `data` >= 1238834111 AND `data` <= 1241426111 ) ORDER BY data DESC
[ 09-05-04 16:41:08 ]
 RunTime:0.000535s SQL = SELECT * FROM hakucms_user WHERE ( `id` = '1' )
[ 09-05-04 16:41:08 ]
 RunTime:0.009209s SQL = SELECT * FROM hakucms_document WHERE ( `data` >= 1238834468 AND `data` <= 1241426468 ) ORDER BY data DESC
[ 09-05-04 16:41:11 ]
 RunTime:0.000295s SQL = SELECT * FROM hakucms_document WHERE ( `id` = '172' ) LIMIT 1 
[ 09-05-04 16:41:11 ]
 RunTime:0.000588s SQL = SELECT * FROM hakucms_category WHERE ( `id` = '0' )
[ 09-05-04 16:41:11 ]
 RunTime:0.000278s SQL = SELECT * FROM hakucms_category WHERE ( `upcat` = 0 ) AND ( `type` = 1 )
[ 09-05-04 16:41:11 ]
 RunTime:0.001663s SQL = SELECT * FROM hakucms_document WHERE ( `cateid` = 1 ) AND ( `exam` = 1 ) ORDER BY data DESC LIMIT 10 
[ 09-05-04 16:41:11 ]
 RunTime:0.001307s SQL = SELECT * FROM hakucms_document WHERE ( `cateid` != 1 ) AND ( `exam` = 1 ) ORDER BY data DESC LIMIT 5 
[ 09-05-04 16:42:35 ]
 RunTime:0.000334s SQL = SELECT * FROM hakucms_user WHERE ( `id` = '1' )
[ 09-05-04 16:42:35 ]
 RunTime:0.004897s SQL = SELECT * FROM hakucms_document WHERE ( `data` >= 1238834555 AND `data` <= 1241426555 ) ORDER BY data DESC
[ 09-05-04 16:44:38 ]
 RunTime:0.000369s SQL = SELECT * FROM hakucms_user WHERE ( `id` = '1' )
[ 09-05-04 16:44:38 ]
 RunTime:0.009119s SQL = SELECT * FROM hakucms_document WHERE ( `data` >= 1238834678 AND `data` <= 1241426678 ) ORDER BY data DESC
[ 09-05-04 16:44:42 ]
 RunTime:0.000552s SQL = SELECT * FROM hakucms_user WHERE ( `id` = '1' )
[ 09-05-04 16:44:42 ]
 RunTime:0.008956s SQL = SELECT * FROM hakucms_document WHERE ( `data` >= 1238834682 AND `data` <= 1241426682 ) ORDER BY data DESC
[ 09-05-04 16:44:48 ]
 RunTime:0.000284s SQL = SELECT * FROM hakucms_user
[ 09-05-04 16:44:48 ]
 RunTime:0.000790s SQL = SELECT * FROM hakucms_state WHERE ( `ltime` >= 1241107152 AND `ltime` <= 1241426688 ) AND ( `user` = 'princehaku' )
[ 09-05-04 16:44:48 ]
 RunTime:0.001246s SQL = SELECT * FROM hakucms_document WHERE ( `data` >= 1241107152 AND `data` <= 1241426688 ) AND ( `writer` = 'princehaku' )
[ 09-05-04 16:44:49 ]
 RunTime:0.000322s SQL = SELECT * FROM hakucms_user WHERE ( `id` = '1' )
[ 09-05-04 16:44:51 ]
 RunTime:0.000383s SQL = SELECT * FROM hakucms_user
[ 09-05-04 16:44:51 ]
 RunTime:0.001498s SQL = SELECT * FROM hakucms_state WHERE ( `ltime` >= 1241107149 AND `ltime` <= 1241426691 ) AND ( `user` = 'princehaku' )
[ 09-05-04 16:44:51 ]
 RunTime:0.001388s SQL = SELECT * FROM hakucms_document WHERE ( `data` >= 1241107149 AND `data` <= 1241426691 ) AND ( `writer` = 'princehaku' )
[ 09-05-04 16:44:53 ]
 RunTime:0.000320s SQL = SELECT * FROM hakucms_user WHERE ( `id` = '1' )
[ 09-05-04 16:44:53 ]
 RunTime:0.000455s SQL = SELECT * FROM hakucms_category
[ 09-05-04 16:44:53 ]
 RunTime:0.000337s SQL = SELECT * FROM hakucms_user WHERE ( `id` = '1' )
[ 09-05-04 16:45:00 ]
 RunTime:0.000308s SQL = SELECT * FROM hakucms_user WHERE ( `id` = '1' )
[ 09-05-04 16:45:00 ]
 RunTime:0.000348s SQL = SELECT * FROM hakucms_category
[ 09-05-04 16:45:00 ]
 RunTime:0.000279s SQL = SELECT * FROM hakucms_user WHERE ( `id` = '1' )
[ 09-05-04 16:45:03 ]
 RunTime:0.000330s SQL = SELECT * FROM hakucms_category
[ 09-05-04 16:45:33 ]
 RunTime:0.000344s SQL = SELECT * FROM hakucms_user WHERE ( `id` = '1' )
[ 09-05-04 16:45:34 ]
 RunTime:0.000295s SQL = SELECT * FROM hakucms_user
[ 09-05-04 16:45:34 ]
 RunTime:0.000371s SQL = SELECT * FROM hakucms_state WHERE ( `ltime` >= 1241107166 AND `ltime` <= 1241426734 ) AND ( `user` = 'princehaku' )
[ 09-05-04 16:45:34 ]
 RunTime:0.001416s SQL = SELECT * FROM hakucms_document WHERE ( `data` >= 1241107166 AND `data` <= 1241426734 ) AND ( `writer` = 'princehaku' )
[ 09-05-04 16:51:20 ]
 RunTime:0.000301s SQL = SELECT * FROM hakucms_user
[ 09-05-04 16:51:20 ]
 RunTime:0.000398s SQL = SELECT * FROM hakucms_state WHERE ( `ltime` >= 1241107180 AND `ltime` <= 1241427080 ) AND ( `user` = 'princehaku' )
[ 09-05-04 16:51:20 ]
 RunTime:0.001453s SQL = SELECT * FROM hakucms_document WHERE ( `data` >= 1241107180 AND `data` <= 1241427080 ) AND ( `writer` = 'princehaku' )
[ 09-05-04 16:53:29 ]
 RunTime:0.000308s SQL = SELECT * FROM hakucms_user WHERE ( `id` = '1' )
[ 09-05-04 16:53:29 ]
 RunTime:0.009372s SQL = SELECT * FROM hakucms_document WHERE ( `data` >= 1238835209 AND `data` <= 1241427209 ) ORDER BY data DESC
[ 09-05-04 16:53:32 ]
 RunTime:0.000372s SQL = SELECT * FROM hakucms_user
[ 09-05-04 16:53:32 ]
 RunTime:0.000299s SQL = SELECT * FROM hakucms_state WHERE ( `ltime` >= 1241107168 AND `ltime` <= 1241427212 ) AND ( `user` = 'princehaku' )
[ 09-05-04 16:53:32 ]
 RunTime:0.001158s SQL = SELECT * FROM hakucms_document WHERE ( `data` >= 1241107168 AND `data` <= 1241427212 ) AND ( `writer` = 'princehaku' )
[ 09-05-04 17:03:55 ]
 RunTime:0.080915s SQL = SELECT * FROM hakucms_user WHERE ( `id` = '1' )
[ 09-05-04 17:03:55 ]
 RunTime:0.001063s SQL = SELECT * FROM hakucms_category
[ 09-05-04 17:03:55 ]
 RunTime:0.000387s SQL = SELECT * FROM hakucms_user WHERE ( `id` = '1' )
[ 09-05-04 17:05:38 ]
 RunTime:0.000305s SQL = SELECT * FROM hakucms_user WHERE ( `id` = '1' )
[ 09-05-04 17:05:39 ]
 RunTime:0.220548s SQL = SELECT * FROM hakucms_document WHERE ( `data` >= 1238835938 AND `data` <= 1241427938 ) ORDER BY data DESC
[ 09-05-04 17:06:15 ]
 RunTime:0.000282s SQL = SELECT * FROM hakucms_user WHERE ( `id` = '1' )
[ 09-05-04 17:06:15 ]
 RunTime:0.009337s SQL = SELECT * FROM hakucms_document WHERE ( `data` >= 1238835975 AND `data` <= 1241427975 ) ORDER BY data DESC
[ 09-05-04 17:12:46 ]
 RunTime:0.000939s SQL = SELECT * FROM hakucms_document WHERE ( `id` = '171' ) LIMIT 1 
[ 09-05-04 17:12:46 ]
 RunTime:0.000875s SQL = SELECT * FROM hakucms_category WHERE ( `id` = '41' )
[ 09-05-04 17:12:46 ]
 RunTime:0.000327s SQL = SELECT * FROM hakucms_category WHERE ( `upcat` = 0 ) AND ( `type` = 1 )
[ 09-05-04 17:12:46 ]
 RunTime:0.002696s SQL = SELECT * FROM hakucms_document WHERE ( `cateid` = 1 ) AND ( `exam` = 1 ) ORDER BY data DESC LIMIT 10 
[ 09-05-04 17:12:46 ]
 RunTime:0.002870s SQL = SELECT * FROM hakucms_document WHERE ( `cateid` != 1 ) AND ( `exam` = 1 ) ORDER BY data DESC LIMIT 5 
[ 09-05-04 17:12:48 ]
 RunTime:0.000824s SQL = SELECT * FROM hakucms_user WHERE ( `id` = '1' )
[ 09-05-04 17:12:48 ]
 RunTime:0.006135s SQL = SELECT * FROM hakucms_document WHERE ( `data` >= 1238836368 AND `data` <= 1241428368 ) ORDER BY data DESC
[ 09-05-04 17:12:50 ]
 RunTime:0.001240s SQL = SELECT * FROM hakucms_user
[ 09-05-04 17:12:50 ]
 RunTime:0.000822s SQL = SELECT * FROM hakucms_state WHERE ( `ltime` >= 1241107150 AND `ltime` <= 1241428370 ) AND ( `user` = 'princehaku' )
[ 09-05-04 17:12:50 ]
 RunTime:0.001229s SQL = SELECT * FROM hakucms_document WHERE ( `data` >= 1241107150 AND `data` <= 1241428370 ) AND ( `writer` = 'princehaku' )
[ 09-05-04 17:12:53 ]
 RunTime:0.000327s SQL = SELECT * FROM hakucms_category
[ 09-05-04 17:12:54 ]
 RunTime:0.000422s SQL = SELECT * FROM hakucms_user
[ 09-05-04 17:12:54 ]
 RunTime:0.000711s SQL = SELECT * FROM hakucms_state WHERE ( `ltime` >= 1241107146 AND `ltime` <= 1241428374 ) AND ( `user` = 'princehaku' )
[ 09-05-04 17:12:54 ]
 RunTime:0.001840s SQL = SELECT * FROM hakucms_document WHERE ( `data` >= 1241107146 AND `data` <= 1241428374 ) AND ( `writer` = 'princehaku' )
[ 09-05-04 17:12:57 ]
 RunTime:0.000299s SQL = SELECT * FROM hakucms_user WHERE ( `id` = '1' )
[ 09-05-04 17:12:57 ]
 RunTime:0.004679s SQL = SELECT * FROM hakucms_document WHERE ( `data` >= 1238836377 AND `data` <= 1241428377 ) ORDER BY data DESC
[ 09-05-04 17:13:00 ]
 RunTime:0.000255s SQL = SELECT * FROM hakucms_user
[ 09-05-04 17:13:00 ]
 RunTime:0.000494s SQL = SELECT * FROM hakucms_state WHERE ( `ltime` >= 1241107200 AND `ltime` <= 1241428380 ) AND ( `user` = 'princehaku' )
[ 09-05-04 17:13:00 ]
 RunTime:0.001601s SQL = SELECT * FROM hakucms_document WHERE ( `data` >= 1241107200 AND `data` <= 1241428380 ) AND ( `writer` = 'princehaku' )
[ 09-05-04 17:13:00 ]
 RunTime:0.001794s SQL = SELECT * FROM hakucms_user WHERE ( `id` = '1' )
[ 09-05-04 17:13:00 ]
 RunTime:0.006694s SQL = SELECT * FROM hakucms_document WHERE ( `data` >= 1238836380 AND `data` <= 1241428380 ) ORDER BY data DESC
[ 09-05-04 17:17:12 ]
 RunTime:0.000637s SQL = SELECT * FROM hakucms_document WHERE ( `id` = '166' ) LIMIT 1 
[ 09-05-04 17:17:12 ]
 RunTime:0.000353s SQL = SELECT * FROM hakucms_category WHERE ( `id` = '2' )
[ 09-05-04 17:17:12 ]
 RunTime:0.000544s SQL = SELECT * FROM hakucms_category WHERE ( `upcat` = 0 ) AND ( `type` = 1 )
[ 09-05-04 17:17:12 ]
 RunTime:0.002334s SQL = SELECT * FROM hakucms_document WHERE ( `cateid` = 1 ) AND ( `exam` = 1 ) ORDER BY data DESC LIMIT 10 
[ 09-05-04 17:17:12 ]
 RunTime:0.001510s SQL = SELECT * FROM hakucms_document WHERE ( `cateid` != 1 ) AND ( `exam` = 1 ) ORDER BY data DESC LIMIT 5 
[ 09-05-04 17:20:28 ]
 RunTime:0.000263s SQL = SELECT * FROM hakucms_user
[ 09-05-04 17:20:28 ]
 RunTime:0.000315s SQL = SELECT * FROM hakucms_state WHERE ( `ltime` >= 1241107172 AND `ltime` <= 1241428828 ) AND ( `user` = 'princehaku' )
[ 09-05-04 17:20:28 ]
 RunTime:0.001620s SQL = SELECT * FROM hakucms_document WHERE ( `data` >= 1241107172 AND `data` <= 1241428828 ) AND ( `writer` = 'princehaku' )
[ 09-05-04 17:20:29 ]
 RunTime:0.000346s SQL = SELECT * FROM hakucms_user WHERE ( `id` = '1' )
[ 09-05-04 17:20:29 ]
 RunTime:0.010171s SQL = SELECT * FROM hakucms_document WHERE ( `data` >= 1238836829 AND `data` <= 1241428829 ) ORDER BY data DESC
[ 09-05-04 17:20:30 ]
 RunTime:0.000266s SQL = SELECT * FROM hakucms_category
[ 09-05-04 17:20:31 ]
 RunTime:0.000319s SQL = SELECT * FROM hakucms_user WHERE ( `id` = '1' )
[ 09-05-04 17:20:31 ]
 RunTime:0.012521s SQL = SELECT * FROM hakucms_document WHERE ( `data` >= 1238836831 AND `data` <= 1241428831 ) ORDER BY data DESC
[ 09-05-04 17:20:31 ]
 RunTime:0.000399s SQL = SELECT * FROM hakucms_category
[ 09-05-04 17:22:51 ]
 RunTime:0.000312s SQL = SELECT * FROM hakucms_category
[ 09-05-04 17:23:56 ]
 RunTime:0.000319s SQL = SELECT * FROM hakucms_category
[ 09-05-04 17:24:17 ]
 RunTime:0.000441s SQL = SELECT * FROM hakucms_category
[ 09-05-04 17:25:39 ]
 RunTime:0.000303s SQL = SELECT * FROM hakucms_category
[ 09-05-04 17:26:16 ]
 RunTime:0.000308s SQL = SELECT * FROM hakucms_category
[ 09-05-04 17:26:47 ]
 RunTime:0.000340s SQL = SELECT * FROM hakucms_category
[ 09-05-04 17:27:19 ]
 RunTime:0.000301s SQL = SELECT * FROM hakucms_category
[ 09-05-04 17:27:39 ]
 RunTime:0.000334s SQL = SELECT * FROM hakucms_category
[ 09-05-04 17:27:58 ]
 RunTime:0.000469s SQL = SELECT * FROM hakucms_category
[ 09-05-04 17:28:38 ]
 RunTime:0.000337s SQL = SELECT * FROM hakucms_user WHERE ( `id` = '1' )
[ 09-05-04 17:28:38 ]
 RunTime:0.011486s SQL = SELECT * FROM hakucms_document WHERE ( `data` >= 1238837318 AND `data` <= 1241429318 ) ORDER BY data DESC
[ 09-05-04 17:28:51 ]
 RunTime:0.000386s SQL = SELECT * FROM hakucms_category
[ 09-05-04 17:28:57 ]
 RunTime:0.000349s SQL = SELECT * FROM hakucms_category
[ 09-05-04 17:30:05 ]
 RunTime:0.000411s SQL = SELECT * FROM hakucms_category
[ 09-05-04 17:30:48 ]
 RunTime:0.000301s SQL = SELECT * FROM hakucms_category
[ 09-05-04 17:31:02 ]
 RunTime:0.000357s SQL = SELECT * FROM hakucms_category
[ 09-05-04 17:32:07 ]
 RunTime:0.000356s SQL = SELECT * FROM hakucms_category
[ 09-05-04 17:32:12 ]
 RunTime:0.000749s SQL = SELECT * FROM hakucms_user WHERE ( `id` = '1' )
[ 09-05-04 17:32:12 ]
 RunTime:0.016204s SQL = SELECT * FROM hakucms_document WHERE ( `data` >= 1238837532 AND `data` <= 1241429532 ) ORDER BY data DESC
[ 09-05-04 17:32:14 ]
 RunTime:0.000320s SQL = SELECT * FROM hakucms_category
[ 09-05-04 17:32:40 ]
 RunTime:0.000276s SQL = SELECT * FROM hakucms_user WHERE ( `id` = '1' )
[ 09-05-04 17:32:40 ]
 RunTime:0.009066s SQL = SELECT * FROM hakucms_document WHERE ( `data` >= 1238837560 AND `data` <= 1241429560 ) ORDER BY data DESC
[ 09-05-04 17:32:41 ]
 RunTime:0.000307s SQL = SELECT * FROM hakucms_category
[ 09-05-04 17:41:34 ]
 RunTime:0.000725s SQL = SELECT * FROM hakucms_user WHERE ( `id` = '1' )
[ 09-05-04 17:41:34 ]
 RunTime:0.007087s SQL = SELECT * FROM hakucms_document WHERE ( `data` >= 1238838094 AND `data` <= 1241430094 ) ORDER BY data DESC
[ 09-05-04 17:41:36 ]
 RunTime:0.000436s SQL = SELECT * FROM hakucms_user WHERE ( `id` = '1' )
[ 09-05-04 17:41:36 ]
 RunTime:0.000787s SQL = SELECT * FROM hakucms_document WHERE ( `id` = '171' )
[ 09-05-04 17:41:36 ]
 RunTime:0.000711s SQL = SELECT * FROM hakucms_category
[ 09-05-04 17:44:48 ]
 RunTime:0.000315s SQL = SELECT * FROM hakucms_user WHERE ( `id` = '1' )
[ 09-05-04 17:44:48 ]
 RunTime:0.002174s SQL = SELECT * FROM hakucms_document WHERE ( `id` = '171' )
[ 09-05-04 17:44:48 ]
 RunTime:0.000681s SQL = SELECT * FROM hakucms_category
[ 09-05-04 17:45:47 ]
 RunTime:0.000380s SQL = SELECT * FROM hakucms_user WHERE ( `id` = '1' )
[ 09-05-04 17:45:47 ]
 RunTime:0.000866s SQL = SELECT * FROM hakucms_document WHERE ( `id` = '171' )
[ 09-05-04 17:45:47 ]
 RunTime:0.002384s SQL = SELECT * FROM hakucms_category
[ 09-05-04 17:46:27 ]
 RunTime:0.000331s SQL = SELECT * FROM hakucms_user WHERE ( `id` = '1' )
[ 09-05-04 17:46:27 ]
 RunTime:0.000432s SQL = SELECT * FROM hakucms_document WHERE ( `id` = '171' )
[ 09-05-04 17:46:27 ]
 RunTime:0.000413s SQL = SELECT * FROM hakucms_category
[ 09-05-04 17:46:31 ]
 RunTime:0.000548s SQL = SELECT * FROM hakucms_user WHERE ( `id` = '1' )
[ 09-05-04 17:46:31 ]
 RunTime:0.001046s SQL = SELECT * FROM hakucms_document WHERE ( `id` = '171' )
[ 09-05-04 17:46:31 ]
 RunTime:0.000600s SQL = SELECT * FROM hakucms_category
[ 09-05-04 17:46:38 ]
 RunTime:0.000349s SQL = SELECT * FROM hakucms_user WHERE ( `id` = '1' )
[ 09-05-04 17:46:38 ]
 RunTime:0.000439s SQL = SELECT * FROM hakucms_document WHERE ( `id` = '171' )
[ 09-05-04 17:46:38 ]
 RunTime:0.000466s SQL = SELECT * FROM hakucms_category
[ 09-05-04 17:47:21 ]
 RunTime:0.000296s SQL = SELECT * FROM hakucms_user WHERE ( `id` = '1' )
[ 09-05-04 17:47:21 ]
 RunTime:0.000389s SQL = SELECT * FROM hakucms_document WHERE ( `id` = '171' )
[ 09-05-04 17:47:21 ]
 RunTime:0.000725s SQL = SELECT * FROM hakucms_category
[ 09-05-04 17:47:22 ]
 RunTime:0.000312s SQL = SELECT * FROM hakucms_category
[ 09-05-04 17:49:16 ]
 RunTime:0.000298s SQL = SELECT * FROM hakucms_category
[ 09-05-04 17:49:48 ]
 RunTime:0.000307s SQL = SELECT * FROM hakucms_category
[ 09-05-04 17:50:06 ]
 RunTime:0.000467s SQL = SELECT * FROM hakucms_category
[ 09-05-04 17:55:50 ]
 RunTime:0.000304s SQL = SELECT * FROM hakucms_category
[ 09-05-04 18:00:22 ]
 RunTime:0.000362s SQL = SELECT * FROM hakucms_category
[ 09-05-04 18:01:29 ]
 RunTime:0.000396s SQL = SELECT * FROM hakucms_category
[ 09-05-04 18:02:23 ]
 RunTime:0.000296s SQL = SELECT * FROM hakucms_category
[ 09-05-04 18:04:14 ]
 RunTime:0.000302s SQL = SELECT * FROM hakucms_category
[ 09-05-04 18:05:20 ]
 RunTime:0.000376s SQL = SELECT * FROM hakucms_category
[ 09-05-04 18:09:53 ]
 RunTime:0.000356s SQL = SELECT * FROM hakucms_category
[ 09-05-04 18:09:58 ]
 RunTime:0.000288s SQL = SELECT * FROM hakucms_user
[ 09-05-04 18:09:58 ]
 RunTime:0.000386s SQL = SELECT * FROM hakucms_state WHERE ( `ltime` >= 1241107142 AND `ltime` <= 1241431798 ) AND ( `user` = 'princehaku' )
[ 09-05-04 18:09:58 ]
 RunTime:0.001399s SQL = SELECT * FROM hakucms_document WHERE ( `data` >= 1241107142 AND `data` <= 1241431798 ) AND ( `writer` = 'princehaku' )
[ 09-05-04 18:10:11 ]
 RunTime:0.000378s SQL = SELECT * FROM hakucms_user WHERE ( `id` = '1' )
[ 09-05-04 18:10:11 ]
 RunTime:0.010294s SQL = SELECT * FROM hakucms_document WHERE ( `data` >= 1238839811 AND `data` <= 1241431811 ) ORDER BY data DESC
[ 09-05-04 18:11:19 ]
 RunTime:0.000852s SQL = SELECT * FROM hakucms_user WHERE ( `id` = '1' )
[ 09-05-04 18:11:19 ]
 RunTime:0.007794s SQL = SELECT * FROM hakucms_document WHERE ( `data` >= 1238839879 AND `data` <= 1241431879 ) ORDER BY data DESC
[ 09-05-04 18:23:38 ]
 RunTime:0.001073s SQL = SELECT * FROM hakucms_category
[ 09-05-04 20:49:43 ]
 RunTime:0.000401s SQL = SELECT * FROM hakucms_user WHERE ( `id` = '1' )
[ 09-05-04 20:49:43 ]
 RunTime:0.009278s SQL = SELECT * FROM hakucms_document WHERE ( `data` >= 1238849383 AND `data` <= 1241441383 ) ORDER BY data DESC
[ 09-05-04 20:49:47 ]
 RunTime:0.000301s SQL = SELECT * FROM hakucms_user WHERE ( `id` = '1' )
[ 09-05-04 20:49:47 ]
 RunTime:0.009203s SQL = SELECT * FROM hakucms_document WHERE ( `data` >= 1238849387 AND `data` <= 1241441387 ) ORDER BY data DESC
[ 09-05-04 20:49:50 ]
 RunTime:0.000277s SQL = SELECT * FROM hakucms_user WHERE ( `id` = '1' )
[ 09-05-04 20:49:50 ]
 RunTime:0.008271s SQL = SELECT * FROM hakucms_document WHERE ( `data` >= 1238849390 AND `data` <= 1241441390 ) ORDER BY data DESC
[ 09-05-04 20:49:51 ]
 RunTime:0.000365s SQL = SELECT * FROM hakucms_user
[ 09-05-04 20:49:51 ]
 RunTime:0.000450s SQL = SELECT * FROM hakucms_state WHERE ( `ltime` >= 1241107149 AND `ltime` <= 1241441391 ) AND ( `user` = 'princehaku' )
[ 09-05-04 20:49:51 ]
 RunTime:0.001399s SQL = SELECT * FROM hakucms_document WHERE ( `data` >= 1241107149 AND `data` <= 1241441391 ) AND ( `writer` = 'princehaku' )
[ 09-05-04 20:49:52 ]
 RunTime:0.000398s SQL = SELECT * FROM hakucms_user WHERE ( `id` = '1' )
[ 09-05-04 20:49:52 ]
 RunTime:0.000394s SQL = SELECT * FROM hakucms_category
[ 09-05-04 20:49:52 ]
 RunTime:0.000369s SQL = SELECT * FROM hakucms_user WHERE ( `id` = '1' )
[ 09-05-04 20:49:55 ]
 RunTime:0.000281s SQL = SELECT * FROM hakucms_user
[ 09-05-04 20:49:55 ]
 RunTime:0.000321s SQL = SELECT * FROM hakucms_state WHERE ( `ltime` >= 1241107145 AND `ltime` <= 1241441395 ) AND ( `user` = 'princehaku' )
[ 09-05-04 20:49:55 ]
 RunTime:0.001187s SQL = SELECT * FROM hakucms_document WHERE ( `data` >= 1241107145 AND `data` <= 1241441395 ) AND ( `writer` = 'princehaku' )
[ 09-05-04 20:49:56 ]
 RunTime:0.000371s SQL = SELECT * FROM hakucms_user WHERE ( `id` = '1' )
[ 09-05-04 20:49:56 ]
 RunTime:0.008264s SQL = SELECT * FROM hakucms_document WHERE ( `data` >= 1238849396 AND `data` <= 1241441396 ) ORDER BY data DESC
[ 09-05-04 20:50:00 ]
 RunTime:0.000327s SQL = SELECT * FROM hakucms_user WHERE ( `id` = '1' )
[ 09-05-04 20:50:01 ]
 RunTime:0.000405s SQL = SELECT * FROM hakucms_user WHERE ( `id` = '1' )
[ 09-05-04 20:50:10 ]
 RunTime:0.000272s SQL = SELECT * FROM hakucms_user WHERE ( `id` = '1' )
[ 09-05-04 20:50:10 ]
 RunTime:0.007703s SQL = SELECT * FROM hakucms_document WHERE ( `data` >= 1238849410 AND `data` <= 1241441410 ) ORDER BY data DESC
[ 09-05-04 20:50:11 ]
 RunTime:0.000358s SQL = SELECT * FROM hakucms_category
[ 09-05-04 20:50:14 ]
 RunTime:0.000319s SQL = SELECT * FROM hakucms_category
[ 09-05-04 20:50:15 ]
 RunTime:0.000437s SQL = SELECT * FROM hakucms_user WHERE ( `id` = '1' )
[ 09-05-04 20:50:15 ]
 RunTime:0.011913s SQL = SELECT * FROM hakucms_document WHERE ( `data` >= 1238849415 AND `data` <= 1241441415 ) ORDER BY data DESC
[ 09-05-04 20:50:16 ]
 RunTime:0.000398s SQL = SELECT * FROM hakucms_user WHERE ( `id` = '1' )
[ 09-05-04 20:50:16 ]
 RunTime:0.006155s SQL = SELECT * FROM hakucms_document WHERE ( `data` >= 1238849416 AND `data` <= 1241441416 ) ORDER BY data DESC
[ 09-05-04 20:55:20 ]
 RunTime:0.000318s SQL = SELECT * FROM hakucms_user WHERE ( `id` = '1' )
[ 09-05-04 20:55:20 ]
 RunTime:0.012510s SQL = SELECT * FROM hakucms_document WHERE ( `data` >= 1238849720 AND `data` <= 1241441720 ) ORDER BY data DESC
[ 09-05-04 21:23:12 ]
 RunTime:0.027427s SQL = SELECT * FROM hakucms_category