
[ 09-05-14 11:34:42 ]
注意：[8] Undefined index:  user_id ManAction.class.php 第 62 行.

[ 09-05-14 11:35:00 ]
注意：[8] Undefined variable: vo 013cede882719e500a772f0c2d93e6b3.php 第 16 行.

[ 09-05-14 11:35:00 ]
注意：[8] Undefined variable: vo 013cede882719e500a772f0c2d93e6b3.php 第 16 行.

[ 09-05-14 11:35:00 ]
注意：[8] Trying to get property of non-object 013cede882719e500a772f0c2d93e6b3.php 第 16 行.

[ 09-05-14 11:35:01 ]
注意：[8] Undefined index:  p ArticleAction.class.php 第 70 行.

[ 09-05-14 18:42:57 ]
注意：[8] Undefined index:  user_id ManAction.class.php 第 62 行.

[ 09-05-14 22:09:26 ]
注意：[8] Undefined index:  user_id ManAction.class.php 第 62 行.

[ 09-05-14 22:24:54 ]
注意：[8] Undefined index:  user_id ManAction.class.php 第 62 行.

[ 09-05-14 22:27:23 ]
注意：[8] Undefined index:  user_id ManAction.class.php 第 62 行.

[ 09-05-14 22:27:31 ]
注意：[8] Undefined variable: vo 013cede882719e500a772f0c2d93e6b3.php 第 16 行.

[ 09-05-14 22:27:31 ]
注意：[8] Undefined variable: vo 013cede882719e500a772f0c2d93e6b3.php 第 16 行.

[ 09-05-14 22:27:31 ]
注意：[8] Trying to get property of non-object 013cede882719e500a772f0c2d93e6b3.php 第 16 行.

[ 09-05-14 22:27:32 ]
注意：[8] Undefined index:  p ArticleAction.class.php 第 70 行.

[ 09-05-14 22:27:40 ]
注意：[8] Undefined variable: vo 013cede882719e500a772f0c2d93e6b3.php 第 16 行.

[ 09-05-14 22:27:40 ]
注意：[8] Undefined variable: vo 013cede882719e500a772f0c2d93e6b3.php 第 16 行.

[ 09-05-14 22:27:40 ]
注意：[8] Trying to get property of non-object 013cede882719e500a772f0c2d93e6b3.php 第 16 行.

[ 09-05-14 22:27:41 ]
注意：[8] Undefined index:  p ArticleAction.class.php 第 70 行.

[ 09-05-14 22:27:59 ]
注意：[8] Undefined variable: vo 013cede882719e500a772f0c2d93e6b3.php 第 16 行.

[ 09-05-14 22:27:59 ]
注意：[8] Undefined variable: vo 013cede882719e500a772f0c2d93e6b3.php 第 16 行.

[ 09-05-14 22:27:59 ]
注意：[8] Trying to get property of non-object 013cede882719e500a772f0c2d93e6b3.php 第 16 行.

[ 09-05-14 22:28:00 ]
注意：[8] Undefined index:  p ArticleAction.class.php 第 70 行.

[ 09-05-14 22:28:14 ]
注意：[8] Undefined index:  p ArticleAction.class.php 第 70 行.

[ 09-05-14 22:28:22 ]
注意：[8] Undefined index:  p ArticleAction.class.php 第 70 行.

[ 09-05-14 22:28:37 ]
注意：[8] Undefined index:  p ArticleAction.class.php 第 70 行.

[ 09-05-14 22:28:51 ]
注意：[8] Undefined index:  p ArticleAction.class.php 第 70 行.

[ 09-05-14 22:29:13 ]
注意：[8] Undefined index:  p ArticleAction.class.php 第 70 行.

[ 09-05-14 22:29:31 ]
注意：[8] Undefined index:  p ArticleAction.class.php 第 70 行.

[ 09-05-14 22:30:10 ]
注意：[8] Undefined index:  p ArticleAction.class.php 第 70 行.

[ 09-05-14 22:30:55 ]
注意：[8] Undefined index:  p ArticleAction.class.php 第 70 行.

[ 09-05-14 22:30:59 ]
注意：[8] Undefined index:  style TagLibHtml.class.php 第 45 行.

[ 09-05-14 22:30:59 ]
注意：[8] Undefined offset:  0 ThinkTemplate.class.php 第 578 行.

[ 09-05-14 22:30:59 ]
注意：[8] Undefined offset:  0 ThinkTemplate.class.php 第 578 行.

[ 09-05-14 22:30:59 ]
注意：[8] Undefined offset:  0 ThinkTemplate.class.php 第 578 行.

[ 09-05-14 22:31:07 ]
注意：[8] Undefined index:  p ArticleAction.class.php 第 70 行.

[ 09-05-14 22:31:13 ]
注意：[8] Undefined index:  p ArticleAction.class.php 第 70 行.

[ 09-05-14 22:32:05 ]
注意：[8] Undefined index:  p ArticleAction.class.php 第 72 行.

[ 09-05-14 22:33:21 ]
注意：[8] Undefined index:  p ArticleAction.class.php 第 72 行.

[ 09-05-14 22:33:36 ]
注意：[8] Undefined index:  p ArticleAction.class.php 第 72 行.

[ 09-05-14 22:37:51 ]
注意：[8] Undefined index:  p ArticleAction.class.php 第 72 行.

[ 09-05-14 22:38:27 ]
注意：[8] Undefined index:  p ArticleAction.class.php 第 72 行.

[ 09-05-14 22:39:30 ]
注意：[8] Undefined index:  p ArticleAction.class.php 第 72 行.

[ 09-05-14 22:40:02 ]
注意：[8] Undefined index:  p ArticleAction.class.php 第 72 行.
