
[ 09-05-14 11:35:01 ]
 RunTime:0.038549s SQL = SHOW COLUMNS FROM hakuams_user
[ 09-05-14 11:35:01 ]
 RunTime:0.000357s SQL = SELECT * FROM hakuams_user WHERE ( `id` = '7' )
[ 09-05-14 11:35:01 ]
 RunTime:0.086872s SQL = SHOW COLUMNS FROM hakuams_document
[ 09-05-14 11:35:01 ]
 RunTime:0.258854s SQL = SELECT * FROM hakuams_document ORDER BY data DESC LIMIT 0,17 
[ 09-05-14 22:27:32 ]
 RunTime:0.003177s SQL = SHOW COLUMNS FROM hakuams_user
[ 09-05-14 22:27:32 ]
 RunTime:0.000669s SQL = SELECT * FROM hakuams_user WHERE ( `id` = '7' )
[ 09-05-14 22:27:32 ]
 RunTime:0.003260s SQL = SHOW COLUMNS FROM hakuams_document
[ 09-05-14 22:27:32 ]
 RunTime:0.004037s SQL = SELECT * FROM hakuams_document ORDER BY data DESC LIMIT 0,17 
[ 09-05-14 22:27:41 ]
 RunTime:0.004188s SQL = SHOW COLUMNS FROM hakuams_user
[ 09-05-14 22:27:41 ]
 RunTime:0.000345s SQL = SELECT * FROM hakuams_user WHERE ( `id` = '7' )
[ 09-05-14 22:27:41 ]
 RunTime:0.003437s SQL = SHOW COLUMNS FROM hakuams_document
[ 09-05-14 22:27:41 ]
 RunTime:0.007177s SQL = SELECT * FROM hakuams_document ORDER BY data DESC LIMIT 0,17 
[ 09-05-14 22:28:00 ]
 RunTime:0.002473s SQL = SHOW COLUMNS FROM hakuams_user
[ 09-05-14 22:28:00 ]
 RunTime:0.000308s SQL = SELECT * FROM hakuams_user WHERE ( `id` = '7' )
[ 09-05-14 22:28:00 ]
 RunTime:0.003421s SQL = SHOW COLUMNS FROM hakuams_document
[ 09-05-14 22:28:00 ]
 RunTime:0.003273s SQL = SELECT * FROM hakuams_document ORDER BY data DESC LIMIT 0,17 
[ 09-05-14 22:28:14 ]
 RunTime:0.004854s SQL = SHOW COLUMNS FROM hakuams_user
[ 09-05-14 22:28:14 ]
 RunTime:0.000444s SQL = SELECT * FROM hakuams_user WHERE ( `id` = '7' )
[ 09-05-14 22:28:14 ]
 RunTime:0.002706s SQL = SHOW COLUMNS FROM hakuams_document
[ 09-05-14 22:28:14 ]
 RunTime:0.004115s SQL = SELECT * FROM hakuams_document ORDER BY data DESC LIMIT 0,17 
[ 09-05-14 22:28:22 ]
 RunTime:0.003180s SQL = SHOW COLUMNS FROM hakuams_user
[ 09-05-14 22:28:22 ]
 RunTime:0.000349s SQL = SELECT * FROM hakuams_user WHERE ( `id` = '7' )
[ 09-05-14 22:28:22 ]
 RunTime:0.004025s SQL = SHOW COLUMNS FROM hakuams_document
[ 09-05-14 22:28:22 ]
 RunTime:0.002919s SQL = SELECT * FROM hakuams_document ORDER BY data DESC LIMIT 0,17 
[ 09-05-14 22:28:37 ]
 RunTime:0.003269s SQL = SHOW COLUMNS FROM hakuams_user
[ 09-05-14 22:28:37 ]
 RunTime:0.000606s SQL = SELECT * FROM hakuams_user WHERE ( `id` = '7' )
[ 09-05-14 22:28:37 ]
 RunTime:0.003313s SQL = SHOW COLUMNS FROM hakuams_document
[ 09-05-14 22:28:37 ]
 RunTime:0.005800s SQL = SELECT * FROM hakuams_document ORDER BY data DESC LIMIT 0,17 
[ 09-05-14 22:28:51 ]
 RunTime:0.005031s SQL = SHOW COLUMNS FROM hakuams_user
[ 09-05-14 22:28:51 ]
 RunTime:0.000645s SQL = SELECT * FROM hakuams_user WHERE ( `id` = '7' )
[ 09-05-14 22:28:51 ]
 RunTime:0.004141s SQL = SHOW COLUMNS FROM hakuams_document
[ 09-05-14 22:28:51 ]
 RunTime:0.004916s SQL = SELECT * FROM hakuams_document ORDER BY data DESC LIMIT 0,17 
[ 09-05-14 22:29:13 ]
 RunTime:0.004058s SQL = SHOW COLUMNS FROM hakuams_user
[ 09-05-14 22:29:13 ]
 RunTime:0.000545s SQL = SELECT * FROM hakuams_user WHERE ( `id` = '7' )
[ 09-05-14 22:29:13 ]
 RunTime:0.003822s SQL = SHOW COLUMNS FROM hakuams_document
[ 09-05-14 22:29:13 ]
 RunTime:0.004644s SQL = SELECT * FROM hakuams_document ORDER BY data DESC LIMIT 0,17 
[ 09-05-14 22:29:31 ]
 RunTime:0.004953s SQL = SHOW COLUMNS FROM hakuams_user
[ 09-05-14 22:29:31 ]
 RunTime:0.000597s SQL = SELECT * FROM hakuams_user WHERE ( `id` = '7' )
[ 09-05-14 22:29:31 ]
 RunTime:0.045378s SQL = SHOW COLUMNS FROM hakuams_document
[ 09-05-14 22:29:31 ]
 RunTime:0.004034s SQL = SELECT * FROM hakuams_document ORDER BY data DESC LIMIT 0,17 
[ 09-05-14 22:30:10 ]
 RunTime:0.007346s SQL = SHOW COLUMNS FROM hakuams_user
[ 09-05-14 22:30:10 ]
 RunTime:0.000368s SQL = SELECT * FROM hakuams_user WHERE ( `id` = '7' )
[ 09-05-14 22:30:10 ]
 RunTime:0.003216s SQL = SHOW COLUMNS FROM hakuams_document
[ 09-05-14 22:30:10 ]
 RunTime:0.004017s SQL = SELECT * FROM hakuams_document ORDER BY data DESC LIMIT 0,17 
[ 09-05-14 22:30:55 ]
 RunTime:0.002457s SQL = SHOW COLUMNS FROM hakuams_user
[ 09-05-14 22:30:55 ]
 RunTime:0.000791s SQL = SELECT * FROM hakuams_user WHERE ( `id` = '7' )
[ 09-05-14 22:30:55 ]
 RunTime:0.002767s SQL = SHOW COLUMNS FROM hakuams_document
[ 09-05-14 22:30:55 ]
 RunTime:0.002556s SQL = SELECT * FROM hakuams_document ORDER BY data DESC LIMIT 0,17 
[ 09-05-14 22:30:59 ]
 RunTime:0.003082s SQL = SHOW COLUMNS FROM hakuams_user
[ 09-05-14 22:30:59 ]
 RunTime:0.000342s SQL = SELECT * FROM hakuams_user WHERE ( `id` = '7' )
[ 09-05-14 22:30:59 ]
 RunTime:0.003244s SQL = SHOW COLUMNS FROM hakuams_document
[ 09-05-14 22:30:59 ]
 RunTime:0.000735s SQL = SELECT * FROM hakuams_document WHERE ( `id` = '188' )
[ 09-05-14 22:30:59 ]
 RunTime:0.002943s SQL = SHOW COLUMNS FROM hakuams_category
[ 09-05-14 22:30:59 ]
 RunTime:0.000311s SQL = SELECT * FROM hakuams_category
[ 09-05-14 22:31:07 ]
 RunTime:0.007403s SQL = SHOW COLUMNS FROM hakuams_user
[ 09-05-14 22:31:07 ]
 RunTime:0.000411s SQL = SELECT * FROM hakuams_user WHERE ( `id` = '7' )
[ 09-05-14 22:31:07 ]
 RunTime:0.003540s SQL = SHOW COLUMNS FROM hakuams_document
[ 09-05-14 22:31:07 ]
 RunTime:0.003458s SQL = SELECT * FROM hakuams_document ORDER BY data DESC LIMIT 0,17 
[ 09-05-14 22:31:13 ]
 RunTime:0.003623s SQL = SHOW COLUMNS FROM hakuams_user
[ 09-05-14 22:31:13 ]
 RunTime:0.000350s SQL = SELECT * FROM hakuams_user WHERE ( `id` = '7' )
[ 09-05-14 22:31:13 ]
 RunTime:0.003294s SQL = SHOW COLUMNS FROM hakuams_document
[ 09-05-14 22:31:13 ]
 RunTime:0.003269s SQL = SELECT * FROM hakuams_document ORDER BY data DESC LIMIT 0,17 
[ 09-05-14 22:32:05 ]
 RunTime:0.007756s SQL = SHOW COLUMNS FROM hakuams_user
[ 09-05-14 22:32:05 ]
 RunTime:0.000476s SQL = SELECT * FROM hakuams_user WHERE ( `id` = '7' )
[ 09-05-14 22:32:05 ]
 RunTime:0.003514s SQL = SHOW COLUMNS FROM hakuams_document
[ 09-05-14 22:32:05 ]
 RunTime:0.002854s SQL = SELECT * FROM hakuams_document ORDER BY data DESC LIMIT 0,17 
[ 09-05-14 22:33:21 ]
 RunTime:0.003327s SQL = SHOW COLUMNS FROM hakuams_user
[ 09-05-14 22:33:21 ]
 RunTime:0.000363s SQL = SELECT * FROM hakuams_user WHERE ( `id` = '7' )
[ 09-05-14 22:33:21 ]
 RunTime:0.003415s SQL = SHOW COLUMNS FROM hakuams_document
[ 09-05-14 22:33:21 ]
 RunTime:0.003904s SQL = SELECT * FROM hakuams_document ORDER BY data DESC LIMIT 0,17 
[ 09-05-14 22:33:36 ]
 RunTime:0.003076s SQL = SHOW COLUMNS FROM hakuams_user
[ 09-05-14 22:33:36 ]
 RunTime:0.000391s SQL = SELECT * FROM hakuams_user WHERE ( `id` = '7' )
[ 09-05-14 22:33:36 ]
 RunTime:0.002977s SQL = SHOW COLUMNS FROM hakuams_document
[ 09-05-14 22:33:36 ]
 RunTime:0.003788s SQL = SELECT * FROM hakuams_document ORDER BY data DESC LIMIT 0,17 
[ 09-05-14 22:37:51 ]
 RunTime:0.002510s SQL = SHOW COLUMNS FROM hakuams_user
[ 09-05-14 22:37:51 ]
 RunTime:0.000334s SQL = SELECT * FROM hakuams_user WHERE ( `id` = '7' )
[ 09-05-14 22:37:51 ]
 RunTime:0.002371s SQL = SHOW COLUMNS FROM hakuams_document
[ 09-05-14 22:37:51 ]
 RunTime:0.002530s SQL = SELECT * FROM hakuams_document ORDER BY data DESC LIMIT 0,17 
[ 09-05-14 22:37:51 ]
 RunTime:0.002108s SQL = SELECT * FROM hakuams_document
[ 09-05-14 22:38:27 ]
 RunTime:0.008301s SQL = SHOW COLUMNS FROM hakuams_user
[ 09-05-14 22:38:27 ]
 RunTime:0.000424s SQL = SELECT * FROM hakuams_user WHERE ( `id` = '7' )
[ 09-05-14 22:38:27 ]
 RunTime:0.003363s SQL = SHOW COLUMNS FROM hakuams_document
[ 09-05-14 22:38:27 ]
 RunTime:0.005598s SQL = SELECT * FROM hakuams_document ORDER BY data DESC LIMIT 0,17 
[ 09-05-14 22:38:27 ]
 RunTime:0.003954s SQL = SELECT * FROM hakuams_document
[ 09-05-14 22:38:47 ]
 RunTime:0.006909s SQL = SHOW COLUMNS FROM hakuams_document
[ 09-05-14 22:38:47 ]
 RunTime:0.000526s SQL = SELECT * FROM hakuams_document WHERE ( `id` = '11' ) LIMIT 1 
[ 09-05-14 22:38:47 ]
 RunTime:0.003409s SQL = SHOW COLUMNS FROM hakuams_document
[ 09-05-14 22:38:47 ]
 RunTime:0.000378s SQL = SELECT * FROM hakuams_document WHERE ( `id` = '2.files' ) LIMIT 1 
[ 09-05-14 22:38:47 ]
 RunTime:0.003157s SQL = SHOW COLUMNS FROM hakuams_document
[ 09-05-14 22:38:47 ]
 RunTime:0.000328s SQL = SELECT * FROM hakuams_document WHERE ( `id` = '2.files' ) LIMIT 1 
[ 09-05-14 22:38:48 ]
 RunTime:0.002450s SQL = SHOW COLUMNS FROM hakuams_document
[ 09-05-14 22:38:48 ]
 RunTime:0.000328s SQL = SELECT * FROM hakuams_document WHERE ( `id` = '2.files' ) LIMIT 1 
[ 09-05-14 22:39:30 ]
 RunTime:0.002622s SQL = SHOW COLUMNS FROM hakuams_user
[ 09-05-14 22:39:30 ]
 RunTime:0.000373s SQL = SELECT * FROM hakuams_user WHERE ( `id` = '7' )
[ 09-05-14 22:39:30 ]
 RunTime:0.002833s SQL = SHOW COLUMNS FROM hakuams_document
[ 09-05-14 22:39:30 ]
 RunTime:0.009607s SQL = SELECT * FROM hakuams_document ORDER BY data DESC LIMIT 0,17 
[ 09-05-14 22:39:30 ]
 RunTime:0.002275s SQL = SELECT * FROM hakuams_document
[ 09-05-14 22:39:30 ]
 RunTime:0.003025s SQL = SELECT * FROM hakuams_document
[ 09-05-14 22:40:02 ]
 RunTime:0.003826s SQL = SHOW COLUMNS FROM hakuams_user
[ 09-05-14 22:40:02 ]
 RunTime:0.000909s SQL = SELECT * FROM hakuams_user WHERE ( `id` = '7' )
[ 09-05-14 22:40:02 ]
 RunTime:0.002947s SQL = SHOW COLUMNS FROM hakuams_document
[ 09-05-14 22:40:02 ]
 RunTime:0.002813s SQL = SELECT * FROM hakuams_document ORDER BY data DESC LIMIT 0,17 
[ 09-05-14 22:40:02 ]
 RunTime:0.002551s SQL = SELECT * FROM hakuams_document