
[ 09-05-01 11:52:25 ]
 RunTime:0.000625s SQL = SELECT * FROM hakucms_url
[ 09-05-01 11:53:58 ]
 RunTime:0.000342s SQL = SELECT * FROM hakucms_user WHERE ( `id` = '200805030326' )
[ 09-05-01 11:53:58 ]
 RunTime:0.003067s SQL = SHOW COLUMNS FROM hakucms_document
[ 09-05-01 11:53:58 ]
 RunTime:0.003129s SQL = SELECT * FROM hakucms_document WHERE ( `data` >= 1238558038 AND `data` <= 1241150038 ) AND ( `exam` = 0 ) ORDER BY data DESC
[ 09-05-01 11:54:00 ]
 RunTime:0.000379s SQL = SELECT * FROM hakucms_user WHERE ( `id` = '200805030326' )
[ 09-05-01 11:54:00 ]
 RunTime:0.002084s SQL = SELECT * FROM hakucms_document WHERE ( `data` >= 1238558040 AND `data` <= 1241150040 ) AND ( `exam` = 0 ) ORDER BY data DESC
[ 09-05-01 11:54:55 ]
 RunTime:0.000345s SQL = SELECT * FROM hakucms_url
[ 09-05-01 11:54:57 ]
 RunTime:0.000447s SQL = SELECT * FROM hakucms_user WHERE ( `id` = '200805030326' )
[ 09-05-01 11:54:57 ]
 RunTime:0.002905s SQL = SELECT * FROM hakucms_document WHERE ( `data` >= 1238558097 AND `data` <= 1241150097 ) AND ( `exam` = 0 ) ORDER BY data DESC
[ 09-05-01 11:54:58 ]
 RunTime:0.000353s SQL = SELECT * FROM hakucms_user WHERE ( `id` = '200805030326' )
[ 09-05-01 11:54:58 ]
 RunTime:0.059633s SQL = SELECT * FROM hakucms_document WHERE ( `data` >= 1238558098 AND `data` <= 1241150098 ) ORDER BY data DESC
[ 09-05-01 11:55:23 ]
 RunTime:0.000309s SQL = SELECT * FROM hakucms_url
[ 09-05-01 11:55:24 ]
 RunTime:0.000519s SQL = SELECT * FROM hakucms_user WHERE ( `id` = '200805030326' )
[ 09-05-01 11:55:24 ]
 RunTime:0.002354s SQL = SELECT * FROM hakucms_document WHERE ( `data` >= 1238558124 AND `data` <= 1241150124 ) AND ( `exam` = 0 ) ORDER BY data DESC
[ 09-05-01 11:55:25 ]
 RunTime:0.000360s SQL = SELECT * FROM hakucms_user WHERE ( `id` = '200805030326' )
[ 09-05-01 11:55:25 ]
 RunTime:0.025891s SQL = SELECT * FROM hakucms_document WHERE ( `data` >= 1238558125 AND `data` <= 1241150125 ) ORDER BY data DESC
[ 09-05-01 11:56:22 ]
 RunTime:0.002207s SQL = SELECT * FROM hakucms_url
[ 09-05-01 11:56:23 ]
 RunTime:0.000339s SQL = SELECT * FROM hakucms_user WHERE ( `id` = '200805030326' )
[ 09-05-01 11:56:23 ]
 RunTime:0.020587s SQL = SELECT * FROM hakucms_document WHERE ( `data` >= 1238558183 AND `data` <= 1241150183 ) ORDER BY data DESC
[ 09-05-01 11:56:26 ]
 RunTime:0.000491s SQL = SELECT * FROM hakucms_user WHERE ( `id` = '200805030326' )
[ 09-05-01 11:56:26 ]
 RunTime:0.011582s SQL = SELECT * FROM hakucms_document WHERE ( `data` >= 1238558186 AND `data` <= 1241150186 ) ORDER BY data DESC
[ 09-05-01 11:56:38 ]
 RunTime:0.000342s SQL = SELECT * FROM hakucms_user WHERE ( `id` = '200805030326' )
[ 09-05-01 11:56:38 ]
 RunTime:0.002318s SQL = SELECT * FROM hakucms_document WHERE ( `data` >= 1238558198 AND `data` <= 1241150198 ) AND ( `exam` = 0 ) ORDER BY data DESC
[ 09-05-01 11:56:45 ]
 RunTime:0.002700s SQL = SHOW COLUMNS FROM hakucms_state
[ 09-05-01 11:56:45 ]
 RunTime:0.000377s SQL = SELECT * FROM hakucms_user
[ 09-05-01 11:56:45 ]
 RunTime:0.000668s SQL = SELECT * FROM hakucms_state WHERE ( `ltime` >= 1241107155 AND `ltime` <= 1241150205 ) AND ( `user` = 'raoyuying' )
[ 09-05-01 11:56:45 ]
 RunTime:0.001261s SQL = SELECT * FROM hakucms_document WHERE ( `data` >= 1241107155 AND `data` <= 1241150205 ) AND ( `writer` = 'raoyuying' )
[ 09-05-01 11:56:45 ]
 RunTime:0.000329s SQL = SELECT * FROM hakucms_state WHERE ( `ltime` >= 1241107155 AND `ltime` <= 1241150205 ) AND ( `user` = 'weichenghong' )
[ 09-05-01 11:56:45 ]
 RunTime:0.001030s SQL = SELECT * FROM hakucms_document WHERE ( `data` >= 1241107155 AND `data` <= 1241150205 ) AND ( `writer` = 'weichenghong' )
[ 09-05-01 11:56:45 ]
 RunTime:0.000335s SQL = SELECT * FROM hakucms_state WHERE ( `ltime` >= 1241107155 AND `ltime` <= 1241150205 ) AND ( `user` = 'princehaku' )
[ 09-05-01 11:56:45 ]
 RunTime:0.001133s SQL = SELECT * FROM hakucms_document WHERE ( `data` >= 1241107155 AND `data` <= 1241150205 ) AND ( `writer` = 'princehaku' )
[ 09-05-01 11:56:45 ]
 RunTime:0.000407s SQL = SELECT * FROM hakucms_state WHERE ( `ltime` >= 1241107155 AND `ltime` <= 1241150205 ) AND ( `user` = 'wangyoubing' )
[ 09-05-01 11:56:45 ]
 RunTime:0.001077s SQL = SELECT * FROM hakucms_document WHERE ( `data` >= 1241107155 AND `data` <= 1241150205 ) AND ( `writer` = 'wangyoubing' )
[ 09-05-01 11:56:45 ]
 RunTime:0.000348s SQL = SELECT * FROM hakucms_state WHERE ( `ltime` >= 1241107155 AND `ltime` <= 1241150205 ) AND ( `user` = 'luxun2007' )
[ 09-05-01 11:56:45 ]
 RunTime:0.002064s SQL = SELECT * FROM hakucms_document WHERE ( `data` >= 1241107155 AND `data` <= 1241150205 ) AND ( `writer` = 'luxun2007' )
[ 09-05-01 11:56:45 ]
 RunTime:0.000355s SQL = SELECT * FROM hakucms_state WHERE ( `ltime` >= 1241107155 AND `ltime` <= 1241150205 ) AND ( `user` = 'zhouzhigang' )
[ 09-05-01 11:56:45 ]
 RunTime:0.001235s SQL = SELECT * FROM hakucms_document WHERE ( `data` >= 1241107155 AND `data` <= 1241150205 ) AND ( `writer` = 'zhouzhigang' )
[ 09-05-01 11:56:56 ]
 RunTime:0.000363s SQL = SELECT * FROM hakucms_user
[ 09-05-01 11:56:56 ]
 RunTime:0.000316s SQL = SELECT * FROM hakucms_state WHERE ( `ltime` >= 1241107144 AND `ltime` <= 1241150216 ) AND ( `user` = 'raoyuying' )
[ 09-05-01 11:56:56 ]
 RunTime:0.001301s SQL = SELECT * FROM hakucms_document WHERE ( `data` >= 1241107144 AND `data` <= 1241150216 ) AND ( `writer` = 'raoyuying' )
[ 09-05-01 11:56:56 ]
 RunTime:0.000556s SQL = SELECT * FROM hakucms_state WHERE ( `ltime` >= 1241107144 AND `ltime` <= 1241150216 ) AND ( `user` = 'weichenghong' )
[ 09-05-01 11:56:56 ]
 RunTime:0.002750s SQL = SELECT * FROM hakucms_document WHERE ( `data` >= 1241107144 AND `data` <= 1241150216 ) AND ( `writer` = 'weichenghong' )
[ 09-05-01 11:56:56 ]
 RunTime:0.000493s SQL = SELECT * FROM hakucms_state WHERE ( `ltime` >= 1241107144 AND `ltime` <= 1241150216 ) AND ( `user` = 'princehaku' )
[ 09-05-01 11:56:56 ]
 RunTime:0.001490s SQL = SELECT * FROM hakucms_document WHERE ( `data` >= 1241107144 AND `data` <= 1241150216 ) AND ( `writer` = 'princehaku' )
[ 09-05-01 11:56:56 ]
 RunTime:0.000515s SQL = SELECT * FROM hakucms_state WHERE ( `ltime` >= 1241107144 AND `ltime` <= 1241150216 ) AND ( `user` = 'wangyoubing' )
[ 09-05-01 11:56:56 ]
 RunTime:0.001261s SQL = SELECT * FROM hakucms_document WHERE ( `data` >= 1241107144 AND `data` <= 1241150216 ) AND ( `writer` = 'wangyoubing' )
[ 09-05-01 11:56:56 ]
 RunTime:0.000370s SQL = SELECT * FROM hakucms_state WHERE ( `ltime` >= 1241107144 AND `ltime` <= 1241150216 ) AND ( `user` = 'luxun2007' )
[ 09-05-01 11:56:56 ]
 RunTime:0.001792s SQL = SELECT * FROM hakucms_document WHERE ( `data` >= 1241107144 AND `data` <= 1241150216 ) AND ( `writer` = 'luxun2007' )
[ 09-05-01 11:56:56 ]
 RunTime:0.000706s SQL = SELECT * FROM hakucms_state WHERE ( `ltime` >= 1241107144 AND `ltime` <= 1241150216 ) AND ( `user` = 'zhouzhigang' )
[ 09-05-01 11:56:56 ]
 RunTime:0.001687s SQL = SELECT * FROM hakucms_document WHERE ( `data` >= 1241107144 AND `data` <= 1241150216 ) AND ( `writer` = 'zhouzhigang' )
[ 09-05-01 11:57:01 ]
 RunTime:0.000531s SQL = SELECT * FROM hakucms_user WHERE ( `id` = '200805030326' )
[ 09-05-01 11:57:01 ]
 RunTime:0.016681s SQL = SELECT * FROM hakucms_document WHERE ( `data` >= 1238558221 AND `data` <= 1241150221 ) ORDER BY data DESC
[ 09-05-01 11:57:28 ]
 RunTime:0.001000s SQL = SELECT * FROM hakucms_user WHERE ( `id` = '200805030326' )
[ 09-05-01 11:57:28 ]
 RunTime:0.012848s SQL = SELECT * FROM hakucms_document WHERE ( `data` >= 1238558248 AND `data` <= 1241150248 ) ORDER BY data DESC
[ 09-05-01 11:57:44 ]
 RunTime:0.000357s SQL = SELECT * FROM hakucms_url
[ 09-05-01 11:57:46 ]
 RunTime:0.000577s SQL = SELECT * FROM hakucms_user WHERE ( `id` = '200805030326' )
[ 09-05-01 11:57:46 ]
 RunTime:0.028262s SQL = SELECT * FROM hakucms_document WHERE ( `data` >= 1238558266 AND `data` <= 1241150266 ) ORDER BY data DESC
[ 09-05-01 11:58:04 ]
 RunTime:0.000815s SQL = SELECT * FROM hakucms_user WHERE ( `id` = '200805030326' )
[ 09-05-01 11:58:04 ]
 RunTime:0.022277s SQL = SELECT * FROM hakucms_document WHERE ( `data` >= 1238558284 AND `data` <= 1241150284 ) ORDER BY data DESC
[ 09-05-01 11:58:05 ]
 RunTime:0.003460s SQL = SHOW COLUMNS FROM hakucms_category
[ 09-05-01 11:58:05 ]
 RunTime:0.000787s SQL = SELECT * FROM hakucms_category
[ 09-05-01 11:58:08 ]
 RunTime:0.000491s SQL = SELECT * FROM hakucms_user
[ 09-05-01 11:58:08 ]
 RunTime:0.000485s SQL = SELECT * FROM hakucms_state WHERE ( `ltime` >= 1241107192 AND `ltime` <= 1241150288 ) AND ( `user` = 'raoyuying' )
[ 09-05-01 11:58:08 ]
 RunTime:0.002424s SQL = SELECT * FROM hakucms_document WHERE ( `data` >= 1241107192 AND `data` <= 1241150288 ) AND ( `writer` = 'raoyuying' )
[ 09-05-01 11:58:08 ]
 RunTime:0.000437s SQL = SELECT * FROM hakucms_state WHERE ( `ltime` >= 1241107192 AND `ltime` <= 1241150288 ) AND ( `user` = 'weichenghong' )
[ 09-05-01 11:58:08 ]
 RunTime:0.001254s SQL = SELECT * FROM hakucms_document WHERE ( `data` >= 1241107192 AND `data` <= 1241150288 ) AND ( `writer` = 'weichenghong' )
[ 09-05-01 11:58:08 ]
 RunTime:0.000410s SQL = SELECT * FROM hakucms_state WHERE ( `ltime` >= 1241107192 AND `ltime` <= 1241150288 ) AND ( `user` = 'princehaku' )
[ 09-05-01 11:58:08 ]
 RunTime:0.001069s SQL = SELECT * FROM hakucms_document WHERE ( `data` >= 1241107192 AND `data` <= 1241150288 ) AND ( `writer` = 'princehaku' )
[ 09-05-01 11:58:08 ]
 RunTime:0.000340s SQL = SELECT * FROM hakucms_state WHERE ( `ltime` >= 1241107192 AND `ltime` <= 1241150288 ) AND ( `user` = 'wangyoubing' )
[ 09-05-01 11:58:08 ]
 RunTime:0.001034s SQL = SELECT * FROM hakucms_document WHERE ( `data` >= 1241107192 AND `data` <= 1241150288 ) AND ( `writer` = 'wangyoubing' )
[ 09-05-01 11:58:08 ]
 RunTime:0.000410s SQL = SELECT * FROM hakucms_state WHERE ( `ltime` >= 1241107192 AND `ltime` <= 1241150288 ) AND ( `user` = 'luxun2007' )
[ 09-05-01 11:58:08 ]
 RunTime:0.001464s SQL = SELECT * FROM hakucms_document WHERE ( `data` >= 1241107192 AND `data` <= 1241150288 ) AND ( `writer` = 'luxun2007' )
[ 09-05-01 11:58:08 ]
 RunTime:0.000559s SQL = SELECT * FROM hakucms_state WHERE ( `ltime` >= 1241107192 AND `ltime` <= 1241150288 ) AND ( `user` = 'zhouzhigang' )
[ 09-05-01 11:58:08 ]
 RunTime:0.001666s SQL = SELECT * FROM hakucms_document WHERE ( `data` >= 1241107192 AND `data` <= 1241150288 ) AND ( `writer` = 'zhouzhigang' )
[ 09-05-01 11:58:11 ]
 RunTime:0.000327s SQL = SELECT * FROM hakucms_category
[ 09-05-01 11:58:16 ]
 RunTime:0.000524s SQL = SELECT * FROM hakucms_category
[ 09-05-01 11:58:16 ]
 RunTime:0.000335s SQL = SELECT * FROM hakucms_category
[ 09-05-01 11:58:19 ]
 RunTime:0.000454s SQL = SELECT * FROM hakucms_category
[ 09-05-01 11:58:22 ]
 RunTime:0.000475s SQL = SELECT * FROM hakucms_category
[ 09-05-01 11:58:25 ]
 RunTime:0.000607s SQL = SELECT * FROM hakucms_category
[ 09-05-01 11:58:28 ]
 RunTime:0.000672s SQL = SELECT * FROM hakucms_category
[ 09-05-01 11:58:33 ]
 RunTime:0.000474s SQL = SELECT * FROM hakucms_category
[ 09-05-01 11:59:02 ]
 RunTime:0.000301s SQL = SELECT * FROM hakucms_category
[ 09-05-01 11:59:04 ]
 RunTime:0.000537s SQL = SELECT * FROM hakucms_category
[ 09-05-01 11:59:07 ]
 RunTime:0.000456s SQL = SELECT * FROM hakucms_category
[ 09-05-01 11:59:22 ]
 RunTime:0.000298s SQL = SELECT * FROM hakucms_category
[ 09-05-01 11:59:25 ]
 RunTime:0.000399s SQL = SELECT * FROM hakucms_category
[ 09-05-01 12:02:38 ]
 RunTime:0.004240s SQL = SHOW COLUMNS FROM hakucms_user
[ 09-05-01 12:02:38 ]
 RunTime:0.000796s SQL = SELECT * FROM hakucms_user WHERE ( `id` = '200805030326' )
[ 09-05-01 12:02:38 ]
 RunTime:0.004003s SQL = SHOW COLUMNS FROM hakucms_document
[ 09-05-01 12:02:38 ]
 RunTime:0.003752s SQL = SELECT * FROM hakucms_document WHERE ( `data` >= 1238558558 AND `data` <= 1241150558 ) AND ( `exam` = 0 ) ORDER BY data DESC
[ 09-05-01 12:02:38 ]
 RunTime:0.000547s SQL = SELECT * FROM hakucms_user WHERE ( `id` = '200805030326' )
[ 09-05-01 12:02:39 ]
 RunTime:0.012633s SQL = SELECT * FROM hakucms_document WHERE ( `data` >= 1238558558 AND `data` <= 1241150558 ) ORDER BY data DESC
[ 09-05-01 12:03:26 ]
 RunTime:0.001063s SQL = SELECT * FROM hakucms_category
[ 09-05-01 12:03:30 ]
 RunTime:0.000721s SQL = SELECT * FROM hakucms_category
[ 09-05-01 12:03:33 ]
 RunTime:0.000658s SQL = SELECT * FROM hakucms_category
[ 09-05-01 12:03:36 ]
 RunTime:0.000355s SQL = SELECT * FROM hakucms_category
[ 09-05-01 12:03:38 ]
 RunTime:0.002479s SQL = SHOW COLUMNS FROM hakucms_state
[ 09-05-01 12:03:38 ]
 RunTime:0.000397s SQL = SELECT * FROM hakucms_user
[ 09-05-01 12:03:38 ]
 RunTime:0.000320s SQL = SELECT * FROM hakucms_state WHERE ( `ltime` >= 1241107162 AND `ltime` <= 1241150618 ) AND ( `user` = 'raoyuying' )
[ 09-05-01 12:03:38 ]
 RunTime:0.001222s SQL = SELECT * FROM hakucms_document WHERE ( `data` >= 1241107162 AND `data` <= 1241150618 ) AND ( `writer` = 'raoyuying' )
[ 09-05-01 12:03:38 ]
 RunTime:0.000487s SQL = SELECT * FROM hakucms_state WHERE ( `ltime` >= 1241107162 AND `ltime` <= 1241150618 ) AND ( `user` = 'weichenghong' )
[ 09-05-01 12:03:38 ]
 RunTime:0.001717s SQL = SELECT * FROM hakucms_document WHERE ( `data` >= 1241107162 AND `data` <= 1241150618 ) AND ( `writer` = 'weichenghong' )
[ 09-05-01 12:03:38 ]
 RunTime:0.001045s SQL = SELECT * FROM hakucms_state WHERE ( `ltime` >= 1241107162 AND `ltime` <= 1241150618 ) AND ( `user` = 'princehaku' )
[ 09-05-01 12:03:38 ]
 RunTime:0.001981s SQL = SELECT * FROM hakucms_document WHERE ( `data` >= 1241107162 AND `data` <= 1241150618 ) AND ( `writer` = 'princehaku' )
[ 09-05-01 12:03:38 ]
 RunTime:0.000562s SQL = SELECT * FROM hakucms_state WHERE ( `ltime` >= 1241107162 AND `ltime` <= 1241150618 ) AND ( `user` = 'wangyoubing' )
[ 09-05-01 12:03:38 ]
 RunTime:0.001903s SQL = SELECT * FROM hakucms_document WHERE ( `data` >= 1241107162 AND `data` <= 1241150618 ) AND ( `writer` = 'wangyoubing' )
[ 09-05-01 12:03:38 ]
 RunTime:0.000610s SQL = SELECT * FROM hakucms_state WHERE ( `ltime` >= 1241107162 AND `ltime` <= 1241150618 ) AND ( `user` = 'luxun2007' )
[ 09-05-01 12:03:38 ]
 RunTime:0.001751s SQL = SELECT * FROM hakucms_document WHERE ( `data` >= 1241107162 AND `data` <= 1241150618 ) AND ( `writer` = 'luxun2007' )
[ 09-05-01 12:03:38 ]
 RunTime:0.000563s SQL = SELECT * FROM hakucms_state WHERE ( `ltime` >= 1241107162 AND `ltime` <= 1241150618 ) AND ( `user` = 'zhouzhigang' )
[ 09-05-01 12:03:38 ]
 RunTime:0.001111s SQL = SELECT * FROM hakucms_document WHERE ( `data` >= 1241107162 AND `data` <= 1241150618 ) AND ( `writer` = 'zhouzhigang' )
[ 09-05-01 12:03:41 ]
 RunTime:0.000272s SQL = SELECT * FROM hakucms_category
[ 09-05-01 12:03:42 ]
 RunTime:0.000351s SQL = SELECT * FROM hakucms_user
[ 09-05-01 12:03:42 ]
 RunTime:0.000433s SQL = SELECT * FROM hakucms_state WHERE ( `ltime` >= 1241107158 AND `ltime` <= 1241150622 ) AND ( `user` = 'raoyuying' )
[ 09-05-01 12:03:42 ]
 RunTime:0.001352s SQL = SELECT * FROM hakucms_document WHERE ( `data` >= 1241107158 AND `data` <= 1241150622 ) AND ( `writer` = 'raoyuying' )
[ 09-05-01 12:03:42 ]
 RunTime:0.000406s SQL = SELECT * FROM hakucms_state WHERE ( `ltime` >= 1241107158 AND `ltime` <= 1241150622 ) AND ( `user` = 'weichenghong' )
[ 09-05-01 12:03:42 ]
 RunTime:0.001122s SQL = SELECT * FROM hakucms_document WHERE ( `data` >= 1241107158 AND `data` <= 1241150622 ) AND ( `writer` = 'weichenghong' )
[ 09-05-01 12:03:42 ]
 RunTime:0.000329s SQL = SELECT * FROM hakucms_state WHERE ( `ltime` >= 1241107158 AND `ltime` <= 1241150622 ) AND ( `user` = 'princehaku' )
[ 09-05-01 12:03:42 ]
 RunTime:0.001364s SQL = SELECT * FROM hakucms_document WHERE ( `data` >= 1241107158 AND `data` <= 1241150622 ) AND ( `writer` = 'princehaku' )
[ 09-05-01 12:03:42 ]
 RunTime:0.000333s SQL = SELECT * FROM hakucms_state WHERE ( `ltime` >= 1241107158 AND `ltime` <= 1241150622 ) AND ( `user` = 'wangyoubing' )
[ 09-05-01 12:03:42 ]
 RunTime:0.001307s SQL = SELECT * FROM hakucms_document WHERE ( `data` >= 1241107158 AND `data` <= 1241150622 ) AND ( `writer` = 'wangyoubing' )
[ 09-05-01 12:03:42 ]
 RunTime:0.000528s SQL = SELECT * FROM hakucms_state WHERE ( `ltime` >= 1241107158 AND `ltime` <= 1241150622 ) AND ( `user` = 'luxun2007' )
[ 09-05-01 12:03:42 ]
 RunTime:0.001297s SQL = SELECT * FROM hakucms_document WHERE ( `data` >= 1241107158 AND `data` <= 1241150622 ) AND ( `writer` = 'luxun2007' )
[ 09-05-01 12:03:42 ]
 RunTime:0.000546s SQL = SELECT * FROM hakucms_state WHERE ( `ltime` >= 1241107158 AND `ltime` <= 1241150622 ) AND ( `user` = 'zhouzhigang' )
[ 09-05-01 12:03:42 ]
 RunTime:0.001705s SQL = SELECT * FROM hakucms_document WHERE ( `data` >= 1241107158 AND `data` <= 1241150622 ) AND ( `writer` = 'zhouzhigang' )
[ 09-05-01 12:03:43 ]
 RunTime:0.000443s SQL = SELECT * FROM hakucms_user WHERE ( `id` = '200805030326' )
[ 09-05-01 12:03:43 ]
 RunTime:0.019685s SQL = SELECT * FROM hakucms_document WHERE ( `data` >= 1238558623 AND `data` <= 1241150623 ) ORDER BY data DESC
[ 09-05-01 12:03:49 ]
 RunTime:0.000465s SQL = SELECT * FROM hakucms_category
[ 09-05-01 12:03:55 ]
 RunTime:0.000436s SQL = SELECT * FROM hakucms_user WHERE ( `id` = '200805030326' )
[ 09-05-01 12:03:55 ]
 RunTime:0.002982s SQL = SELECT * FROM hakucms_document WHERE ( `data` >= 1238558635 AND `data` <= 1241150635 ) AND ( `exam` = 0 ) ORDER BY data DESC
[ 09-05-01 12:03:55 ]
 RunTime:0.000358s SQL = SELECT * FROM hakucms_user WHERE ( `id` = '200805030326' )
[ 09-05-01 12:03:55 ]
 RunTime:0.015551s SQL = SELECT * FROM hakucms_document WHERE ( `data` >= 1238558635 AND `data` <= 1241150635 ) ORDER BY data DESC
[ 09-05-01 12:03:57 ]
 RunTime:0.000354s SQL = SELECT * FROM hakucms_category
[ 09-05-01 12:04:42 ]
 RunTime:0.000564s SQL = SELECT * FROM hakucms_category
[ 09-05-01 12:05:48 ]
 RunTime:0.000327s SQL = SELECT * FROM hakucms_category
[ 09-05-01 12:05:57 ]
 RunTime:0.000442s SQL = SELECT * FROM hakucms_user WHERE ( `id` = '200805030326' )
[ 09-05-01 12:05:57 ]
 RunTime:0.020315s SQL = SELECT * FROM hakucms_document WHERE ( `data` >= 1238558757 AND `data` <= 1241150757 ) ORDER BY data DESC
[ 09-05-01 12:05:59 ]
 RunTime:0.000287s SQL = SELECT * FROM hakucms_category
[ 09-05-01 12:06:15 ]
 RunTime:0.000413s SQL = SELECT * FROM hakucms_user WHERE ( `id` = '200805030326' )
[ 09-05-01 12:06:15 ]
 RunTime:0.023603s SQL = SELECT * FROM hakucms_document WHERE ( `data` >= 1238558775 AND `data` <= 1241150775 ) ORDER BY data DESC
[ 09-05-01 12:06:17 ]
 RunTime:0.000333s SQL = SELECT * FROM hakucms_category