
[ 09-05-10 09:55:27 ]
注意：[8] Undefined index:  user_id ManAction.class.php 第 60 行.

[ 09-05-10 09:58:35 ]
注意：[8] Undefined variable: vo 013cede882719e500a772f0c2d93e6b3.php 第 16 行.

[ 09-05-10 09:58:35 ]
注意：[8] Undefined variable: vo 013cede882719e500a772f0c2d93e6b3.php 第 16 行.

[ 09-05-10 09:58:35 ]
注意：[8] Trying to get property of non-object 013cede882719e500a772f0c2d93e6b3.php 第 16 行.

[ 09-05-10 09:58:36 ]
注意：[8] Undefined variable: page 1e55212a6170d8842e47d604a1d019ea.php 第 38 行.
[ 09-05-10 09:58:37 ]

错误信息：[ job images bg_dian.gif ]无法加载模块images
错误页面：/job/index.php/images/bg_dian.gif
错误类型：ThinkException
错误跟踪：
[09-05-10 09:58:05] D:\Program Files\server\htdocs\job\Temp\~runtime.php (7) App->exec(无法加载模块images)
[09-05-10 09:58:05] D:\Program Files\server\htdocs\job\index.php (13) App->run()


[ 09-05-10 10:02:38 ]
注意：[8] Undefined variable: vo 013cede882719e500a772f0c2d93e6b3.php 第 16 行.

[ 09-05-10 10:02:38 ]
注意：[8] Undefined variable: vo 013cede882719e500a772f0c2d93e6b3.php 第 16 行.

[ 09-05-10 10:02:38 ]
注意：[8] Trying to get property of non-object 013cede882719e500a772f0c2d93e6b3.php 第 16 行.

[ 09-05-10 10:02:40 ]
注意：[8] Undefined variable: vo 013cede882719e500a772f0c2d93e6b3.php 第 16 行.

[ 09-05-10 10:02:40 ]
注意：[8] Undefined variable: vo 013cede882719e500a772f0c2d93e6b3.php 第 16 行.

[ 09-05-10 10:02:40 ]
注意：[8] Trying to get property of non-object 013cede882719e500a772f0c2d93e6b3.php 第 16 行.

[ 09-05-10 10:03:22 ]
注意：[8] Undefined variable: vo 013cede882719e500a772f0c2d93e6b3.php 第 16 行.

[ 09-05-10 10:03:22 ]
注意：[8] Undefined variable: vo 013cede882719e500a772f0c2d93e6b3.php 第 16 行.

[ 09-05-10 10:03:22 ]
注意：[8] Trying to get property of non-object 013cede882719e500a772f0c2d93e6b3.php 第 16 行.

[ 09-05-10 10:03:42 ]
注意：[8] Undefined index:  style TagLibHtml.class.php 第 45 行.

[ 09-05-10 10:03:42 ]
注意：[8] Undefined offset:  0 ThinkTemplate.class.php 第 578 行.

[ 09-05-10 10:03:42 ]
注意：[8] Undefined offset:  0 ThinkTemplate.class.php 第 578 行.

[ 09-05-10 10:03:42 ]
注意：[8] Undefined offset:  0 ThinkTemplate.class.php 第 578 行.

[ 09-05-10 10:03:42 ]
注意：[8] Undefined variable: title aa13b9f510b059bef2f977458e506c6c.php 第 13 行.

[ 09-05-10 10:03:42 ]
注意：[8] Undefined variable: content aa13b9f510b059bef2f977458e506c6c.php 第 29 行.

[ 09-05-10 10:07:29 ]
注意：[8] Undefined index:  style TagLibHtml.class.php 第 45 行.

[ 09-05-10 10:07:29 ]
注意：[8] Undefined offset:  0 ThinkTemplate.class.php 第 578 行.

[ 09-05-10 10:07:29 ]
注意：[8] Undefined offset:  0 ThinkTemplate.class.php 第 578 行.

[ 09-05-10 10:07:29 ]
注意：[8] Undefined offset:  0 ThinkTemplate.class.php 第 578 行.

[ 09-05-10 10:07:29 ]
注意：[8] Undefined variable: title aa13b9f510b059bef2f977458e506c6c.php 第 13 行.

[ 09-05-10 10:07:29 ]
注意：[8] Undefined variable: content aa13b9f510b059bef2f977458e506c6c.php 第 29 行.

[ 09-05-10 10:07:39 ]
注意：[8] Undefined index:  style TagLibHtml.class.php 第 45 行.

[ 09-05-10 10:07:39 ]
注意：[8] Undefined offset:  0 ThinkTemplate.class.php 第 578 行.

[ 09-05-10 10:07:39 ]
注意：[8] Undefined offset:  0 ThinkTemplate.class.php 第 578 行.

[ 09-05-10 10:07:39 ]
注意：[8] Undefined offset:  0 ThinkTemplate.class.php 第 578 行.

[ 09-05-10 10:07:39 ]
注意：[8] Undefined variable: title aa13b9f510b059bef2f977458e506c6c.php 第 13 行.

[ 09-05-10 10:07:39 ]
注意：[8] Undefined variable: content aa13b9f510b059bef2f977458e506c6c.php 第 29 行.

[ 09-05-10 10:07:40 ]
注意：[8] Undefined variable: page 1e55212a6170d8842e47d604a1d019ea.php 第 38 行.
[ 09-05-10 10:07:40 ]

错误信息：[ job images bg_dian.gif ]无法加载模块images
错误页面：/job/index.php/images/bg_dian.gif
错误类型：ThinkException
错误跟踪：
[09-05-10 10:07:05] D:\Program Files\server\htdocs\job\Temp\~runtime.php (7) App->exec(无法加载模块images)
[09-05-10 10:07:05] D:\Program Files\server\htdocs\job\index.php (13) App->run()


[ 09-05-10 10:09:54 ]
注意：[8] Undefined variable: vo 013cede882719e500a772f0c2d93e6b3.php 第 16 行.

[ 09-05-10 10:09:54 ]
注意：[8] Undefined variable: vo 013cede882719e500a772f0c2d93e6b3.php 第 16 行.

[ 09-05-10 10:09:54 ]
注意：[8] Trying to get property of non-object 013cede882719e500a772f0c2d93e6b3.php 第 16 行.

[ 09-05-10 10:09:56 ]
注意：[8] Undefined variable: vo 013cede882719e500a772f0c2d93e6b3.php 第 16 行.

[ 09-05-10 10:09:56 ]
注意：[8] Undefined variable: vo 013cede882719e500a772f0c2d93e6b3.php 第 16 行.

[ 09-05-10 10:09:56 ]
注意：[8] Trying to get property of non-object 013cede882719e500a772f0c2d93e6b3.php 第 16 行.

[ 09-05-10 10:10:05 ]
注意：[8] Undefined variable: vo 013cede882719e500a772f0c2d93e6b3.php 第 16 行.

[ 09-05-10 10:10:05 ]
注意：[8] Undefined variable: vo 013cede882719e500a772f0c2d93e6b3.php 第 16 行.

[ 09-05-10 10:10:05 ]
注意：[8] Trying to get property of non-object 013cede882719e500a772f0c2d93e6b3.php 第 16 行.

[ 09-05-10 10:10:21 ]
注意：[8] Undefined variable: vo 013cede882719e500a772f0c2d93e6b3.php 第 16 行.

[ 09-05-10 10:10:21 ]
注意：[8] Undefined variable: vo 013cede882719e500a772f0c2d93e6b3.php 第 16 行.

[ 09-05-10 10:10:21 ]
注意：[8] Trying to get property of non-object 013cede882719e500a772f0c2d93e6b3.php 第 16 行.

[ 09-05-10 10:10:34 ]
注意：[8] Undefined variable: vo 013cede882719e500a772f0c2d93e6b3.php 第 16 行.

[ 09-05-10 10:10:34 ]
注意：[8] Undefined variable: vo 013cede882719e500a772f0c2d93e6b3.php 第 16 行.

[ 09-05-10 10:10:34 ]
注意：[8] Trying to get property of non-object 013cede882719e500a772f0c2d93e6b3.php 第 16 行.

[ 09-05-10 10:11:03 ]
注意：[8] Use of undefined constant tm_sec - assumed 'tm_sec' UserAction.class.php 第 31 行.

[ 09-05-10 10:11:03 ]
注意：[8] Use of undefined constant tm_sec - assumed 'tm_sec' UserAction.class.php 第 31 行.

[ 09-05-10 10:11:03 ]
注意：[8] Use of undefined constant tm_min - assumed 'tm_min' UserAction.class.php 第 31 行.

[ 09-05-10 10:11:03 ]
注意：[8] Use of undefined constant tm_hour - assumed 'tm_hour' UserAction.class.php 第 31 行.

[ 09-05-10 10:11:03 ]
注意：[8] Use of undefined constant tm_mday - assumed 'tm_mday' UserAction.class.php 第 31 行.

[ 09-05-10 10:11:04 ]
注意：[8] Undefined variable: pub 565eba06b12dc67b20478dfb49af4b42.php 第 6 行.

[ 09-05-10 10:11:04 ]
注意：[8] Undefined variable: pub 565eba06b12dc67b20478dfb49af4b42.php 第 7 行.

[ 09-05-10 10:11:04 ]
注意：[8] Undefined variable: pub 565eba06b12dc67b20478dfb49af4b42.php 第 8 行.

[ 09-05-10 10:11:04 ]
注意：[8] Undefined variable: pub 565eba06b12dc67b20478dfb49af4b42.php 第 9 行.

[ 09-05-10 10:11:04 ]
注意：[8] Undefined variable: pub 565eba06b12dc67b20478dfb49af4b42.php 第 10 行.

[ 09-05-10 10:11:04 ]
注意：[8] Undefined variable: pub 565eba06b12dc67b20478dfb49af4b42.php 第 11 行.

[ 09-05-10 10:11:04 ]
注意：[8] Undefined variable: pub 565eba06b12dc67b20478dfb49af4b42.php 第 12 行.

[ 09-05-10 10:11:04 ]
注意：[8] Undefined index:  through 565eba06b12dc67b20478dfb49af4b42.php 第 37 行.
[ 09-05-10 10:11:04 ]

错误信息：[ job User images ]非法操作images
错误页面：/job/index.php/User/images/bg_dian.gif
错误类型：ThinkException
错误跟踪：
[09-05-10 10:11:05]  () Action->__call(非法操作images)
[09-05-10 10:11:05] D:\Program Files\server\htdocs\job\Temp\~runtime.php (7) UserAction->images(images, Array)
[09-05-10 10:11:05] D:\Program Files\server\htdocs\job\Temp\~runtime.php (7) App->exec()
[09-05-10 10:11:05] D:\Program Files\server\htdocs\job\index.php (13) App->run()


[ 09-05-10 10:14:06 ]
注意：[8] Undefined variable: vo 013cede882719e500a772f0c2d93e6b3.php 第 16 行.

[ 09-05-10 10:14:06 ]
注意：[8] Undefined variable: vo 013cede882719e500a772f0c2d93e6b3.php 第 16 行.

[ 09-05-10 10:14:06 ]
注意：[8] Trying to get property of non-object 013cede882719e500a772f0c2d93e6b3.php 第 16 行.

[ 09-05-10 10:15:02 ]
注意：[8] Undefined variable: vo 013cede882719e500a772f0c2d93e6b3.php 第 16 行.

[ 09-05-10 10:15:02 ]
注意：[8] Undefined variable: vo 013cede882719e500a772f0c2d93e6b3.php 第 16 行.

[ 09-05-10 10:15:02 ]
注意：[8] Trying to get property of non-object 013cede882719e500a772f0c2d93e6b3.php 第 16 行.

[ 09-05-10 10:16:04 ]
注意：[8] Use of undefined constant tm_sec - assumed 'tm_sec' UserAction.class.php 第 31 行.

[ 09-05-10 10:16:04 ]
注意：[8] Use of undefined constant tm_sec - assumed 'tm_sec' UserAction.class.php 第 31 行.

[ 09-05-10 10:16:04 ]
注意：[8] Use of undefined constant tm_min - assumed 'tm_min' UserAction.class.php 第 31 行.

[ 09-05-10 10:16:04 ]
注意：[8] Use of undefined constant tm_hour - assumed 'tm_hour' UserAction.class.php 第 31 行.

[ 09-05-10 10:16:04 ]
注意：[8] Use of undefined constant tm_mday - assumed 'tm_mday' UserAction.class.php 第 31 行.

[ 09-05-10 10:16:04 ]
注意：[8] Undefined variable: pub 565eba06b12dc67b20478dfb49af4b42.php 第 6 行.

[ 09-05-10 10:16:04 ]
注意：[8] Undefined variable: pub 565eba06b12dc67b20478dfb49af4b42.php 第 7 行.

[ 09-05-10 10:16:04 ]
注意：[8] Undefined variable: pub 565eba06b12dc67b20478dfb49af4b42.php 第 8 行.

[ 09-05-10 10:16:04 ]
注意：[8] Undefined variable: pub 565eba06b12dc67b20478dfb49af4b42.php 第 9 行.

[ 09-05-10 10:16:04 ]
注意：[8] Undefined variable: pub 565eba06b12dc67b20478dfb49af4b42.php 第 10 行.

[ 09-05-10 10:16:04 ]
注意：[8] Undefined variable: pub 565eba06b12dc67b20478dfb49af4b42.php 第 11 行.

[ 09-05-10 10:16:04 ]
注意：[8] Undefined variable: pub 565eba06b12dc67b20478dfb49af4b42.php 第 12 行.

[ 09-05-10 10:16:04 ]
注意：[8] Undefined index:  through 565eba06b12dc67b20478dfb49af4b42.php 第 37 行.
[ 09-05-10 10:16:04 ]

错误信息：[ job User images ]非法操作images
错误页面：/job/index.php/User/images/bg_dian.gif
错误类型：ThinkException
错误跟踪：
[09-05-10 10:16:05]  () Action->__call(非法操作images)
[09-05-10 10:16:05] D:\Program Files\server\htdocs\job\Temp\~runtime.php (7) UserAction->images(images, Array)
[09-05-10 10:16:05] D:\Program Files\server\htdocs\job\Temp\~runtime.php (7) App->exec()
[09-05-10 10:16:05] D:\Program Files\server\htdocs\job\index.php (13) App->run()


[ 09-05-10 10:16:06 ]
注意：[8] Undefined variable: title 11ff8e3d4497c2b980af1144896d1739.php 第 34 行.

[ 09-05-10 10:16:06 ]
注意：[8] Undefined variable: cate 11ff8e3d4497c2b980af1144896d1739.php 第 36 行.
[ 09-05-10 10:16:39 ]

错误信息：[ job User cginfo ]
错误页面：/job/index.php/User/cginfo
错误类型：ThinkException
错误跟踪：
[09-05-10 10:16:05] D:\Program Files\server\htdocs\job\ThinkPHP\Lib\Think\Db\Db.class.php (267) DbMysql->connect()
[09-05-10 10:16:05] D:\Program Files\server\htdocs\job\ThinkPHP\Lib\Think\Db\Driver\DbMysql.class.php (114) Db->initConnect()
[09-05-10 10:16:05] D:\Program Files\server\htdocs\job\ThinkPHP\Lib\Think\Db\Driver\DbMysql.class.php (355) DbMysql->_query()
[09-05-10 10:16:05] D:\Program Files\server\htdocs\job\Temp\~runtime.php (9) DbMysql->getFields(SHOW COLUMNS FROM hakucms_user)
[09-05-10 10:16:05] D:\Program Files\server\htdocs\job\Temp\~runtime.php (9) Model->flush(hakucms_user)
[09-05-10 10:16:05] D:\Program Files\server\htdocs\job\Temp\~runtime.php (9) Model->_checkTableInfo()
[09-05-10 10:16:05] D:\Program Files\server\htdocs\job\Temp\~runtime.php (3) Model->__construct()
[09-05-10 10:16:05] D:\Program Files\server\htdocs\job\Lib\Action\UserAction.class.php (188) D()
[09-05-10 10:16:05] D:\Program Files\server\htdocs\job\Temp\~runtime.php (7) UserAction->cginfo()
[09-05-10 10:16:05] D:\Program Files\server\htdocs\job\Temp\~runtime.php (7) App->exec(User)
[09-05-10 10:16:05] D:\Program Files\server\htdocs\job\index.php (13) App->run()

[ 09-05-10 10:16:39 ]

错误信息：[ job User cginfo ]
错误页面：/job/index.php/User/cginfo
错误类型：ThinkException
错误跟踪：
[09-05-10 10:16:05] D:\Program Files\server\htdocs\job\ThinkPHP\Lib\Think\Db\Db.class.php (267) DbMysql->connect()
[09-05-10 10:16:05] D:\Program Files\server\htdocs\job\ThinkPHP\Lib\Think\Db\Driver\DbMysql.class.php (114) Db->initConnect()
[09-05-10 10:16:05] D:\Program Files\server\htdocs\job\ThinkPHP\Lib\Think\Db\Driver\DbMysql.class.php (355) DbMysql->_query()
[09-05-10 10:16:05] D:\Program Files\server\htdocs\job\Temp\~runtime.php (9) DbMysql->getFields(SHOW COLUMNS FROM hakucms_user)
[09-05-10 10:16:05] D:\Program Files\server\htdocs\job\Temp\~runtime.php (9) Model->flush(hakucms_user)
[09-05-10 10:16:05] D:\Program Files\server\htdocs\job\Temp\~runtime.php (9) Model->_checkTableInfo()
[09-05-10 10:16:05] D:\Program Files\server\htdocs\job\Temp\~runtime.php (3) Model->__construct()
[09-05-10 10:16:05] D:\Program Files\server\htdocs\job\Lib\Action\UserAction.class.php (188) D()
[09-05-10 10:16:05] D:\Program Files\server\htdocs\job\Temp\~runtime.php (7) UserAction->cginfo()
[09-05-10 10:16:05] D:\Program Files\server\htdocs\job\Temp\~runtime.php (7) App->exec(User)
[09-05-10 10:16:05] D:\Program Files\server\htdocs\job\index.php (13) App->run()


[ 09-05-10 10:17:03 ]
注意：[8] Undefined variable: vo 013cede882719e500a772f0c2d93e6b3.php 第 16 行.

[ 09-05-10 10:17:03 ]
注意：[8] Undefined variable: vo 013cede882719e500a772f0c2d93e6b3.php 第 16 行.

[ 09-05-10 10:17:03 ]
注意：[8] Trying to get property of non-object 013cede882719e500a772f0c2d93e6b3.php 第 16 行.

[ 09-05-10 10:17:04 ]
注意：[8] Undefined variable: page 1e55212a6170d8842e47d604a1d019ea.php 第 38 行.
[ 09-05-10 10:17:04 ]

错误信息：[ job images bg_dian.gif ]无法加载模块images
错误页面：/job/index.php/images/bg_dian.gif
错误类型：ThinkException
错误跟踪：
[09-05-10 10:17:05] D:\Program Files\server\htdocs\job\Temp\~runtime.php (7) App->exec(无法加载模块images)
[09-05-10 10:17:05] D:\Program Files\server\htdocs\job\index.php (13) App->run()


[ 09-05-10 10:17:35 ]
注意：[8] Undefined variable: vo 013cede882719e500a772f0c2d93e6b3.php 第 16 行.

[ 09-05-10 10:17:35 ]
注意：[8] Undefined variable: vo 013cede882719e500a772f0c2d93e6b3.php 第 16 行.

[ 09-05-10 10:17:35 ]
注意：[8] Trying to get property of non-object 013cede882719e500a772f0c2d93e6b3.php 第 16 行.

[ 09-05-10 10:17:37 ]
注意：[8] Undefined index:  shortcont 1e55212a6170d8842e47d604a1d019ea.php 第 31 行.

[ 09-05-10 10:17:37 ]
注意：[8] Undefined index:  shortcont 1e55212a6170d8842e47d604a1d019ea.php 第 31 行.

[ 09-05-10 10:17:37 ]
注意：[8] Undefined index:  shortcont 1e55212a6170d8842e47d604a1d019ea.php 第 31 行.

[ 09-05-10 10:17:37 ]
注意：[8] Undefined index:  shortcont 1e55212a6170d8842e47d604a1d019ea.php 第 31 行.

[ 09-05-10 10:17:37 ]
注意：[8] Undefined index:  shortcont 1e55212a6170d8842e47d604a1d019ea.php 第 31 行.

[ 09-05-10 10:17:37 ]
注意：[8] Undefined index:  shortcont 1e55212a6170d8842e47d604a1d019ea.php 第 31 行.

[ 09-05-10 10:17:37 ]
注意：[8] Undefined index:  shortcont 1e55212a6170d8842e47d604a1d019ea.php 第 31 行.

[ 09-05-10 10:17:37 ]
注意：[8] Undefined index:  shortcont 1e55212a6170d8842e47d604a1d019ea.php 第 31 行.

[ 09-05-10 10:17:37 ]
注意：[8] Undefined index:  shortcont 1e55212a6170d8842e47d604a1d019ea.php 第 31 行.

[ 09-05-10 10:17:37 ]
注意：[8] Undefined index:  shortcont 1e55212a6170d8842e47d604a1d019ea.php 第 31 行.

[ 09-05-10 10:17:37 ]
注意：[8] Undefined index:  shortcont 1e55212a6170d8842e47d604a1d019ea.php 第 31 行.

[ 09-05-10 10:17:37 ]
注意：[8] Undefined index:  shortcont 1e55212a6170d8842e47d604a1d019ea.php 第 31 行.

[ 09-05-10 10:17:37 ]
注意：[8] Undefined index:  shortcont 1e55212a6170d8842e47d604a1d019ea.php 第 31 行.

[ 09-05-10 10:17:37 ]
注意：[8] Undefined index:  shortcont 1e55212a6170d8842e47d604a1d019ea.php 第 31 行.

[ 09-05-10 10:17:37 ]
注意：[8] Undefined index:  shortcont 1e55212a6170d8842e47d604a1d019ea.php 第 31 行.

[ 09-05-10 10:17:37 ]
注意：[8] Undefined index:  shortcont 1e55212a6170d8842e47d604a1d019ea.php 第 31 行.

[ 09-05-10 10:17:37 ]
注意：[8] Undefined index:  shortcont 1e55212a6170d8842e47d604a1d019ea.php 第 31 行.

[ 09-05-10 10:17:37 ]
注意：[8] Undefined index:  shortcont 1e55212a6170d8842e47d604a1d019ea.php 第 31 行.

[ 09-05-10 10:17:37 ]
注意：[8] Undefined variable: page 1e55212a6170d8842e47d604a1d019ea.php 第 38 行.
[ 09-05-10 10:17:37 ]

错误信息：[ job images bg_dian.gif ]无法加载模块images
错误页面：/job/index.php/images/bg_dian.gif
错误类型：ThinkException
错误跟踪：
[09-05-10 10:17:05] D:\Program Files\server\htdocs\job\Temp\~runtime.php (7) App->exec(无法加载模块images)
[09-05-10 10:17:05] D:\Program Files\server\htdocs\job\index.php (13) App->run()


[ 09-05-10 10:17:40 ]
注意：[8] Undefined index:  style TagLibHtml.class.php 第 45 行.

[ 09-05-10 10:17:40 ]
注意：[8] Undefined offset:  0 ThinkTemplate.class.php 第 578 行.

[ 09-05-10 10:17:40 ]
注意：[8] Undefined offset:  0 ThinkTemplate.class.php 第 578 行.

[ 09-05-10 10:17:40 ]
注意：[8] Undefined offset:  0 ThinkTemplate.class.php 第 578 行.

[ 09-05-10 10:17:49 ]
注意：[8] Undefined index:  style TagLibHtml.class.php 第 45 行.

[ 09-05-10 10:17:49 ]
注意：[8] Undefined offset:  0 ThinkTemplate.class.php 第 578 行.

[ 09-05-10 10:17:49 ]
注意：[8] Undefined offset:  0 ThinkTemplate.class.php 第 578 行.

[ 09-05-10 10:17:49 ]
注意：[8] Undefined offset:  0 ThinkTemplate.class.php 第 578 行.

[ 09-05-10 10:17:50 ]
注意：[8] Undefined index:  shortcont 1e55212a6170d8842e47d604a1d019ea.php 第 31 行.

[ 09-05-10 10:17:50 ]
注意：[8] Undefined index:  shortcont 1e55212a6170d8842e47d604a1d019ea.php 第 31 行.

[ 09-05-10 10:17:50 ]
注意：[8] Undefined index:  shortcont 1e55212a6170d8842e47d604a1d019ea.php 第 31 行.

[ 09-05-10 10:17:50 ]
注意：[8] Undefined index:  shortcont 1e55212a6170d8842e47d604a1d019ea.php 第 31 行.

[ 09-05-10 10:17:50 ]
注意：[8] Undefined index:  shortcont 1e55212a6170d8842e47d604a1d019ea.php 第 31 行.

[ 09-05-10 10:17:50 ]
注意：[8] Undefined index:  shortcont 1e55212a6170d8842e47d604a1d019ea.php 第 31 行.

[ 09-05-10 10:17:50 ]
注意：[8] Undefined index:  shortcont 1e55212a6170d8842e47d604a1d019ea.php 第 31 行.

[ 09-05-10 10:17:50 ]
注意：[8] Undefined index:  shortcont 1e55212a6170d8842e47d604a1d019ea.php 第 31 行.

[ 09-05-10 10:17:50 ]
注意：[8] Undefined index:  shortcont 1e55212a6170d8842e47d604a1d019ea.php 第 31 行.

[ 09-05-10 10:17:50 ]
注意：[8] Undefined index:  shortcont 1e55212a6170d8842e47d604a1d019ea.php 第 31 行.

[ 09-05-10 10:17:50 ]
注意：[8] Undefined index:  shortcont 1e55212a6170d8842e47d604a1d019ea.php 第 31 行.

[ 09-05-10 10:17:50 ]
注意：[8] Undefined index:  shortcont 1e55212a6170d8842e47d604a1d019ea.php 第 31 行.

[ 09-05-10 10:17:50 ]
注意：[8] Undefined index:  shortcont 1e55212a6170d8842e47d604a1d019ea.php 第 31 行.

[ 09-05-10 10:17:50 ]
注意：[8] Undefined index:  shortcont 1e55212a6170d8842e47d604a1d019ea.php 第 31 行.

[ 09-05-10 10:17:50 ]
注意：[8] Undefined index:  shortcont 1e55212a6170d8842e47d604a1d019ea.php 第 31 行.

[ 09-05-10 10:17:50 ]
注意：[8] Undefined index:  shortcont 1e55212a6170d8842e47d604a1d019ea.php 第 31 行.

[ 09-05-10 10:17:50 ]
注意：[8] Undefined index:  shortcont 1e55212a6170d8842e47d604a1d019ea.php 第 31 行.

[ 09-05-10 10:17:50 ]
注意：[8] Undefined index:  shortcont 1e55212a6170d8842e47d604a1d019ea.php 第 31 行.

[ 09-05-10 10:17:50 ]
注意：[8] Undefined variable: page 1e55212a6170d8842e47d604a1d019ea.php 第 38 行.
[ 09-05-10 10:17:50 ]

错误信息：[ job images bg_dian.gif ]无法加载模块images
错误页面：/job/index.php/images/bg_dian.gif
错误类型：ThinkException
错误跟踪：
[09-05-10 10:17:05] D:\Program Files\server\htdocs\job\Temp\~runtime.php (7) App->exec(无法加载模块images)
[09-05-10 10:17:05] D:\Program Files\server\htdocs\job\index.php (13) App->run()


[ 09-05-10 10:17:58 ]
注意：[8] Undefined variable: page 1e55212a6170d8842e47d604a1d019ea.php 第 38 行.
[ 09-05-10 10:17:59 ]

错误信息：[ job images bg_dian.gif ]无法加载模块images
错误页面：/job/index.php/images/bg_dian.gif
错误类型：ThinkException
错误跟踪：
[09-05-10 10:17:05] D:\Program Files\server\htdocs\job\Temp\~runtime.php (7) App->exec(无法加载模块images)
[09-05-10 10:17:05] D:\Program Files\server\htdocs\job\index.php (13) App->run()


[ 09-05-10 10:18:33 ]
注意：[8] Undefined variable: vo 013cede882719e500a772f0c2d93e6b3.php 第 16 行.

[ 09-05-10 10:18:33 ]
注意：[8] Undefined variable: vo 013cede882719e500a772f0c2d93e6b3.php 第 16 行.

[ 09-05-10 10:18:33 ]
注意：[8] Trying to get property of non-object 013cede882719e500a772f0c2d93e6b3.php 第 16 行.

[ 09-05-10 10:18:34 ]
注意：[8] Undefined variable: page 1e55212a6170d8842e47d604a1d019ea.php 第 38 行.
[ 09-05-10 10:18:35 ]

错误信息：[ job images bg_dian.gif ]无法加载模块images
错误页面：/job/index.php/images/bg_dian.gif
错误类型：ThinkException
错误跟踪：
[09-05-10 10:18:05] D:\Program Files\server\htdocs\job\Temp\~runtime.php (7) App->exec(无法加载模块images)
[09-05-10 10:18:05] D:\Program Files\server\htdocs\job\index.php (13) App->run()


[ 09-05-10 10:18:54 ]
注意：[8] Undefined variable: vo 013cede882719e500a772f0c2d93e6b3.php 第 16 行.

[ 09-05-10 10:18:54 ]
注意：[8] Undefined variable: vo 013cede882719e500a772f0c2d93e6b3.php 第 16 行.

[ 09-05-10 10:18:54 ]
注意：[8] Trying to get property of non-object 013cede882719e500a772f0c2d93e6b3.php 第 16 行.

[ 09-05-10 10:18:56 ]
注意：[8] Undefined variable: page 1e55212a6170d8842e47d604a1d019ea.php 第 38 行.
[ 09-05-10 10:18:56 ]

错误信息：[ job images bg_dian.gif ]无法加载模块images
错误页面：/job/index.php/images/bg_dian.gif
错误类型：ThinkException
错误跟踪：
[09-05-10 10:18:05] D:\Program Files\server\htdocs\job\Temp\~runtime.php (7) App->exec(无法加载模块images)
[09-05-10 10:18:05] D:\Program Files\server\htdocs\job\index.php (13) App->run()


[ 09-05-10 10:18:58 ]
注意：[8] Undefined index:  style TagLibHtml.class.php 第 45 行.

[ 09-05-10 10:18:58 ]
注意：[8] Undefined offset:  0 ThinkTemplate.class.php 第 578 行.

[ 09-05-10 10:18:58 ]
注意：[8] Undefined offset:  0 ThinkTemplate.class.php 第 578 行.

[ 09-05-10 10:18:58 ]
注意：[8] Undefined offset:  0 ThinkTemplate.class.php 第 578 行.

[ 09-05-10 10:18:58 ]
注意：[8] Undefined variable: title aa13b9f510b059bef2f977458e506c6c.php 第 13 行.

[ 09-05-10 10:18:58 ]
注意：[8] Undefined variable: content aa13b9f510b059bef2f977458e506c6c.php 第 29 行.

[ 09-05-10 10:19:49 ]
注意：[8] Undefined variable: page 1e55212a6170d8842e47d604a1d019ea.php 第 38 行.
[ 09-05-10 10:19:49 ]

错误信息：[ job images bg_dian.gif ]无法加载模块images
错误页面：/job/index.php/images/bg_dian.gif
错误类型：ThinkException
错误跟踪：
[09-05-10 10:19:05] D:\Program Files\server\htdocs\job\Temp\~runtime.php (7) App->exec(无法加载模块images)
[09-05-10 10:19:05] D:\Program Files\server\htdocs\job\index.php (13) App->run()


[ 09-05-10 10:19:49 ]
注意：[8] Use of undefined constant tm_sec - assumed 'tm_sec' UserAction.class.php 第 31 行.

[ 09-05-10 10:19:49 ]
注意：[8] Use of undefined constant tm_sec - assumed 'tm_sec' UserAction.class.php 第 31 行.

[ 09-05-10 10:19:49 ]
注意：[8] Use of undefined constant tm_min - assumed 'tm_min' UserAction.class.php 第 31 行.

[ 09-05-10 10:19:49 ]
注意：[8] Use of undefined constant tm_hour - assumed 'tm_hour' UserAction.class.php 第 31 行.

[ 09-05-10 10:19:49 ]
注意：[8] Use of undefined constant tm_mday - assumed 'tm_mday' UserAction.class.php 第 31 行.

[ 09-05-10 10:19:49 ]
注意：[8] Undefined variable: pub 565eba06b12dc67b20478dfb49af4b42.php 第 6 行.

[ 09-05-10 10:19:49 ]
注意：[8] Undefined variable: pub 565eba06b12dc67b20478dfb49af4b42.php 第 7 行.

[ 09-05-10 10:19:49 ]
注意：[8] Undefined variable: pub 565eba06b12dc67b20478dfb49af4b42.php 第 8 行.

[ 09-05-10 10:19:49 ]
注意：[8] Undefined variable: pub 565eba06b12dc67b20478dfb49af4b42.php 第 9 行.

[ 09-05-10 10:19:49 ]
注意：[8] Undefined variable: pub 565eba06b12dc67b20478dfb49af4b42.php 第 10 行.

[ 09-05-10 10:19:49 ]
注意：[8] Undefined variable: pub 565eba06b12dc67b20478dfb49af4b42.php 第 11 行.

[ 09-05-10 10:19:49 ]
注意：[8] Undefined variable: pub 565eba06b12dc67b20478dfb49af4b42.php 第 12 行.

[ 09-05-10 10:19:49 ]
注意：[8] Undefined index:  through 565eba06b12dc67b20478dfb49af4b42.php 第 37 行.
[ 09-05-10 10:19:50 ]

错误信息：[ job User images ]非法操作images
错误页面：/job/index.php/User/images/bg_dian.gif
错误类型：ThinkException
错误跟踪：
[09-05-10 10:19:05]  () Action->__call(非法操作images)
[09-05-10 10:19:05] D:\Program Files\server\htdocs\job\Temp\~runtime.php (7) UserAction->images(images, Array)
[09-05-10 10:19:05] D:\Program Files\server\htdocs\job\Temp\~runtime.php (7) App->exec()
[09-05-10 10:19:05] D:\Program Files\server\htdocs\job\index.php (13) App->run()


[ 09-05-10 10:28:09 ]
注意：[8] Undefined variable: vo 013cede882719e500a772f0c2d93e6b3.php 第 16 行.

[ 09-05-10 10:28:09 ]
注意：[8] Undefined variable: vo 013cede882719e500a772f0c2d93e6b3.php 第 16 行.

[ 09-05-10 10:28:09 ]
注意：[8] Trying to get property of non-object 013cede882719e500a772f0c2d93e6b3.php 第 16 行.

[ 09-05-10 10:28:11 ]
注意：[8] Undefined variable: page 1e55212a6170d8842e47d604a1d019ea.php 第 38 行.
[ 09-05-10 10:28:11 ]

错误信息：[ job images bg_dian.gif ]无法加载模块images
错误页面：/hakuams/hakuams/index.php/images/bg_dian.gif
错误类型：ThinkException
错误跟踪：
[09-05-10 10:28:05] D:\Program Files\server\htdocs\hakuams\Temp\~runtime.php (7) App->exec(无法加载模块images)
[09-05-10 10:28:05] D:\Program Files\server\htdocs\hakuams\index.php (13) App->run()


[ 09-05-10 10:28:13 ]
注意：[8] Use of undefined constant tm_sec - assumed 'tm_sec' UserAction.class.php 第 31 行.

[ 09-05-10 10:28:13 ]
注意：[8] Use of undefined constant tm_sec - assumed 'tm_sec' UserAction.class.php 第 31 行.

[ 09-05-10 10:28:13 ]
注意：[8] Use of undefined constant tm_min - assumed 'tm_min' UserAction.class.php 第 31 行.

[ 09-05-10 10:28:13 ]
注意：[8] Use of undefined constant tm_hour - assumed 'tm_hour' UserAction.class.php 第 31 行.

[ 09-05-10 10:28:13 ]
注意：[8] Use of undefined constant tm_mday - assumed 'tm_mday' UserAction.class.php 第 31 行.

[ 09-05-10 10:28:13 ]
注意：[8] Undefined variable: pub 565eba06b12dc67b20478dfb49af4b42.php 第 6 行.

[ 09-05-10 10:28:13 ]
注意：[8] Undefined variable: pub 565eba06b12dc67b20478dfb49af4b42.php 第 7 行.

[ 09-05-10 10:28:13 ]
注意：[8] Undefined variable: pub 565eba06b12dc67b20478dfb49af4b42.php 第 8 行.

[ 09-05-10 10:28:13 ]
注意：[8] Undefined variable: pub 565eba06b12dc67b20478dfb49af4b42.php 第 9 行.

[ 09-05-10 10:28:13 ]
注意：[8] Undefined variable: pub 565eba06b12dc67b20478dfb49af4b42.php 第 10 行.

[ 09-05-10 10:28:13 ]
注意：[8] Undefined variable: pub 565eba06b12dc67b20478dfb49af4b42.php 第 11 行.

[ 09-05-10 10:28:13 ]
注意：[8] Undefined variable: pub 565eba06b12dc67b20478dfb49af4b42.php 第 12 行.

[ 09-05-10 10:28:13 ]
注意：[8] Undefined index:  through 565eba06b12dc67b20478dfb49af4b42.php 第 37 行.
[ 09-05-10 10:28:13 ]

错误信息：[ job User images ]非法操作images
错误页面：/hakuams/hakuams/index.php/User/images/bg_dian.gif
错误类型：ThinkException
错误跟踪：
[09-05-10 10:28:05]  () Action->__call(非法操作images)
[09-05-10 10:28:05] D:\Program Files\server\htdocs\hakuams\Temp\~runtime.php (7) UserAction->images(images, Array)
[09-05-10 10:28:05] D:\Program Files\server\htdocs\hakuams\Temp\~runtime.php (7) App->exec()
[09-05-10 10:28:05] D:\Program Files\server\htdocs\hakuams\index.php (13) App->run()


[ 09-05-10 10:28:17 ]
注意：[8] Undefined index:  style TagLibHtml.class.php 第 45 行.

[ 09-05-10 10:28:17 ]
注意：[8] Undefined offset:  0 ThinkTemplate.class.php 第 578 行.

[ 09-05-10 10:28:17 ]
注意：[8] Undefined offset:  0 ThinkTemplate.class.php 第 578 行.

[ 09-05-10 10:28:17 ]
注意：[8] Undefined offset:  0 ThinkTemplate.class.php 第 578 行.

[ 09-05-10 10:28:17 ]
注意：[8] Undefined variable: title aa13b9f510b059bef2f977458e506c6c.php 第 13 行.

[ 09-05-10 10:28:17 ]
注意：[8] Undefined variable: content aa13b9f510b059bef2f977458e506c6c.php 第 29 行.

[ 09-05-10 10:29:19 ]
注意：[8] Undefined variable: vo 013cede882719e500a772f0c2d93e6b3.php 第 16 行.

[ 09-05-10 10:29:19 ]
注意：[8] Undefined variable: vo 013cede882719e500a772f0c2d93e6b3.php 第 16 行.

[ 09-05-10 10:29:19 ]
注意：[8] Trying to get property of non-object 013cede882719e500a772f0c2d93e6b3.php 第 16 行.

[ 09-05-10 10:34:26 ]
注意：[8] Undefined variable: vo 013cede882719e500a772f0c2d93e6b3.php 第 16 行.

[ 09-05-10 10:34:26 ]
注意：[8] Undefined variable: vo 013cede882719e500a772f0c2d93e6b3.php 第 16 行.

[ 09-05-10 10:34:26 ]
注意：[8] Trying to get property of non-object 013cede882719e500a772f0c2d93e6b3.php 第 16 行.

[ 09-05-10 10:35:13 ]
注意：[8] Undefined variable: vo 013cede882719e500a772f0c2d93e6b3.php 第 16 行.

[ 09-05-10 10:35:13 ]
注意：[8] Undefined variable: vo 013cede882719e500a772f0c2d93e6b3.php 第 16 行.

[ 09-05-10 10:35:13 ]
注意：[8] Trying to get property of non-object 013cede882719e500a772f0c2d93e6b3.php 第 16 行.

[ 09-05-10 10:35:14 ]
注意：[8] Undefined variable: page 1e55212a6170d8842e47d604a1d019ea.php 第 38 行.
[ 09-05-10 10:35:15 ]

错误信息：[ job images bg_dian.gif ]无法加载模块images
错误页面：/hakuams/hakuams/index.php/images/bg_dian.gif
错误类型：ThinkException
错误跟踪：
[09-05-10 10:35:05] D:\Program Files\server\htdocs\hakuams\Temp\~runtime.php (7) App->exec(无法加载模块images)
[09-05-10 10:35:05] D:\Program Files\server\htdocs\hakuams\index.php (13) App->run()


[ 09-05-10 10:35:42 ]
注意：[8] Use of undefined constant tm_sec - assumed 'tm_sec' UserAction.class.php 第 31 行.

[ 09-05-10 10:35:42 ]
注意：[8] Use of undefined constant tm_sec - assumed 'tm_sec' UserAction.class.php 第 31 行.

[ 09-05-10 10:35:42 ]
注意：[8] Use of undefined constant tm_min - assumed 'tm_min' UserAction.class.php 第 31 行.

[ 09-05-10 10:35:42 ]
注意：[8] Use of undefined constant tm_hour - assumed 'tm_hour' UserAction.class.php 第 31 行.

[ 09-05-10 10:35:42 ]
注意：[8] Use of undefined constant tm_mday - assumed 'tm_mday' UserAction.class.php 第 31 行.

[ 09-05-10 10:35:42 ]
注意：[8] Undefined variable: pub 565eba06b12dc67b20478dfb49af4b42.php 第 6 行.

[ 09-05-10 10:35:42 ]
注意：[8] Undefined variable: pub 565eba06b12dc67b20478dfb49af4b42.php 第 7 行.

[ 09-05-10 10:35:42 ]
注意：[8] Undefined variable: pub 565eba06b12dc67b20478dfb49af4b42.php 第 8 行.

[ 09-05-10 10:35:42 ]
注意：[8] Undefined variable: pub 565eba06b12dc67b20478dfb49af4b42.php 第 9 行.

[ 09-05-10 10:35:42 ]
注意：[8] Undefined variable: pub 565eba06b12dc67b20478dfb49af4b42.php 第 10 行.

[ 09-05-10 10:35:42 ]
注意：[8] Undefined variable: pub 565eba06b12dc67b20478dfb49af4b42.php 第 11 行.

[ 09-05-10 10:35:42 ]
注意：[8] Undefined variable: pub 565eba06b12dc67b20478dfb49af4b42.php 第 12 行.

[ 09-05-10 10:35:42 ]
注意：[8] Undefined index:  through 565eba06b12dc67b20478dfb49af4b42.php 第 37 行.
[ 09-05-10 10:35:42 ]

错误信息：[ job User images ]非法操作images
错误页面：/hakuams/hakuams/index.php/User/images/bg_dian.gif
错误类型：ThinkException
错误跟踪：
[09-05-10 10:35:05]  () Action->__call(非法操作images)
[09-05-10 10:35:05] D:\Program Files\server\htdocs\hakuams\Temp\~runtime.php (7) UserAction->images(images, Array)
[09-05-10 10:35:05] D:\Program Files\server\htdocs\hakuams\Temp\~runtime.php (7) App->exec()
[09-05-10 10:35:05] D:\Program Files\server\htdocs\hakuams\index.php (13) App->run()


[ 09-05-10 10:35:43 ]
注意：[8] Undefined variable: page 1e55212a6170d8842e47d604a1d019ea.php 第 38 行.
[ 09-05-10 10:35:43 ]

错误信息：[ job images bg_dian.gif ]无法加载模块images
错误页面：/hakuams/hakuams/index.php/images/bg_dian.gif
错误类型：ThinkException
错误跟踪：
[09-05-10 10:35:05] D:\Program Files\server\htdocs\hakuams\Temp\~runtime.php (7) App->exec(无法加载模块images)
[09-05-10 10:35:05] D:\Program Files\server\htdocs\hakuams\index.php (13) App->run()


[ 09-05-10 10:35:57 ]
注意：[8] Undefined variable: vo 013cede882719e500a772f0c2d93e6b3.php 第 16 行.

[ 09-05-10 10:35:57 ]
注意：[8] Undefined variable: vo 013cede882719e500a772f0c2d93e6b3.php 第 16 行.

[ 09-05-10 10:35:57 ]
注意：[8] Trying to get property of non-object 013cede882719e500a772f0c2d93e6b3.php 第 16 行.

[ 09-05-10 10:35:57 ]
注意：[8] Undefined variable: vo 013cede882719e500a772f0c2d93e6b3.php 第 16 行.

[ 09-05-10 10:35:57 ]
注意：[8] Undefined variable: vo 013cede882719e500a772f0c2d93e6b3.php 第 16 行.

[ 09-05-10 10:35:57 ]
注意：[8] Trying to get property of non-object 013cede882719e500a772f0c2d93e6b3.php 第 16 行.

[ 09-05-10 10:35:58 ]
注意：[8] Undefined variable: vo 013cede882719e500a772f0c2d93e6b3.php 第 16 行.

[ 09-05-10 10:35:58 ]
注意：[8] Undefined variable: vo 013cede882719e500a772f0c2d93e6b3.php 第 16 行.

[ 09-05-10 10:35:58 ]
注意：[8] Trying to get property of non-object 013cede882719e500a772f0c2d93e6b3.php 第 16 行.

[ 09-05-10 10:36:05 ]
注意：[8] Undefined variable: page 1e55212a6170d8842e47d604a1d019ea.php 第 38 行.
[ 09-05-10 10:36:05 ]

错误信息：[ job images bg_dian.gif ]无法加载模块images
错误页面：/hakuams/hakuams/index.php/images/bg_dian.gif
错误类型：ThinkException
错误跟踪：
[09-05-10 10:36:05] D:\Program Files\server\htdocs\hakuams\Temp\~runtime.php (7) App->exec(无法加载模块images)
[09-05-10 10:36:05] D:\Program Files\server\htdocs\hakuams\index.php (13) App->run()


[ 09-05-10 10:36:06 ]
注意：[8] Use of undefined constant tm_sec - assumed 'tm_sec' UserAction.class.php 第 31 行.

[ 09-05-10 10:36:06 ]
注意：[8] Use of undefined constant tm_sec - assumed 'tm_sec' UserAction.class.php 第 31 行.

[ 09-05-10 10:36:06 ]
注意：[8] Use of undefined constant tm_min - assumed 'tm_min' UserAction.class.php 第 31 行.

[ 09-05-10 10:36:06 ]
注意：[8] Use of undefined constant tm_hour - assumed 'tm_hour' UserAction.class.php 第 31 行.

[ 09-05-10 10:36:06 ]
注意：[8] Use of undefined constant tm_mday - assumed 'tm_mday' UserAction.class.php 第 31 行.

[ 09-05-10 10:36:06 ]
注意：[8] Undefined variable: pub 565eba06b12dc67b20478dfb49af4b42.php 第 6 行.

[ 09-05-10 10:36:06 ]
注意：[8] Undefined variable: pub 565eba06b12dc67b20478dfb49af4b42.php 第 7 行.

[ 09-05-10 10:36:06 ]
注意：[8] Undefined variable: pub 565eba06b12dc67b20478dfb49af4b42.php 第 8 行.

[ 09-05-10 10:36:06 ]
注意：[8] Undefined variable: pub 565eba06b12dc67b20478dfb49af4b42.php 第 9 行.

[ 09-05-10 10:36:06 ]
注意：[8] Undefined variable: pub 565eba06b12dc67b20478dfb49af4b42.php 第 10 行.

[ 09-05-10 10:36:06 ]
注意：[8] Undefined variable: pub 565eba06b12dc67b20478dfb49af4b42.php 第 11 行.

[ 09-05-10 10:36:06 ]
注意：[8] Undefined variable: pub 565eba06b12dc67b20478dfb49af4b42.php 第 12 行.

[ 09-05-10 10:36:06 ]
注意：[8] Undefined index:  through 565eba06b12dc67b20478dfb49af4b42.php 第 37 行.
[ 09-05-10 10:36:06 ]

错误信息：[ job User images ]非法操作images
错误页面：/hakuams/hakuams/index.php/User/images/bg_dian.gif
错误类型：ThinkException
错误跟踪：
[09-05-10 10:36:05]  () Action->__call(非法操作images)
[09-05-10 10:36:05] D:\Program Files\server\htdocs\hakuams\Temp\~runtime.php (7) UserAction->images(images, Array)
[09-05-10 10:36:05] D:\Program Files\server\htdocs\hakuams\Temp\~runtime.php (7) App->exec()
[09-05-10 10:36:05] D:\Program Files\server\htdocs\hakuams\index.php (13) App->run()


[ 09-05-10 10:43:07 ]
注意：[8] Undefined variable: page 1e55212a6170d8842e47d604a1d019ea.php 第 38 行.
[ 09-05-10 10:43:07 ]

错误信息：[ job images bg_dian.gif ]无法加载模块images
错误页面：/hakuams/hakuams/index.php/images/bg_dian.gif
错误类型：ThinkException
错误跟踪：
[09-05-10 10:43:05] D:\Program Files\server\htdocs\hakuams\Temp\~runtime.php (7) App->exec(无法加载模块images)
[09-05-10 10:43:05] D:\Program Files\server\htdocs\hakuams\index.php (13) App->run()


[ 09-05-10 10:43:13 ]
注意：[8] Undefined index:  style TagLibHtml.class.php 第 45 行.

[ 09-05-10 10:43:13 ]
注意：[8] Undefined offset:  0 ThinkTemplate.class.php 第 578 行.

[ 09-05-10 10:43:13 ]
注意：[8] Undefined offset:  0 ThinkTemplate.class.php 第 578 行.

[ 09-05-10 10:43:13 ]
注意：[8] Undefined offset:  0 ThinkTemplate.class.php 第 578 行.

[ 09-05-10 10:43:24 ]
注意：[8] Undefined index:  style TagLibHtml.class.php 第 45 行.

[ 09-05-10 10:43:24 ]
注意：[8] Undefined offset:  0 ThinkTemplate.class.php 第 578 行.

[ 09-05-10 10:43:24 ]
注意：[8] Undefined offset:  0 ThinkTemplate.class.php 第 578 行.

[ 09-05-10 10:43:24 ]
注意：[8] Undefined offset:  0 ThinkTemplate.class.php 第 578 行.

[ 09-05-10 10:43:25 ]
注意：[8] Undefined variable: page 1e55212a6170d8842e47d604a1d019ea.php 第 38 行.
[ 09-05-10 10:43:25 ]

错误信息：[ job images bg_dian.gif ]无法加载模块images
错误页面：/hakuams/hakuams/index.php/images/bg_dian.gif
错误类型：ThinkException
错误跟踪：
[09-05-10 10:43:05] D:\Program Files\server\htdocs\hakuams\Temp\~runtime.php (7) App->exec(无法加载模块images)
[09-05-10 10:43:05] D:\Program Files\server\htdocs\hakuams\index.php (13) App->run()


[ 09-05-10 10:45:36 ]
注意：[8] Undefined variable: vo 013cede882719e500a772f0c2d93e6b3.php 第 16 行.

[ 09-05-10 10:45:36 ]
注意：[8] Undefined variable: vo 013cede882719e500a772f0c2d93e6b3.php 第 16 行.

[ 09-05-10 10:45:36 ]
注意：[8] Trying to get property of non-object 013cede882719e500a772f0c2d93e6b3.php 第 16 行.

[ 09-05-10 10:45:56 ]
注意：[8] Undefined variable: vo 013cede882719e500a772f0c2d93e6b3.php 第 16 行.

[ 09-05-10 10:45:56 ]
注意：[8] Undefined variable: vo 013cede882719e500a772f0c2d93e6b3.php 第 16 行.

[ 09-05-10 10:45:56 ]
注意：[8] Trying to get property of non-object 013cede882719e500a772f0c2d93e6b3.php 第 16 行.

[ 09-05-10 10:46:08 ]
注意：[8] Undefined variable: vo 013cede882719e500a772f0c2d93e6b3.php 第 16 行.

[ 09-05-10 10:46:08 ]
注意：[8] Undefined variable: vo 013cede882719e500a772f0c2d93e6b3.php 第 16 行.

[ 09-05-10 10:46:08 ]
注意：[8] Trying to get property of non-object 013cede882719e500a772f0c2d93e6b3.php 第 16 行.

[ 09-05-10 10:46:09 ]
注意：[8] Undefined variable: vo 013cede882719e500a772f0c2d93e6b3.php 第 16 行.

[ 09-05-10 10:46:09 ]
注意：[8] Undefined variable: vo 013cede882719e500a772f0c2d93e6b3.php 第 16 行.

[ 09-05-10 10:46:09 ]
注意：[8] Trying to get property of non-object 013cede882719e500a772f0c2d93e6b3.php 第 16 行.

[ 09-05-10 10:46:24 ]
注意：[8] Undefined variable: vo 013cede882719e500a772f0c2d93e6b3.php 第 16 行.

[ 09-05-10 10:46:24 ]
注意：[8] Undefined variable: vo 013cede882719e500a772f0c2d93e6b3.php 第 16 行.

[ 09-05-10 10:46:24 ]
注意：[8] Trying to get property of non-object 013cede882719e500a772f0c2d93e6b3.php 第 16 行.

[ 09-05-10 10:46:44 ]
注意：[8] Undefined variable: vo 013cede882719e500a772f0c2d93e6b3.php 第 16 行.

[ 09-05-10 10:46:44 ]
注意：[8] Undefined variable: vo 013cede882719e500a772f0c2d93e6b3.php 第 16 行.

[ 09-05-10 10:46:44 ]
注意：[8] Trying to get property of non-object 013cede882719e500a772f0c2d93e6b3.php 第 16 行.

[ 09-05-10 10:46:48 ]
注意：[8] Undefined variable: vo 013cede882719e500a772f0c2d93e6b3.php 第 16 行.

[ 09-05-10 10:46:48 ]
注意：[8] Undefined variable: vo 013cede882719e500a772f0c2d93e6b3.php 第 16 行.

[ 09-05-10 10:46:48 ]
注意：[8] Trying to get property of non-object 013cede882719e500a772f0c2d93e6b3.php 第 16 行.

[ 09-05-10 10:46:49 ]
注意：[8] Undefined variable: vo 013cede882719e500a772f0c2d93e6b3.php 第 16 行.

[ 09-05-10 10:46:49 ]
注意：[8] Undefined variable: vo 013cede882719e500a772f0c2d93e6b3.php 第 16 行.

[ 09-05-10 10:46:49 ]
注意：[8] Trying to get property of non-object 013cede882719e500a772f0c2d93e6b3.php 第 16 行.

[ 09-05-10 10:47:06 ]
注意：[8] Undefined variable: vo 013cede882719e500a772f0c2d93e6b3.php 第 16 行.

[ 09-05-10 10:47:06 ]
注意：[8] Undefined variable: vo 013cede882719e500a772f0c2d93e6b3.php 第 16 行.

[ 09-05-10 10:47:06 ]
注意：[8] Trying to get property of non-object 013cede882719e500a772f0c2d93e6b3.php 第 16 行.

[ 09-05-10 10:47:19 ]
注意：[8] Undefined variable: page 1e55212a6170d8842e47d604a1d019ea.php 第 38 行.
[ 09-05-10 10:47:19 ]

错误信息：[ job images bg_dian.gif ]无法加载模块images
错误页面：/hakuams/hakuams/index.php/images/bg_dian.gif
错误类型：ThinkException
错误跟踪：
[09-05-10 10:47:05] D:\Program Files\server\htdocs\hakuams\Temp\~runtime.php (7) App->exec(无法加载模块images)
[09-05-10 10:47:05] D:\Program Files\server\htdocs\hakuams\index.php (13) App->run()


[ 09-05-10 10:53:31 ]
注意：[8] Undefined variable: page 1e55212a6170d8842e47d604a1d019ea.php 第 286 行.
[ 09-05-10 10:53:31 ]

错误信息：[ job images tb.gif ]无法加载模块images
错误页面：/hakuams/hakuams/index.php/images/tb.gif
错误类型：ThinkException
错误跟踪：
[09-05-10 10:53:05] D:\Program Files\server\htdocs\hakuams\Temp\~runtime.php (7) App->exec(无法加载模块images)
[09-05-10 10:53:05] D:\Program Files\server\htdocs\hakuams\index.php (13) App->run()

[ 09-05-10 10:53:31 ]

错误信息：[ job images add.gif ]无法加载模块images
错误页面：/hakuams/hakuams/index.php/images/add.gif
错误类型：ThinkException
错误跟踪：
[09-05-10 10:53:05] D:\Program Files\server\htdocs\hakuams\Temp\~runtime.php (7) App->exec(无法加载模块images)
[09-05-10 10:53:05] D:\Program Files\server\htdocs\hakuams\index.php (13) App->run()

[ 09-05-10 10:53:32 ]

错误信息：[ job images del.gif ]无法加载模块images
错误页面：/hakuams/hakuams/index.php/images/del.gif
错误类型：ThinkException
错误跟踪：
[09-05-10 10:53:05] D:\Program Files\server\htdocs\hakuams\Temp\~runtime.php (7) App->exec(无法加载模块images)
[09-05-10 10:53:05] D:\Program Files\server\htdocs\hakuams\index.php (13) App->run()

[ 09-05-10 10:53:32 ]

错误信息：[ job images main_54.gif ]无法加载模块images
错误页面：/hakuams/hakuams/index.php/images/main_54.gif
错误类型：ThinkException
错误跟踪：
[09-05-10 10:53:05] D:\Program Files\server\htdocs\hakuams\Temp\~runtime.php (7) App->exec(无法加载模块images)
[09-05-10 10:53:05] D:\Program Files\server\htdocs\hakuams\index.php (13) App->run()

[ 09-05-10 10:53:32 ]

错误信息：[ job images edit.gif ]无法加载模块images
错误页面：/hakuams/hakuams/index.php/images/edit.gif
错误类型：ThinkException
错误跟踪：
[09-05-10 10:53:05] D:\Program Files\server\htdocs\hakuams\Temp\~runtime.php (7) App->exec(无法加载模块images)
[09-05-10 10:53:05] D:\Program Files\server\htdocs\hakuams\index.php (13) App->run()

[ 09-05-10 10:53:32 ]

错误信息：[ job images main_58.gif ]无法加载模块images
错误页面：/hakuams/hakuams/index.php/images/main_58.gif
错误类型：ThinkException
错误跟踪：
[09-05-10 10:53:05] D:\Program Files\server\htdocs\hakuams\Temp\~runtime.php (7) App->exec(无法加载模块images)
[09-05-10 10:53:05] D:\Program Files\server\htdocs\hakuams\index.php (13) App->run()

[ 09-05-10 10:53:32 ]

错误信息：[ job images main_60.gif ]无法加载模块images
错误页面：/hakuams/hakuams/index.php/images/main_60.gif
错误类型：ThinkException
错误跟踪：
[09-05-10 10:53:05] D:\Program Files\server\htdocs\hakuams\Temp\~runtime.php (7) App->exec(无法加载模块images)
[09-05-10 10:53:05] D:\Program Files\server\htdocs\hakuams\index.php (13) App->run()

[ 09-05-10 10:53:32 ]

错误信息：[ job images main_56.gif ]无法加载模块images
错误页面：/hakuams/hakuams/index.php/images/main_56.gif
错误类型：ThinkException
错误跟踪：
[09-05-10 10:53:05] D:\Program Files\server\htdocs\hakuams\Temp\~runtime.php (7) App->exec(无法加载模块images)
[09-05-10 10:53:05] D:\Program Files\server\htdocs\hakuams\index.php (13) App->run()

[ 09-05-10 10:53:32 ]

错误信息：[ job images bg_dian.gif ]无法加载模块images
错误页面：/hakuams/hakuams/index.php/images/bg_dian.gif
错误类型：ThinkException
错误跟踪：
[09-05-10 10:53:05] D:\Program Files\server\htdocs\hakuams\Temp\~runtime.php (7) App->exec(无法加载模块images)
[09-05-10 10:53:05] D:\Program Files\server\htdocs\hakuams\index.php (13) App->run()


[ 09-05-10 10:57:18 ]
注意：[8] Undefined variable: vo 013cede882719e500a772f0c2d93e6b3.php 第 16 行.

[ 09-05-10 10:57:18 ]
注意：[8] Undefined variable: vo 013cede882719e500a772f0c2d93e6b3.php 第 16 行.

[ 09-05-10 10:57:18 ]
注意：[8] Trying to get property of non-object 013cede882719e500a772f0c2d93e6b3.php 第 16 行.

[ 09-05-10 10:57:20 ]
注意：[8] Undefined index:  p ArticleAction.class.php 第 69 行.

[ 09-05-10 10:57:20 ]
注意：[2] Invalid argument supplied for foreach() ArticleAction.class.php 第 89 行.

[ 09-05-10 10:57:20 ]
注意：[8] Undefined variable: page 1e55212a6170d8842e47d604a1d019ea.php 第 286 行.
[ 09-05-10 10:57:20 ]

错误信息：[ job images tb.gif ]无法加载模块images
错误页面：/hakuams/hakuams/index.php/images/tb.gif
错误类型：ThinkException
错误跟踪：
[09-05-10 10:57:05] D:\Program Files\server\htdocs\hakuams\Temp\~runtime.php (7) App->exec(无法加载模块images)
[09-05-10 10:57:05] D:\Program Files\server\htdocs\hakuams\index.php (13) App->run()

[ 09-05-10 10:57:20 ]

错误信息：[ job images add.gif ]无法加载模块images
错误页面：/hakuams/hakuams/index.php/images/add.gif
错误类型：ThinkException
错误跟踪：
[09-05-10 10:57:05] D:\Program Files\server\htdocs\hakuams\Temp\~runtime.php (7) App->exec(无法加载模块images)
[09-05-10 10:57:05] D:\Program Files\server\htdocs\hakuams\index.php (13) App->run()

[ 09-05-10 10:57:20 ]

错误信息：[ job images edit.gif ]无法加载模块images
错误页面：/hakuams/hakuams/index.php/images/edit.gif
错误类型：ThinkException
错误跟踪：
[09-05-10 10:57:05] D:\Program Files\server\htdocs\hakuams\Temp\~runtime.php (7) App->exec(无法加载模块images)
[09-05-10 10:57:05] D:\Program Files\server\htdocs\hakuams\index.php (13) App->run()

[ 09-05-10 10:57:20 ]

错误信息：[ job images del.gif ]无法加载模块images
错误页面：/hakuams/hakuams/index.php/images/del.gif
错误类型：ThinkException
错误跟踪：
[09-05-10 10:57:05] D:\Program Files\server\htdocs\hakuams\Temp\~runtime.php (7) App->exec(无法加载模块images)
[09-05-10 10:57:05] D:\Program Files\server\htdocs\hakuams\index.php (13) App->run()

[ 09-05-10 10:57:20 ]

错误信息：[ job images main_54.gif ]无法加载模块images
错误页面：/hakuams/hakuams/index.php/images/main_54.gif
错误类型：ThinkException
错误跟踪：
[09-05-10 10:57:05] D:\Program Files\server\htdocs\hakuams\Temp\~runtime.php (7) App->exec(无法加载模块images)
[09-05-10 10:57:05] D:\Program Files\server\htdocs\hakuams\index.php (13) App->run()

[ 09-05-10 10:57:20 ]

错误信息：[ job images main_58.gif ]无法加载模块images
错误页面：/hakuams/hakuams/index.php/images/main_58.gif
错误类型：ThinkException
错误跟踪：
[09-05-10 10:57:05] D:\Program Files\server\htdocs\hakuams\Temp\~runtime.php (7) App->exec(无法加载模块images)
[09-05-10 10:57:05] D:\Program Files\server\htdocs\hakuams\index.php (13) App->run()

[ 09-05-10 10:57:20 ]

错误信息：[ job images main_60.gif ]无法加载模块images
错误页面：/hakuams/hakuams/index.php/images/main_60.gif
错误类型：ThinkException
错误跟踪：
[09-05-10 10:57:05] D:\Program Files\server\htdocs\hakuams\Temp\~runtime.php (7) App->exec(无法加载模块images)
[09-05-10 10:57:05] D:\Program Files\server\htdocs\hakuams\index.php (13) App->run()

[ 09-05-10 10:57:20 ]

错误信息：[ job images main_56.gif ]无法加载模块images
错误页面：/hakuams/hakuams/index.php/images/main_56.gif
错误类型：ThinkException
错误跟踪：
[09-05-10 10:57:05] D:\Program Files\server\htdocs\hakuams\Temp\~runtime.php (7) App->exec(无法加载模块images)
[09-05-10 10:57:05] D:\Program Files\server\htdocs\hakuams\index.php (13) App->run()


[ 09-05-10 10:57:50 ]
注意：[8] Undefined variable: vo 013cede882719e500a772f0c2d93e6b3.php 第 16 行.

[ 09-05-10 10:57:50 ]
注意：[8] Undefined variable: vo 013cede882719e500a772f0c2d93e6b3.php 第 16 行.

[ 09-05-10 10:57:50 ]
注意：[8] Trying to get property of non-object 013cede882719e500a772f0c2d93e6b3.php 第 16 行.

[ 09-05-10 10:57:52 ]
注意：[8] Undefined index:  p ArticleAction.class.php 第 69 行.

[ 09-05-10 10:57:52 ]
注意：[8] Undefined variable: page 1e55212a6170d8842e47d604a1d019ea.php 第 286 行.
[ 09-05-10 10:57:52 ]

错误信息：[ job images tb.gif ]无法加载模块images
错误页面：/hakuams/hakuams/index.php/images/tb.gif
错误类型：ThinkException
错误跟踪：
[09-05-10 10:57:05] D:\Program Files\server\htdocs\hakuams\Temp\~runtime.php (7) App->exec(无法加载模块images)
[09-05-10 10:57:05] D:\Program Files\server\htdocs\hakuams\index.php (13) App->run()

[ 09-05-10 10:57:52 ]

错误信息：[ job images add.gif ]无法加载模块images
错误页面：/hakuams/hakuams/index.php/images/add.gif
错误类型：ThinkException
错误跟踪：
[09-05-10 10:57:05] D:\Program Files\server\htdocs\hakuams\Temp\~runtime.php (7) App->exec(无法加载模块images)
[09-05-10 10:57:05] D:\Program Files\server\htdocs\hakuams\index.php (13) App->run()

[ 09-05-10 10:57:52 ]

错误信息：[ job images del.gif ]无法加载模块images
错误页面：/hakuams/hakuams/index.php/images/del.gif
错误类型：ThinkException
错误跟踪：
[09-05-10 10:57:05] D:\Program Files\server\htdocs\hakuams\Temp\~runtime.php (7) App->exec(无法加载模块images)
[09-05-10 10:57:05] D:\Program Files\server\htdocs\hakuams\index.php (13) App->run()

[ 09-05-10 10:57:52 ]

错误信息：[ job images edit.gif ]无法加载模块images
错误页面：/hakuams/hakuams/index.php/images/edit.gif
错误类型：ThinkException
错误跟踪：
[09-05-10 10:57:05] D:\Program Files\server\htdocs\hakuams\Temp\~runtime.php (7) App->exec(无法加载模块images)
[09-05-10 10:57:05] D:\Program Files\server\htdocs\hakuams\index.php (13) App->run()

[ 09-05-10 10:57:52 ]

错误信息：[ job images main_54.gif ]无法加载模块images
错误页面：/hakuams/hakuams/index.php/images/main_54.gif
错误类型：ThinkException
错误跟踪：
[09-05-10 10:57:05] D:\Program Files\server\htdocs\hakuams\Temp\~runtime.php (7) App->exec(无法加载模块images)
[09-05-10 10:57:05] D:\Program Files\server\htdocs\hakuams\index.php (13) App->run()

[ 09-05-10 10:57:52 ]

错误信息：[ job images main_60.gif ]无法加载模块images
错误页面：/hakuams/hakuams/index.php/images/main_60.gif
错误类型：ThinkException
错误跟踪：
[09-05-10 10:57:05] D:\Program Files\server\htdocs\hakuams\Temp\~runtime.php (7) App->exec(无法加载模块images)
[09-05-10 10:57:05] D:\Program Files\server\htdocs\hakuams\index.php (13) App->run()

[ 09-05-10 10:57:52 ]

错误信息：[ job images main_56.gif ]无法加载模块images
错误页面：/hakuams/hakuams/index.php/images/main_56.gif
错误类型：ThinkException
错误跟踪：
[09-05-10 10:57:05] D:\Program Files\server\htdocs\hakuams\Temp\~runtime.php (7) App->exec(无法加载模块images)
[09-05-10 10:57:05] D:\Program Files\server\htdocs\hakuams\index.php (13) App->run()

[ 09-05-10 10:57:52 ]

错误信息：[ job images main_58.gif ]无法加载模块images
错误页面：/hakuams/hakuams/index.php/images/main_58.gif
错误类型：ThinkException
错误跟踪：
[09-05-10 10:57:05] D:\Program Files\server\htdocs\hakuams\Temp\~runtime.php (7) App->exec(无法加载模块images)
[09-05-10 10:57:05] D:\Program Files\server\htdocs\hakuams\index.php (13) App->run()

[ 09-05-10 10:57:52 ]

错误信息：[ job images bg_dian.gif ]无法加载模块images
错误页面：/hakuams/hakuams/index.php/images/bg_dian.gif
错误类型：ThinkException
错误跟踪：
[09-05-10 10:57:05] D:\Program Files\server\htdocs\hakuams\Temp\~runtime.php (7) App->exec(无法加载模块images)
[09-05-10 10:57:05] D:\Program Files\server\htdocs\hakuams\index.php (13) App->run()


[ 09-05-10 10:58:48 ]
注意：[8] Undefined variable: vo 013cede882719e500a772f0c2d93e6b3.php 第 16 行.

[ 09-05-10 10:58:48 ]
注意：[8] Undefined variable: vo 013cede882719e500a772f0c2d93e6b3.php 第 16 行.

[ 09-05-10 10:58:48 ]
注意：[8] Trying to get property of non-object 013cede882719e500a772f0c2d93e6b3.php 第 16 行.

[ 09-05-10 10:58:49 ]
注意：[8] Undefined index:  p ArticleAction.class.php 第 69 行.

[ 09-05-10 10:58:49 ]
注意：[8] Undefined variable: page 1e55212a6170d8842e47d604a1d019ea.php 第 286 行.
[ 09-05-10 10:58:49 ]

错误信息：[ job images add.gif ]无法加载模块images
错误页面：/hakuams/hakuams/index.php/images/add.gif
错误类型：ThinkException
错误跟踪：
[09-05-10 10:58:05] D:\Program Files\server\htdocs\hakuams\Temp\~runtime.php (7) App->exec(无法加载模块images)
[09-05-10 10:58:05] D:\Program Files\server\htdocs\hakuams\index.php (13) App->run()

[ 09-05-10 10:58:49 ]

错误信息：[ job images del.gif ]无法加载模块images
错误页面：/hakuams/hakuams/index.php/images/del.gif
错误类型：ThinkException
错误跟踪：
[09-05-10 10:58:05] D:\Program Files\server\htdocs\hakuams\Temp\~runtime.php (7) App->exec(无法加载模块images)
[09-05-10 10:58:05] D:\Program Files\server\htdocs\hakuams\index.php (13) App->run()

[ 09-05-10 10:58:50 ]

错误信息：[ job images main_58.gif ]无法加载模块images
错误页面：/hakuams/hakuams/index.php/images/main_58.gif
错误类型：ThinkException
错误跟踪：
[09-05-10 10:58:05] D:\Program Files\server\htdocs\hakuams\Temp\~runtime.php (7) App->exec(无法加载模块images)
[09-05-10 10:58:05] D:\Program Files\server\htdocs\hakuams\index.php (13) App->run()

[ 09-05-10 10:58:50 ]

错误信息：[ job images tb.gif ]无法加载模块images
错误页面：/hakuams/hakuams/index.php/images/tb.gif
错误类型：ThinkException
错误跟踪：
[09-05-10 10:58:05] D:\Program Files\server\htdocs\hakuams\Temp\~runtime.php (7) App->exec(无法加载模块images)
[09-05-10 10:58:05] D:\Program Files\server\htdocs\hakuams\index.php (13) App->run()

[ 09-05-10 10:58:50 ]

错误信息：[ job images edit.gif ]无法加载模块images
错误页面：/hakuams/hakuams/index.php/images/edit.gif
错误类型：ThinkException
错误跟踪：
[09-05-10 10:58:05] D:\Program Files\server\htdocs\hakuams\Temp\~runtime.php (7) App->exec(无法加载模块images)
[09-05-10 10:58:05] D:\Program Files\server\htdocs\hakuams\index.php (13) App->run()

[ 09-05-10 10:58:50 ]

错误信息：[ job images main_54.gif ]无法加载模块images
错误页面：/hakuams/hakuams/index.php/images/main_54.gif
错误类型：ThinkException
错误跟踪：
[09-05-10 10:58:05] D:\Program Files\server\htdocs\hakuams\Temp\~runtime.php (7) App->exec(无法加载模块images)
[09-05-10 10:58:05] D:\Program Files\server\htdocs\hakuams\index.php (13) App->run()

[ 09-05-10 10:58:50 ]

错误信息：[ job images main_60.gif ]无法加载模块images
错误页面：/hakuams/hakuams/index.php/images/main_60.gif
错误类型：ThinkException
错误跟踪：
[09-05-10 10:58:05] D:\Program Files\server\htdocs\hakuams\Temp\~runtime.php (7) App->exec(无法加载模块images)
[09-05-10 10:58:05] D:\Program Files\server\htdocs\hakuams\index.php (13) App->run()

[ 09-05-10 10:58:50 ]

错误信息：[ job images main_56.gif ]无法加载模块images
错误页面：/hakuams/hakuams/index.php/images/main_56.gif
错误类型：ThinkException
错误跟踪：
[09-05-10 10:58:05] D:\Program Files\server\htdocs\hakuams\Temp\~runtime.php (7) App->exec(无法加载模块images)
[09-05-10 10:58:05] D:\Program Files\server\htdocs\hakuams\index.php (13) App->run()

[ 09-05-10 10:58:50 ]

错误信息：[ job images bg_dian.gif ]无法加载模块images
错误页面：/hakuams/hakuams/index.php/images/bg_dian.gif
错误类型：ThinkException
错误跟踪：
[09-05-10 10:58:05] D:\Program Files\server\htdocs\hakuams\Temp\~runtime.php (7) App->exec(无法加载模块images)
[09-05-10 10:58:05] D:\Program Files\server\htdocs\hakuams\index.php (13) App->run()


[ 09-05-10 10:58:57 ]
注意：[8] Undefined variable: vo 013cede882719e500a772f0c2d93e6b3.php 第 16 行.

[ 09-05-10 10:58:57 ]
注意：[8] Undefined variable: vo 013cede882719e500a772f0c2d93e6b3.php 第 16 行.

[ 09-05-10 10:58:57 ]
注意：[8] Trying to get property of non-object 013cede882719e500a772f0c2d93e6b3.php 第 16 行.

[ 09-05-10 10:59:00 ]
注意：[8] Undefined index:  p ArticleAction.class.php 第 69 行.

[ 09-05-10 10:59:00 ]
注意：[8] Undefined variable: page 1e55212a6170d8842e47d604a1d019ea.php 第 286 行.
[ 09-05-10 10:59:00 ]

错误信息：[ job images tb.gif ]无法加载模块images
错误页面：/hakuams/hakuams/index.php/images/tb.gif
错误类型：ThinkException
错误跟踪：
[09-05-10 10:59:05] D:\Program Files\server\htdocs\hakuams\Temp\~runtime.php (7) App->exec(无法加载模块images)
[09-05-10 10:59:05] D:\Program Files\server\htdocs\hakuams\index.php (13) App->run()

[ 09-05-10 10:59:00 ]

错误信息：[ job images add.gif ]无法加载模块images
错误页面：/hakuams/hakuams/index.php/images/add.gif
错误类型：ThinkException
错误跟踪：
[09-05-10 10:59:05] D:\Program Files\server\htdocs\hakuams\Temp\~runtime.php (7) App->exec(无法加载模块images)
[09-05-10 10:59:05] D:\Program Files\server\htdocs\hakuams\index.php (13) App->run()

[ 09-05-10 10:59:01 ]

错误信息：[ job images main_58.gif ]无法加载模块images
错误页面：/hakuams/hakuams/index.php/images/main_58.gif
错误类型：ThinkException
错误跟踪：
[09-05-10 10:59:05] D:\Program Files\server\htdocs\hakuams\Temp\~runtime.php (7) App->exec(无法加载模块images)
[09-05-10 10:59:05] D:\Program Files\server\htdocs\hakuams\index.php (13) App->run()

[ 09-05-10 10:59:01 ]

错误信息：[ job images main_60.gif ]无法加载模块images
错误页面：/hakuams/hakuams/index.php/images/main_60.gif
错误类型：ThinkException
错误跟踪：
[09-05-10 10:59:05] D:\Program Files\server\htdocs\hakuams\Temp\~runtime.php (7) App->exec(无法加载模块images)
[09-05-10 10:59:05] D:\Program Files\server\htdocs\hakuams\index.php (13) App->run()

[ 09-05-10 10:59:01 ]

错误信息：[ job images edit.gif ]无法加载模块images
错误页面：/hakuams/hakuams/index.php/images/edit.gif
错误类型：ThinkException
错误跟踪：
[09-05-10 10:59:05] D:\Program Files\server\htdocs\hakuams\Temp\~runtime.php (7) App->exec(无法加载模块images)
[09-05-10 10:59:05] D:\Program Files\server\htdocs\hakuams\index.php (13) App->run()

[ 09-05-10 10:59:01 ]

错误信息：[ job images del.gif ]无法加载模块images
错误页面：/hakuams/hakuams/index.php/images/del.gif
错误类型：ThinkException
错误跟踪：
[09-05-10 10:59:05] D:\Program Files\server\htdocs\hakuams\Temp\~runtime.php (7) App->exec(无法加载模块images)
[09-05-10 10:59:05] D:\Program Files\server\htdocs\hakuams\index.php (13) App->run()

[ 09-05-10 10:59:01 ]

错误信息：[ job images main_54.gif ]无法加载模块images
错误页面：/hakuams/hakuams/index.php/images/main_54.gif
错误类型：ThinkException
错误跟踪：
[09-05-10 10:59:05] D:\Program Files\server\htdocs\hakuams\Temp\~runtime.php (7) App->exec(无法加载模块images)
[09-05-10 10:59:05] D:\Program Files\server\htdocs\hakuams\index.php (13) App->run()

[ 09-05-10 10:59:01 ]

错误信息：[ job images main_56.gif ]无法加载模块images
错误页面：/hakuams/hakuams/index.php/images/main_56.gif
错误类型：ThinkException
错误跟踪：
[09-05-10 10:59:05] D:\Program Files\server\htdocs\hakuams\Temp\~runtime.php (7) App->exec(无法加载模块images)
[09-05-10 10:59:05] D:\Program Files\server\htdocs\hakuams\index.php (13) App->run()

[ 09-05-10 10:59:01 ]

错误信息：[ job images bg_dian.gif ]无法加载模块images
错误页面：/hakuams/hakuams/index.php/images/bg_dian.gif
错误类型：ThinkException
错误跟踪：
[09-05-10 10:59:05] D:\Program Files\server\htdocs\hakuams\Temp\~runtime.php (7) App->exec(无法加载模块images)
[09-05-10 10:59:05] D:\Program Files\server\htdocs\hakuams\index.php (13) App->run()


[ 09-05-10 10:59:06 ]
注意：[8] Undefined index:  p ArticleAction.class.php 第 69 行.

[ 09-05-10 10:59:06 ]
注意：[8] Undefined variable: page 1e55212a6170d8842e47d604a1d019ea.php 第 286 行.
[ 09-05-10 10:59:06 ]

错误信息：[ job images add.gif ]无法加载模块images
错误页面：/hakuams/hakuams/index.php/images/add.gif
错误类型：ThinkException
错误跟踪：
[09-05-10 10:59:05] D:\Program Files\server\htdocs\hakuams\Temp\~runtime.php (7) App->exec(无法加载模块images)
[09-05-10 10:59:05] D:\Program Files\server\htdocs\hakuams\index.php (13) App->run()

[ 09-05-10 10:59:06 ]

错误信息：[ job images del.gif ]无法加载模块images
错误页面：/hakuams/hakuams/index.php/images/del.gif
错误类型：ThinkException
错误跟踪：
[09-05-10 10:59:05] D:\Program Files\server\htdocs\hakuams\Temp\~runtime.php (7) App->exec(无法加载模块images)
[09-05-10 10:59:05] D:\Program Files\server\htdocs\hakuams\index.php (13) App->run()

[ 09-05-10 10:59:06 ]

错误信息：[ job images main_54.gif ]无法加载模块images
错误页面：/hakuams/hakuams/index.php/images/main_54.gif
错误类型：ThinkException
错误跟踪：
[09-05-10 10:59:05] D:\Program Files\server\htdocs\hakuams\Temp\~runtime.php (7) App->exec(无法加载模块images)
[09-05-10 10:59:05] D:\Program Files\server\htdocs\hakuams\index.php (13) App->run()

[ 09-05-10 10:59:06 ]

错误信息：[ job images tb.gif ]无法加载模块images
错误页面：/hakuams/hakuams/index.php/images/tb.gif
错误类型：ThinkException
错误跟踪：
[09-05-10 10:59:05] D:\Program Files\server\htdocs\hakuams\Temp\~runtime.php (7) App->exec(无法加载模块images)
[09-05-10 10:59:05] D:\Program Files\server\htdocs\hakuams\index.php (13) App->run()

[ 09-05-10 10:59:06 ]

错误信息：[ job images edit.gif ]无法加载模块images
错误页面：/hakuams/hakuams/index.php/images/edit.gif
错误类型：ThinkException
错误跟踪：
[09-05-10 10:59:05] D:\Program Files\server\htdocs\hakuams\Temp\~runtime.php (7) App->exec(无法加载模块images)
[09-05-10 10:59:05] D:\Program Files\server\htdocs\hakuams\index.php (13) App->run()

[ 09-05-10 10:59:06 ]

错误信息：[ job images main_58.gif ]无法加载模块images
错误页面：/hakuams/hakuams/index.php/images/main_58.gif
错误类型：ThinkException
错误跟踪：
[09-05-10 10:59:05] D:\Program Files\server\htdocs\hakuams\Temp\~runtime.php (7) App->exec(无法加载模块images)
[09-05-10 10:59:05] D:\Program Files\server\htdocs\hakuams\index.php (13) App->run()

[ 09-05-10 10:59:06 ]

错误信息：[ job images main_56.gif ]无法加载模块images
错误页面：/hakuams/hakuams/index.php/images/main_56.gif
错误类型：ThinkException
错误跟踪：
[09-05-10 10:59:05] D:\Program Files\server\htdocs\hakuams\Temp\~runtime.php (7) App->exec(无法加载模块images)
[09-05-10 10:59:05] D:\Program Files\server\htdocs\hakuams\index.php (13) App->run()

[ 09-05-10 10:59:06 ]

错误信息：[ job images main_60.gif ]无法加载模块images
错误页面：/hakuams/hakuams/index.php/images/main_60.gif
错误类型：ThinkException
错误跟踪：
[09-05-10 10:59:05] D:\Program Files\server\htdocs\hakuams\Temp\~runtime.php (7) App->exec(无法加载模块images)
[09-05-10 10:59:05] D:\Program Files\server\htdocs\hakuams\index.php (13) App->run()

[ 09-05-10 10:59:07 ]

错误信息：[ job images bg_dian.gif ]无法加载模块images
错误页面：/hakuams/hakuams/index.php/images/bg_dian.gif
错误类型：ThinkException
错误跟踪：
[09-05-10 10:59:05] D:\Program Files\server\htdocs\hakuams\Temp\~runtime.php (7) App->exec(无法加载模块images)
[09-05-10 10:59:05] D:\Program Files\server\htdocs\hakuams\index.php (13) App->run()

[ 09-05-10 10:59:11 ]

错误信息：[ job Article p ]非法操作p
错误页面：/hakuams/hakuams/index.php/Article/p/2
错误类型：ThinkException
错误跟踪：
[09-05-10 10:59:05]  () Action->__call(非法操作p)
[09-05-10 10:59:05] D:\Program Files\server\htdocs\hakuams\Temp\~runtime.php (7) ArticleAction->p(p, Array)
[09-05-10 10:59:05] D:\Program Files\server\htdocs\hakuams\Temp\~runtime.php (7) App->exec()
[09-05-10 10:59:05] D:\Program Files\server\htdocs\hakuams\index.php (13) App->run()

[ 09-05-10 10:59:21 ]

错误信息：[ job Article p ]非法操作p
错误页面：/hakuams/hakuams/index.php/Article/p/2
错误类型：ThinkException
错误跟踪：
[09-05-10 10:59:05]  () Action->__call(非法操作p)
[09-05-10 10:59:05] D:\Program Files\server\htdocs\hakuams\Temp\~runtime.php (7) ArticleAction->p(p, Array)
[09-05-10 10:59:05] D:\Program Files\server\htdocs\hakuams\Temp\~runtime.php (7) App->exec()
[09-05-10 10:59:05] D:\Program Files\server\htdocs\hakuams\index.php (13) App->run()


[ 09-05-10 11:04:17 ]
注意：[8] Undefined variable: vo 013cede882719e500a772f0c2d93e6b3.php 第 16 行.

[ 09-05-10 11:04:17 ]
注意：[8] Undefined variable: vo 013cede882719e500a772f0c2d93e6b3.php 第 16 行.

[ 09-05-10 11:04:17 ]
注意：[8] Trying to get property of non-object 013cede882719e500a772f0c2d93e6b3.php 第 16 行.

[ 09-05-10 11:04:18 ]
注意：[8] Undefined index:  p ArticleAction.class.php 第 69 行.

[ 09-05-10 11:04:18 ]
注意：[8] Undefined variable: page 1e55212a6170d8842e47d604a1d019ea.php 第 286 行.

[ 09-05-10 11:04:20 ]
注意：[8] Undefined index:  p ArticleAction.class.php 第 69 行.

[ 09-05-10 11:04:20 ]
注意：[8] Undefined variable: page 1e55212a6170d8842e47d604a1d019ea.php 第 286 行.

[ 09-05-10 11:04:27 ]
注意：[8] Undefined index:  style TagLibHtml.class.php 第 45 行.

[ 09-05-10 11:04:27 ]
注意：[8] Undefined offset:  0 ThinkTemplate.class.php 第 578 行.

[ 09-05-10 11:04:27 ]
注意：[8] Undefined offset:  0 ThinkTemplate.class.php 第 578 行.

[ 09-05-10 11:04:27 ]
注意：[8] Undefined offset:  0 ThinkTemplate.class.php 第 578 行.

[ 09-05-10 11:04:27 ]
注意：[8] Undefined variable: title aa13b9f510b059bef2f977458e506c6c.php 第 13 行.

[ 09-05-10 11:04:27 ]
注意：[8] Undefined variable: content aa13b9f510b059bef2f977458e506c6c.php 第 29 行.

[ 09-05-10 11:04:36 ]
注意：[8] Undefined index:  p ArticleAction.class.php 第 69 行.

[ 09-05-10 11:04:36 ]
注意：[8] Undefined variable: page 1e55212a6170d8842e47d604a1d019ea.php 第 286 行.

[ 09-05-10 11:05:46 ]
注意：[8] Undefined index:  p ArticleAction.class.php 第 69 行.

[ 09-05-10 11:05:47 ]
注意：[8] Undefined variable: page 1e55212a6170d8842e47d604a1d019ea.php 第 286 行.

[ 09-05-10 11:06:17 ]
注意：[8] Undefined index:  p ArticleAction.class.php 第 69 行.

[ 09-05-10 11:06:17 ]
注意：[8] Undefined variable: page 1e55212a6170d8842e47d604a1d019ea.php 第 285 行.

[ 09-05-10 11:08:45 ]
注意：[8] Undefined variable: vo 013cede882719e500a772f0c2d93e6b3.php 第 16 行.

[ 09-05-10 11:08:45 ]
注意：[8] Undefined variable: vo 013cede882719e500a772f0c2d93e6b3.php 第 16 行.

[ 09-05-10 11:08:45 ]
注意：[8] Trying to get property of non-object 013cede882719e500a772f0c2d93e6b3.php 第 16 行.

[ 09-05-10 11:08:46 ]
注意：[8] Undefined variable: vo 013cede882719e500a772f0c2d93e6b3.php 第 16 行.

[ 09-05-10 11:08:46 ]
注意：[8] Undefined variable: vo 013cede882719e500a772f0c2d93e6b3.php 第 16 行.

[ 09-05-10 11:08:46 ]
注意：[8] Trying to get property of non-object 013cede882719e500a772f0c2d93e6b3.php 第 16 行.

[ 09-05-10 11:08:47 ]
注意：[8] Undefined variable: vo 013cede882719e500a772f0c2d93e6b3.php 第 16 行.

[ 09-05-10 11:08:47 ]
注意：[8] Undefined variable: vo 013cede882719e500a772f0c2d93e6b3.php 第 16 行.

[ 09-05-10 11:08:47 ]
注意：[8] Trying to get property of non-object 013cede882719e500a772f0c2d93e6b3.php 第 16 行.

[ 09-05-10 11:08:48 ]
注意：[8] Undefined variable: vo 013cede882719e500a772f0c2d93e6b3.php 第 16 行.

[ 09-05-10 11:08:48 ]
注意：[8] Undefined variable: vo 013cede882719e500a772f0c2d93e6b3.php 第 16 行.

[ 09-05-10 11:08:48 ]
注意：[8] Trying to get property of non-object 013cede882719e500a772f0c2d93e6b3.php 第 16 行.

[ 09-05-10 11:08:50 ]
注意：[8] Undefined variable: vo 013cede882719e500a772f0c2d93e6b3.php 第 16 行.

[ 09-05-10 11:08:50 ]
注意：[8] Undefined variable: vo 013cede882719e500a772f0c2d93e6b3.php 第 16 行.

[ 09-05-10 11:08:50 ]
注意：[8] Trying to get property of non-object 013cede882719e500a772f0c2d93e6b3.php 第 16 行.

[ 09-05-10 11:08:52 ]
注意：[8] Undefined variable: vo 013cede882719e500a772f0c2d93e6b3.php 第 16 行.

[ 09-05-10 11:08:52 ]
注意：[8] Undefined variable: vo 013cede882719e500a772f0c2d93e6b3.php 第 16 行.

[ 09-05-10 11:08:52 ]
注意：[8] Trying to get property of non-object 013cede882719e500a772f0c2d93e6b3.php 第 16 行.

[ 09-05-10 11:08:54 ]
注意：[8] Undefined index:  p ArticleAction.class.php 第 69 行.

[ 09-05-10 11:08:54 ]
注意：[8] Undefined variable: page 1e55212a6170d8842e47d604a1d019ea.php 第 285 行.

[ 09-05-10 11:08:58 ]
注意：[8] Undefined variable: vo 013cede882719e500a772f0c2d93e6b3.php 第 16 行.

[ 09-05-10 11:08:58 ]
注意：[8] Undefined variable: vo 013cede882719e500a772f0c2d93e6b3.php 第 16 行.

[ 09-05-10 11:08:58 ]
注意：[8] Trying to get property of non-object 013cede882719e500a772f0c2d93e6b3.php 第 16 行.

[ 09-05-10 11:09:03 ]
注意：[8] Undefined index:  p ArticleAction.class.php 第 69 行.

[ 09-05-10 11:09:03 ]
注意：[8] Undefined variable: page 1e55212a6170d8842e47d604a1d019ea.php 第 285 行.

[ 09-05-10 11:09:14 ]
注意：[8] Undefined variable: vo 013cede882719e500a772f0c2d93e6b3.php 第 16 行.

[ 09-05-10 11:09:14 ]
注意：[8] Undefined variable: vo 013cede882719e500a772f0c2d93e6b3.php 第 16 行.

[ 09-05-10 11:09:14 ]
注意：[8] Trying to get property of non-object 013cede882719e500a772f0c2d93e6b3.php 第 16 行.

[ 09-05-10 11:09:17 ]
注意：[8] Undefined index:  p ArticleAction.class.php 第 69 行.

[ 09-05-10 11:09:17 ]
注意：[8] Undefined variable: page 1e55212a6170d8842e47d604a1d019ea.php 第 285 行.

[ 09-05-10 11:09:31 ]
注意：[8] Undefined variable: vo 013cede882719e500a772f0c2d93e6b3.php 第 16 行.

[ 09-05-10 11:09:31 ]
注意：[8] Undefined variable: vo 013cede882719e500a772f0c2d93e6b3.php 第 16 行.

[ 09-05-10 11:09:31 ]
注意：[8] Trying to get property of non-object 013cede882719e500a772f0c2d93e6b3.php 第 16 行.

[ 09-05-10 11:09:43 ]
注意：[8] Undefined variable: vo 013cede882719e500a772f0c2d93e6b3.php 第 16 行.

[ 09-05-10 11:09:43 ]
注意：[8] Undefined variable: vo 013cede882719e500a772f0c2d93e6b3.php 第 16 行.

[ 09-05-10 11:09:43 ]
注意：[8] Trying to get property of non-object 013cede882719e500a772f0c2d93e6b3.php 第 16 行.

[ 09-05-10 11:09:52 ]
注意：[8] Undefined variable: vo 013cede882719e500a772f0c2d93e6b3.php 第 16 行.

[ 09-05-10 11:09:52 ]
注意：[8] Undefined variable: vo 013cede882719e500a772f0c2d93e6b3.php 第 16 行.

[ 09-05-10 11:09:52 ]
注意：[8] Trying to get property of non-object 013cede882719e500a772f0c2d93e6b3.php 第 16 行.

[ 09-05-10 11:09:53 ]
注意：[8] Undefined variable: vo 013cede882719e500a772f0c2d93e6b3.php 第 16 行.

[ 09-05-10 11:09:53 ]
注意：[8] Undefined variable: vo 013cede882719e500a772f0c2d93e6b3.php 第 16 行.

[ 09-05-10 11:09:53 ]
注意：[8] Trying to get property of non-object 013cede882719e500a772f0c2d93e6b3.php 第 16 行.

[ 09-05-10 11:10:04 ]
注意：[8] Undefined variable: vo 013cede882719e500a772f0c2d93e6b3.php 第 16 行.

[ 09-05-10 11:10:04 ]
注意：[8] Undefined variable: vo 013cede882719e500a772f0c2d93e6b3.php 第 16 行.

[ 09-05-10 11:10:04 ]
注意：[8] Trying to get property of non-object 013cede882719e500a772f0c2d93e6b3.php 第 16 行.

[ 09-05-10 11:10:05 ]
注意：[8] Undefined variable: vo 013cede882719e500a772f0c2d93e6b3.php 第 16 行.

[ 09-05-10 11:10:05 ]
注意：[8] Undefined variable: vo 013cede882719e500a772f0c2d93e6b3.php 第 16 行.

[ 09-05-10 11:10:05 ]
注意：[8] Trying to get property of non-object 013cede882719e500a772f0c2d93e6b3.php 第 16 行.
[ 09-05-10 11:10:06 ]

错误信息：[ job Index index ]模板不存在[./Tpl/default/Index/index.html]
错误页面：/hakuams/hakuams/index.php
错误类型：ThinkException
错误跟踪：
[09-05-10 11:10:05] D:\Program Files\server\htdocs\hakuams\Temp\~runtime.php (10) View->fetch(模板不存在[./Tpl/default/Index/index.html])
[09-05-10 11:10:05] D:\Program Files\server\htdocs\hakuams\Temp\~runtime.php (8) View->display(, , text/html, , 1)
[09-05-10 11:10:05] D:\Program Files\server\htdocs\hakuams\Lib\Action\IndexAction.class.php (135) Action->display(, , text/html, )
[09-05-10 11:10:05] D:\Program Files\server\htdocs\hakuams\Temp\~runtime.php (7) IndexAction->index()
[09-05-10 11:10:05] D:\Program Files\server\htdocs\hakuams\Temp\~runtime.php (7) App->exec()
[09-05-10 11:10:05] D:\Program Files\server\htdocs\hakuams\index.php (13) App->run()


[ 09-05-10 11:10:18 ]
注意：[8] Undefined index:  p ArticleAction.class.php 第 69 行.

[ 09-05-10 11:10:18 ]
注意：[8] Undefined variable: page 1e55212a6170d8842e47d604a1d019ea.php 第 285 行.

[ 09-05-10 11:10:19 ]
注意：[8] Use of undefined constant tm_sec - assumed 'tm_sec' UserAction.class.php 第 31 行.

[ 09-05-10 11:10:19 ]
注意：[8] Use of undefined constant tm_sec - assumed 'tm_sec' UserAction.class.php 第 31 行.

[ 09-05-10 11:10:19 ]
注意：[8] Use of undefined constant tm_min - assumed 'tm_min' UserAction.class.php 第 31 行.

[ 09-05-10 11:10:19 ]
注意：[8] Use of undefined constant tm_hour - assumed 'tm_hour' UserAction.class.php 第 31 行.

[ 09-05-10 11:10:19 ]
注意：[8] Use of undefined constant tm_mday - assumed 'tm_mday' UserAction.class.php 第 31 行.

[ 09-05-10 11:10:19 ]
注意：[8] Undefined variable: pub 565eba06b12dc67b20478dfb49af4b42.php 第 6 行.

[ 09-05-10 11:10:19 ]
注意：[8] Undefined variable: pub 565eba06b12dc67b20478dfb49af4b42.php 第 7 行.

[ 09-05-10 11:10:19 ]
注意：[8] Undefined variable: pub 565eba06b12dc67b20478dfb49af4b42.php 第 8 行.

[ 09-05-10 11:10:19 ]
注意：[8] Undefined variable: pub 565eba06b12dc67b20478dfb49af4b42.php 第 9 行.

[ 09-05-10 11:10:19 ]
注意：[8] Undefined variable: pub 565eba06b12dc67b20478dfb49af4b42.php 第 10 行.

[ 09-05-10 11:10:19 ]
注意：[8] Undefined variable: pub 565eba06b12dc67b20478dfb49af4b42.php 第 11 行.

[ 09-05-10 11:10:19 ]
注意：[8] Undefined variable: pub 565eba06b12dc67b20478dfb49af4b42.php 第 12 行.

[ 09-05-10 11:10:19 ]
注意：[8] Undefined index:  through 565eba06b12dc67b20478dfb49af4b42.php 第 37 行.
[ 09-05-10 11:10:20 ]

错误信息：[ job User images ]非法操作images
错误页面：/hakuams/hakuams/index.php/User/images/bg_dian.gif
错误类型：ThinkException
错误跟踪：
[09-05-10 11:10:05]  () Action->__call(非法操作images)
[09-05-10 11:10:05] D:\Program Files\server\htdocs\hakuams\Temp\~runtime.php (7) UserAction->images(images, Array)
[09-05-10 11:10:05] D:\Program Files\server\htdocs\hakuams\Temp\~runtime.php (7) App->exec()
[09-05-10 11:10:05] D:\Program Files\server\htdocs\hakuams\index.php (13) App->run()


[ 09-05-10 11:10:29 ]
注意：[8] Use of undefined constant tm_sec - assumed 'tm_sec' UserAction.class.php 第 31 行.

[ 09-05-10 11:10:29 ]
注意：[8] Use of undefined constant tm_sec - assumed 'tm_sec' UserAction.class.php 第 31 行.

[ 09-05-10 11:10:29 ]
注意：[8] Use of undefined constant tm_min - assumed 'tm_min' UserAction.class.php 第 31 行.

[ 09-05-10 11:10:29 ]
注意：[8] Use of undefined constant tm_hour - assumed 'tm_hour' UserAction.class.php 第 31 行.

[ 09-05-10 11:10:29 ]
注意：[8] Use of undefined constant tm_mday - assumed 'tm_mday' UserAction.class.php 第 31 行.

[ 09-05-10 11:10:29 ]
注意：[8] Undefined variable: pub 565eba06b12dc67b20478dfb49af4b42.php 第 6 行.

[ 09-05-10 11:10:29 ]
注意：[8] Undefined variable: pub 565eba06b12dc67b20478dfb49af4b42.php 第 7 行.

[ 09-05-10 11:10:29 ]
注意：[8] Undefined variable: pub 565eba06b12dc67b20478dfb49af4b42.php 第 8 行.

[ 09-05-10 11:10:29 ]
注意：[8] Undefined variable: pub 565eba06b12dc67b20478dfb49af4b42.php 第 9 行.

[ 09-05-10 11:10:29 ]
注意：[8] Undefined variable: pub 565eba06b12dc67b20478dfb49af4b42.php 第 10 行.

[ 09-05-10 11:10:29 ]
注意：[8] Undefined variable: pub 565eba06b12dc67b20478dfb49af4b42.php 第 11 行.

[ 09-05-10 11:10:29 ]
注意：[8] Undefined variable: pub 565eba06b12dc67b20478dfb49af4b42.php 第 12 行.

[ 09-05-10 11:10:29 ]
注意：[8] Undefined index:  through 565eba06b12dc67b20478dfb49af4b42.php 第 37 行.
[ 09-05-10 11:10:29 ]

错误信息：[ job User images ]非法操作images
错误页面：/hakuams/hakuams/index.php/User/images/bg_dian.gif
错误类型：ThinkException
错误跟踪：
[09-05-10 11:10:05]  () Action->__call(非法操作images)
[09-05-10 11:10:05] D:\Program Files\server\htdocs\hakuams\Temp\~runtime.php (7) UserAction->images(images, Array)
[09-05-10 11:10:05] D:\Program Files\server\htdocs\hakuams\Temp\~runtime.php (7) App->exec()
[09-05-10 11:10:05] D:\Program Files\server\htdocs\hakuams\index.php (13) App->run()


[ 09-05-10 11:10:30 ]
注意：[8] Undefined index:  p ArticleAction.class.php 第 69 行.

[ 09-05-10 11:10:30 ]
注意：[8] Undefined variable: page 1e55212a6170d8842e47d604a1d019ea.php 第 285 行.

[ 09-05-10 11:10:33 ]
注意：[8] Use of undefined constant tm_sec - assumed 'tm_sec' UserAction.class.php 第 31 行.

[ 09-05-10 11:10:33 ]
注意：[8] Use of undefined constant tm_sec - assumed 'tm_sec' UserAction.class.php 第 31 行.

[ 09-05-10 11:10:33 ]
注意：[8] Use of undefined constant tm_min - assumed 'tm_min' UserAction.class.php 第 31 行.

[ 09-05-10 11:10:33 ]
注意：[8] Use of undefined constant tm_hour - assumed 'tm_hour' UserAction.class.php 第 31 行.

[ 09-05-10 11:10:33 ]
注意：[8] Use of undefined constant tm_mday - assumed 'tm_mday' UserAction.class.php 第 31 行.

[ 09-05-10 11:10:33 ]
注意：[8] Undefined variable: pub 565eba06b12dc67b20478dfb49af4b42.php 第 6 行.

[ 09-05-10 11:10:33 ]
注意：[8] Undefined variable: pub 565eba06b12dc67b20478dfb49af4b42.php 第 7 行.

[ 09-05-10 11:10:33 ]
注意：[8] Undefined variable: pub 565eba06b12dc67b20478dfb49af4b42.php 第 8 行.

[ 09-05-10 11:10:33 ]
注意：[8] Undefined variable: pub 565eba06b12dc67b20478dfb49af4b42.php 第 9 行.

[ 09-05-10 11:10:33 ]
注意：[8] Undefined variable: pub 565eba06b12dc67b20478dfb49af4b42.php 第 10 行.

[ 09-05-10 11:10:33 ]
注意：[8] Undefined variable: pub 565eba06b12dc67b20478dfb49af4b42.php 第 11 行.

[ 09-05-10 11:10:33 ]
注意：[8] Undefined variable: pub 565eba06b12dc67b20478dfb49af4b42.php 第 12 行.

[ 09-05-10 11:10:33 ]
注意：[8] Undefined index:  through 565eba06b12dc67b20478dfb49af4b42.php 第 37 行.
[ 09-05-10 11:10:33 ]

错误信息：[ job User images ]非法操作images
错误页面：/hakuams/hakuams/index.php/User/images/bg_dian.gif
错误类型：ThinkException
错误跟踪：
[09-05-10 11:10:05]  () Action->__call(非法操作images)
[09-05-10 11:10:05] D:\Program Files\server\htdocs\hakuams\Temp\~runtime.php (7) UserAction->images(images, Array)
[09-05-10 11:10:05] D:\Program Files\server\htdocs\hakuams\Temp\~runtime.php (7) App->exec()
[09-05-10 11:10:05] D:\Program Files\server\htdocs\hakuams\index.php (13) App->run()


[ 09-05-10 11:10:34 ]
注意：[8] Undefined index:  p ArticleAction.class.php 第 69 行.

[ 09-05-10 11:10:34 ]
注意：[8] Undefined variable: page 1e55212a6170d8842e47d604a1d019ea.php 第 285 行.

[ 09-05-10 11:10:35 ]
注意：[8] Use of undefined constant tm_sec - assumed 'tm_sec' UserAction.class.php 第 31 行.

[ 09-05-10 11:10:35 ]
注意：[8] Use of undefined constant tm_sec - assumed 'tm_sec' UserAction.class.php 第 31 行.

[ 09-05-10 11:10:35 ]
注意：[8] Use of undefined constant tm_min - assumed 'tm_min' UserAction.class.php 第 31 行.

[ 09-05-10 11:10:35 ]
注意：[8] Use of undefined constant tm_hour - assumed 'tm_hour' UserAction.class.php 第 31 行.

[ 09-05-10 11:10:35 ]
注意：[8] Use of undefined constant tm_mday - assumed 'tm_mday' UserAction.class.php 第 31 行.

[ 09-05-10 11:10:35 ]
注意：[8] Undefined variable: pub 565eba06b12dc67b20478dfb49af4b42.php 第 6 行.

[ 09-05-10 11:10:35 ]
注意：[8] Undefined variable: pub 565eba06b12dc67b20478dfb49af4b42.php 第 7 行.

[ 09-05-10 11:10:35 ]
注意：[8] Undefined variable: pub 565eba06b12dc67b20478dfb49af4b42.php 第 8 行.

[ 09-05-10 11:10:35 ]
注意：[8] Undefined variable: pub 565eba06b12dc67b20478dfb49af4b42.php 第 9 行.

[ 09-05-10 11:10:35 ]
注意：[8] Undefined variable: pub 565eba06b12dc67b20478dfb49af4b42.php 第 10 行.

[ 09-05-10 11:10:35 ]
注意：[8] Undefined variable: pub 565eba06b12dc67b20478dfb49af4b42.php 第 11 行.

[ 09-05-10 11:10:35 ]
注意：[8] Undefined variable: pub 565eba06b12dc67b20478dfb49af4b42.php 第 12 行.

[ 09-05-10 11:10:35 ]
注意：[8] Undefined index:  through 565eba06b12dc67b20478dfb49af4b42.php 第 37 行.
[ 09-05-10 11:10:35 ]

错误信息：[ job User images ]非法操作images
错误页面：/hakuams/hakuams/index.php/User/images/bg_dian.gif
错误类型：ThinkException
错误跟踪：
[09-05-10 11:10:05]  () Action->__call(非法操作images)
[09-05-10 11:10:05] D:\Program Files\server\htdocs\hakuams\Temp\~runtime.php (7) UserAction->images(images, Array)
[09-05-10 11:10:05] D:\Program Files\server\htdocs\hakuams\Temp\~runtime.php (7) App->exec()
[09-05-10 11:10:05] D:\Program Files\server\htdocs\hakuams\index.php (13) App->run()

