
[ 09-05-08 12:19:36 ]
 RunTime:0.002751s SQL = SHOW COLUMNS FROM hakucms_document
[ 09-05-08 12:19:36 ]
 RunTime:0.003096s SQL = SHOW COLUMNS FROM hakucms_category
[ 09-05-08 12:19:36 ]
 RunTime:0.001373s SQL = SELECT * FROM hakucms_document WHERE ( `exam` = 1 ) ORDER BY data DESC LIMIT 0,4
[ 09-05-08 12:19:36 ]
 RunTime:0.000289s SQL = SELECT * FROM hakucms_category WHERE ( `id` = '0' )
[ 09-05-08 12:19:36 ]
 RunTime:0.000251s SQL = SELECT * FROM hakucms_category WHERE ( `id` = '0' )
[ 09-05-08 12:19:36 ]
 RunTime:0.000282s SQL = SELECT * FROM hakucms_category WHERE ( `id` = '0' )
[ 09-05-08 12:19:36 ]
 RunTime:0.000180s SQL = SELECT * FROM hakucms_category WHERE ( `id` = '0' )
[ 09-05-08 12:19:36 ]
 RunTime:0.000506s SQL = SELECT * FROM hakucms_document WHERE ( `exam` = 1 ) ORDER BY data DESC LIMIT 4,4
[ 09-05-08 12:19:36 ]
 RunTime:0.000241s SQL = SELECT * FROM hakucms_category WHERE ( `id` = '0' )
[ 09-05-08 12:19:36 ]
 RunTime:0.000428s SQL = SELECT * FROM hakucms_document WHERE ( `cateid` = 107 ) AND ( `exam` = 1 ) ORDER BY data DESC LIMIT 3 
[ 09-05-08 12:19:36 ]
 RunTime:0.000323s SQL = SELECT * FROM hakucms_document WHERE ( `cateid` = 101 ) AND ( `exam` = 1 ) ORDER BY data DESC LIMIT 6 
[ 09-05-08 12:20:37 ]
 RunTime:0.002253s SQL = SHOW COLUMNS FROM hakucms_document
[ 09-05-08 12:20:37 ]
 RunTime:0.002042s SQL = SHOW COLUMNS FROM hakucms_category
[ 09-05-08 12:20:37 ]
 RunTime:0.001037s SQL = SELECT * FROM hakucms_document WHERE ( `exam` = 1 ) ORDER BY data DESC LIMIT 0,4
[ 09-05-08 12:20:37 ]
 RunTime:0.000234s SQL = SELECT * FROM hakucms_category WHERE ( `id` = '0' )
[ 09-05-08 12:20:37 ]
 RunTime:0.000162s SQL = SELECT * FROM hakucms_category WHERE ( `id` = '0' )
[ 09-05-08 12:20:37 ]
 RunTime:0.000178s SQL = SELECT * FROM hakucms_category WHERE ( `id` = '0' )
[ 09-05-08 12:20:37 ]
 RunTime:0.000163s SQL = SELECT * FROM hakucms_category WHERE ( `id` = '0' )
[ 09-05-08 12:20:37 ]
 RunTime:0.000429s SQL = SELECT * FROM hakucms_document WHERE ( `exam` = 1 ) ORDER BY data DESC LIMIT 4,4
[ 09-05-08 12:20:37 ]
 RunTime:0.000197s SQL = SELECT * FROM hakucms_category WHERE ( `id` = '0' )
[ 09-05-08 12:20:37 ]
 RunTime:0.000335s SQL = SELECT * FROM hakucms_document WHERE ( `cateid` = 107 ) AND ( `exam` = 1 ) ORDER BY data DESC LIMIT 3 
[ 09-05-08 12:20:37 ]
 RunTime:0.000284s SQL = SELECT * FROM hakucms_document WHERE ( `cateid` = 101 ) AND ( `exam` = 1 ) ORDER BY data DESC LIMIT 6 
[ 09-05-08 12:20:54 ]
 RunTime:0.006948s SQL = SHOW COLUMNS FROM hakucms_document
[ 09-05-08 12:20:54 ]
 RunTime:0.002911s SQL = SHOW COLUMNS FROM hakucms_category
[ 09-05-08 12:20:54 ]
 RunTime:0.003988s SQL = SELECT * FROM hakucms_document WHERE ( `exam` = 1 ) ORDER BY data DESC LIMIT 0,4
[ 09-05-08 12:20:54 ]
 RunTime:0.000279s SQL = SELECT * FROM hakucms_category WHERE ( `id` = '0' )
[ 09-05-08 12:20:54 ]
 RunTime:0.000170s SQL = SELECT * FROM hakucms_category WHERE ( `id` = '0' )
[ 09-05-08 12:20:54 ]
 RunTime:0.000162s SQL = SELECT * FROM hakucms_category WHERE ( `id` = '0' )
[ 09-05-08 12:20:54 ]
 RunTime:0.000155s SQL = SELECT * FROM hakucms_category WHERE ( `id` = '0' )
[ 09-05-08 12:20:54 ]
 RunTime:0.000528s SQL = SELECT * FROM hakucms_document WHERE ( `exam` = 1 ) ORDER BY data DESC LIMIT 4,4
[ 09-05-08 12:20:54 ]
 RunTime:0.000238s SQL = SELECT * FROM hakucms_category WHERE ( `id` = '0' )
[ 09-05-08 12:20:54 ]
 RunTime:0.000422s SQL = SELECT * FROM hakucms_document WHERE ( `cateid` = 107 ) AND ( `exam` = 1 ) ORDER BY data DESC LIMIT 3 
[ 09-05-08 12:20:54 ]
 RunTime:0.000305s SQL = SELECT * FROM hakucms_document WHERE ( `cateid` = 101 ) AND ( `exam` = 1 ) ORDER BY data DESC LIMIT 6 
[ 09-05-08 12:21:16 ]
 RunTime:0.003531s SQL = SHOW COLUMNS FROM hakucms_document
[ 09-05-08 12:21:16 ]
 RunTime:0.002778s SQL = SHOW COLUMNS FROM hakucms_category
[ 09-05-08 12:21:16 ]
 RunTime:0.000808s SQL = SELECT * FROM hakucms_document WHERE ( `exam` = 1 ) ORDER BY data DESC LIMIT 0,4
[ 09-05-08 12:21:16 ]
 RunTime:0.000521s SQL = SELECT * FROM hakucms_category WHERE ( `id` = '0' )
[ 09-05-08 12:21:16 ]
 RunTime:0.000244s SQL = SELECT * FROM hakucms_category WHERE ( `id` = '0' )
[ 09-05-08 12:21:16 ]
 RunTime:0.000349s SQL = SELECT * FROM hakucms_category WHERE ( `id` = '0' )
[ 09-05-08 12:21:16 ]
 RunTime:0.000213s SQL = SELECT * FROM hakucms_category WHERE ( `id` = '0' )
[ 09-05-08 12:21:16 ]
 RunTime:0.000608s SQL = SELECT * FROM hakucms_document WHERE ( `exam` = 1 ) ORDER BY data DESC LIMIT 4,4
[ 09-05-08 12:21:16 ]
 RunTime:0.000321s SQL = SELECT * FROM hakucms_category WHERE ( `id` = '0' )
[ 09-05-08 12:21:16 ]
 RunTime:0.000404s SQL = SELECT * FROM hakucms_document WHERE ( `cateid` = 107 ) AND ( `exam` = 1 ) ORDER BY data DESC LIMIT 3 
[ 09-05-08 12:21:16 ]
 RunTime:0.000366s SQL = SELECT * FROM hakucms_document WHERE ( `cateid` = 101 ) AND ( `exam` = 1 ) ORDER BY data DESC LIMIT 6 
[ 09-05-08 12:21:51 ]
 RunTime:0.003239s SQL = SHOW COLUMNS FROM hakucms_document
[ 09-05-08 12:21:51 ]
 RunTime:0.003344s SQL = SHOW COLUMNS FROM hakucms_category
[ 09-05-08 12:21:51 ]
 RunTime:0.000836s SQL = SELECT * FROM hakucms_document WHERE ( `exam` = 1 ) ORDER BY data DESC LIMIT 0,4
[ 09-05-08 12:21:51 ]
 RunTime:0.000301s SQL = SELECT * FROM hakucms_category WHERE ( `id` = '0' )
[ 09-05-08 12:21:51 ]
 RunTime:0.000172s SQL = SELECT * FROM hakucms_category WHERE ( `id` = '0' )
[ 09-05-08 12:21:51 ]
 RunTime:0.000155s SQL = SELECT * FROM hakucms_category WHERE ( `id` = '0' )
[ 09-05-08 12:21:51 ]
 RunTime:0.000162s SQL = SELECT * FROM hakucms_category WHERE ( `id` = '0' )
[ 09-05-08 12:21:51 ]
 RunTime:0.000408s SQL = SELECT * FROM hakucms_document WHERE ( `exam` = 1 ) ORDER BY data DESC LIMIT 4,4
[ 09-05-08 12:21:51 ]
 RunTime:0.001102s SQL = SELECT * FROM hakucms_category WHERE ( `id` = '0' )
[ 09-05-08 12:21:51 ]
 RunTime:0.000471s SQL = SELECT * FROM hakucms_document WHERE ( `cateid` = 107 ) AND ( `exam` = 1 ) ORDER BY data DESC LIMIT 3 
[ 09-05-08 12:21:51 ]
 RunTime:0.000290s SQL = SELECT * FROM hakucms_document WHERE ( `cateid` = 101 ) AND ( `exam` = 1 ) ORDER BY data DESC LIMIT 6 
[ 09-05-08 12:21:52 ]
 RunTime:0.009656s SQL = SHOW COLUMNS FROM hakucms_document
[ 09-05-08 12:21:52 ]
 RunTime:0.000710s SQL = SELECT * FROM hakucms_document WHERE ( `id` = '13' ) LIMIT 1 
[ 09-05-08 12:21:52 ]
 RunTime:0.003695s SQL = SHOW COLUMNS FROM hakucms_document
[ 09-05-08 12:21:52 ]
 RunTime:0.000288s SQL = SELECT * FROM hakucms_document WHERE ( `id` = '2.files' ) LIMIT 1 
[ 09-05-08 12:21:53 ]
 RunTime:0.002359s SQL = SHOW COLUMNS FROM hakucms_document
[ 09-05-08 12:21:53 ]
 RunTime:0.001266s SQL = SELECT * FROM hakucms_document WHERE ( `id` = '2.files' ) LIMIT 1 
[ 09-05-08 12:21:53 ]
 RunTime:0.003454s SQL = SHOW COLUMNS FROM hakucms_document
[ 09-05-08 12:21:53 ]
 RunTime:0.000383s SQL = SELECT * FROM hakucms_document WHERE ( `id` = '2.files' ) LIMIT 1 
[ 09-05-08 12:22:32 ]
 RunTime:0.002587s SQL = SHOW COLUMNS FROM hakucms_document
[ 09-05-08 12:22:32 ]
 RunTime:0.002192s SQL = SHOW COLUMNS FROM hakucms_category
[ 09-05-08 12:22:32 ]
 RunTime:0.001043s SQL = SELECT * FROM hakucms_document WHERE ( `exam` = 1 ) ORDER BY data DESC LIMIT 0,4
[ 09-05-08 12:22:32 ]
 RunTime:0.001160s SQL = SELECT * FROM hakucms_category WHERE ( `id` = '0' )
[ 09-05-08 12:22:32 ]
 RunTime:0.000431s SQL = SELECT * FROM hakucms_category WHERE ( `id` = '0' )
[ 09-05-08 12:22:32 ]
 RunTime:0.004648s SQL = SELECT * FROM hakucms_category WHERE ( `id` = '0' )
[ 09-05-08 12:22:32 ]
 RunTime:0.000203s SQL = SELECT * FROM hakucms_category WHERE ( `id` = '0' )
[ 09-05-08 12:22:32 ]
 RunTime:0.000504s SQL = SELECT * FROM hakucms_document WHERE ( `exam` = 1 ) ORDER BY data DESC LIMIT 4,4
[ 09-05-08 12:22:32 ]
 RunTime:0.000310s SQL = SELECT * FROM hakucms_category WHERE ( `id` = '0' )
[ 09-05-08 12:22:32 ]
 RunTime:0.000672s SQL = SELECT * FROM hakucms_document WHERE ( `cateid` = 107 ) AND ( `exam` = 1 ) ORDER BY data DESC LIMIT 3 
[ 09-05-08 12:22:32 ]
 RunTime:0.000405s SQL = SELECT * FROM hakucms_document WHERE ( `cateid` = 101 ) AND ( `exam` = 1 ) ORDER BY data DESC LIMIT 6 
[ 09-05-08 12:22:33 ]
 RunTime:0.002390s SQL = SHOW COLUMNS FROM hakucms_document
[ 09-05-08 12:22:33 ]
 RunTime:0.000435s SQL = SELECT * FROM hakucms_document WHERE ( `id` = '11' ) LIMIT 1 
[ 09-05-08 12:22:33 ]
 RunTime:0.003539s SQL = SHOW COLUMNS FROM hakucms_document
[ 09-05-08 12:22:33 ]
 RunTime:0.005635s SQL = SELECT * FROM hakucms_document WHERE ( `id` = '2.files' ) LIMIT 1 
[ 09-05-08 12:22:33 ]
 RunTime:0.003250s SQL = SHOW COLUMNS FROM hakucms_document
[ 09-05-08 12:22:33 ]
 RunTime:0.000310s SQL = SELECT * FROM hakucms_document WHERE ( `id` = '2.files' ) LIMIT 1 
[ 09-05-08 12:22:34 ]
 RunTime:0.002663s SQL = SHOW COLUMNS FROM hakucms_document
[ 09-05-08 12:22:34 ]
 RunTime:0.000338s SQL = SELECT * FROM hakucms_document WHERE ( `id` = '2.files' ) LIMIT 1 
[ 09-05-08 12:22:35 ]
 RunTime:0.002521s SQL = SHOW COLUMNS FROM hakucms_document
[ 09-05-08 12:22:35 ]
 RunTime:0.000984s SQL = SELECT * FROM hakucms_document WHERE ( `id` = '12' ) LIMIT 1 
[ 09-05-08 12:22:36 ]
 RunTime:0.002721s SQL = SHOW COLUMNS FROM hakucms_document
[ 09-05-08 12:22:36 ]
 RunTime:0.001050s SQL = SELECT * FROM hakucms_document WHERE ( `id` = '2.files' ) LIMIT 1 
[ 09-05-08 12:22:36 ]
 RunTime:0.002911s SQL = SHOW COLUMNS FROM hakucms_document
[ 09-05-08 12:22:36 ]
 RunTime:0.000428s SQL = SELECT * FROM hakucms_document WHERE ( `id` = '2.files' ) LIMIT 1 
[ 09-05-08 12:22:36 ]
 RunTime:0.002313s SQL = SHOW COLUMNS FROM hakucms_document
[ 09-05-08 12:22:36 ]
 RunTime:0.000431s SQL = SELECT * FROM hakucms_document WHERE ( `id` = '2.files' ) LIMIT 1 
[ 09-05-08 12:22:37 ]
 RunTime:0.006543s SQL = SHOW COLUMNS FROM hakucms_document
[ 09-05-08 12:22:37 ]
 RunTime:0.000414s SQL = SELECT * FROM hakucms_document WHERE ( `id` = '15' ) LIMIT 1 
[ 09-05-08 12:22:38 ]
 RunTime:0.002388s SQL = SHOW COLUMNS FROM hakucms_document
[ 09-05-08 12:22:38 ]
 RunTime:0.001243s SQL = SELECT * FROM hakucms_document WHERE ( `id` = '2.files' ) LIMIT 1 
[ 09-05-08 12:22:38 ]
 RunTime:0.003510s SQL = SHOW COLUMNS FROM hakucms_document
[ 09-05-08 12:22:38 ]
 RunTime:0.003351s SQL = SELECT * FROM hakucms_document WHERE ( `id` = '2.files' ) LIMIT 1 
[ 09-05-08 12:22:38 ]
 RunTime:0.002475s SQL = SHOW COLUMNS FROM hakucms_document
[ 09-05-08 12:22:38 ]
 RunTime:0.000789s SQL = SELECT * FROM hakucms_document WHERE ( `id` = '2.files' ) LIMIT 1 
[ 09-05-08 12:23:32 ]
 RunTime:0.002385s SQL = SHOW COLUMNS FROM hakucms_document
[ 09-05-08 12:23:32 ]
 RunTime:0.003748s SQL = SHOW COLUMNS FROM hakucms_category
[ 09-05-08 12:23:32 ]
 RunTime:0.002046s SQL = SELECT * FROM hakucms_document WHERE ( `exam` = 1 ) ORDER BY data DESC LIMIT 0,4
[ 09-05-08 12:23:32 ]
 RunTime:0.000386s SQL = SELECT * FROM hakucms_category WHERE ( `id` = '106' )
[ 09-05-08 12:23:32 ]
 RunTime:0.000259s SQL = SELECT * FROM hakucms_category WHERE ( `id` = '102' )
[ 09-05-08 12:23:32 ]
 RunTime:0.000237s SQL = SELECT * FROM hakucms_category WHERE ( `id` = '101' )
[ 09-05-08 12:23:32 ]
 RunTime:0.000301s SQL = SELECT * FROM hakucms_category WHERE ( `id` = '101' )
[ 09-05-08 12:23:32 ]
 RunTime:0.001970s SQL = SELECT * FROM hakucms_document WHERE ( `exam` = 1 ) ORDER BY data DESC LIMIT 4,4
[ 09-05-08 12:23:32 ]
 RunTime:0.000608s SQL = SELECT * FROM hakucms_category WHERE ( `id` = '101' )
[ 09-05-08 12:23:32 ]
 RunTime:0.000278s SQL = SELECT * FROM hakucms_category WHERE ( `id` = '101' )
[ 09-05-08 12:23:32 ]
 RunTime:0.000292s SQL = SELECT * FROM hakucms_category WHERE ( `id` = '101' )
[ 09-05-08 12:23:32 ]
 RunTime:0.000237s SQL = SELECT * FROM hakucms_category WHERE ( `id` = '101' )
[ 09-05-08 12:23:32 ]
 RunTime:0.001469s SQL = SELECT * FROM hakucms_document WHERE ( `cateid` = 107 ) AND ( `exam` = 1 ) ORDER BY data DESC LIMIT 3 
[ 09-05-08 12:23:32 ]
 RunTime:0.002646s SQL = SELECT * FROM hakucms_document WHERE ( `cateid` = 101 ) AND ( `exam` = 1 ) ORDER BY data DESC LIMIT 6 
[ 09-05-08 12:24:12 ]
 RunTime:0.003113s SQL = SHOW COLUMNS FROM hakucms_document
[ 09-05-08 12:24:12 ]
 RunTime:0.002241s SQL = SHOW COLUMNS FROM hakucms_category
[ 09-05-08 12:24:12 ]
 RunTime:0.001424s SQL = SELECT * FROM hakucms_document WHERE ( `exam` = 1 ) ORDER BY data DESC LIMIT 0,4
[ 09-05-08 12:24:12 ]
 RunTime:0.000305s SQL = SELECT * FROM hakucms_category WHERE ( `id` = '106' )
[ 09-05-08 12:24:12 ]
 RunTime:0.000190s SQL = SELECT * FROM hakucms_category WHERE ( `id` = '102' )
[ 09-05-08 12:24:12 ]
 RunTime:0.000192s SQL = SELECT * FROM hakucms_category WHERE ( `id` = '101' )
[ 09-05-08 12:24:12 ]
 RunTime:0.000335s SQL = SELECT * FROM hakucms_category WHERE ( `id` = '101' )
[ 09-05-08 12:24:12 ]
 RunTime:0.001901s SQL = SELECT * FROM hakucms_document WHERE ( `exam` = 1 ) ORDER BY data DESC LIMIT 4,4
[ 09-05-08 12:24:12 ]
 RunTime:0.000332s SQL = SELECT * FROM hakucms_category WHERE ( `id` = '101' )
[ 09-05-08 12:24:12 ]
 RunTime:0.000198s SQL = SELECT * FROM hakucms_category WHERE ( `id` = '101' )
[ 09-05-08 12:24:12 ]
 RunTime:0.000194s SQL = SELECT * FROM hakucms_category WHERE ( `id` = '101' )
[ 09-05-08 12:24:12 ]
 RunTime:0.007541s SQL = SELECT * FROM hakucms_category WHERE ( `id` = '101' )
[ 09-05-08 12:24:12 ]
 RunTime:0.001334s SQL = SELECT * FROM hakucms_document WHERE ( `cateid` = 107 ) AND ( `exam` = 1 ) ORDER BY data DESC LIMIT 3 
[ 09-05-08 12:24:12 ]
 RunTime:0.004911s SQL = SELECT * FROM hakucms_document WHERE ( `cateid` = 101 ) AND ( `exam` = 1 ) ORDER BY data DESC LIMIT 6 
[ 09-05-08 12:25:16 ]
 RunTime:0.002708s SQL = SHOW COLUMNS FROM hakucms_document
[ 09-05-08 12:25:16 ]
 RunTime:0.002374s SQL = SHOW COLUMNS FROM hakucms_category
[ 09-05-08 12:25:16 ]
 RunTime:0.004773s SQL = SELECT * FROM hakucms_document WHERE ( `exam` = 1 ) ORDER BY data DESC LIMIT 0,4
[ 09-05-08 12:25:16 ]
 RunTime:0.000315s SQL = SELECT * FROM hakucms_category WHERE ( `id` = '106' )
[ 09-05-08 12:25:16 ]
 RunTime:0.000247s SQL = SELECT * FROM hakucms_category WHERE ( `id` = '102' )
[ 09-05-08 12:25:16 ]
 RunTime:0.000203s SQL = SELECT * FROM hakucms_category WHERE ( `id` = '101' )
[ 09-05-08 12:25:16 ]
 RunTime:0.000203s SQL = SELECT * FROM hakucms_category WHERE ( `id` = '101' )
[ 09-05-08 12:25:16 ]
 RunTime:0.001368s SQL = SELECT * FROM hakucms_document WHERE ( `exam` = 1 ) ORDER BY data DESC LIMIT 4,4
[ 09-05-08 12:25:16 ]
 RunTime:0.000421s SQL = SELECT * FROM hakucms_category WHERE ( `id` = '101' )
[ 09-05-08 12:25:16 ]
 RunTime:0.000238s SQL = SELECT * FROM hakucms_category WHERE ( `id` = '101' )
[ 09-05-08 12:25:16 ]
 RunTime:0.000376s SQL = SELECT * FROM hakucms_category WHERE ( `id` = '101' )
[ 09-05-08 12:25:16 ]
 RunTime:0.000334s SQL = SELECT * FROM hakucms_category WHERE ( `id` = '101' )
[ 09-05-08 12:25:16 ]
 RunTime:0.001352s SQL = SELECT * FROM hakucms_document WHERE ( `cateid` = 107 ) AND ( `exam` = 1 ) ORDER BY data DESC LIMIT 3 
[ 09-05-08 12:25:16 ]
 RunTime:0.001766s SQL = SELECT * FROM hakucms_document WHERE ( `cateid` = 101 ) AND ( `exam` = 1 ) ORDER BY data DESC LIMIT 6 
[ 09-05-08 12:25:18 ]
 RunTime:0.003711s SQL = SHOW COLUMNS FROM hakucms_document
[ 09-05-08 12:25:18 ]
 RunTime:0.001120s SQL = SELECT * FROM hakucms_document WHERE ( `id` = '180' ) LIMIT 1 
[ 09-05-08 12:25:18 ]
 RunTime:0.002177s SQL = SHOW COLUMNS FROM hakucms_document
[ 09-05-08 12:25:18 ]
 RunTime:0.000280s SQL = SELECT * FROM hakucms_document WHERE ( `id` = '2.files' ) LIMIT 1 
[ 09-05-08 12:25:18 ]
 RunTime:0.004750s SQL = SHOW COLUMNS FROM hakucms_document
[ 09-05-08 12:25:18 ]
 RunTime:0.000822s SQL = SELECT * FROM hakucms_document WHERE ( `id` = '2.files' ) LIMIT 1 
[ 09-05-08 12:25:18 ]
 RunTime:0.002284s SQL = SHOW COLUMNS FROM hakucms_document
[ 09-05-08 12:25:18 ]
 RunTime:0.000278s SQL = SELECT * FROM hakucms_document WHERE ( `id` = '2.files' ) LIMIT 1 
[ 09-05-08 12:28:35 ]
 RunTime:0.002568s SQL = SHOW COLUMNS FROM hakucms_document
[ 09-05-08 12:28:35 ]
 RunTime:0.002193s SQL = SHOW COLUMNS FROM hakucms_category
[ 09-05-08 12:28:35 ]
 RunTime:0.001683s SQL = SELECT * FROM hakucms_document WHERE ( `exam` = 1 ) ORDER BY data DESC LIMIT 0,4
[ 09-05-08 12:28:35 ]
 RunTime:0.000745s SQL = SELECT * FROM hakucms_category WHERE ( `id` = '106' )
[ 09-05-08 12:28:35 ]
 RunTime:0.000493s SQL = SELECT * FROM hakucms_category WHERE ( `id` = '102' )
[ 09-05-08 12:28:35 ]
 RunTime:0.000568s SQL = SELECT * FROM hakucms_category WHERE ( `id` = '101' )
[ 09-05-08 12:28:35 ]
 RunTime:0.000443s SQL = SELECT * FROM hakucms_category WHERE ( `id` = '101' )
[ 09-05-08 12:28:35 ]
 RunTime:0.001597s SQL = SELECT * FROM hakucms_document WHERE ( `exam` = 1 ) ORDER BY data DESC LIMIT 4,4
[ 09-05-08 12:28:35 ]
 RunTime:0.000390s SQL = SELECT * FROM hakucms_category WHERE ( `id` = '101' )
[ 09-05-08 12:28:35 ]
 RunTime:0.002630s SQL = SELECT * FROM hakucms_category WHERE ( `id` = '101' )
[ 09-05-08 12:28:35 ]
 RunTime:0.000318s SQL = SELECT * FROM hakucms_category WHERE ( `id` = '101' )
[ 09-05-08 12:28:35 ]
 RunTime:0.001006s SQL = SELECT * FROM hakucms_category WHERE ( `id` = '101' )
[ 09-05-08 12:28:35 ]
 RunTime:0.001327s SQL = SELECT * FROM hakucms_document WHERE ( `cateid` = 107 ) AND ( `exam` = 1 ) ORDER BY data DESC LIMIT 3 
[ 09-05-08 12:28:35 ]
 RunTime:0.001873s SQL = SELECT * FROM hakucms_document WHERE ( `cateid` = 101 ) AND ( `exam` = 1 ) ORDER BY data DESC LIMIT 6 
[ 09-05-08 12:28:49 ]
 RunTime:0.002212s SQL = SHOW COLUMNS FROM hakucms_document
[ 09-05-08 12:28:49 ]
 RunTime:0.002089s SQL = SHOW COLUMNS FROM hakucms_category
[ 09-05-08 12:28:49 ]
 RunTime:0.001556s SQL = SELECT * FROM hakucms_document WHERE ( `exam` = 1 ) ORDER BY data DESC LIMIT 0,4
[ 09-05-08 12:28:49 ]
 RunTime:0.000552s SQL = SELECT * FROM hakucms_category WHERE ( `id` = '106' )
[ 09-05-08 12:28:49 ]
 RunTime:0.000557s SQL = SELECT * FROM hakucms_category WHERE ( `id` = '102' )
[ 09-05-08 12:28:49 ]
 RunTime:0.001429s SQL = SELECT * FROM hakucms_category WHERE ( `id` = '101' )
[ 09-05-08 12:28:49 ]
 RunTime:0.001170s SQL = SELECT * FROM hakucms_category WHERE ( `id` = '101' )
[ 09-05-08 12:28:49 ]
 RunTime:0.007674s SQL = SELECT * FROM hakucms_document WHERE ( `exam` = 1 ) ORDER BY data DESC LIMIT 4,4
[ 09-05-08 12:28:49 ]
 RunTime:0.000638s SQL = SELECT * FROM hakucms_category WHERE ( `id` = '101' )
[ 09-05-08 12:28:49 ]
 RunTime:0.000747s SQL = SELECT * FROM hakucms_category WHERE ( `id` = '101' )
[ 09-05-08 12:28:49 ]
 RunTime:0.000703s SQL = SELECT * FROM hakucms_category WHERE ( `id` = '101' )
[ 09-05-08 12:28:49 ]
 RunTime:0.000771s SQL = SELECT * FROM hakucms_category WHERE ( `id` = '101' )
[ 09-05-08 12:28:49 ]
 RunTime:0.003566s SQL = SELECT * FROM hakucms_document WHERE ( `cateid` = 107 ) AND ( `exam` = 1 ) ORDER BY data DESC LIMIT 3 
[ 09-05-08 12:28:49 ]
 RunTime:0.003664s SQL = SELECT * FROM hakucms_document WHERE ( `cateid` = 101 ) AND ( `exam` = 1 ) ORDER BY data DESC LIMIT 6 
[ 09-05-08 12:28:50 ]
 RunTime:0.002418s SQL = SHOW COLUMNS FROM hakucms_document
[ 09-05-08 12:28:50 ]
 RunTime:0.008817s SQL = SHOW COLUMNS FROM hakucms_category
[ 09-05-08 12:28:50 ]
 RunTime:0.001390s SQL = SELECT * FROM hakucms_document WHERE ( `exam` = 1 ) ORDER BY data DESC LIMIT 0,4
[ 09-05-08 12:28:50 ]
 RunTime:0.000373s SQL = SELECT * FROM hakucms_category WHERE ( `id` = '106' )
[ 09-05-08 12:28:50 ]
 RunTime:0.000616s SQL = SELECT * FROM hakucms_category WHERE ( `id` = '102' )
[ 09-05-08 12:28:50 ]
 RunTime:0.001945s SQL = SELECT * FROM hakucms_category WHERE ( `id` = '101' )
[ 09-05-08 12:28:50 ]
 RunTime:0.000400s SQL = SELECT * FROM hakucms_category WHERE ( `id` = '101' )
[ 09-05-08 12:28:50 ]
 RunTime:0.001697s SQL = SELECT * FROM hakucms_document WHERE ( `exam` = 1 ) ORDER BY data DESC LIMIT 4,4
[ 09-05-08 12:28:50 ]
 RunTime:0.000396s SQL = SELECT * FROM hakucms_category WHERE ( `id` = '101' )
[ 09-05-08 12:28:50 ]
 RunTime:0.000235s SQL = SELECT * FROM hakucms_category WHERE ( `id` = '101' )
[ 09-05-08 12:28:50 ]
 RunTime:0.001054s SQL = SELECT * FROM hakucms_category WHERE ( `id` = '101' )
[ 09-05-08 12:28:50 ]
 RunTime:0.000794s SQL = SELECT * FROM hakucms_category WHERE ( `id` = '101' )
[ 09-05-08 12:28:50 ]
 RunTime:0.002146s SQL = SELECT * FROM hakucms_document WHERE ( `cateid` = 107 ) AND ( `exam` = 1 ) ORDER BY data DESC LIMIT 3 
[ 09-05-08 12:28:50 ]
 RunTime:0.005802s SQL = SELECT * FROM hakucms_document WHERE ( `cateid` = 101 ) AND ( `exam` = 1 ) ORDER BY data DESC LIMIT 6 
[ 09-05-08 12:29:06 ]
 RunTime:0.002823s SQL = SHOW COLUMNS FROM hakucms_document
[ 09-05-08 12:29:06 ]
 RunTime:0.003001s SQL = SHOW COLUMNS FROM hakucms_category
[ 09-05-08 12:29:06 ]
 RunTime:0.001092s SQL = SELECT * FROM hakucms_document WHERE ( `exam` = 1 ) ORDER BY data DESC LIMIT 0,4
[ 09-05-08 12:29:06 ]
 RunTime:0.000305s SQL = SELECT * FROM hakucms_category WHERE ( `id` = '106' )
[ 09-05-08 12:29:06 ]
 RunTime:0.000200s SQL = SELECT * FROM hakucms_category WHERE ( `id` = '102' )
[ 09-05-08 12:29:06 ]
 RunTime:0.000185s SQL = SELECT * FROM hakucms_category WHERE ( `id` = '101' )
[ 09-05-08 12:29:06 ]
 RunTime:0.000197s SQL = SELECT * FROM hakucms_category WHERE ( `id` = '101' )
[ 09-05-08 12:29:06 ]
 RunTime:0.001478s SQL = SELECT * FROM hakucms_document WHERE ( `exam` = 1 ) ORDER BY data DESC LIMIT 4,4
[ 09-05-08 12:29:06 ]
 RunTime:0.000586s SQL = SELECT * FROM hakucms_category WHERE ( `id` = '101' )
[ 09-05-08 12:29:06 ]
 RunTime:0.000600s SQL = SELECT * FROM hakucms_category WHERE ( `id` = '101' )
[ 09-05-08 12:29:06 ]
 RunTime:0.000398s SQL = SELECT * FROM hakucms_category WHERE ( `id` = '101' )
[ 09-05-08 12:29:06 ]
 RunTime:0.000865s SQL = SELECT * FROM hakucms_category WHERE ( `id` = '101' )
[ 09-05-08 12:29:06 ]
 RunTime:0.001175s SQL = SELECT * FROM hakucms_document WHERE ( `cateid` = 107 ) AND ( `exam` = 1 ) ORDER BY data DESC LIMIT 3 
[ 09-05-08 12:29:06 ]
 RunTime:0.001868s SQL = SELECT * FROM hakucms_document WHERE ( `cateid` = 101 ) AND ( `exam` = 1 ) ORDER BY data DESC LIMIT 6 
[ 09-05-08 12:29:07 ]
 RunTime:0.002467s SQL = SHOW COLUMNS FROM hakucms_document
[ 09-05-08 12:29:07 ]
 RunTime:0.003085s SQL = SHOW COLUMNS FROM hakucms_category
[ 09-05-08 12:29:07 ]
 RunTime:0.003704s SQL = SELECT * FROM hakucms_document WHERE ( `exam` = 1 ) ORDER BY data DESC LIMIT 0,4
[ 09-05-08 12:29:07 ]
 RunTime:0.000531s SQL = SELECT * FROM hakucms_category WHERE ( `id` = '106' )
[ 09-05-08 12:29:07 ]
 RunTime:0.000948s SQL = SELECT * FROM hakucms_category WHERE ( `id` = '102' )
[ 09-05-08 12:29:07 ]
 RunTime:0.001449s SQL = SELECT * FROM hakucms_category WHERE ( `id` = '101' )
[ 09-05-08 12:29:07 ]
 RunTime:0.009104s SQL = SELECT * FROM hakucms_category WHERE ( `id` = '101' )
[ 09-05-08 12:29:07 ]
 RunTime:0.005998s SQL = SELECT * FROM hakucms_document WHERE ( `exam` = 1 ) ORDER BY data DESC LIMIT 4,4
[ 09-05-08 12:29:07 ]
 RunTime:0.000801s SQL = SELECT * FROM hakucms_category WHERE ( `id` = '101' )
[ 09-05-08 12:29:07 ]
 RunTime:0.000295s SQL = SELECT * FROM hakucms_category WHERE ( `id` = '101' )
[ 09-05-08 12:29:07 ]
 RunTime:0.000285s SQL = SELECT * FROM hakucms_category WHERE ( `id` = '101' )
[ 09-05-08 12:29:07 ]
 RunTime:0.000267s SQL = SELECT * FROM hakucms_category WHERE ( `id` = '101' )
[ 09-05-08 12:29:07 ]
 RunTime:0.001575s SQL = SELECT * FROM hakucms_document WHERE ( `cateid` = 107 ) AND ( `exam` = 1 ) ORDER BY data DESC LIMIT 3 
[ 09-05-08 12:29:07 ]
 RunTime:0.002682s SQL = SELECT * FROM hakucms_document WHERE ( `cateid` = 101 ) AND ( `exam` = 1 ) ORDER BY data DESC LIMIT 6 
[ 09-05-08 12:29:20 ]
 RunTime:0.006535s SQL = SHOW COLUMNS FROM hakucms_document
[ 09-05-08 12:29:20 ]
 RunTime:0.003257s SQL = SHOW COLUMNS FROM hakucms_category
[ 09-05-08 12:29:20 ]
 RunTime:0.001684s SQL = SELECT * FROM hakucms_document WHERE ( `exam` = 1 ) ORDER BY data DESC LIMIT 0,4
[ 09-05-08 12:29:20 ]
 RunTime:0.000342s SQL = SELECT * FROM hakucms_category WHERE ( `id` = '106' )
[ 09-05-08 12:29:20 ]
 RunTime:0.000220s SQL = SELECT * FROM hakucms_category WHERE ( `id` = '102' )
[ 09-05-08 12:29:20 ]
 RunTime:0.000229s SQL = SELECT * FROM hakucms_category WHERE ( `id` = '101' )
[ 09-05-08 12:29:20 ]
 RunTime:0.000206s SQL = SELECT * FROM hakucms_category WHERE ( `id` = '101' )
[ 09-05-08 12:29:20 ]
 RunTime:0.001274s SQL = SELECT * FROM hakucms_document WHERE ( `exam` = 1 ) ORDER BY data DESC LIMIT 4,4
[ 09-05-08 12:29:20 ]
 RunTime:0.000335s SQL = SELECT * FROM hakucms_category WHERE ( `id` = '101' )
[ 09-05-08 12:29:20 ]
 RunTime:0.000214s SQL = SELECT * FROM hakucms_category WHERE ( `id` = '101' )
[ 09-05-08 12:29:20 ]
 RunTime:0.000211s SQL = SELECT * FROM hakucms_category WHERE ( `id` = '101' )
[ 09-05-08 12:29:20 ]
 RunTime:0.000204s SQL = SELECT * FROM hakucms_category WHERE ( `id` = '101' )
[ 09-05-08 12:29:20 ]
 RunTime:0.001066s SQL = SELECT * FROM hakucms_document WHERE ( `cateid` = 107 ) AND ( `exam` = 1 ) ORDER BY data DESC LIMIT 3 
[ 09-05-08 12:29:20 ]
 RunTime:0.002739s SQL = SELECT * FROM hakucms_document WHERE ( `cateid` = 101 ) AND ( `exam` = 1 ) ORDER BY data DESC LIMIT 6 
[ 09-05-08 12:29:24 ]
 RunTime:0.002649s SQL = SHOW COLUMNS FROM hakucms_document
[ 09-05-08 12:29:24 ]
 RunTime:0.002170s SQL = SELECT * FROM hakucms_document WHERE ( `id` = '179' ) LIMIT 1 
[ 09-05-08 12:29:24 ]
 RunTime:0.069530s SQL = SHOW COLUMNS FROM hakucms_document
[ 09-05-08 12:29:24 ]
 RunTime:0.000418s SQL = SELECT * FROM hakucms_document WHERE ( `id` = '2.files' ) LIMIT 1 
[ 09-05-08 12:29:25 ]
 RunTime:0.007750s SQL = SHOW COLUMNS FROM hakucms_document
[ 09-05-08 12:29:25 ]
 RunTime:0.005583s SQL = SELECT * FROM hakucms_document WHERE ( `id` = '2.files' ) LIMIT 1 
[ 09-05-08 12:29:25 ]
 RunTime:0.002874s SQL = SHOW COLUMNS FROM hakucms_document
[ 09-05-08 12:29:25 ]
 RunTime:0.000286s SQL = SELECT * FROM hakucms_document WHERE ( `id` = '2.files' ) LIMIT 1 